[2024-07-22T17:25:13+08:00][sql] CONNECT:[ UseTime:0.001274s ] mysql:host=127.0.0.1;port=3306;dbname=code0921;charset=utf8
[2024-07-22T17:25:13+08:00][sql] SHOW FULL COLUMNS FROM `qing_auth_rule` [ RunTime:0.004091s ]
[2024-07-22T17:25:13+08:00][sql] SELECT * FROM `qing_auth_rule` WHERE  `parent_id` = 0  AND `status` = 1 ORDER BY `listorder` ASC [ RunTime:0.000376s ]
[2024-07-22T17:25:13+08:00][sql] SELECT * FROM `qing_auth_rule` WHERE  `parent_id` = 1  AND `status` = 1 ORDER BY `listorder` ASC [ RunTime:0.000261s ]
[2024-07-22T17:25:13+08:00][sql] SELECT * FROM `qing_auth_rule` WHERE  `parent_id` = 4  AND `status` = 1 ORDER BY `listorder` ASC [ RunTime:0.000228s ]
[2024-07-22T17:25:13+08:00][sql] SELECT * FROM `qing_auth_rule` WHERE  `parent_id` = 6  AND `status` = 1 ORDER BY `listorder` ASC [ RunTime:0.000223s ]
[2024-07-22T17:25:13+08:00][sql] SELECT * FROM `qing_auth_rule` WHERE  `parent_id` = 15  AND `status` = 1 ORDER BY `listorder` ASC [ RunTime:0.000220s ]
[2024-07-22T17:25:13+08:00][sql] SELECT * FROM `qing_auth_rule` WHERE  `parent_id` = 8  AND `status` = 1 ORDER BY `listorder` ASC [ RunTime:0.000220s ]
[2024-07-22T17:25:26+08:00][sql] CONNECT:[ UseTime:0.000867s ] mysql:host=127.0.0.1;port=3306;dbname=code0921;charset=utf8
[2024-07-22T17:25:26+08:00][sql] SHOW FULL COLUMNS FROM `qing_auth_rule` [ RunTime:0.000899s ]
[2024-07-22T17:25:26+08:00][sql] SELECT * FROM `qing_auth_rule` WHERE  `parent_id` = 0  AND `status` = 1 ORDER BY `listorder` ASC [ RunTime:0.000334s ]
[2024-07-22T17:25:26+08:00][sql] SELECT * FROM `qing_auth_rule` WHERE  `parent_id` = 1  AND `status` = 1 ORDER BY `listorder` ASC [ RunTime:0.000263s ]
[2024-07-22T17:25:26+08:00][sql] SELECT * FROM `qing_auth_rule` WHERE  `parent_id` = 4  AND `status` = 1 ORDER BY `listorder` ASC [ RunTime:0.000230s ]
[2024-07-22T17:25:26+08:00][sql] SELECT * FROM `qing_auth_rule` WHERE  `parent_id` = 6  AND `status` = 1 ORDER BY `listorder` ASC [ RunTime:0.000221s ]
[2024-07-22T17:25:26+08:00][sql] SELECT * FROM `qing_auth_rule` WHERE  `parent_id` = 15  AND `status` = 1 ORDER BY `listorder` ASC [ RunTime:0.000221s ]
[2024-07-22T17:25:26+08:00][sql] SELECT * FROM `qing_auth_rule` WHERE  `parent_id` = 8  AND `status` = 1 ORDER BY `listorder` ASC [ RunTime:0.000220s ]
[2024-07-22T17:25:26+08:00][sql] SHOW FULL COLUMNS FROM `qing_admin` [ RunTime:0.004538s ]
[2024-07-22T17:25:26+08:00][sql] SELECT * FROM `qing_admin` WHERE  `user_name` = 'admin' LIMIT 1 [ RunTime:0.000292s ]
[2024-07-22T17:25:28+08:00][sql] CONNECT:[ UseTime:0.000834s ] mysql:host=127.0.0.1;port=3306;dbname=code0921;charset=utf8
[2024-07-22T17:25:28+08:00][sql] SHOW FULL COLUMNS FROM `qing_auth_rule` [ RunTime:0.000892s ]
[2024-07-22T17:25:28+08:00][sql] SELECT * FROM `qing_auth_rule` WHERE  `parent_id` = 0  AND `status` = 1 ORDER BY `listorder` ASC [ RunTime:0.000312s ]
[2024-07-22T17:25:28+08:00][sql] SELECT * FROM `qing_auth_rule` WHERE  `parent_id` = 1  AND `status` = 1 ORDER BY `listorder` ASC [ RunTime:0.000251s ]
[2024-07-22T17:25:28+08:00][sql] SELECT * FROM `qing_auth_rule` WHERE  `parent_id` = 4  AND `status` = 1 ORDER BY `listorder` ASC [ RunTime:0.000292s ]
[2024-07-22T17:25:28+08:00][sql] SELECT * FROM `qing_auth_rule` WHERE  `parent_id` = 6  AND `status` = 1 ORDER BY `listorder` ASC [ RunTime:0.000237s ]
[2024-07-22T17:25:28+08:00][sql] SELECT * FROM `qing_auth_rule` WHERE  `parent_id` = 15  AND `status` = 1 ORDER BY `listorder` ASC [ RunTime:0.000237s ]
[2024-07-22T17:25:28+08:00][sql] SELECT * FROM `qing_auth_rule` WHERE  `parent_id` = 8  AND `status` = 1 ORDER BY `listorder` ASC [ RunTime:0.000274s ]
[2024-07-22T17:25:40+08:00][sql] CONNECT:[ UseTime:0.000875s ] mysql:host=127.0.0.1;port=3306;dbname=code0921;charset=utf8
[2024-07-22T17:25:40+08:00][sql] SHOW FULL COLUMNS FROM `qing_auth_rule` [ RunTime:0.000950s ]
[2024-07-22T17:25:40+08:00][sql] SELECT * FROM `qing_auth_rule` WHERE  `parent_id` = 0  AND `status` = 1 ORDER BY `listorder` ASC [ RunTime:0.000316s ]
[2024-07-22T17:25:40+08:00][sql] SELECT * FROM `qing_auth_rule` WHERE  `parent_id` = 1  AND `status` = 1 ORDER BY `listorder` ASC [ RunTime:0.000270s ]
[2024-07-22T17:25:40+08:00][sql] SELECT * FROM `qing_auth_rule` WHERE  `parent_id` = 4  AND `status` = 1 ORDER BY `listorder` ASC [ RunTime:0.000224s ]
[2024-07-22T17:25:40+08:00][sql] SELECT * FROM `qing_auth_rule` WHERE  `parent_id` = 6  AND `status` = 1 ORDER BY `listorder` ASC [ RunTime:0.000228s ]
[2024-07-22T17:25:40+08:00][sql] SELECT * FROM `qing_auth_rule` WHERE  `parent_id` = 15  AND `status` = 1 ORDER BY `listorder` ASC [ RunTime:0.000218s ]
[2024-07-22T17:25:40+08:00][sql] SELECT * FROM `qing_auth_rule` WHERE  `parent_id` = 8  AND `status` = 1 ORDER BY `listorder` ASC [ RunTime:0.000218s ]
[2024-07-22T17:25:40+08:00][sql] SHOW FULL COLUMNS FROM `qing_admin` [ RunTime:0.001006s ]
[2024-07-22T17:25:40+08:00][sql] SELECT * FROM `qing_admin` WHERE  `user_name` = 'admin' LIMIT 1 [ RunTime:0.000291s ]
[2024-07-22T17:25:42+08:00][sql] CONNECT:[ UseTime:0.000863s ] mysql:host=127.0.0.1;port=3306;dbname=code0921;charset=utf8
[2024-07-22T17:25:42+08:00][sql] SHOW FULL COLUMNS FROM `qing_auth_rule` [ RunTime:0.000946s ]
[2024-07-22T17:25:42+08:00][sql] SELECT * FROM `qing_auth_rule` WHERE  `parent_id` = 0  AND `status` = 1 ORDER BY `listorder` ASC [ RunTime:0.000313s ]
[2024-07-22T17:25:42+08:00][sql] SELECT * FROM `qing_auth_rule` WHERE  `parent_id` = 1  AND `status` = 1 ORDER BY `listorder` ASC [ RunTime:0.000263s ]
[2024-07-22T17:25:42+08:00][sql] SELECT * FROM `qing_auth_rule` WHERE  `parent_id` = 4  AND `status` = 1 ORDER BY `listorder` ASC [ RunTime:0.000227s ]
[2024-07-22T17:25:42+08:00][sql] SELECT * FROM `qing_auth_rule` WHERE  `parent_id` = 6  AND `status` = 1 ORDER BY `listorder` ASC [ RunTime:0.000220s ]
[2024-07-22T17:25:42+08:00][sql] SELECT * FROM `qing_auth_rule` WHERE  `parent_id` = 15  AND `status` = 1 ORDER BY `listorder` ASC [ RunTime:0.000221s ]
[2024-07-22T17:25:42+08:00][sql] SELECT * FROM `qing_auth_rule` WHERE  `parent_id` = 8  AND `status` = 1 ORDER BY `listorder` ASC [ RunTime:0.000221s ]
[2024-07-22T17:26:01+08:00][sql] CONNECT:[ UseTime:0.000827s ] mysql:host=127.0.0.1;port=3306;dbname=code0921;charset=utf8
[2024-07-22T17:26:01+08:00][sql] SHOW FULL COLUMNS FROM `qing_auth_rule` [ RunTime:0.000888s ]
[2024-07-22T17:26:01+08:00][sql] SELECT * FROM `qing_auth_rule` WHERE  `parent_id` = 0  AND `status` = 1 ORDER BY `listorder` ASC [ RunTime:0.000314s ]
[2024-07-22T17:26:01+08:00][sql] SELECT * FROM `qing_auth_rule` WHERE  `parent_id` = 1  AND `status` = 1 ORDER BY `listorder` ASC [ RunTime:0.000263s ]
[2024-07-22T17:26:01+08:00][sql] SELECT * FROM `qing_auth_rule` WHERE  `parent_id` = 4  AND `status` = 1 ORDER BY `listorder` ASC [ RunTime:0.000225s ]
[2024-07-22T17:26:01+08:00][sql] SELECT * FROM `qing_auth_rule` WHERE  `parent_id` = 6  AND `status` = 1 ORDER BY `listorder` ASC [ RunTime:0.000224s ]
[2024-07-22T17:26:01+08:00][sql] SELECT * FROM `qing_auth_rule` WHERE  `parent_id` = 15  AND `status` = 1 ORDER BY `listorder` ASC [ RunTime:0.000218s ]
[2024-07-22T17:26:01+08:00][sql] SELECT * FROM `qing_auth_rule` WHERE  `parent_id` = 8  AND `status` = 1 ORDER BY `listorder` ASC [ RunTime:0.000219s ]
[2024-07-22T17:26:01+08:00][sql] SHOW FULL COLUMNS FROM `qing_admin` [ RunTime:0.000958s ]
[2024-07-22T17:26:01+08:00][sql] SELECT * FROM `qing_admin` WHERE  `user_name` = 'root_qing' LIMIT 1 [ RunTime:0.000272s ]
[2024-07-22T17:26:01+08:00][sql] UPDATE `qing_admin`  SET `last_login_time` = 1721640361  WHERE  `id` = 1 [ RunTime:0.000426s ]
[2024-07-22T17:26:03+08:00][sql] CONNECT:[ UseTime:0.011422s ] mysql:host=127.0.0.1;port=3306;dbname=code0921;charset=utf8
[2024-07-22T17:26:03+08:00][sql] SHOW FULL COLUMNS FROM `qing_auth_rule` [ RunTime:0.000920s ]
[2024-07-22T17:26:03+08:00][sql] SELECT * FROM `qing_auth_rule` WHERE  `parent_id` = 0  AND `status` = 1 ORDER BY `listorder` ASC [ RunTime:0.000312s ]
[2024-07-22T17:26:03+08:00][sql] SELECT * FROM `qing_auth_rule` WHERE  `parent_id` = 1  AND `status` = 1 ORDER BY `listorder` ASC [ RunTime:0.000278s ]
[2024-07-22T17:26:03+08:00][sql] SELECT * FROM `qing_auth_rule` WHERE  `parent_id` = 4  AND `status` = 1 ORDER BY `listorder` ASC [ RunTime:0.000296s ]
[2024-07-22T17:26:03+08:00][sql] SELECT * FROM `qing_auth_rule` WHERE  `parent_id` = 6  AND `status` = 1 ORDER BY `listorder` ASC [ RunTime:0.000419s ]
[2024-07-22T17:26:03+08:00][sql] SELECT * FROM `qing_auth_rule` WHERE  `parent_id` = 15  AND `status` = 1 ORDER BY `listorder` ASC [ RunTime:0.000363s ]
[2024-07-22T17:26:03+08:00][sql] SELECT * FROM `qing_auth_rule` WHERE  `parent_id` = 8  AND `status` = 1 ORDER BY `listorder` ASC [ RunTime:0.000265s ]
[2024-07-22T17:26:03+08:00][sql] SHOW FULL COLUMNS FROM `qing_auth_group` [ RunTime:0.003854s ]
[2024-07-22T17:26:03+08:00][sql] SELECT `rules` FROM `qing_auth_group` WHERE  `id` = 1 LIMIT 1 [ RunTime:0.000617s ]
[2024-07-22T17:26:03+08:00][sql] CONNECT:[ UseTime:0.000842s ] mysql:host=127.0.0.1;port=3306;dbname=code0921;charset=utf8
[2024-07-22T17:26:03+08:00][sql] SHOW FULL COLUMNS FROM `qing_auth_rule` [ RunTime:0.000895s ]
[2024-07-22T17:26:03+08:00][sql] SELECT * FROM `qing_auth_rule` WHERE  `parent_id` = 0  AND `status` = 1 ORDER BY `listorder` ASC [ RunTime:0.000331s ]
[2024-07-22T17:26:03+08:00][sql] SELECT * FROM `qing_auth_rule` WHERE  `parent_id` = 1  AND `status` = 1 ORDER BY `listorder` ASC [ RunTime:0.000266s ]
[2024-07-22T17:26:03+08:00][sql] SELECT * FROM `qing_auth_rule` WHERE  `parent_id` = 4  AND `status` = 1 ORDER BY `listorder` ASC [ RunTime:0.000225s ]
[2024-07-22T17:26:03+08:00][sql] SELECT * FROM `qing_auth_rule` WHERE  `parent_id` = 6  AND `status` = 1 ORDER BY `listorder` ASC [ RunTime:0.000221s ]
[2024-07-22T17:26:03+08:00][sql] SELECT * FROM `qing_auth_rule` WHERE  `parent_id` = 15  AND `status` = 1 ORDER BY `listorder` ASC [ RunTime:0.000218s ]
[2024-07-22T17:26:03+08:00][sql] SELECT * FROM `qing_auth_rule` WHERE  `parent_id` = 8  AND `status` = 1 ORDER BY `listorder` ASC [ RunTime:0.000222s ]
[2024-07-22T17:26:03+08:00][sql] SHOW FULL COLUMNS FROM `qing_auth_group` [ RunTime:0.001086s ]
[2024-07-22T17:26:03+08:00][sql] SELECT `rules` FROM `qing_auth_group` WHERE  `id` = 1 LIMIT 1 [ RunTime:0.000499s ]
[2024-07-22T17:26:03+08:00][sql] SHOW FULL COLUMNS FROM `qing_goods` [ RunTime:0.003246s ]
[2024-07-22T17:26:03+08:00][sql] SELECT COUNT(*) AS think_count FROM `qing_goods` [ RunTime:0.000226s ]
[2024-07-22T17:26:03+08:00][sql] SHOW FULL COLUMNS FROM `qing_user` [ RunTime:0.003036s ]
[2024-07-22T17:26:03+08:00][sql] SELECT COUNT(*) AS think_count FROM `qing_user` [ RunTime:0.000222s ]
[2024-07-22T17:26:03+08:00][sql] SHOW FULL COLUMNS FROM `qing_order` [ RunTime:0.006716s ]
[2024-07-22T17:26:03+08:00][sql] SELECT COUNT(*) AS think_count FROM `qing_order` [ RunTime:0.000743s ]
[2024-07-22T17:26:03+08:00][sql] SHOW FULL COLUMNS FROM `qing_comment` [ RunTime:0.003797s ]
[2024-07-22T17:26:03+08:00][sql] SELECT COUNT(*) AS think_count FROM `qing_comment` [ RunTime:0.000208s ]
[2024-07-22T17:26:10+08:00][sql] CONNECT:[ UseTime:0.000840s ] mysql:host=127.0.0.1;port=3306;dbname=code0921;charset=utf8
[2024-07-22T17:26:10+08:00][sql] SHOW FULL COLUMNS FROM `qing_auth_rule` [ RunTime:0.000893s ]
[2024-07-22T17:26:10+08:00][sql] SELECT * FROM `qing_auth_rule` WHERE  `parent_id` = 0  AND `status` = 1 ORDER BY `listorder` ASC [ RunTime:0.000318s ]
[2024-07-22T17:26:10+08:00][sql] SELECT * FROM `qing_auth_rule` WHERE  `parent_id` = 1  AND `status` = 1 ORDER BY `listorder` ASC [ RunTime:0.000261s ]
[2024-07-22T17:26:10+08:00][sql] SELECT * FROM `qing_auth_rule` WHERE  `parent_id` = 4  AND `status` = 1 ORDER BY `listorder` ASC [ RunTime:0.000231s ]
[2024-07-22T17:26:10+08:00][sql] SELECT * FROM `qing_auth_rule` WHERE  `parent_id` = 6  AND `status` = 1 ORDER BY `listorder` ASC [ RunTime:0.000221s ]
[2024-07-22T17:26:10+08:00][sql] SELECT * FROM `qing_auth_rule` WHERE  `parent_id` = 15  AND `status` = 1 ORDER BY `listorder` ASC [ RunTime:0.000218s ]
[2024-07-22T17:26:10+08:00][sql] SELECT * FROM `qing_auth_rule` WHERE  `parent_id` = 8  AND `status` = 1 ORDER BY `listorder` ASC [ RunTime:0.000250s ]
[2024-07-22T17:26:10+08:00][sql] SHOW FULL COLUMNS FROM `qing_auth_group` [ RunTime:0.000745s ]
[2024-07-22T17:26:10+08:00][sql] SELECT `rules` FROM `qing_auth_group` WHERE  `id` = 1 LIMIT 1 [ RunTime:0.000230s ]
[2024-07-22T17:26:10+08:00][sql] SHOW FULL COLUMNS FROM `qing_user` [ RunTime:0.003155s ]
[2024-07-22T17:26:10+08:00][sql] SELECT COUNT(*) AS think_count FROM `qing_user` `a` WHERE  `a`.`mobile` LIKE '%%' [ RunTime:0.001305s ]
[2024-07-22T17:26:10+08:00][sql] SELECT * FROM `qing_user` `a` WHERE  `a`.`mobile` LIKE '%%' ORDER BY `id` DESC LIMIT 0,10 [ RunTime:0.000331s ]
