[2024-08-15T15:58:15+08:00][sql] CONNECT:[ UseTime:0.000926s ] mysql:host=127.0.0.1;port=3306;dbname=code0921;charset=utf8
[2024-08-15T15:58:15+08:00][sql] SHOW FULL COLUMNS FROM `qing_config` [ RunTime:0.000723s ]
[2024-08-15T15:58:15+08:00][sql] SELECT `value` FROM `qing_config` [ RunTime:0.000205s ]
[2024-08-15T15:58:15+08:00][sql] SHOW FULL COLUMNS FROM `qing_search` [ RunTime:0.000911s ]
[2024-08-15T15:58:15+08:00][sql] SELECT * FROM `qing_search` ORDER BY `id` DESC LIMIT 10 [ RunTime:0.000264s ]
[2024-08-15T15:58:15+08:00][sql] SHOW FULL COLUMNS FROM `qing_cart` [ RunTime:0.000969s ]
[2024-08-15T15:58:15+08:00][sql] SELECT COUNT(*) AS think_count FROM `qing_cart` WHERE  `user_id` = 39 [ RunTime:0.000258s ]
[2024-08-15T15:58:15+08:00][sql] SHOW FULL COLUMNS FROM `qing_ad` [ RunTime:0.003477s ]
[2024-08-15T15:58:15+08:00][sql] SELECT * FROM `qing_ad` WHERE  `type_id` = 1 [ RunTime:0.000303s ]
[2024-08-15T15:58:15+08:00][sql] SHOW FULL COLUMNS FROM `qing_goods` [ RunTime:0.000712s ]
[2024-08-15T15:58:15+08:00][sql] SELECT * FROM `qing_goods` WHERE  `ishot` = 1  AND `goods_status` = 1 ORDER BY `goods_id` DESC,`listorder` ASC LIMIT 8 [ RunTime:0.000434s ]
[2024-08-15T15:58:15+08:00][sql] SHOW FULL COLUMNS FROM `qing_category` [ RunTime:0.001233s ]
[2024-08-15T15:58:15+08:00][sql] SELECT `id`,`parent_id`,`cate_name` FROM `qing_category` ORDER BY `listorder` ASC [ RunTime:0.000465s ]
[2024-08-15T15:58:15+08:00][sql] SELECT * FROM `qing_goods` WHERE  `goods_cate_id` IN (16,17,18,26,27,28,29)  AND `goods_status` = 1 ORDER BY `goods_id` DESC,`listorder` ASC LIMIT 8 [ RunTime:0.000554s ]
[2024-08-15T15:58:15+08:00][sql] SELECT * FROM `qing_goods` WHERE  `goods_cate_id` IN (8,9,155,156,157,158)  AND `goods_status` = 1 ORDER BY `goods_id` DESC,`listorder` ASC LIMIT 8 [ RunTime:0.000340s ]
[2024-08-15T15:58:15+08:00][sql] SELECT `id`,`cate_name` FROM `qing_category` WHERE  `parent_id` = 18 [ RunTime:0.000253s ]
[2024-08-15T15:58:15+08:00][sql] SELECT `id`,`cate_name` FROM `qing_category` WHERE  `parent_id` = 4 [ RunTime:0.000208s ]
[2024-08-15T15:58:21+08:00][sql] CONNECT:[ UseTime:0.000869s ] mysql:host=127.0.0.1;port=3306;dbname=code0921;charset=utf8
[2024-08-15T15:58:21+08:00][sql] SHOW FULL COLUMNS FROM `qing_config` [ RunTime:0.000746s ]
[2024-08-15T15:58:21+08:00][sql] SELECT `value` FROM `qing_config` [ RunTime:0.000225s ]
[2024-08-15T15:58:21+08:00][sql] SHOW FULL COLUMNS FROM `qing_search` [ RunTime:0.000615s ]
[2024-08-15T15:58:21+08:00][sql] SELECT * FROM `qing_search` ORDER BY `id` DESC LIMIT 10 [ RunTime:0.000227s ]
[2024-08-15T15:58:21+08:00][sql] SHOW FULL COLUMNS FROM `qing_cart` [ RunTime:0.000887s ]
[2024-08-15T15:58:21+08:00][sql] SELECT COUNT(*) AS think_count FROM `qing_cart` WHERE  `user_id` = 39 [ RunTime:0.000331s ]
[2024-08-15T15:58:21+08:00][sql] SHOW FULL COLUMNS FROM `qing_ad` [ RunTime:0.003236s ]
[2024-08-15T15:58:21+08:00][sql] SELECT * FROM `qing_ad` WHERE  `type_id` = 1 [ RunTime:0.000312s ]
[2024-08-15T15:58:21+08:00][sql] SHOW FULL COLUMNS FROM `qing_goods` [ RunTime:0.000831s ]
[2024-08-15T15:58:21+08:00][sql] SELECT * FROM `qing_goods` WHERE  `ishot` = 1  AND `goods_status` = 1 ORDER BY `goods_id` DESC,`listorder` ASC LIMIT 8 [ RunTime:0.000594s ]
[2024-08-15T15:58:21+08:00][sql] SHOW FULL COLUMNS FROM `qing_category` [ RunTime:0.001147s ]
[2024-08-15T15:58:21+08:00][sql] SELECT `id`,`parent_id`,`cate_name` FROM `qing_category` ORDER BY `listorder` ASC [ RunTime:0.000450s ]
[2024-08-15T15:58:21+08:00][sql] SELECT * FROM `qing_goods` WHERE  `goods_cate_id` IN (16,17,18,26,27,28,29)  AND `goods_status` = 1 ORDER BY `goods_id` DESC,`listorder` ASC LIMIT 8 [ RunTime:0.000481s ]
[2024-08-15T15:58:21+08:00][sql] SELECT * FROM `qing_goods` WHERE  `goods_cate_id` IN (8,9,155,156,157,158)  AND `goods_status` = 1 ORDER BY `goods_id` DESC,`listorder` ASC LIMIT 8 [ RunTime:0.000312s ]
[2024-08-15T15:58:21+08:00][sql] SELECT `id`,`cate_name` FROM `qing_category` WHERE  `parent_id` = 18 [ RunTime:0.000231s ]
[2024-08-15T15:58:21+08:00][sql] SELECT `id`,`cate_name` FROM `qing_category` WHERE  `parent_id` = 4 [ RunTime:0.000206s ]
[2024-08-15T15:59:17+08:00][sql] CONNECT:[ UseTime:0.000853s ] mysql:host=127.0.0.1;port=3306;dbname=code0921;charset=utf8
[2024-08-15T15:59:17+08:00][sql] SHOW FULL COLUMNS FROM `qing_config` [ RunTime:0.000983s ]
[2024-08-15T15:59:17+08:00][sql] SELECT `value` FROM `qing_config` [ RunTime:0.000230s ]
[2024-08-15T15:59:17+08:00][sql] SHOW FULL COLUMNS FROM `qing_search` [ RunTime:0.000737s ]
[2024-08-15T15:59:17+08:00][sql] SELECT * FROM `qing_search` ORDER BY `id` DESC LIMIT 10 [ RunTime:0.000220s ]
[2024-08-15T15:59:17+08:00][sql] SHOW FULL COLUMNS FROM `qing_cart` [ RunTime:0.000756s ]
[2024-08-15T15:59:17+08:00][sql] SELECT COUNT(*) AS think_count FROM `qing_cart` WHERE  `user_id` = 39 [ RunTime:0.000298s ]
[2024-08-15T15:59:17+08:00][sql] SHOW FULL COLUMNS FROM `qing_ad` [ RunTime:0.003121s ]
[2024-08-15T15:59:17+08:00][sql] SELECT * FROM `qing_ad` WHERE  `type_id` = 1 [ RunTime:0.000295s ]
[2024-08-15T15:59:17+08:00][sql] SHOW FULL COLUMNS FROM `qing_goods` [ RunTime:0.000614s ]
[2024-08-15T15:59:17+08:00][sql] SELECT * FROM `qing_goods` WHERE  `ishot` = 1  AND `goods_status` = 1 ORDER BY `goods_id` DESC,`listorder` ASC LIMIT 8 [ RunTime:0.000383s ]
[2024-08-15T15:59:17+08:00][sql] SHOW FULL COLUMNS FROM `qing_category` [ RunTime:0.000826s ]
[2024-08-15T15:59:17+08:00][sql] SELECT `id`,`parent_id`,`cate_name` FROM `qing_category` ORDER BY `listorder` ASC [ RunTime:0.000359s ]
[2024-08-15T15:59:17+08:00][sql] SELECT * FROM `qing_goods` WHERE  `goods_cate_id` IN (16,17,18,26,27,28,29)  AND `goods_status` = 1 ORDER BY `goods_id` DESC,`listorder` ASC LIMIT 8 [ RunTime:0.000605s ]
[2024-08-15T15:59:17+08:00][sql] SELECT * FROM `qing_goods` WHERE  `goods_cate_id` IN (8,9,155,156,157,158)  AND `goods_status` = 1 ORDER BY `goods_id` DESC,`listorder` ASC LIMIT 8 [ RunTime:0.000349s ]
[2024-08-15T15:59:17+08:00][sql] SELECT `id`,`cate_name` FROM `qing_category` WHERE  `parent_id` = 18 [ RunTime:0.000249s ]
[2024-08-15T15:59:17+08:00][sql] SELECT `id`,`cate_name` FROM `qing_category` WHERE  `parent_id` = 4 [ RunTime:0.000212s ]
[2024-08-15T15:59:55+08:00][sql] CONNECT:[ UseTime:0.000865s ] mysql:host=127.0.0.1;port=3306;dbname=code0921;charset=utf8
[2024-08-15T15:59:55+08:00][sql] SHOW FULL COLUMNS FROM `qing_config` [ RunTime:0.000719s ]
[2024-08-15T15:59:55+08:00][sql] SELECT `value` FROM `qing_config` [ RunTime:0.000206s ]
[2024-08-15T15:59:55+08:00][sql] SHOW FULL COLUMNS FROM `qing_search` [ RunTime:0.000735s ]
[2024-08-15T15:59:55+08:00][sql] SELECT * FROM `qing_search` ORDER BY `id` DESC LIMIT 10 [ RunTime:0.000221s ]
[2024-08-15T15:59:55+08:00][sql] SHOW FULL COLUMNS FROM `qing_cart` [ RunTime:0.000844s ]
[2024-08-15T15:59:55+08:00][sql] SELECT COUNT(*) AS think_count FROM `qing_cart` WHERE  `user_id` = 39 [ RunTime:0.000251s ]
[2024-08-15T15:59:55+08:00][sql] SHOW FULL COLUMNS FROM `qing_ad` [ RunTime:0.003191s ]
[2024-08-15T15:59:55+08:00][sql] SELECT * FROM `qing_ad` WHERE  `type_id` = 1 [ RunTime:0.000333s ]
[2024-08-15T15:59:55+08:00][sql] SHOW FULL COLUMNS FROM `qing_goods` [ RunTime:0.000668s ]
[2024-08-15T15:59:55+08:00][sql] SELECT * FROM `qing_goods` WHERE  `ishot` = 1  AND `goods_status` = 1 ORDER BY `goods_id` DESC,`listorder` ASC LIMIT 8 [ RunTime:0.000392s ]
[2024-08-15T15:59:55+08:00][sql] SHOW FULL COLUMNS FROM `qing_category` [ RunTime:0.000857s ]
[2024-08-15T15:59:55+08:00][sql] SELECT `id`,`parent_id`,`cate_name` FROM `qing_category` ORDER BY `listorder` ASC [ RunTime:0.000337s ]
[2024-08-15T15:59:55+08:00][sql] SELECT * FROM `qing_goods` WHERE  `goods_cate_id` IN (16,17,18,26,27,28,29)  AND `goods_status` = 1 ORDER BY `goods_id` DESC,`listorder` ASC LIMIT 8 [ RunTime:0.000701s ]
[2024-08-15T15:59:55+08:00][sql] SELECT * FROM `qing_goods` WHERE  `goods_cate_id` IN (8,9,155,156,157,158)  AND `goods_status` = 1 ORDER BY `goods_id` DESC,`listorder` ASC LIMIT 8 [ RunTime:0.000570s ]
[2024-08-15T15:59:55+08:00][sql] SELECT `id`,`cate_name` FROM `qing_category` WHERE  `parent_id` = 18 [ RunTime:0.000307s ]
[2024-08-15T15:59:55+08:00][sql] SELECT `id`,`cate_name` FROM `qing_category` WHERE  `parent_id` = 4 [ RunTime:0.000223s ]
[2024-08-15T16:00:55+08:00][sql] CONNECT:[ UseTime:0.000877s ] mysql:host=127.0.0.1;port=3306;dbname=code0921;charset=utf8
[2024-08-15T16:00:55+08:00][sql] SHOW FULL COLUMNS FROM `qing_config` [ RunTime:0.000911s ]
[2024-08-15T16:00:55+08:00][sql] SELECT `value` FROM `qing_config` [ RunTime:0.000214s ]
[2024-08-15T16:00:55+08:00][sql] SHOW FULL COLUMNS FROM `qing_search` [ RunTime:0.000784s ]
[2024-08-15T16:00:55+08:00][sql] SELECT * FROM `qing_search` ORDER BY `id` DESC LIMIT 10 [ RunTime:0.000288s ]
[2024-08-15T16:00:55+08:00][sql] SHOW FULL COLUMNS FROM `qing_cart` [ RunTime:0.000911s ]
[2024-08-15T16:00:55+08:00][sql] SELECT COUNT(*) AS think_count FROM `qing_cart` WHERE  `user_id` = 39 [ RunTime:0.000242s ]
[2024-08-15T16:00:55+08:00][sql] SHOW FULL COLUMNS FROM `qing_ad` [ RunTime:0.003101s ]
[2024-08-15T16:00:55+08:00][sql] SELECT * FROM `qing_ad` WHERE  `type_id` = 1 [ RunTime:0.000307s ]
[2024-08-15T16:00:55+08:00][sql] SHOW FULL COLUMNS FROM `qing_goods` [ RunTime:0.001020s ]
[2024-08-15T16:00:55+08:00][sql] SELECT * FROM `qing_goods` WHERE  `ishot` = 1  AND `goods_status` = 1 ORDER BY `goods_id` DESC,`listorder` ASC LIMIT 8 [ RunTime:0.000443s ]
[2024-08-15T16:00:55+08:00][sql] SHOW FULL COLUMNS FROM `qing_category` [ RunTime:0.001293s ]
[2024-08-15T16:00:55+08:00][sql] SELECT `id`,`parent_id`,`cate_name` FROM `qing_category` ORDER BY `listorder` ASC [ RunTime:0.000387s ]
[2024-08-15T16:00:55+08:00][sql] SELECT * FROM `qing_goods` WHERE  `goods_cate_id` IN (16,17,18,26,27,28,29)  AND `goods_status` = 1 ORDER BY `goods_id` DESC,`listorder` ASC LIMIT 8 [ RunTime:0.000477s ]
[2024-08-15T16:00:55+08:00][sql] SELECT * FROM `qing_goods` WHERE  `goods_cate_id` IN (8,9,155,156,157,158)  AND `goods_status` = 1 ORDER BY `goods_id` DESC,`listorder` ASC LIMIT 8 [ RunTime:0.000318s ]
[2024-08-15T16:00:55+08:00][sql] SELECT `id`,`cate_name` FROM `qing_category` WHERE  `parent_id` = 18 [ RunTime:0.000273s ]
[2024-08-15T16:00:55+08:00][sql] SELECT `id`,`cate_name` FROM `qing_category` WHERE  `parent_id` = 4 [ RunTime:0.000212s ]
[2024-08-15T16:02:33+08:00][sql] CONNECT:[ UseTime:0.000861s ] mysql:host=127.0.0.1;port=3306;dbname=code0921;charset=utf8
[2024-08-15T16:02:33+08:00][sql] SHOW FULL COLUMNS FROM `qing_config` [ RunTime:0.000699s ]
[2024-08-15T16:02:33+08:00][sql] SELECT `value` FROM `qing_config` [ RunTime:0.000209s ]
[2024-08-15T16:02:33+08:00][sql] SHOW FULL COLUMNS FROM `qing_search` [ RunTime:0.000884s ]
[2024-08-15T16:02:33+08:00][sql] SELECT * FROM `qing_search` ORDER BY `id` DESC LIMIT 10 [ RunTime:0.000402s ]
[2024-08-15T16:02:33+08:00][sql] SHOW FULL COLUMNS FROM `qing_cart` [ RunTime:0.001067s ]
[2024-08-15T16:02:33+08:00][sql] SELECT COUNT(*) AS think_count FROM `qing_cart` WHERE  `user_id` = 39 [ RunTime:0.000348s ]
[2024-08-15T16:02:33+08:00][sql] SHOW FULL COLUMNS FROM `qing_ad` [ RunTime:0.003437s ]
[2024-08-15T16:02:33+08:00][sql] SELECT * FROM `qing_ad` WHERE  `type_id` = 1 [ RunTime:0.000333s ]
[2024-08-15T16:02:33+08:00][sql] SHOW FULL COLUMNS FROM `qing_goods` [ RunTime:0.000682s ]
[2024-08-15T16:02:33+08:00][sql] SELECT * FROM `qing_goods` WHERE  `ishot` = 1  AND `goods_status` = 1 ORDER BY `goods_id` DESC,`listorder` ASC LIMIT 8 [ RunTime:0.000383s ]
[2024-08-15T16:02:33+08:00][sql] SHOW FULL COLUMNS FROM `qing_category` [ RunTime:0.000820s ]
[2024-08-15T16:02:33+08:00][sql] SELECT `id`,`parent_id`,`cate_name` FROM `qing_category` ORDER BY `listorder` ASC [ RunTime:0.000322s ]
[2024-08-15T16:02:33+08:00][sql] SELECT * FROM `qing_goods` WHERE  `goods_cate_id` IN (16,17,18,26,27,28,29)  AND `goods_status` = 1 ORDER BY `goods_id` DESC,`listorder` ASC LIMIT 8 [ RunTime:0.000487s ]
[2024-08-15T16:02:33+08:00][sql] SELECT * FROM `qing_goods` WHERE  `goods_cate_id` IN (8,9,155,156,157,158)  AND `goods_status` = 1 ORDER BY `goods_id` DESC,`listorder` ASC LIMIT 8 [ RunTime:0.000320s ]
[2024-08-15T16:02:33+08:00][sql] SELECT `id`,`cate_name` FROM `qing_category` WHERE  `parent_id` = 18 [ RunTime:0.000233s ]
[2024-08-15T16:02:33+08:00][sql] SELECT `id`,`cate_name` FROM `qing_category` WHERE  `parent_id` = 4 [ RunTime:0.000337s ]
[2024-08-15T18:18:27+08:00][sql] CONNECT:[ UseTime:0.001180s ] mysql:host=127.0.0.1;port=3306;dbname=code0921;charset=utf8
[2024-08-15T18:18:27+08:00][sql] SHOW FULL COLUMNS FROM `qing_config` [ RunTime:0.001016s ]
[2024-08-15T18:18:27+08:00][sql] SELECT `value` FROM `qing_config` [ RunTime:0.000457s ]
[2024-08-15T18:18:27+08:00][sql] SHOW FULL COLUMNS FROM `qing_search` [ RunTime:0.000874s ]
[2024-08-15T18:18:27+08:00][sql] SELECT * FROM `qing_search` ORDER BY `id` DESC LIMIT 10 [ RunTime:0.000264s ]
[2024-08-15T18:18:27+08:00][sql] SHOW FULL COLUMNS FROM `qing_cart` [ RunTime:0.000707s ]
[2024-08-15T18:18:27+08:00][sql] SELECT COUNT(*) AS think_count FROM `qing_cart` WHERE  `user_id` IS NULL [ RunTime:0.000195s ]
[2024-08-15T18:18:27+08:00][sql] SHOW FULL COLUMNS FROM `qing_ad` [ RunTime:0.003568s ]
[2024-08-15T18:18:27+08:00][sql] SELECT * FROM `qing_ad` WHERE  `type_id` = 1 [ RunTime:0.000393s ]
[2024-08-15T18:18:27+08:00][sql] SHOW FULL COLUMNS FROM `qing_goods` [ RunTime:0.000804s ]
[2024-08-15T18:18:27+08:00][sql] SELECT * FROM `qing_goods` WHERE  `ishot` = 1  AND `goods_status` = 1 ORDER BY `goods_id` DESC,`listorder` ASC LIMIT 8 [ RunTime:0.000398s ]
[2024-08-15T18:18:27+08:00][sql] SHOW FULL COLUMNS FROM `qing_category` [ RunTime:0.000927s ]
[2024-08-15T18:18:27+08:00][sql] SELECT `id`,`parent_id`,`cate_name` FROM `qing_category` ORDER BY `listorder` ASC [ RunTime:0.000425s ]
[2024-08-15T18:18:27+08:00][sql] SELECT * FROM `qing_goods` WHERE  `goods_cate_id` IN (16,17,18,26,27,28,29)  AND `goods_status` = 1 ORDER BY `goods_id` DESC,`listorder` ASC LIMIT 8 [ RunTime:0.000552s ]
[2024-08-15T18:18:27+08:00][sql] SELECT * FROM `qing_goods` WHERE  `goods_cate_id` IN (8,9,155,156,157,158)  AND `goods_status` = 1 ORDER BY `goods_id` DESC,`listorder` ASC LIMIT 8 [ RunTime:0.000318s ]
[2024-08-15T18:18:27+08:00][sql] SELECT `id`,`cate_name` FROM `qing_category` WHERE  `parent_id` = 18 [ RunTime:0.000253s ]
[2024-08-15T18:18:27+08:00][sql] SELECT `id`,`cate_name` FROM `qing_category` WHERE  `parent_id` = 4 [ RunTime:0.000204s ]
[2024-08-15T18:18:33+08:00][sql] CONNECT:[ UseTime:0.001000s ] mysql:host=127.0.0.1;port=3306;dbname=code0921;charset=utf8
[2024-08-15T18:18:33+08:00][sql] SHOW FULL COLUMNS FROM `qing_config` [ RunTime:0.000828s ]
[2024-08-15T18:18:33+08:00][sql] SELECT `value` FROM `qing_config` [ RunTime:0.000280s ]
[2024-08-15T18:18:33+08:00][sql] SHOW FULL COLUMNS FROM `qing_search` [ RunTime:0.000630s ]
[2024-08-15T18:18:33+08:00][sql] SELECT * FROM `qing_search` ORDER BY `id` DESC LIMIT 10 [ RunTime:0.000226s ]
[2024-08-15T18:18:33+08:00][sql] SHOW FULL COLUMNS FROM `qing_cart` [ RunTime:0.000556s ]
[2024-08-15T18:18:33+08:00][sql] SELECT COUNT(*) AS think_count FROM `qing_cart` WHERE  `user_id` IS NULL [ RunTime:0.000164s ]
[2024-08-15T18:18:41+08:00][sql] CONNECT:[ UseTime:0.001110s ] mysql:host=127.0.0.1;port=3306;dbname=code0921;charset=utf8
[2024-08-15T18:18:41+08:00][sql] SHOW FULL COLUMNS FROM `qing_config` [ RunTime:0.000796s ]
[2024-08-15T18:18:41+08:00][sql] SELECT `value` FROM `qing_config` [ RunTime:0.000210s ]
[2024-08-15T18:18:41+08:00][sql] SHOW FULL COLUMNS FROM `qing_search` [ RunTime:0.000560s ]
[2024-08-15T18:18:41+08:00][sql] SELECT * FROM `qing_search` ORDER BY `id` DESC LIMIT 10 [ RunTime:0.000206s ]
[2024-08-15T18:18:41+08:00][sql] SHOW FULL COLUMNS FROM `qing_cart` [ RunTime:0.000533s ]
[2024-08-15T18:18:41+08:00][sql] SELECT COUNT(*) AS think_count FROM `qing_cart` WHERE  `user_id` IS NULL [ RunTime:0.000161s ]
[2024-08-15T18:18:41+08:00][sql] SHOW FULL COLUMNS FROM `qing_ad` [ RunTime:0.000568s ]
[2024-08-15T18:18:41+08:00][sql] SELECT * FROM `qing_ad` WHERE  `type_id` = 1 [ RunTime:0.000249s ]
[2024-08-15T18:18:41+08:00][sql] SHOW FULL COLUMNS FROM `qing_goods` [ RunTime:0.000639s ]
[2024-08-15T18:18:41+08:00][sql] SELECT * FROM `qing_goods` WHERE  `ishot` = 1  AND `goods_status` = 1 ORDER BY `goods_id` DESC,`listorder` ASC LIMIT 8 [ RunTime:0.000356s ]
[2024-08-15T18:18:41+08:00][sql] SHOW FULL COLUMNS FROM `qing_category` [ RunTime:0.000964s ]
[2024-08-15T18:18:41+08:00][sql] SELECT `id`,`parent_id`,`cate_name` FROM `qing_category` ORDER BY `listorder` ASC [ RunTime:0.000339s ]
[2024-08-15T18:18:41+08:00][sql] SELECT * FROM `qing_goods` WHERE  `goods_cate_id` IN (16,17,18,26,27,28,29)  AND `goods_status` = 1 ORDER BY `goods_id` DESC,`listorder` ASC LIMIT 8 [ RunTime:0.000593s ]
[2024-08-15T18:18:41+08:00][sql] SELECT * FROM `qing_goods` WHERE  `goods_cate_id` IN (8,9,155,156,157,158)  AND `goods_status` = 1 ORDER BY `goods_id` DESC,`listorder` ASC LIMIT 8 [ RunTime:0.000421s ]
[2024-08-15T18:18:41+08:00][sql] SELECT `id`,`cate_name` FROM `qing_category` WHERE  `parent_id` = 18 [ RunTime:0.000319s ]
[2024-08-15T18:18:41+08:00][sql] SELECT `id`,`cate_name` FROM `qing_category` WHERE  `parent_id` = 4 [ RunTime:0.000304s ]
