[2024-08-16T18:41:25+08:00][sql] CONNECT:[ UseTime:0.001274s ] mysql:host=127.0.0.1;port=3306;dbname=code0921;charset=utf8
[2024-08-16T18:41:25+08:00][sql] SHOW FULL COLUMNS FROM `qing_config` [ RunTime:0.001094s ]
[2024-08-16T18:41:25+08:00][sql] SELECT `value` FROM `qing_config` [ RunTime:0.000268s ]
[2024-08-16T18:41:25+08:00][sql] SHOW FULL COLUMNS FROM `qing_search` [ RunTime:0.000723s ]
[2024-08-16T18:41:25+08:00][sql] SELECT * FROM `qing_search` ORDER BY `id` DESC LIMIT 10 [ RunTime:0.000282s ]
[2024-08-16T18:41:25+08:00][sql] SHOW FULL COLUMNS FROM `qing_cart` [ RunTime:0.001219s ]
[2024-08-16T18:41:25+08:00][sql] SELECT COUNT(*) AS think_count FROM `qing_cart` WHERE  `user_id` IS NULL [ RunTime:0.000426s ]
[2024-08-16T18:41:25+08:00][sql] SHOW FULL COLUMNS FROM `qing_ad` [ RunTime:0.001146s ]
[2024-08-16T18:41:25+08:00][sql] SELECT * FROM `qing_ad` WHERE  `type_id` = 1 [ RunTime:0.000440s ]
[2024-08-16T18:41:25+08:00][sql] SHOW FULL COLUMNS FROM `qing_goods` [ RunTime:0.000816s ]
[2024-08-16T18:41:25+08:00][sql] SELECT * FROM `qing_goods` WHERE  `ishot` = 1  AND `goods_status` = 1 ORDER BY `goods_id` DESC,`listorder` ASC LIMIT 8 [ RunTime:0.000533s ]
[2024-08-16T18:41:25+08:00][sql] SHOW FULL COLUMNS FROM `qing_category` [ RunTime:0.000799s ]
[2024-08-16T18:41:25+08:00][sql] SELECT `id`,`parent_id`,`cate_name` FROM `qing_category` ORDER BY `listorder` ASC [ RunTime:0.000428s ]
[2024-08-16T18:41:25+08:00][sql] SELECT * FROM `qing_goods` WHERE  `goods_cate_id` IN (16,17,18,26,27,28,29)  AND `goods_status` = 1 ORDER BY `goods_id` DESC,`listorder` ASC LIMIT 8 [ RunTime:0.000449s ]
[2024-08-16T18:41:25+08:00][sql] SELECT * FROM `qing_goods` WHERE  `goods_cate_id` IN (8,9,155,156,157,158)  AND `goods_status` = 1 ORDER BY `goods_id` DESC,`listorder` ASC LIMIT 8 [ RunTime:0.000356s ]
[2024-08-16T18:41:25+08:00][sql] SELECT `id`,`cate_name` FROM `qing_category` WHERE  `parent_id` = 18 [ RunTime:0.000235s ]
[2024-08-16T18:41:25+08:00][sql] SELECT `id`,`cate_name` FROM `qing_category` WHERE  `parent_id` = 4 [ RunTime:0.000208s ]
[2024-08-16T18:41:27+08:00][sql] CONNECT:[ UseTime:0.002309s ] mysql:host=127.0.0.1;port=3306;dbname=code0921;charset=utf8
[2024-08-16T18:41:27+08:00][sql] SHOW FULL COLUMNS FROM `qing_config` [ RunTime:0.000901s ]
[2024-08-16T18:41:27+08:00][sql] SELECT `value` FROM `qing_config` [ RunTime:0.000229s ]
[2024-08-16T18:41:27+08:00][sql] SHOW FULL COLUMNS FROM `qing_search` [ RunTime:0.000581s ]
[2024-08-16T18:41:27+08:00][sql] SELECT * FROM `qing_search` ORDER BY `id` DESC LIMIT 10 [ RunTime:0.000233s ]
[2024-08-16T18:41:27+08:00][sql] SHOW FULL COLUMNS FROM `qing_cart` [ RunTime:0.000609s ]
[2024-08-16T18:41:27+08:00][sql] SELECT COUNT(*) AS think_count FROM `qing_cart` WHERE  `user_id` IS NULL [ RunTime:0.000186s ]
[2024-08-16T18:41:27+08:00][sql] SHOW FULL COLUMNS FROM `qing_ad` [ RunTime:0.000648s ]
[2024-08-16T18:41:27+08:00][sql] SELECT * FROM `qing_ad` WHERE  `type_id` = 1 [ RunTime:0.000297s ]
[2024-08-16T18:41:27+08:00][sql] SHOW FULL COLUMNS FROM `qing_goods` [ RunTime:0.000669s ]
[2024-08-16T18:41:27+08:00][sql] SELECT * FROM `qing_goods` WHERE  `ishot` = 1  AND `goods_status` = 1 ORDER BY `goods_id` DESC,`listorder` ASC LIMIT 8 [ RunTime:0.000449s ]
[2024-08-16T18:41:27+08:00][sql] SHOW FULL COLUMNS FROM `qing_category` [ RunTime:0.001098s ]
[2024-08-16T18:41:27+08:00][sql] SELECT `id`,`parent_id`,`cate_name` FROM `qing_category` ORDER BY `listorder` ASC [ RunTime:0.000321s ]
[2024-08-16T18:41:27+08:00][sql] SELECT * FROM `qing_goods` WHERE  `goods_cate_id` IN (16,17,18,26,27,28,29)  AND `goods_status` = 1 ORDER BY `goods_id` DESC,`listorder` ASC LIMIT 8 [ RunTime:0.000609s ]
[2024-08-16T18:41:27+08:00][sql] SELECT * FROM `qing_goods` WHERE  `goods_cate_id` IN (8,9,155,156,157,158)  AND `goods_status` = 1 ORDER BY `goods_id` DESC,`listorder` ASC LIMIT 8 [ RunTime:0.000357s ]
[2024-08-16T18:41:27+08:00][sql] SELECT `id`,`cate_name` FROM `qing_category` WHERE  `parent_id` = 18 [ RunTime:0.000261s ]
[2024-08-16T18:41:27+08:00][sql] SELECT `id`,`cate_name` FROM `qing_category` WHERE  `parent_id` = 4 [ RunTime:0.000214s ]
[2024-08-16T18:41:28+08:00][sql] CONNECT:[ UseTime:0.000948s ] mysql:host=127.0.0.1;port=3306;dbname=code0921;charset=utf8
[2024-08-16T18:41:28+08:00][sql] SHOW FULL COLUMNS FROM `qing_config` [ RunTime:0.000822s ]
[2024-08-16T18:41:28+08:00][sql] SELECT `value` FROM `qing_config` [ RunTime:0.000225s ]
[2024-08-16T18:41:28+08:00][sql] SHOW FULL COLUMNS FROM `qing_search` [ RunTime:0.000677s ]
[2024-08-16T18:41:28+08:00][sql] SELECT * FROM `qing_search` ORDER BY `id` DESC LIMIT 10 [ RunTime:0.000232s ]
[2024-08-16T18:41:28+08:00][sql] SHOW FULL COLUMNS FROM `qing_cart` [ RunTime:0.000618s ]
[2024-08-16T18:41:28+08:00][sql] SELECT COUNT(*) AS think_count FROM `qing_cart` WHERE  `user_id` IS NULL [ RunTime:0.000181s ]
[2024-08-16T18:41:28+08:00][sql] SHOW FULL COLUMNS FROM `qing_ad` [ RunTime:0.003519s ]
[2024-08-16T18:41:28+08:00][sql] SELECT * FROM `qing_ad` WHERE  `type_id` = 1 [ RunTime:0.000270s ]
[2024-08-16T18:41:28+08:00][sql] SHOW FULL COLUMNS FROM `qing_goods` [ RunTime:0.000747s ]
[2024-08-16T18:41:28+08:00][sql] SELECT * FROM `qing_goods` WHERE  `ishot` = 1  AND `goods_status` = 1 ORDER BY `goods_id` DESC,`listorder` ASC LIMIT 8 [ RunTime:0.000691s ]
[2024-08-16T18:41:28+08:00][sql] SHOW FULL COLUMNS FROM `qing_category` [ RunTime:0.001193s ]
[2024-08-16T18:41:28+08:00][sql] SELECT `id`,`parent_id`,`cate_name` FROM `qing_category` ORDER BY `listorder` ASC [ RunTime:0.000340s ]
[2024-08-16T18:41:28+08:00][sql] SELECT * FROM `qing_goods` WHERE  `goods_cate_id` IN (16,17,18,26,27,28,29)  AND `goods_status` = 1 ORDER BY `goods_id` DESC,`listorder` ASC LIMIT 8 [ RunTime:0.000413s ]
[2024-08-16T18:41:28+08:00][sql] SELECT * FROM `qing_goods` WHERE  `goods_cate_id` IN (8,9,155,156,157,158)  AND `goods_status` = 1 ORDER BY `goods_id` DESC,`listorder` ASC LIMIT 8 [ RunTime:0.000387s ]
[2024-08-16T18:41:28+08:00][sql] SELECT `id`,`cate_name` FROM `qing_category` WHERE  `parent_id` = 18 [ RunTime:0.000257s ]
[2024-08-16T18:41:28+08:00][sql] SELECT `id`,`cate_name` FROM `qing_category` WHERE  `parent_id` = 4 [ RunTime:0.000205s ]
