[2024-08-20T11:36:46+08:00][sql] CONNECT:[ UseTime:0.000895s ] mysql:host=127.0.0.1;port=3306;dbname=code0921;charset=utf8
[2024-08-20T11:36:46+08:00][sql] SHOW FULL COLUMNS FROM `qing_config` [ RunTime:0.001015s ]
[2024-08-20T11:36:46+08:00][sql] SELECT `value` FROM `qing_config` [ RunTime:0.000272s ]
[2024-08-20T11:36:46+08:00][sql] SHOW FULL COLUMNS FROM `qing_search` [ RunTime:0.001271s ]
[2024-08-20T11:36:46+08:00][sql] SELECT * FROM `qing_search` ORDER BY `id` DESC LIMIT 10 [ RunTime:0.000308s ]
[2024-08-20T11:36:46+08:00][sql] SHOW FULL COLUMNS FROM `qing_cart` [ RunTime:0.000960s ]
[2024-08-20T11:36:46+08:00][sql] SELECT COUNT(*) AS think_count FROM `qing_cart` WHERE  `user_id` = 47 [ RunTime:0.000344s ]
[2024-08-20T11:36:46+08:00][sql] SHOW FULL COLUMNS FROM `qing_ad` [ RunTime:0.003689s ]
[2024-08-20T11:36:46+08:00][sql] SELECT * FROM `qing_ad` WHERE  `type_id` = 1 [ RunTime:0.000354s ]
[2024-08-20T11:36:46+08:00][sql] SHOW FULL COLUMNS FROM `qing_goods` [ RunTime:0.003514s ]
[2024-08-20T11:36:46+08:00][sql] SELECT * FROM `qing_goods` WHERE  `ishot` = 1  AND `goods_status` = 1 ORDER BY `goods_id` DESC,`listorder` ASC LIMIT 8 [ RunTime:0.000435s ]
[2024-08-20T11:36:46+08:00][sql] SHOW FULL COLUMNS FROM `qing_category` [ RunTime:0.000994s ]
[2024-08-20T11:36:46+08:00][sql] SELECT `id`,`parent_id`,`cate_name` FROM `qing_category` ORDER BY `listorder` ASC [ RunTime:0.000360s ]
[2024-08-20T11:36:46+08:00][sql] SELECT * FROM `qing_goods` WHERE  `goods_cate_id` IN (16,17,18,26,27,28,29)  AND `goods_status` = 1 ORDER BY `goods_id` DESC,`listorder` ASC LIMIT 8 [ RunTime:0.000609s ]
[2024-08-20T11:36:46+08:00][sql] SELECT * FROM `qing_goods` WHERE  `goods_cate_id` IN (8,9,155,156,157,158)  AND `goods_status` = 1 ORDER BY `goods_id` DESC,`listorder` ASC LIMIT 8 [ RunTime:0.000379s ]
[2024-08-20T11:36:46+08:00][sql] SELECT `id`,`cate_name` FROM `qing_category` WHERE  `parent_id` = 18 [ RunTime:0.000295s ]
[2024-08-20T11:36:46+08:00][sql] SELECT `id`,`cate_name` FROM `qing_category` WHERE  `parent_id` = 4 [ RunTime:0.000263s ]
[2024-08-20T14:25:54+08:00][sql] CONNECT:[ UseTime:0.000885s ] mysql:host=127.0.0.1;port=3306;dbname=code0921;charset=utf8
[2024-08-20T14:25:54+08:00][sql] SHOW FULL COLUMNS FROM `qing_config` [ RunTime:0.000775s ]
[2024-08-20T14:25:54+08:00][sql] SELECT `value` FROM `qing_config` [ RunTime:0.000224s ]
[2024-08-20T14:25:54+08:00][sql] SHOW FULL COLUMNS FROM `qing_search` [ RunTime:0.000568s ]
[2024-08-20T14:25:54+08:00][sql] SELECT * FROM `qing_search` ORDER BY `id` DESC LIMIT 10 [ RunTime:0.000216s ]
[2024-08-20T14:25:54+08:00][sql] SHOW FULL COLUMNS FROM `qing_cart` [ RunTime:0.000551s ]
[2024-08-20T14:25:54+08:00][sql] SELECT COUNT(*) AS think_count FROM `qing_cart` WHERE  `user_id` = 47 [ RunTime:0.000216s ]
[2024-08-20T14:25:54+08:00][sql] SHOW FULL COLUMNS FROM `qing_ad` [ RunTime:0.003558s ]
[2024-08-20T14:25:54+08:00][sql] SELECT * FROM `qing_ad` WHERE  `type_id` = 1 [ RunTime:0.000387s ]
[2024-08-20T14:25:54+08:00][sql] SHOW FULL COLUMNS FROM `qing_goods` [ RunTime:0.001086s ]
[2024-08-20T14:25:54+08:00][sql] SELECT * FROM `qing_goods` WHERE  `ishot` = 1  AND `goods_status` = 1 ORDER BY `goods_id` DESC,`listorder` ASC LIMIT 8 [ RunTime:0.000538s ]
[2024-08-20T14:25:54+08:00][sql] SHOW FULL COLUMNS FROM `qing_category` [ RunTime:0.000799s ]
[2024-08-20T14:25:54+08:00][sql] SELECT `id`,`parent_id`,`cate_name` FROM `qing_category` ORDER BY `listorder` ASC [ RunTime:0.000352s ]
[2024-08-20T14:25:54+08:00][sql] SELECT * FROM `qing_goods` WHERE  `goods_cate_id` IN (16,17,18,26,27,28,29)  AND `goods_status` = 1 ORDER BY `goods_id` DESC,`listorder` ASC LIMIT 8 [ RunTime:0.000419s ]
[2024-08-20T14:25:54+08:00][sql] SELECT * FROM `qing_goods` WHERE  `goods_cate_id` IN (8,9,155,156,157,158)  AND `goods_status` = 1 ORDER BY `goods_id` DESC,`listorder` ASC LIMIT 8 [ RunTime:0.000315s ]
[2024-08-20T14:25:54+08:00][sql] SELECT `id`,`cate_name` FROM `qing_category` WHERE  `parent_id` = 18 [ RunTime:0.000224s ]
[2024-08-20T14:25:54+08:00][sql] SELECT `id`,`cate_name` FROM `qing_category` WHERE  `parent_id` = 4 [ RunTime:0.000205s ]
[2024-08-20T15:01:56+08:00][sql] CONNECT:[ UseTime:0.000937s ] mysql:host=127.0.0.1;port=3306;dbname=code0921;charset=utf8
[2024-08-20T15:01:56+08:00][sql] SHOW FULL COLUMNS FROM `qing_config` [ RunTime:0.000759s ]
[2024-08-20T15:01:56+08:00][sql] SELECT `value` FROM `qing_config` [ RunTime:0.000204s ]
[2024-08-20T15:01:56+08:00][sql] SHOW FULL COLUMNS FROM `qing_search` [ RunTime:0.000585s ]
[2024-08-20T15:01:56+08:00][sql] SELECT * FROM `qing_search` ORDER BY `id` DESC LIMIT 10 [ RunTime:0.000213s ]
[2024-08-20T15:01:56+08:00][sql] SHOW FULL COLUMNS FROM `qing_cart` [ RunTime:0.000593s ]
[2024-08-20T15:01:56+08:00][sql] SELECT COUNT(*) AS think_count FROM `qing_cart` WHERE  `user_id` = 47 [ RunTime:0.000219s ]
[2024-08-20T15:01:56+08:00][sql] SHOW FULL COLUMNS FROM `qing_ad` [ RunTime:0.000716s ]
[2024-08-20T15:01:56+08:00][sql] SELECT * FROM `qing_ad` WHERE  `type_id` = 1 [ RunTime:0.000301s ]
[2024-08-20T15:01:56+08:00][sql] SHOW FULL COLUMNS FROM `qing_goods` [ RunTime:0.000672s ]
[2024-08-20T15:01:56+08:00][sql] SELECT * FROM `qing_goods` WHERE  `ishot` = 1  AND `goods_status` = 1 ORDER BY `goods_id` DESC,`listorder` ASC LIMIT 8 [ RunTime:0.000585s ]
[2024-08-20T15:01:56+08:00][sql] SHOW FULL COLUMNS FROM `qing_category` [ RunTime:0.000964s ]
[2024-08-20T15:01:56+08:00][sql] SELECT `id`,`parent_id`,`cate_name` FROM `qing_category` ORDER BY `listorder` ASC [ RunTime:0.000440s ]
[2024-08-20T15:01:56+08:00][sql] SELECT * FROM `qing_goods` WHERE  `goods_cate_id` IN (16,17,18,26,27,28,29)  AND `goods_status` = 1 ORDER BY `goods_id` DESC,`listorder` ASC LIMIT 8 [ RunTime:0.000544s ]
[2024-08-20T15:01:56+08:00][sql] SELECT * FROM `qing_goods` WHERE  `goods_cate_id` IN (8,9,155,156,157,158)  AND `goods_status` = 1 ORDER BY `goods_id` DESC,`listorder` ASC LIMIT 8 [ RunTime:0.000369s ]
[2024-08-20T15:01:56+08:00][sql] SELECT `id`,`cate_name` FROM `qing_category` WHERE  `parent_id` = 18 [ RunTime:0.000250s ]
[2024-08-20T15:01:56+08:00][sql] SELECT `id`,`cate_name` FROM `qing_category` WHERE  `parent_id` = 4 [ RunTime:0.000220s ]
[2024-08-20T17:12:29+08:00][sql] CONNECT:[ UseTime:0.001037s ] mysql:host=127.0.0.1;port=3306;dbname=code0921;charset=utf8
[2024-08-20T17:12:29+08:00][sql] SHOW FULL COLUMNS FROM `qing_config` [ RunTime:0.000812s ]
[2024-08-20T17:12:29+08:00][sql] SELECT `value` FROM `qing_config` [ RunTime:0.000221s ]
[2024-08-20T17:12:29+08:00][sql] SHOW FULL COLUMNS FROM `qing_search` [ RunTime:0.000635s ]
[2024-08-20T17:12:29+08:00][sql] SELECT * FROM `qing_search` ORDER BY `id` DESC LIMIT 10 [ RunTime:0.000214s ]
[2024-08-20T17:12:29+08:00][sql] SHOW FULL COLUMNS FROM `qing_cart` [ RunTime:0.000546s ]
[2024-08-20T17:12:29+08:00][sql] SELECT COUNT(*) AS think_count FROM `qing_cart` WHERE  `user_id` = 47 [ RunTime:0.000224s ]
[2024-08-20T17:12:29+08:00][sql] SHOW FULL COLUMNS FROM `qing_ad` [ RunTime:0.003158s ]
[2024-08-20T17:12:29+08:00][sql] SELECT * FROM `qing_ad` WHERE  `type_id` = 1 [ RunTime:0.000281s ]
[2024-08-20T17:12:29+08:00][sql] SHOW FULL COLUMNS FROM `qing_goods` [ RunTime:0.000645s ]
[2024-08-20T17:12:29+08:00][sql] SELECT * FROM `qing_goods` WHERE  `ishot` = 1  AND `goods_status` = 1 ORDER BY `goods_id` DESC,`listorder` ASC LIMIT 8 [ RunTime:0.000414s ]
[2024-08-20T17:12:29+08:00][sql] SHOW FULL COLUMNS FROM `qing_category` [ RunTime:0.000846s ]
[2024-08-20T17:12:29+08:00][sql] SELECT `id`,`parent_id`,`cate_name` FROM `qing_category` ORDER BY `listorder` ASC [ RunTime:0.000326s ]
[2024-08-20T17:12:29+08:00][sql] SELECT * FROM `qing_goods` WHERE  `goods_cate_id` IN (16,17,18,26,27,28,29)  AND `goods_status` = 1 ORDER BY `goods_id` DESC,`listorder` ASC LIMIT 8 [ RunTime:0.000538s ]
[2024-08-20T17:12:29+08:00][sql] SELECT * FROM `qing_goods` WHERE  `goods_cate_id` IN (8,9,155,156,157,158)  AND `goods_status` = 1 ORDER BY `goods_id` DESC,`listorder` ASC LIMIT 8 [ RunTime:0.000324s ]
[2024-08-20T17:12:29+08:00][sql] SELECT `id`,`cate_name` FROM `qing_category` WHERE  `parent_id` = 18 [ RunTime:0.000241s ]
[2024-08-20T17:12:29+08:00][sql] SELECT `id`,`cate_name` FROM `qing_category` WHERE  `parent_id` = 4 [ RunTime:0.000209s ]
