[2024-07-22T14:47:48+08:00][sql] CONNECT:[ UseTime:0.019414s ] mysql:host=127.0.0.1;port=3306;dbname=code0921;charset=utf8
[2024-07-22T14:47:48+08:00][sql] SHOW FULL COLUMNS FROM `qing_config` [ RunTime:0.007014s ]
[2024-07-22T14:47:48+08:00][sql] SELECT `value` FROM `qing_config` [ RunTime:0.000560s ]
[2024-07-22T14:47:48+08:00][sql] SHOW FULL COLUMNS FROM `qing_search` [ RunTime:0.001171s ]
[2024-07-22T14:47:48+08:00][sql] SELECT * FROM `qing_search` ORDER BY `id` DESC LIMIT 10 [ RunTime:0.000866s ]
[2024-07-22T14:47:48+08:00][sql] SHOW FULL COLUMNS FROM `qing_cart` [ RunTime:0.000978s ]
[2024-07-22T14:47:48+08:00][sql] SELECT COUNT(*) AS think_count FROM `qing_cart` WHERE  `user_id` IS NULL [ RunTime:0.000288s ]
[2024-07-22T14:47:48+08:00][sql] SHOW FULL COLUMNS FROM `qing_ad` [ RunTime:0.000711s ]
[2024-07-22T14:47:48+08:00][sql] SELECT * FROM `qing_ad` WHERE  `type_id` = 1 [ RunTime:0.000464s ]
[2024-07-22T14:47:48+08:00][sql] SHOW FULL COLUMNS FROM `qing_goods` [ RunTime:0.000861s ]
[2024-07-22T14:47:48+08:00][sql] SELECT * FROM `qing_goods` WHERE  `ishot` = 1  AND `goods_status` = 1 ORDER BY `goods_id` DESC,`listorder` ASC LIMIT 8 [ RunTime:0.000571s ]
[2024-07-22T14:47:48+08:00][sql] SHOW FULL COLUMNS FROM `qing_category` [ RunTime:0.000728s ]
[2024-07-22T14:47:48+08:00][sql] SELECT `id`,`parent_id`,`cate_name` FROM `qing_category` ORDER BY `listorder` ASC [ RunTime:0.002226s ]
[2024-07-22T14:47:48+08:00][sql] SELECT * FROM `qing_goods` WHERE  `goods_cate_id` IN (16,17,18,26,27,28,29)  AND `goods_status` = 1 ORDER BY `goods_id` DESC,`listorder` ASC LIMIT 8 [ RunTime:0.000602s ]
[2024-07-22T14:47:48+08:00][sql] SELECT * FROM `qing_goods` WHERE  `goods_cate_id` IN (8,9,155,156,157,158)  AND `goods_status` = 1 ORDER BY `goods_id` DESC,`listorder` ASC LIMIT 8 [ RunTime:0.000335s ]
[2024-07-22T14:47:48+08:00][sql] SELECT `id`,`cate_name` FROM `qing_category` WHERE  `parent_id` = 18 [ RunTime:0.000257s ]
[2024-07-22T14:47:48+08:00][sql] SELECT `id`,`cate_name` FROM `qing_category` WHERE  `parent_id` = 4 [ RunTime:0.000211s ]
[2024-07-22T14:47:55+08:00][sql] CONNECT:[ UseTime:0.000928s ] mysql:host=127.0.0.1;port=3306;dbname=code0921;charset=utf8
[2024-07-22T14:47:55+08:00][sql] SHOW FULL COLUMNS FROM `qing_config` [ RunTime:0.000832s ]
[2024-07-22T14:47:55+08:00][sql] SELECT `value` FROM `qing_config` [ RunTime:0.000234s ]
[2024-07-22T14:47:55+08:00][sql] SHOW FULL COLUMNS FROM `qing_search` [ RunTime:0.000690s ]
[2024-07-22T14:47:55+08:00][sql] SELECT * FROM `qing_search` ORDER BY `id` DESC LIMIT 10 [ RunTime:0.000238s ]
[2024-07-22T14:47:55+08:00][sql] SHOW FULL COLUMNS FROM `qing_cart` [ RunTime:0.000535s ]
[2024-07-22T14:47:55+08:00][sql] SELECT COUNT(*) AS think_count FROM `qing_cart` WHERE  `user_id` IS NULL [ RunTime:0.000180s ]
[2024-07-22T16:57:41+08:00][sql] CONNECT:[ UseTime:0.008980s ] mysql:host=127.0.0.1;port=3306;dbname=code0921;charset=utf8
[2024-07-22T16:57:41+08:00][sql] SHOW FULL COLUMNS FROM `qing_config` [ RunTime:0.009869s ]
[2024-07-22T16:57:41+08:00][sql] SELECT `value` FROM `qing_config` [ RunTime:0.001009s ]
[2024-07-22T16:57:41+08:00][sql] SHOW FULL COLUMNS FROM `qing_search` [ RunTime:0.003350s ]
[2024-07-22T16:57:41+08:00][sql] SELECT * FROM `qing_search` ORDER BY `id` DESC LIMIT 10 [ RunTime:0.000558s ]
[2024-07-22T16:57:41+08:00][sql] SHOW FULL COLUMNS FROM `qing_cart` [ RunTime:0.004146s ]
[2024-07-22T16:57:41+08:00][sql] SELECT COUNT(*) AS think_count FROM `qing_cart` WHERE  `user_id` IS NULL [ RunTime:0.000390s ]
[2024-07-22T16:57:41+08:00][sql] SHOW FULL COLUMNS FROM `qing_ad` [ RunTime:0.007647s ]
[2024-07-22T16:57:41+08:00][sql] SELECT * FROM `qing_ad` WHERE  `type_id` = 1 [ RunTime:0.000464s ]
[2024-07-22T16:57:41+08:00][sql] SHOW FULL COLUMNS FROM `qing_goods` [ RunTime:0.006271s ]
[2024-07-22T16:57:41+08:00][sql] SELECT * FROM `qing_goods` WHERE  `ishot` = 1  AND `goods_status` = 1 ORDER BY `goods_id` DESC,`listorder` ASC LIMIT 8 [ RunTime:0.000490s ]
[2024-07-22T16:57:41+08:00][sql] SHOW FULL COLUMNS FROM `qing_category` [ RunTime:0.004157s ]
[2024-07-22T16:57:41+08:00][sql] SELECT `id`,`parent_id`,`cate_name` FROM `qing_category` ORDER BY `listorder` ASC [ RunTime:0.002155s ]
[2024-07-22T16:57:41+08:00][sql] SELECT * FROM `qing_goods` WHERE  `goods_cate_id` IN (16,17,18,26,27,28,29)  AND `goods_status` = 1 ORDER BY `goods_id` DESC,`listorder` ASC LIMIT 8 [ RunTime:0.000598s ]
[2024-07-22T16:57:41+08:00][sql] SELECT * FROM `qing_goods` WHERE  `goods_cate_id` IN (8,9,155,156,157,158)  AND `goods_status` = 1 ORDER BY `goods_id` DESC,`listorder` ASC LIMIT 8 [ RunTime:0.000395s ]
[2024-07-22T16:57:41+08:00][sql] SELECT `id`,`cate_name` FROM `qing_category` WHERE  `parent_id` = 18 [ RunTime:0.000267s ]
[2024-07-22T16:57:41+08:00][sql] SELECT `id`,`cate_name` FROM `qing_category` WHERE  `parent_id` = 4 [ RunTime:0.000224s ]
[2024-07-22T16:57:46+08:00][sql] CONNECT:[ UseTime:0.001457s ] mysql:host=127.0.0.1;port=3306;dbname=code0921;charset=utf8
[2024-07-22T16:57:46+08:00][sql] SHOW FULL COLUMNS FROM `qing_config` [ RunTime:0.001032s ]
[2024-07-22T16:57:46+08:00][sql] SELECT `value` FROM `qing_config` [ RunTime:0.000290s ]
[2024-07-22T16:57:46+08:00][sql] SHOW FULL COLUMNS FROM `qing_search` [ RunTime:0.000901s ]
[2024-07-22T16:57:46+08:00][sql] SELECT * FROM `qing_search` ORDER BY `id` DESC LIMIT 10 [ RunTime:0.000255s ]
[2024-07-22T16:57:46+08:00][sql] SHOW FULL COLUMNS FROM `qing_cart` [ RunTime:0.000782s ]
[2024-07-22T16:57:46+08:00][sql] SELECT COUNT(*) AS think_count FROM `qing_cart` WHERE  `user_id` IS NULL [ RunTime:0.000182s ]
