[2024-08-06T15:53:07+08:00][sql] CONNECT:[ UseTime:0.000869s ] mysql:host=127.0.0.1;port=3306;dbname=code0921;charset=utf8
[2024-08-06T15:53:07+08:00][sql] SHOW FULL COLUMNS FROM `qing_config` [ RunTime:0.000982s ]
[2024-08-06T15:53:07+08:00][sql] SELECT `value` FROM `qing_config` [ RunTime:0.000216s ]
[2024-08-06T15:53:07+08:00][sql] SHOW FULL COLUMNS FROM `qing_search` [ RunTime:0.000762s ]
[2024-08-06T15:53:07+08:00][sql] SELECT * FROM `qing_search` ORDER BY `id` DESC LIMIT 10 [ RunTime:0.000788s ]
[2024-08-06T15:53:07+08:00][sql] SHOW FULL COLUMNS FROM `qing_cart` [ RunTime:0.001296s ]
[2024-08-06T15:53:07+08:00][sql] SELECT COUNT(*) AS think_count FROM `qing_cart` WHERE  `user_id` = 39 [ RunTime:0.000353s ]
[2024-08-06T15:53:07+08:00][sql] SHOW FULL COLUMNS FROM `qing_ad` [ RunTime:0.001251s ]
[2024-08-06T15:53:07+08:00][sql] SELECT * FROM `qing_ad` WHERE  `type_id` = 1 [ RunTime:0.000434s ]
[2024-08-06T15:53:07+08:00][sql] SHOW FULL COLUMNS FROM `qing_goods` [ RunTime:0.000986s ]
[2024-08-06T15:53:07+08:00][sql] SELECT * FROM `qing_goods` WHERE  `ishot` = 1  AND `goods_status` = 1 ORDER BY `goods_id` DESC,`listorder` ASC LIMIT 8 [ RunTime:0.000528s ]
[2024-08-06T15:53:07+08:00][sql] SHOW FULL COLUMNS FROM `qing_category` [ RunTime:0.000926s ]
[2024-08-06T15:53:07+08:00][sql] SELECT `id`,`parent_id`,`cate_name` FROM `qing_category` ORDER BY `listorder` ASC [ RunTime:0.000377s ]
[2024-08-06T15:53:07+08:00][sql] SELECT * FROM `qing_goods` WHERE  `goods_cate_id` IN (16,17,18,26,27,28,29)  AND `goods_status` = 1 ORDER BY `goods_id` DESC,`listorder` ASC LIMIT 8 [ RunTime:0.000537s ]
[2024-08-06T15:53:07+08:00][sql] SELECT * FROM `qing_goods` WHERE  `goods_cate_id` IN (8,9,155,156,157,158)  AND `goods_status` = 1 ORDER BY `goods_id` DESC,`listorder` ASC LIMIT 8 [ RunTime:0.000445s ]
[2024-08-06T15:53:07+08:00][sql] SELECT `id`,`cate_name` FROM `qing_category` WHERE  `parent_id` = 18 [ RunTime:0.000271s ]
[2024-08-06T15:53:07+08:00][sql] SELECT `id`,`cate_name` FROM `qing_category` WHERE  `parent_id` = 4 [ RunTime:0.000224s ]
[2024-08-06T15:53:53+08:00][sql] CONNECT:[ UseTime:0.001027s ] mysql:host=127.0.0.1;port=3306;dbname=code0921;charset=utf8
[2024-08-06T15:53:53+08:00][sql] SHOW FULL COLUMNS FROM `qing_config` [ RunTime:0.000871s ]
[2024-08-06T15:53:53+08:00][sql] SELECT `value` FROM `qing_config` [ RunTime:0.000227s ]
[2024-08-06T15:53:53+08:00][sql] SHOW FULL COLUMNS FROM `qing_search` [ RunTime:0.000692s ]
[2024-08-06T15:53:53+08:00][sql] SELECT * FROM `qing_search` ORDER BY `id` DESC LIMIT 10 [ RunTime:0.000225s ]
[2024-08-06T15:53:53+08:00][sql] SHOW FULL COLUMNS FROM `qing_cart` [ RunTime:0.000588s ]
[2024-08-06T15:53:53+08:00][sql] SELECT COUNT(*) AS think_count FROM `qing_cart` WHERE  `user_id` = 39 [ RunTime:0.000240s ]
[2024-08-06T15:53:53+08:00][sql] SHOW FULL COLUMNS FROM `qing_ad` [ RunTime:0.000767s ]
[2024-08-06T15:53:53+08:00][sql] SELECT * FROM `qing_ad` WHERE  `type_id` = 1 [ RunTime:0.000261s ]
[2024-08-06T15:53:53+08:00][sql] SHOW FULL COLUMNS FROM `qing_goods` [ RunTime:0.000735s ]
[2024-08-06T15:53:53+08:00][sql] SELECT * FROM `qing_goods` WHERE  `ishot` = 1  AND `goods_status` = 1 ORDER BY `goods_id` DESC,`listorder` ASC LIMIT 8 [ RunTime:0.000366s ]
[2024-08-06T15:53:53+08:00][sql] SHOW FULL COLUMNS FROM `qing_category` [ RunTime:0.000736s ]
[2024-08-06T15:53:53+08:00][sql] SELECT `id`,`parent_id`,`cate_name` FROM `qing_category` ORDER BY `listorder` ASC [ RunTime:0.000343s ]
[2024-08-06T15:53:53+08:00][sql] SELECT * FROM `qing_goods` WHERE  `goods_cate_id` IN (16,17,18,26,27,28,29)  AND `goods_status` = 1 ORDER BY `goods_id` DESC,`listorder` ASC LIMIT 8 [ RunTime:0.000532s ]
[2024-08-06T15:53:53+08:00][sql] SELECT * FROM `qing_goods` WHERE  `goods_cate_id` IN (8,9,155,156,157,158)  AND `goods_status` = 1 ORDER BY `goods_id` DESC,`listorder` ASC LIMIT 8 [ RunTime:0.000323s ]
[2024-08-06T15:53:53+08:00][sql] SELECT `id`,`cate_name` FROM `qing_category` WHERE  `parent_id` = 18 [ RunTime:0.000274s ]
[2024-08-06T15:53:53+08:00][sql] SELECT `id`,`cate_name` FROM `qing_category` WHERE  `parent_id` = 4 [ RunTime:0.000369s ]
