[2024-05-30T15:11:41+08:00][sql] CONNECT:[ UseTime:0.004322s ] mysql:host=127.0.0.1;port=3306;dbname=code0921;charset=utf8
[2024-05-30T15:11:41+08:00][sql] SHOW FULL COLUMNS FROM `qing_config` [ RunTime:0.002453s ]
[2024-05-30T15:11:41+08:00][sql] SELECT `value` FROM `qing_config` [ RunTime:0.000424s ]
[2024-05-30T15:11:41+08:00][sql] SHOW FULL COLUMNS FROM `qing_search` [ RunTime:0.001209s ]
[2024-05-30T15:11:41+08:00][sql] SELECT * FROM `qing_search` ORDER BY `id` DESC LIMIT 10 [ RunTime:0.000389s ]
[2024-05-30T15:11:41+08:00][sql] SHOW FULL COLUMNS FROM `qing_cart` [ RunTime:0.000762s ]
[2024-05-30T15:11:41+08:00][sql] SELECT COUNT(*) AS think_count FROM `qing_cart` WHERE  `user_id` IS NULL [ RunTime:0.000207s ]
[2024-05-30T15:11:41+08:00][sql] SHOW FULL COLUMNS FROM `qing_ad` [ RunTime:0.004328s ]
[2024-05-30T15:11:41+08:00][sql] SELECT * FROM `qing_ad` WHERE  `type_id` = 1 [ RunTime:0.000720s ]
[2024-05-30T15:11:41+08:00][sql] SHOW FULL COLUMNS FROM `qing_goods` [ RunTime:0.001085s ]
[2024-05-30T15:11:41+08:00][sql] SELECT * FROM `qing_goods` WHERE  `ishot` = 1  AND `goods_status` = 1 ORDER BY `goods_id` DESC,`listorder` ASC LIMIT 8 [ RunTime:0.000721s ]
[2024-05-30T15:11:41+08:00][sql] SHOW FULL COLUMNS FROM `qing_category` [ RunTime:0.001502s ]
[2024-05-30T15:11:41+08:00][sql] SELECT `id`,`parent_id`,`cate_name` FROM `qing_category` ORDER BY `listorder` ASC [ RunTime:0.000427s ]
[2024-05-30T15:11:41+08:00][sql] SELECT * FROM `qing_goods` WHERE  `goods_cate_id` IN (16,17,18,26,27,28,29)  AND `goods_status` = 1 ORDER BY `goods_id` DESC,`listorder` ASC LIMIT 8 [ RunTime:0.000479s ]
[2024-05-30T15:11:41+08:00][sql] SELECT * FROM `qing_goods` WHERE  `goods_cate_id` IN (8,9,155,156,157,158)  AND `goods_status` = 1 ORDER BY `goods_id` DESC,`listorder` ASC LIMIT 8 [ RunTime:0.000364s ]
[2024-05-30T15:11:41+08:00][sql] SELECT `id`,`cate_name` FROM `qing_category` WHERE  `parent_id` = 18 [ RunTime:0.000269s ]
[2024-05-30T15:11:41+08:00][sql] SELECT `id`,`cate_name` FROM `qing_category` WHERE  `parent_id` = 4 [ RunTime:0.000213s ]
[2024-05-30T15:11:46+08:00][sql] CONNECT:[ UseTime:0.001499s ] mysql:host=127.0.0.1;port=3306;dbname=code0921;charset=utf8
[2024-05-30T15:11:46+08:00][sql] SHOW FULL COLUMNS FROM `qing_config` [ RunTime:0.000971s ]
[2024-05-30T15:11:46+08:00][sql] SELECT `value` FROM `qing_config` [ RunTime:0.000244s ]
[2024-05-30T15:11:46+08:00][sql] SHOW FULL COLUMNS FROM `qing_search` [ RunTime:0.000743s ]
[2024-05-30T15:11:46+08:00][sql] SELECT * FROM `qing_search` ORDER BY `id` DESC LIMIT 10 [ RunTime:0.000260s ]
[2024-05-30T15:11:46+08:00][sql] SHOW FULL COLUMNS FROM `qing_cart` [ RunTime:0.000575s ]
[2024-05-30T15:11:46+08:00][sql] SELECT COUNT(*) AS think_count FROM `qing_cart` WHERE  `user_id` IS NULL [ RunTime:0.000180s ]
