[2024-08-14T21:20:25+08:00][sql] CONNECT:[ UseTime:0.012903s ] mysql:host=127.0.0.1;port=3306;dbname=code0921;charset=utf8
[2024-08-14T21:20:25+08:00][sql] SHOW FULL COLUMNS FROM `qing_config` [ RunTime:0.011684s ]
[2024-08-14T21:20:25+08:00][sql] SELECT `value` FROM `qing_config` [ RunTime:0.001221s ]
[2024-08-14T21:20:25+08:00][sql] SHOW FULL COLUMNS FROM `qing_search` [ RunTime:0.004358s ]
[2024-08-14T21:20:25+08:00][sql] SELECT * FROM `qing_search` ORDER BY `id` DESC LIMIT 10 [ RunTime:0.002729s ]
[2024-08-14T21:20:25+08:00][sql] SHOW FULL COLUMNS FROM `qing_cart` [ RunTime:0.002719s ]
[2024-08-14T21:20:25+08:00][sql] SELECT COUNT(*) AS think_count FROM `qing_cart` WHERE  `user_id` IS NULL [ RunTime:0.008583s ]
[2024-08-14T21:20:25+08:00][sql] SHOW FULL COLUMNS FROM `qing_ad` [ RunTime:0.004172s ]
[2024-08-14T21:20:25+08:00][sql] SELECT * FROM `qing_ad` WHERE  `type_id` = 1 [ RunTime:0.000778s ]
[2024-08-14T21:20:25+08:00][sql] SHOW FULL COLUMNS FROM `qing_goods` [ RunTime:0.004601s ]
[2024-08-14T21:20:25+08:00][sql] SELECT * FROM `qing_goods` WHERE  `ishot` = 1  AND `goods_status` = 1 ORDER BY `goods_id` DESC,`listorder` ASC LIMIT 8 [ RunTime:0.001302s ]
[2024-08-14T21:20:25+08:00][sql] SHOW FULL COLUMNS FROM `qing_category` [ RunTime:0.002653s ]
[2024-08-14T21:20:25+08:00][sql] SELECT `id`,`parent_id`,`cate_name` FROM `qing_category` ORDER BY `listorder` ASC [ RunTime:0.000688s ]
[2024-08-14T21:20:25+08:00][sql] SELECT * FROM `qing_goods` WHERE  `goods_cate_id` IN (16,17,18,26,27,28,29)  AND `goods_status` = 1 ORDER BY `goods_id` DESC,`listorder` ASC LIMIT 8 [ RunTime:0.001151s ]
[2024-08-14T21:20:25+08:00][sql] SELECT * FROM `qing_goods` WHERE  `goods_cate_id` IN (8,9,155,156,157,158)  AND `goods_status` = 1 ORDER BY `goods_id` DESC,`listorder` ASC LIMIT 8 [ RunTime:0.000569s ]
[2024-08-14T21:20:25+08:00][sql] SELECT `id`,`cate_name` FROM `qing_category` WHERE  `parent_id` = 18 [ RunTime:0.000488s ]
[2024-08-14T21:20:25+08:00][sql] SELECT `id`,`cate_name` FROM `qing_category` WHERE  `parent_id` = 4 [ RunTime:0.000438s ]
[2024-08-14T21:20:57+08:00][sql] CONNECT:[ UseTime:0.011217s ] mysql:host=127.0.0.1;port=3306;dbname=code0921;charset=utf8
[2024-08-14T21:20:57+08:00][sql] SHOW FULL COLUMNS FROM `qing_config` [ RunTime:0.002296s ]
[2024-08-14T21:20:57+08:00][sql] SELECT `value` FROM `qing_config` [ RunTime:0.000663s ]
[2024-08-14T21:20:57+08:00][sql] SHOW FULL COLUMNS FROM `qing_search` [ RunTime:0.001871s ]
[2024-08-14T21:20:57+08:00][sql] SELECT * FROM `qing_search` ORDER BY `id` DESC LIMIT 10 [ RunTime:0.000705s ]
[2024-08-14T21:20:57+08:00][sql] SHOW FULL COLUMNS FROM `qing_cart` [ RunTime:0.002151s ]
[2024-08-14T21:20:57+08:00][sql] SELECT COUNT(*) AS think_count FROM `qing_cart` WHERE  `user_id` IS NULL [ RunTime:0.001081s ]
