[2024-07-12T15:41:25+08:00][sql] CONNECT:[ UseTime:0.016117s ] mysql:host=127.0.0.1;port=3306;dbname=code0921;charset=utf8
[2024-07-12T15:41:25+08:00][sql] SHOW FULL COLUMNS FROM `qing_config` [ RunTime:0.009055s ]
[2024-07-12T15:41:25+08:00][sql] SELECT `value` FROM `qing_config` [ RunTime:0.000452s ]
[2024-07-12T15:41:25+08:00][sql] SHOW FULL COLUMNS FROM `qing_search` [ RunTime:0.002694s ]
[2024-07-12T15:41:25+08:00][sql] SELECT * FROM `qing_search` ORDER BY `id` DESC LIMIT 10 [ RunTime:0.000299s ]
[2024-07-12T15:41:25+08:00][sql] SHOW FULL COLUMNS FROM `qing_cart` [ RunTime:0.003060s ]
[2024-07-12T15:41:25+08:00][sql] SELECT COUNT(*) AS think_count FROM `qing_cart` WHERE  `user_id` IS NULL [ RunTime:0.000261s ]
[2024-07-12T15:41:25+08:00][sql] SHOW FULL COLUMNS FROM `qing_ad` [ RunTime:0.007647s ]
[2024-07-12T15:41:25+08:00][sql] SELECT * FROM `qing_ad` WHERE  `type_id` = 1 [ RunTime:0.000358s ]
[2024-07-12T15:41:25+08:00][sql] SHOW FULL COLUMNS FROM `qing_goods` [ RunTime:0.006904s ]
[2024-07-12T15:41:25+08:00][sql] SELECT * FROM `qing_goods` WHERE  `ishot` = 1  AND `goods_status` = 1 ORDER BY `goods_id` DESC,`listorder` ASC LIMIT 8 [ RunTime:0.000476s ]
[2024-07-12T15:41:25+08:00][sql] SHOW FULL COLUMNS FROM `qing_category` [ RunTime:0.002235s ]
[2024-07-12T15:41:25+08:00][sql] SELECT `id`,`parent_id`,`cate_name` FROM `qing_category` ORDER BY `listorder` ASC [ RunTime:0.000387s ]
[2024-07-12T15:41:25+08:00][sql] SELECT * FROM `qing_goods` WHERE  `goods_cate_id` IN (16,17,18,26,27,28,29)  AND `goods_status` = 1 ORDER BY `goods_id` DESC,`listorder` ASC LIMIT 8 [ RunTime:0.000542s ]
[2024-07-12T15:41:25+08:00][sql] SELECT * FROM `qing_goods` WHERE  `goods_cate_id` IN (8,9,155,156,157,158)  AND `goods_status` = 1 ORDER BY `goods_id` DESC,`listorder` ASC LIMIT 8 [ RunTime:0.000343s ]
[2024-07-12T15:41:25+08:00][sql] SELECT `id`,`cate_name` FROM `qing_category` WHERE  `parent_id` = 18 [ RunTime:0.000255s ]
[2024-07-12T15:41:25+08:00][sql] SELECT `id`,`cate_name` FROM `qing_category` WHERE  `parent_id` = 4 [ RunTime:0.000243s ]
[2024-07-12T15:41:52+08:00][sql] CONNECT:[ UseTime:0.000933s ] mysql:host=127.0.0.1;port=3306;dbname=code0921;charset=utf8
[2024-07-12T15:41:52+08:00][sql] SHOW FULL COLUMNS FROM `qing_config` [ RunTime:0.001170s ]
[2024-07-12T15:41:52+08:00][sql] SELECT `value` FROM `qing_config` [ RunTime:0.000291s ]
[2024-07-12T15:41:52+08:00][sql] SHOW FULL COLUMNS FROM `qing_search` [ RunTime:0.000993s ]
[2024-07-12T15:41:52+08:00][sql] SELECT * FROM `qing_search` ORDER BY `id` DESC LIMIT 10 [ RunTime:0.000306s ]
[2024-07-12T15:41:52+08:00][sql] SHOW FULL COLUMNS FROM `qing_cart` [ RunTime:0.000915s ]
[2024-07-12T15:41:52+08:00][sql] SELECT COUNT(*) AS think_count FROM `qing_cart` WHERE  `user_id` IS NULL [ RunTime:0.000217s ]
[2024-07-12T15:41:52+08:00][sql] SHOW FULL COLUMNS FROM `qing_ad` [ RunTime:0.003454s ]
[2024-07-12T15:41:52+08:00][sql] SELECT * FROM `qing_ad` WHERE  `type_id` = 1 [ RunTime:0.000327s ]
[2024-07-12T15:41:52+08:00][sql] SHOW FULL COLUMNS FROM `qing_goods` [ RunTime:0.003970s ]
[2024-07-12T15:41:52+08:00][sql] SELECT * FROM `qing_goods` WHERE  `ishot` = 1  AND `goods_status` = 1 ORDER BY `goods_id` DESC,`listorder` ASC LIMIT 8 [ RunTime:0.000530s ]
[2024-07-12T15:41:52+08:00][sql] SHOW FULL COLUMNS FROM `qing_category` [ RunTime:0.001211s ]
[2024-07-12T15:41:52+08:00][sql] SELECT `id`,`parent_id`,`cate_name` FROM `qing_category` ORDER BY `listorder` ASC [ RunTime:0.000521s ]
[2024-07-12T15:41:52+08:00][sql] SELECT * FROM `qing_goods` WHERE  `goods_cate_id` IN (16,17,18,26,27,28,29)  AND `goods_status` = 1 ORDER BY `goods_id` DESC,`listorder` ASC LIMIT 8 [ RunTime:0.000529s ]
[2024-07-12T15:41:52+08:00][sql] SELECT * FROM `qing_goods` WHERE  `goods_cate_id` IN (8,9,155,156,157,158)  AND `goods_status` = 1 ORDER BY `goods_id` DESC,`listorder` ASC LIMIT 8 [ RunTime:0.000343s ]
[2024-07-12T15:41:52+08:00][sql] SELECT `id`,`cate_name` FROM `qing_category` WHERE  `parent_id` = 18 [ RunTime:0.000265s ]
[2024-07-12T15:41:52+08:00][sql] SELECT `id`,`cate_name` FROM `qing_category` WHERE  `parent_id` = 4 [ RunTime:0.000230s ]
[2024-07-12T15:49:02+08:00][sql] CONNECT:[ UseTime:0.001018s ] mysql:host=127.0.0.1;port=3306;dbname=code0921;charset=utf8
[2024-07-12T15:49:02+08:00][sql] SHOW FULL COLUMNS FROM `qing_config` [ RunTime:0.001109s ]
[2024-07-12T15:49:02+08:00][sql] SELECT `value` FROM `qing_config` [ RunTime:0.000245s ]
[2024-07-12T15:49:02+08:00][sql] SHOW FULL COLUMNS FROM `qing_search` [ RunTime:0.000899s ]
[2024-07-12T15:49:02+08:00][sql] SELECT * FROM `qing_search` ORDER BY `id` DESC LIMIT 10 [ RunTime:0.000277s ]
[2024-07-12T15:49:02+08:00][sql] SHOW FULL COLUMNS FROM `qing_cart` [ RunTime:0.000793s ]
[2024-07-12T15:49:02+08:00][sql] SELECT COUNT(*) AS think_count FROM `qing_cart` WHERE  `user_id` IS NULL [ RunTime:0.000190s ]
[2024-07-12T15:49:02+08:00][sql] SHOW FULL COLUMNS FROM `qing_ad` [ RunTime:0.003245s ]
[2024-07-12T15:49:02+08:00][sql] SELECT * FROM `qing_ad` WHERE  `type_id` = 1 [ RunTime:0.000384s ]
[2024-07-12T15:49:02+08:00][sql] SHOW FULL COLUMNS FROM `qing_goods` [ RunTime:0.003813s ]
[2024-07-12T15:49:02+08:00][sql] SELECT * FROM `qing_goods` WHERE  `ishot` = 1  AND `goods_status` = 1 ORDER BY `goods_id` DESC,`listorder` ASC LIMIT 8 [ RunTime:0.000514s ]
[2024-07-12T15:49:02+08:00][sql] SHOW FULL COLUMNS FROM `qing_category` [ RunTime:0.001166s ]
[2024-07-12T15:49:02+08:00][sql] SELECT `id`,`parent_id`,`cate_name` FROM `qing_category` ORDER BY `listorder` ASC [ RunTime:0.000539s ]
[2024-07-12T15:49:02+08:00][sql] SELECT * FROM `qing_goods` WHERE  `goods_cate_id` IN (16,17,18,26,27,28,29)  AND `goods_status` = 1 ORDER BY `goods_id` DESC,`listorder` ASC LIMIT 8 [ RunTime:0.000553s ]
[2024-07-12T15:49:02+08:00][sql] SELECT * FROM `qing_goods` WHERE  `goods_cate_id` IN (8,9,155,156,157,158)  AND `goods_status` = 1 ORDER BY `goods_id` DESC,`listorder` ASC LIMIT 8 [ RunTime:0.000322s ]
[2024-07-12T15:49:02+08:00][sql] SELECT `id`,`cate_name` FROM `qing_category` WHERE  `parent_id` = 18 [ RunTime:0.000244s ]
[2024-07-12T15:49:02+08:00][sql] SELECT `id`,`cate_name` FROM `qing_category` WHERE  `parent_id` = 4 [ RunTime:0.000213s ]
[2024-07-12T15:57:11+08:00][sql] CONNECT:[ UseTime:0.001612s ] mysql:host=127.0.0.1;port=3306;dbname=code0921;charset=utf8
[2024-07-12T15:57:11+08:00][sql] SHOW FULL COLUMNS FROM `qing_config` [ RunTime:0.001484s ]
[2024-07-12T15:57:11+08:00][sql] SELECT `value` FROM `qing_config` [ RunTime:0.000337s ]
[2024-07-12T15:57:11+08:00][sql] SHOW FULL COLUMNS FROM `qing_search` [ RunTime:0.001030s ]
[2024-07-12T15:57:11+08:00][sql] SELECT * FROM `qing_search` ORDER BY `id` DESC LIMIT 10 [ RunTime:0.000263s ]
[2024-07-12T15:57:11+08:00][sql] SHOW FULL COLUMNS FROM `qing_cart` [ RunTime:0.000772s ]
[2024-07-12T15:57:11+08:00][sql] SELECT COUNT(*) AS think_count FROM `qing_cart` WHERE  `user_id` IS NULL [ RunTime:0.000250s ]
