[2024-07-08T16:49:38+08:00][sql] CONNECT:[ UseTime:0.014830s ] mysql:host=127.0.0.1;port=3306;dbname=code0921;charset=utf8
[2024-07-08T16:49:38+08:00][sql] SHOW FULL COLUMNS FROM `qing_config` [ RunTime:0.010522s ]
[2024-07-08T16:49:38+08:00][sql] SELECT `value` FROM `qing_config` [ RunTime:0.001017s ]
[2024-07-08T16:49:38+08:00][sql] SHOW FULL COLUMNS FROM `qing_search` [ RunTime:0.004032s ]
[2024-07-08T16:49:38+08:00][sql] SELECT * FROM `qing_search` ORDER BY `id` DESC LIMIT 10 [ RunTime:0.000625s ]
[2024-07-08T16:49:38+08:00][sql] SHOW FULL COLUMNS FROM `qing_cart` [ RunTime:0.004667s ]
[2024-07-08T16:49:38+08:00][sql] SELECT COUNT(*) AS think_count FROM `qing_cart` WHERE  `user_id` IS NULL [ RunTime:0.000389s ]
[2024-07-08T16:49:38+08:00][sql] SHOW FULL COLUMNS FROM `qing_ad` [ RunTime:0.010458s ]
[2024-07-08T16:49:38+08:00][sql] SELECT * FROM `qing_ad` WHERE  `type_id` = 1 [ RunTime:0.000545s ]
[2024-07-08T16:49:38+08:00][sql] SHOW FULL COLUMNS FROM `qing_goods` [ RunTime:0.008891s ]
[2024-07-08T16:49:38+08:00][sql] SELECT * FROM `qing_goods` WHERE  `ishot` = 1  AND `goods_status` = 1 ORDER BY `goods_id` DESC,`listorder` ASC LIMIT 8 [ RunTime:0.000565s ]
[2024-07-08T16:49:38+08:00][sql] SHOW FULL COLUMNS FROM `qing_category` [ RunTime:0.004726s ]
[2024-07-08T16:49:38+08:00][sql] SELECT `id`,`parent_id`,`cate_name` FROM `qing_category` ORDER BY `listorder` ASC [ RunTime:0.001933s ]
[2024-07-08T16:49:38+08:00][sql] SELECT * FROM `qing_goods` WHERE  `goods_cate_id` IN (16,17,18,26,27,28,29)  AND `goods_status` = 1 ORDER BY `goods_id` DESC,`listorder` ASC LIMIT 8 [ RunTime:0.000546s ]
[2024-07-08T16:49:38+08:00][sql] SELECT * FROM `qing_goods` WHERE  `goods_cate_id` IN (8,9,155,156,157,158)  AND `goods_status` = 1 ORDER BY `goods_id` DESC,`listorder` ASC LIMIT 8 [ RunTime:0.000312s ]
[2024-07-08T16:49:38+08:00][sql] SELECT `id`,`cate_name` FROM `qing_category` WHERE  `parent_id` = 18 [ RunTime:0.000240s ]
[2024-07-08T16:49:38+08:00][sql] SELECT `id`,`cate_name` FROM `qing_category` WHERE  `parent_id` = 4 [ RunTime:0.000212s ]
[2024-07-08T16:49:53+08:00][sql] CONNECT:[ UseTime:0.000867s ] mysql:host=127.0.0.1;port=3306;dbname=code0921;charset=utf8
[2024-07-08T16:49:53+08:00][sql] SHOW FULL COLUMNS FROM `qing_config` [ RunTime:0.001430s ]
[2024-07-08T16:49:53+08:00][sql] SELECT `value` FROM `qing_config` [ RunTime:0.000392s ]
[2024-07-08T16:49:53+08:00][sql] SHOW FULL COLUMNS FROM `qing_search` [ RunTime:0.000915s ]
[2024-07-08T16:49:53+08:00][sql] SELECT * FROM `qing_search` ORDER BY `id` DESC LIMIT 10 [ RunTime:0.000257s ]
[2024-07-08T16:49:53+08:00][sql] SHOW FULL COLUMNS FROM `qing_cart` [ RunTime:0.000784s ]
[2024-07-08T16:49:53+08:00][sql] SELECT COUNT(*) AS think_count FROM `qing_cart` WHERE  `user_id` IS NULL [ RunTime:0.000178s ]
[2024-07-08T16:49:53+08:00][sql] CONNECT:[ UseTime:0.000841s ] mysql:host=127.0.0.1;port=3306;dbname=code0921;charset=utf8
[2024-07-08T16:49:53+08:00][sql] SHOW FULL COLUMNS FROM `qing_config` [ RunTime:0.000949s ]
[2024-07-08T16:49:53+08:00][sql] SELECT `value` FROM `qing_config` [ RunTime:0.000246s ]
[2024-07-08T16:49:53+08:00][sql] SHOW FULL COLUMNS FROM `qing_search` [ RunTime:0.000891s ]
[2024-07-08T16:49:53+08:00][sql] SELECT * FROM `qing_search` ORDER BY `id` DESC LIMIT 10 [ RunTime:0.000228s ]
[2024-07-08T16:49:53+08:00][sql] SHOW FULL COLUMNS FROM `qing_cart` [ RunTime:0.001358s ]
[2024-07-08T16:49:53+08:00][sql] SELECT COUNT(*) AS think_count FROM `qing_cart` WHERE  `user_id` IS NULL [ RunTime:0.000299s ]
[2024-07-08T16:51:40+08:00][sql] CONNECT:[ UseTime:0.000938s ] mysql:host=127.0.0.1;port=3306;dbname=code0921;charset=utf8
[2024-07-08T16:51:40+08:00][sql] SHOW FULL COLUMNS FROM `qing_config` [ RunTime:0.001415s ]
[2024-07-08T16:51:40+08:00][sql] SELECT `value` FROM `qing_config` [ RunTime:0.000261s ]
[2024-07-08T16:51:40+08:00][sql] SHOW FULL COLUMNS FROM `qing_search` [ RunTime:0.000999s ]
[2024-07-08T16:51:40+08:00][sql] SELECT * FROM `qing_search` ORDER BY `id` DESC LIMIT 10 [ RunTime:0.000255s ]
[2024-07-08T16:51:40+08:00][sql] SHOW FULL COLUMNS FROM `qing_cart` [ RunTime:0.000782s ]
[2024-07-08T16:51:40+08:00][sql] SELECT COUNT(*) AS think_count FROM `qing_cart` WHERE  `user_id` IS NULL [ RunTime:0.000180s ]
[2024-07-08T16:52:50+08:00][sql] CONNECT:[ UseTime:0.000882s ] mysql:host=127.0.0.1;port=3306;dbname=code0921;charset=utf8
[2024-07-08T16:52:50+08:00][sql] SHOW FULL COLUMNS FROM `qing_config` [ RunTime:0.000997s ]
[2024-07-08T16:52:50+08:00][sql] SELECT `value` FROM `qing_config` [ RunTime:0.000228s ]
[2024-07-08T16:52:50+08:00][sql] SHOW FULL COLUMNS FROM `qing_search` [ RunTime:0.000915s ]
[2024-07-08T16:52:50+08:00][sql] SELECT * FROM `qing_search` ORDER BY `id` DESC LIMIT 10 [ RunTime:0.000239s ]
[2024-07-08T16:52:50+08:00][sql] SHOW FULL COLUMNS FROM `qing_cart` [ RunTime:0.000904s ]
[2024-07-08T16:52:50+08:00][sql] SELECT COUNT(*) AS think_count FROM `qing_cart` WHERE  `user_id` IS NULL [ RunTime:0.000181s ]
[2024-07-08T16:52:54+08:00][sql] CONNECT:[ UseTime:0.001203s ] mysql:host=127.0.0.1;port=3306;dbname=code0921;charset=utf8
[2024-07-08T16:52:54+08:00][sql] SHOW FULL COLUMNS FROM `qing_config` [ RunTime:0.001012s ]
[2024-07-08T16:52:54+08:00][sql] SELECT `value` FROM `qing_config` [ RunTime:0.000217s ]
[2024-07-08T16:52:54+08:00][sql] SHOW FULL COLUMNS FROM `qing_search` [ RunTime:0.000843s ]
[2024-07-08T16:52:54+08:00][sql] SELECT * FROM `qing_search` ORDER BY `id` DESC LIMIT 10 [ RunTime:0.000229s ]
[2024-07-08T16:52:54+08:00][sql] SHOW FULL COLUMNS FROM `qing_cart` [ RunTime:0.000782s ]
[2024-07-08T16:52:54+08:00][sql] SELECT COUNT(*) AS think_count FROM `qing_cart` WHERE  `user_id` IS NULL [ RunTime:0.000165s ]
[2024-07-08T17:06:55+08:00][sql] CONNECT:[ UseTime:0.000910s ] mysql:host=127.0.0.1;port=3306;dbname=code0921;charset=utf8
[2024-07-08T17:06:55+08:00][sql] SHOW FULL COLUMNS FROM `qing_config` [ RunTime:0.000775s ]
[2024-07-08T17:06:55+08:00][sql] SELECT `value` FROM `qing_config` [ RunTime:0.000220s ]
[2024-07-08T17:06:55+08:00][sql] SHOW FULL COLUMNS FROM `qing_search` [ RunTime:0.000623s ]
[2024-07-08T17:06:55+08:00][sql] SELECT * FROM `qing_search` ORDER BY `id` DESC LIMIT 10 [ RunTime:0.000233s ]
[2024-07-08T17:06:55+08:00][sql] SHOW FULL COLUMNS FROM `qing_cart` [ RunTime:0.000857s ]
[2024-07-08T17:06:55+08:00][sql] SELECT COUNT(*) AS think_count FROM `qing_cart` WHERE  `user_id` IS NULL [ RunTime:0.000418s ]
[2024-07-08T17:13:42+08:00][sql] CONNECT:[ UseTime:0.000838s ] mysql:host=127.0.0.1;port=3306;dbname=code0921;charset=utf8
[2024-07-08T17:13:42+08:00][sql] SHOW FULL COLUMNS FROM `qing_config` [ RunTime:0.000753s ]
[2024-07-08T17:13:42+08:00][sql] SELECT `value` FROM `qing_config` [ RunTime:0.000256s ]
[2024-07-08T17:13:42+08:00][sql] SHOW FULL COLUMNS FROM `qing_search` [ RunTime:0.000620s ]
[2024-07-08T17:13:42+08:00][sql] SELECT * FROM `qing_search` ORDER BY `id` DESC LIMIT 10 [ RunTime:0.000229s ]
[2024-07-08T17:13:42+08:00][sql] SHOW FULL COLUMNS FROM `qing_cart` [ RunTime:0.000531s ]
[2024-07-08T17:13:42+08:00][sql] SELECT COUNT(*) AS think_count FROM `qing_cart` WHERE  `user_id` = 33 [ RunTime:0.000229s ]
[2024-07-08T17:13:42+08:00][sql] SELECT `amount`,`id` FROM `qing_cart` WHERE  `user_id` = 33  AND `goods_id` = 7  AND `sku` = '' LIMIT 1 [ RunTime:0.000250s ]
[2024-07-08T17:13:42+08:00][sql] INSERT INTO `qing_cart` SET `goods_id` = 7 , `user_id` = 33 , `sku` = '' , `amount` = 1 [ RunTime:0.001063s ]
[2024-07-08T17:19:20+08:00][sql] CONNECT:[ UseTime:0.001038s ] mysql:host=127.0.0.1;port=3306;dbname=code0921;charset=utf8
[2024-07-08T17:19:20+08:00][sql] SHOW FULL COLUMNS FROM `qing_config` [ RunTime:0.000948s ]
[2024-07-08T17:19:20+08:00][sql] SELECT `value` FROM `qing_config` [ RunTime:0.000225s ]
[2024-07-08T17:19:20+08:00][sql] SHOW FULL COLUMNS FROM `qing_search` [ RunTime:0.000625s ]
[2024-07-08T17:19:20+08:00][sql] SELECT * FROM `qing_search` ORDER BY `id` DESC LIMIT 10 [ RunTime:0.000222s ]
[2024-07-08T17:19:20+08:00][sql] SHOW FULL COLUMNS FROM `qing_cart` [ RunTime:0.000525s ]
[2024-07-08T17:19:20+08:00][sql] SELECT COUNT(*) AS think_count FROM `qing_cart` WHERE  `user_id` = 33 [ RunTime:0.000251s ]
[2024-07-08T17:19:20+08:00][sql] SHOW FULL COLUMNS FROM `qing_goods` [ RunTime:0.000612s ]
[2024-07-08T17:19:20+08:00][sql] SELECT * FROM `qing_goods` WHERE  `goods_id` = 3 LIMIT 1 [ RunTime:0.000299s ]
[2024-07-08T17:19:20+08:00][sql] UPDATE `qing_goods`  SET `click` = 31  WHERE  `goods_id` = 3 [ RunTime:0.002743s ]
[2024-07-08T17:19:20+08:00][sql] SHOW FULL COLUMNS FROM `qing_goods_img` [ RunTime:0.004054s ]
[2024-07-08T17:19:20+08:00][sql] SELECT * FROM `qing_goods_img` WHERE  `goods_id` = 3 [ RunTime:0.000358s ]
[2024-07-08T17:19:20+08:00][sql] SHOW FULL COLUMNS FROM `qing_goods_content` [ RunTime:0.004127s ]
[2024-07-08T17:19:20+08:00][sql] SELECT * FROM `qing_goods_content` WHERE  `goods_id` = 3 LIMIT 1 [ RunTime:0.000244s ]
[2024-07-08T17:19:20+08:00][sql] SHOW FULL COLUMNS FROM `qing_category` [ RunTime:0.000631s ]
[2024-07-08T17:19:20+08:00][sql] SELECT * FROM `qing_category` WHERE  ( id=28 ) LIMIT 1 [ RunTime:0.000244s ]
[2024-07-08T17:19:20+08:00][sql] SELECT * FROM `qing_category` WHERE  ( id=18 ) LIMIT 1 [ RunTime:0.000205s ]
[2024-07-08T17:19:20+08:00][sql] SELECT * FROM `qing_category` WHERE  ( id=14 ) LIMIT 1 [ RunTime:0.000203s ]
[2024-07-08T17:19:20+08:00][sql] SHOW FULL COLUMNS FROM `qing_goods_standard` [ RunTime:0.000580s ]
[2024-07-08T17:19:20+08:00][sql] SELECT `sku` FROM `qing_goods_standard` WHERE  `goods_id` = 3 [ RunTime:0.000199s ]
[2024-07-08T17:19:20+08:00][sql] SHOW FULL COLUMNS FROM `qing_standard_value` [ RunTime:0.000524s ]
[2024-07-08T17:19:20+08:00][sql] SELECT `a`.`standard_id`,`a`.`standard_value`,`a`.`id`,`b`.`name` FROM `qing_standard_value` `a` INNER JOIN `qing_standard` `b` ON `a`.`standard_id`=`b`.`id` WHERE  `a`.`id` = '2'  AND `a`.`id` = '2' LIMIT 1 [ RunTime:0.003626s ]
[2024-07-08T17:19:20+08:00][sql] SELECT `a`.`standard_id`,`a`.`standard_value`,`a`.`id`,`b`.`name` FROM `qing_standard_value` `a` INNER JOIN `qing_standard` `b` ON `a`.`standard_id`=`b`.`id` WHERE  `a`.`id` = '6'  AND `a`.`id` = '6' LIMIT 1 [ RunTime:0.000227s ]
[2024-07-08T17:19:20+08:00][sql] SELECT `a`.`standard_id`,`a`.`standard_value`,`a`.`id`,`b`.`name` FROM `qing_standard_value` `a` INNER JOIN `qing_standard` `b` ON `a`.`standard_id`=`b`.`id` WHERE  `a`.`id` = '24'  AND `a`.`id` = '24' LIMIT 1 [ RunTime:0.000210s ]
[2024-07-08T17:19:20+08:00][sql] SELECT `a`.`standard_id`,`a`.`standard_value`,`a`.`id`,`b`.`name` FROM `qing_standard_value` `a` INNER JOIN `qing_standard` `b` ON `a`.`standard_id`=`b`.`id` WHERE  `a`.`id` = '10'  AND `a`.`id` = '10' LIMIT 1 [ RunTime:0.000203s ]
[2024-07-08T17:19:20+08:00][sql] SHOW FULL COLUMNS FROM `qing_collect` [ RunTime:0.000825s ]
[2024-07-08T17:19:20+08:00][sql] SELECT * FROM `qing_collect` WHERE  `goods_id` = 3  AND `user_id` = 33 LIMIT 1 [ RunTime:0.000234s ]
[2024-07-08T17:19:20+08:00][sql] SHOW FULL COLUMNS FROM `qing_user_trace` [ RunTime:0.000785s ]
[2024-07-08T17:19:20+08:00][sql] SELECT COUNT(*) AS think_count FROM `qing_user_trace` WHERE  `user_id` = 33 [ RunTime:0.000201s ]
[2024-07-08T17:19:20+08:00][sql] SELECT * FROM `qing_user_trace` WHERE  `user_id` = 33  AND `goods_id` = 3 LIMIT 1 [ RunTime:0.000205s ]
[2024-07-08T17:19:20+08:00][sql] SELECT * FROM `qing_user_trace` WHERE  `user_id` = 33 ORDER BY `time` ASC LIMIT 1 [ RunTime:0.000244s ]
[2024-07-08T17:19:20+08:00][sql] DELETE FROM `qing_user_trace` WHERE  `id` = 42 [ RunTime:0.000284s ]
[2024-07-08T17:19:20+08:00][sql] INSERT INTO `qing_user_trace` SET `user_id` = 33 , `goods_id` = 3 , `time` = 1720430360 [ RunTime:0.000266s ]
[2024-07-08T17:19:21+08:00][sql] CONNECT:[ UseTime:0.000841s ] mysql:host=127.0.0.1;port=3306;dbname=code0921;charset=utf8
[2024-07-08T17:19:21+08:00][sql] SHOW FULL COLUMNS FROM `qing_config` [ RunTime:0.000729s ]
[2024-07-08T17:19:21+08:00][sql] SELECT `value` FROM `qing_config` [ RunTime:0.000205s ]
[2024-07-08T17:19:21+08:00][sql] SHOW FULL COLUMNS FROM `qing_search` [ RunTime:0.000759s ]
[2024-07-08T17:19:21+08:00][sql] SELECT * FROM `qing_search` ORDER BY `id` DESC LIMIT 10 [ RunTime:0.000230s ]
[2024-07-08T17:19:21+08:00][sql] SHOW FULL COLUMNS FROM `qing_cart` [ RunTime:0.000531s ]
[2024-07-08T17:19:21+08:00][sql] SELECT COUNT(*) AS think_count FROM `qing_cart` WHERE  `user_id` = 33 [ RunTime:0.000218s ]
[2024-07-08T17:19:21+08:00][sql] SHOW FULL COLUMNS FROM `qing_goods_standard` [ RunTime:0.000837s ]
[2024-07-08T17:19:21+08:00][sql] SELECT * FROM `qing_goods_standard` WHERE  `goods_id` = 3  AND `sku` = '2,6,24' LIMIT 1 [ RunTime:0.000264s ]
[2024-07-08T17:19:25+08:00][sql] CONNECT:[ UseTime:0.011423s ] mysql:host=127.0.0.1;port=3306;dbname=code0921;charset=utf8
[2024-07-08T17:19:25+08:00][sql] SHOW FULL COLUMNS FROM `qing_config` [ RunTime:0.000831s ]
[2024-07-08T17:19:25+08:00][sql] SELECT `value` FROM `qing_config` [ RunTime:0.000268s ]
[2024-07-08T17:19:25+08:00][sql] SHOW FULL COLUMNS FROM `qing_search` [ RunTime:0.000846s ]
[2024-07-08T17:19:25+08:00][sql] SELECT * FROM `qing_search` ORDER BY `id` DESC LIMIT 10 [ RunTime:0.000258s ]
[2024-07-08T17:19:25+08:00][sql] SHOW FULL COLUMNS FROM `qing_cart` [ RunTime:0.000663s ]
[2024-07-08T17:19:25+08:00][sql] SELECT COUNT(*) AS think_count FROM `qing_cart` WHERE  `user_id` = 33 [ RunTime:0.000265s ]
[2024-07-08T17:19:25+08:00][sql] SHOW FULL COLUMNS FROM `qing_goods` [ RunTime:0.004260s ]
[2024-07-08T17:19:25+08:00][sql] SELECT * FROM `qing_goods` WHERE  `goods_id` = 3 LIMIT 1 [ RunTime:0.000403s ]
[2024-07-08T17:19:25+08:00][sql] UPDATE `qing_goods`  SET `click` = 32  WHERE  `goods_id` = 3 [ RunTime:0.001980s ]
[2024-07-08T17:19:25+08:00][sql] SHOW FULL COLUMNS FROM `qing_goods_img` [ RunTime:0.004423s ]
[2024-07-08T17:19:25+08:00][sql] SELECT * FROM `qing_goods_img` WHERE  `goods_id` = 3 [ RunTime:0.000327s ]
[2024-07-08T17:19:25+08:00][sql] SHOW FULL COLUMNS FROM `qing_goods_content` [ RunTime:0.004185s ]
[2024-07-08T17:19:25+08:00][sql] SELECT * FROM `qing_goods_content` WHERE  `goods_id` = 3 LIMIT 1 [ RunTime:0.000321s ]
[2024-07-08T17:19:25+08:00][sql] SHOW FULL COLUMNS FROM `qing_category` [ RunTime:0.001130s ]
[2024-07-08T17:19:25+08:00][sql] SELECT * FROM `qing_category` WHERE  ( id=28 ) LIMIT 1 [ RunTime:0.000343s ]
[2024-07-08T17:19:25+08:00][sql] SELECT * FROM `qing_category` WHERE  ( id=18 ) LIMIT 1 [ RunTime:0.000287s ]
[2024-07-08T17:19:25+08:00][sql] SELECT * FROM `qing_category` WHERE  ( id=14 ) LIMIT 1 [ RunTime:0.000287s ]
[2024-07-08T17:19:25+08:00][sql] SHOW FULL COLUMNS FROM `qing_goods_standard` [ RunTime:0.001034s ]
[2024-07-08T17:19:25+08:00][sql] SELECT `sku` FROM `qing_goods_standard` WHERE  `goods_id` = 3 [ RunTime:0.000288s ]
[2024-07-08T17:19:25+08:00][sql] SHOW FULL COLUMNS FROM `qing_standard_value` [ RunTime:0.005336s ]
[2024-07-08T17:19:25+08:00][sql] SELECT `a`.`standard_id`,`a`.`standard_value`,`a`.`id`,`b`.`name` FROM `qing_standard_value` `a` INNER JOIN `qing_standard` `b` ON `a`.`standard_id`=`b`.`id` WHERE  `a`.`id` = '2'  AND `a`.`id` = '2' LIMIT 1 [ RunTime:0.003999s ]
[2024-07-08T17:19:25+08:00][sql] SELECT `a`.`standard_id`,`a`.`standard_value`,`a`.`id`,`b`.`name` FROM `qing_standard_value` `a` INNER JOIN `qing_standard` `b` ON `a`.`standard_id`=`b`.`id` WHERE  `a`.`id` = '6'  AND `a`.`id` = '6' LIMIT 1 [ RunTime:0.000338s ]
[2024-07-08T17:19:25+08:00][sql] SELECT `a`.`standard_id`,`a`.`standard_value`,`a`.`id`,`b`.`name` FROM `qing_standard_value` `a` INNER JOIN `qing_standard` `b` ON `a`.`standard_id`=`b`.`id` WHERE  `a`.`id` = '24'  AND `a`.`id` = '24' LIMIT 1 [ RunTime:0.000274s ]
[2024-07-08T17:19:25+08:00][sql] SELECT `a`.`standard_id`,`a`.`standard_value`,`a`.`id`,`b`.`name` FROM `qing_standard_value` `a` INNER JOIN `qing_standard` `b` ON `a`.`standard_id`=`b`.`id` WHERE  `a`.`id` = '10'  AND `a`.`id` = '10' LIMIT 1 [ RunTime:0.000299s ]
[2024-07-08T17:19:25+08:00][sql] SHOW FULL COLUMNS FROM `qing_collect` [ RunTime:0.001065s ]
[2024-07-08T17:19:25+08:00][sql] SELECT * FROM `qing_collect` WHERE  `goods_id` = 3  AND `user_id` = 33 LIMIT 1 [ RunTime:0.000299s ]
[2024-07-08T17:19:25+08:00][sql] SHOW FULL COLUMNS FROM `qing_user_trace` [ RunTime:0.000926s ]
[2024-07-08T17:19:25+08:00][sql] SELECT COUNT(*) AS think_count FROM `qing_user_trace` WHERE  `user_id` = 33 [ RunTime:0.000264s ]
[2024-07-08T17:19:25+08:00][sql] SELECT * FROM `qing_user_trace` WHERE  `user_id` = 33  AND `goods_id` = 3 LIMIT 1 [ RunTime:0.000240s ]
[2024-07-08T17:19:25+08:00][sql] UPDATE `qing_user_trace`  SET `time` = 1720430365  WHERE  `user_id` = 33  AND `goods_id` = 3 [ RunTime:0.002820s ]
[2024-07-08T17:19:25+08:00][sql] CONNECT:[ UseTime:0.000956s ] mysql:host=127.0.0.1;port=3306;dbname=code0921;charset=utf8
[2024-07-08T17:19:25+08:00][sql] SHOW FULL COLUMNS FROM `qing_config` [ RunTime:0.000797s ]
[2024-07-08T17:19:25+08:00][sql] SELECT `value` FROM `qing_config` [ RunTime:0.000242s ]
[2024-07-08T17:19:25+08:00][sql] SHOW FULL COLUMNS FROM `qing_search` [ RunTime:0.000684s ]
[2024-07-08T17:19:25+08:00][sql] SELECT * FROM `qing_search` ORDER BY `id` DESC LIMIT 10 [ RunTime:0.000250s ]
[2024-07-08T17:19:25+08:00][sql] SHOW FULL COLUMNS FROM `qing_cart` [ RunTime:0.000607s ]
[2024-07-08T17:19:25+08:00][sql] SELECT COUNT(*) AS think_count FROM `qing_cart` WHERE  `user_id` = 33 [ RunTime:0.000245s ]
[2024-07-08T17:19:25+08:00][sql] SHOW FULL COLUMNS FROM `qing_goods_standard` [ RunTime:0.000608s ]
[2024-07-08T17:19:25+08:00][sql] SELECT * FROM `qing_goods_standard` WHERE  `goods_id` = 3  AND `sku` = '2,6,24' LIMIT 1 [ RunTime:0.000285s ]
[2024-07-08T17:19:38+08:00][sql] CONNECT:[ UseTime:0.000961s ] mysql:host=127.0.0.1;port=3306;dbname=code0921;charset=utf8
[2024-07-08T17:19:38+08:00][sql] SHOW FULL COLUMNS FROM `qing_config` [ RunTime:0.000726s ]
[2024-07-08T17:19:38+08:00][sql] SELECT `value` FROM `qing_config` [ RunTime:0.000207s ]
[2024-07-08T17:19:38+08:00][sql] SHOW FULL COLUMNS FROM `qing_search` [ RunTime:0.000593s ]
[2024-07-08T17:19:38+08:00][sql] SELECT * FROM `qing_search` ORDER BY `id` DESC LIMIT 10 [ RunTime:0.000240s ]
[2024-07-08T17:19:38+08:00][sql] SHOW FULL COLUMNS FROM `qing_cart` [ RunTime:0.000548s ]
[2024-07-08T17:19:38+08:00][sql] SELECT COUNT(*) AS think_count FROM `qing_cart` WHERE  `user_id` = 33 [ RunTime:0.000219s ]
[2024-07-08T17:19:38+08:00][sql] SHOW FULL COLUMNS FROM `qing_goods` [ RunTime:0.000627s ]
[2024-07-08T17:19:38+08:00][sql] SELECT * FROM `qing_goods` WHERE  `goods_id` = 2 LIMIT 1 [ RunTime:0.000309s ]
[2024-07-08T17:19:38+08:00][sql] UPDATE `qing_goods`  SET `click` = 17  WHERE  `goods_id` = 2 [ RunTime:0.002008s ]
[2024-07-08T17:19:38+08:00][sql] SHOW FULL COLUMNS FROM `qing_goods_img` [ RunTime:0.000645s ]
[2024-07-08T17:19:38+08:00][sql] SELECT * FROM `qing_goods_img` WHERE  `goods_id` = 2 [ RunTime:0.000239s ]
[2024-07-08T17:19:38+08:00][sql] SHOW FULL COLUMNS FROM `qing_goods_content` [ RunTime:0.000535s ]
[2024-07-08T17:19:38+08:00][sql] SELECT * FROM `qing_goods_content` WHERE  `goods_id` = 2 LIMIT 1 [ RunTime:0.000190s ]
[2024-07-08T17:19:38+08:00][sql] SHOW FULL COLUMNS FROM `qing_category` [ RunTime:0.000575s ]
[2024-07-08T17:19:38+08:00][sql] SELECT * FROM `qing_category` WHERE  ( id=16 ) LIMIT 1 [ RunTime:0.000237s ]
[2024-07-08T17:19:38+08:00][sql] SELECT * FROM `qing_category` WHERE  ( id=18 ) LIMIT 1 [ RunTime:0.000204s ]
[2024-07-08T17:19:38+08:00][sql] SELECT * FROM `qing_category` WHERE  ( id=14 ) LIMIT 1 [ RunTime:0.000200s ]
[2024-07-08T17:19:38+08:00][sql] SHOW FULL COLUMNS FROM `qing_goods_standard` [ RunTime:0.000544s ]
[2024-07-08T17:19:38+08:00][sql] SELECT `sku` FROM `qing_goods_standard` WHERE  `goods_id` = 2 [ RunTime:0.000200s ]
[2024-07-08T17:19:38+08:00][sql] SHOW FULL COLUMNS FROM `qing_standard_value` [ RunTime:0.004699s ]
[2024-07-08T17:19:38+08:00][sql] SELECT `a`.`standard_id`,`a`.`standard_value`,`a`.`id`,`b`.`name` FROM `qing_standard_value` `a` INNER JOIN `qing_standard` `b` ON `a`.`standard_id`=`b`.`id` WHERE  `a`.`id` = '3'  AND `a`.`id` = '3' LIMIT 1 [ RunTime:0.003549s ]
[2024-07-08T17:19:38+08:00][sql] SELECT `a`.`standard_id`,`a`.`standard_value`,`a`.`id`,`b`.`name` FROM `qing_standard_value` `a` INNER JOIN `qing_standard` `b` ON `a`.`standard_id`=`b`.`id` WHERE  `a`.`id` = '6'  AND `a`.`id` = '6' LIMIT 1 [ RunTime:0.000239s ]
[2024-07-08T17:19:38+08:00][sql] SELECT `a`.`standard_id`,`a`.`standard_value`,`a`.`id`,`b`.`name` FROM `qing_standard_value` `a` INNER JOIN `qing_standard` `b` ON `a`.`standard_id`=`b`.`id` WHERE  `a`.`id` = '23'  AND `a`.`id` = '23' LIMIT 1 [ RunTime:0.000212s ]
[2024-07-08T17:19:38+08:00][sql] SELECT `a`.`standard_id`,`a`.`standard_value`,`a`.`id`,`b`.`name` FROM `qing_standard_value` `a` INNER JOIN `qing_standard` `b` ON `a`.`standard_id`=`b`.`id` WHERE  `a`.`id` = '5'  AND `a`.`id` = '5' LIMIT 1 [ RunTime:0.000205s ]
[2024-07-08T17:19:38+08:00][sql] SELECT `a`.`standard_id`,`a`.`standard_value`,`a`.`id`,`b`.`name` FROM `qing_standard_value` `a` INNER JOIN `qing_standard` `b` ON `a`.`standard_id`=`b`.`id` WHERE  `a`.`id` = '2'  AND `a`.`id` = '2' LIMIT 1 [ RunTime:0.000202s ]
[2024-07-08T17:19:38+08:00][sql] SHOW FULL COLUMNS FROM `qing_collect` [ RunTime:0.000582s ]
[2024-07-08T17:19:38+08:00][sql] SELECT * FROM `qing_collect` WHERE  `goods_id` = 2  AND `user_id` = 33 LIMIT 1 [ RunTime:0.000219s ]
[2024-07-08T17:19:38+08:00][sql] SHOW FULL COLUMNS FROM `qing_user_trace` [ RunTime:0.000515s ]
[2024-07-08T17:19:38+08:00][sql] SELECT COUNT(*) AS think_count FROM `qing_user_trace` WHERE  `user_id` = 33 [ RunTime:0.000191s ]
[2024-07-08T17:19:38+08:00][sql] SELECT * FROM `qing_user_trace` WHERE  `user_id` = 33  AND `goods_id` = 2 LIMIT 1 [ RunTime:0.000255s ]
[2024-07-08T17:19:38+08:00][sql] SELECT * FROM `qing_user_trace` WHERE  `user_id` = 33 ORDER BY `time` ASC LIMIT 1 [ RunTime:0.000222s ]
[2024-07-08T17:19:38+08:00][sql] DELETE FROM `qing_user_trace` WHERE  `id` = 43 [ RunTime:0.000203s ]
[2024-07-08T17:19:38+08:00][sql] INSERT INTO `qing_user_trace` SET `user_id` = 33 , `goods_id` = 2 , `time` = 1720430378 [ RunTime:0.000166s ]
[2024-07-08T17:19:38+08:00][sql] CONNECT:[ UseTime:0.000837s ] mysql:host=127.0.0.1;port=3306;dbname=code0921;charset=utf8
[2024-07-08T17:19:38+08:00][sql] SHOW FULL COLUMNS FROM `qing_config` [ RunTime:0.000713s ]
[2024-07-08T17:19:38+08:00][sql] SELECT `value` FROM `qing_config` [ RunTime:0.000204s ]
[2024-07-08T17:19:38+08:00][sql] SHOW FULL COLUMNS FROM `qing_search` [ RunTime:0.000587s ]
[2024-07-08T17:19:38+08:00][sql] SELECT * FROM `qing_search` ORDER BY `id` DESC LIMIT 10 [ RunTime:0.000216s ]
[2024-07-08T17:19:38+08:00][sql] SHOW FULL COLUMNS FROM `qing_cart` [ RunTime:0.000532s ]
[2024-07-08T17:19:38+08:00][sql] SELECT COUNT(*) AS think_count FROM `qing_cart` WHERE  `user_id` = 33 [ RunTime:0.000228s ]
[2024-07-08T17:19:38+08:00][sql] SHOW FULL COLUMNS FROM `qing_goods_standard` [ RunTime:0.000837s ]
[2024-07-08T17:19:38+08:00][sql] SELECT * FROM `qing_goods_standard` WHERE  `goods_id` = 2  AND `sku` = '3,6,23' LIMIT 1 [ RunTime:0.000301s ]
[2024-07-08T17:19:41+08:00][sql] CONNECT:[ UseTime:0.000849s ] mysql:host=127.0.0.1;port=3306;dbname=code0921;charset=utf8
[2024-07-08T17:19:41+08:00][sql] SHOW FULL COLUMNS FROM `qing_config` [ RunTime:0.000713s ]
[2024-07-08T17:19:41+08:00][sql] SELECT `value` FROM `qing_config` [ RunTime:0.000205s ]
[2024-07-08T17:19:41+08:00][sql] SHOW FULL COLUMNS FROM `qing_search` [ RunTime:0.000602s ]
[2024-07-08T17:19:41+08:00][sql] SELECT * FROM `qing_search` ORDER BY `id` DESC LIMIT 10 [ RunTime:0.000215s ]
[2024-07-08T17:19:41+08:00][sql] SHOW FULL COLUMNS FROM `qing_cart` [ RunTime:0.000525s ]
[2024-07-08T17:19:41+08:00][sql] SELECT COUNT(*) AS think_count FROM `qing_cart` WHERE  `user_id` = 33 [ RunTime:0.000220s ]
[2024-07-08T17:19:41+08:00][sql] SHOW FULL COLUMNS FROM `qing_goods` [ RunTime:0.000669s ]
[2024-07-08T17:19:41+08:00][sql] SELECT * FROM `qing_goods` WHERE  `goods_id` = 3 LIMIT 1 [ RunTime:0.000465s ]
[2024-07-08T17:19:41+08:00][sql] UPDATE `qing_goods`  SET `click` = 33  WHERE  `goods_id` = 3 [ RunTime:0.002916s ]
[2024-07-08T17:19:41+08:00][sql] SHOW FULL COLUMNS FROM `qing_goods_img` [ RunTime:0.003990s ]
[2024-07-08T17:19:41+08:00][sql] SELECT * FROM `qing_goods_img` WHERE  `goods_id` = 3 [ RunTime:0.000289s ]
[2024-07-08T17:19:41+08:00][sql] SHOW FULL COLUMNS FROM `qing_goods_content` [ RunTime:0.003732s ]
[2024-07-08T17:19:41+08:00][sql] SELECT * FROM `qing_goods_content` WHERE  `goods_id` = 3 LIMIT 1 [ RunTime:0.000224s ]
[2024-07-08T17:19:41+08:00][sql] SHOW FULL COLUMNS FROM `qing_category` [ RunTime:0.000853s ]
[2024-07-08T17:19:41+08:00][sql] SELECT * FROM `qing_category` WHERE  ( id=28 ) LIMIT 1 [ RunTime:0.000255s ]
[2024-07-08T17:19:41+08:00][sql] SELECT * FROM `qing_category` WHERE  ( id=18 ) LIMIT 1 [ RunTime:0.000209s ]
[2024-07-08T17:19:41+08:00][sql] SELECT * FROM `qing_category` WHERE  ( id=14 ) LIMIT 1 [ RunTime:0.000204s ]
[2024-07-08T17:19:41+08:00][sql] SHOW FULL COLUMNS FROM `qing_goods_standard` [ RunTime:0.000542s ]
[2024-07-08T17:19:41+08:00][sql] SELECT `sku` FROM `qing_goods_standard` WHERE  `goods_id` = 3 [ RunTime:0.000200s ]
[2024-07-08T17:19:41+08:00][sql] SHOW FULL COLUMNS FROM `qing_standard_value` [ RunTime:0.000552s ]
[2024-07-08T17:19:41+08:00][sql] SELECT `a`.`standard_id`,`a`.`standard_value`,`a`.`id`,`b`.`name` FROM `qing_standard_value` `a` INNER JOIN `qing_standard` `b` ON `a`.`standard_id`=`b`.`id` WHERE  `a`.`id` = '2'  AND `a`.`id` = '2' LIMIT 1 [ RunTime:0.004166s ]
[2024-07-08T17:19:41+08:00][sql] SELECT `a`.`standard_id`,`a`.`standard_value`,`a`.`id`,`b`.`name` FROM `qing_standard_value` `a` INNER JOIN `qing_standard` `b` ON `a`.`standard_id`=`b`.`id` WHERE  `a`.`id` = '6'  AND `a`.`id` = '6' LIMIT 1 [ RunTime:0.000251s ]
[2024-07-08T17:19:41+08:00][sql] SELECT `a`.`standard_id`,`a`.`standard_value`,`a`.`id`,`b`.`name` FROM `qing_standard_value` `a` INNER JOIN `qing_standard` `b` ON `a`.`standard_id`=`b`.`id` WHERE  `a`.`id` = '24'  AND `a`.`id` = '24' LIMIT 1 [ RunTime:0.000215s ]
[2024-07-08T17:19:41+08:00][sql] SELECT `a`.`standard_id`,`a`.`standard_value`,`a`.`id`,`b`.`name` FROM `qing_standard_value` `a` INNER JOIN `qing_standard` `b` ON `a`.`standard_id`=`b`.`id` WHERE  `a`.`id` = '10'  AND `a`.`id` = '10' LIMIT 1 [ RunTime:0.000234s ]
[2024-07-08T17:19:41+08:00][sql] SHOW FULL COLUMNS FROM `qing_collect` [ RunTime:0.000808s ]
[2024-07-08T17:19:41+08:00][sql] SELECT * FROM `qing_collect` WHERE  `goods_id` = 3  AND `user_id` = 33 LIMIT 1 [ RunTime:0.000236s ]
[2024-07-08T17:19:41+08:00][sql] SHOW FULL COLUMNS FROM `qing_user_trace` [ RunTime:0.000755s ]
[2024-07-08T17:19:41+08:00][sql] SELECT COUNT(*) AS think_count FROM `qing_user_trace` WHERE  `user_id` = 33 [ RunTime:0.000205s ]
[2024-07-08T17:19:41+08:00][sql] SELECT * FROM `qing_user_trace` WHERE  `user_id` = 33  AND `goods_id` = 3 LIMIT 1 [ RunTime:0.000203s ]
[2024-07-08T17:19:41+08:00][sql] UPDATE `qing_user_trace`  SET `time` = 1720430381  WHERE  `user_id` = 33  AND `goods_id` = 3 [ RunTime:0.000238s ]
[2024-07-08T17:19:42+08:00][sql] CONNECT:[ UseTime:0.000836s ] mysql:host=127.0.0.1;port=3306;dbname=code0921;charset=utf8
[2024-07-08T17:19:42+08:00][sql] SHOW FULL COLUMNS FROM `qing_config` [ RunTime:0.000755s ]
[2024-07-08T17:19:42+08:00][sql] SELECT `value` FROM `qing_config` [ RunTime:0.000205s ]
[2024-07-08T17:19:42+08:00][sql] SHOW FULL COLUMNS FROM `qing_search` [ RunTime:0.000776s ]
[2024-07-08T17:19:42+08:00][sql] SELECT * FROM `qing_search` ORDER BY `id` DESC LIMIT 10 [ RunTime:0.000228s ]
[2024-07-08T17:19:42+08:00][sql] SHOW FULL COLUMNS FROM `qing_cart` [ RunTime:0.000532s ]
[2024-07-08T17:19:42+08:00][sql] SELECT COUNT(*) AS think_count FROM `qing_cart` WHERE  `user_id` = 33 [ RunTime:0.000220s ]
[2024-07-08T17:19:42+08:00][sql] SHOW FULL COLUMNS FROM `qing_goods_standard` [ RunTime:0.000842s ]
[2024-07-08T17:19:42+08:00][sql] SELECT * FROM `qing_goods_standard` WHERE  `goods_id` = 3  AND `sku` = '2,6,24' LIMIT 1 [ RunTime:0.000280s ]
[2024-07-08T18:31:17+08:00][sql] CONNECT:[ UseTime:0.000992s ] mysql:host=127.0.0.1;port=3306;dbname=code0921;charset=utf8
[2024-07-08T18:31:17+08:00][sql] SHOW FULL COLUMNS FROM `qing_config` [ RunTime:0.000725s ]
[2024-07-08T18:31:17+08:00][sql] SELECT `value` FROM `qing_config` [ RunTime:0.000259s ]
[2024-07-08T18:31:17+08:00][sql] SHOW FULL COLUMNS FROM `qing_search` [ RunTime:0.000838s ]
[2024-07-08T18:31:17+08:00][sql] SELECT * FROM `qing_search` ORDER BY `id` DESC LIMIT 10 [ RunTime:0.000374s ]
[2024-07-08T18:31:17+08:00][sql] SHOW FULL COLUMNS FROM `qing_cart` [ RunTime:0.000866s ]
[2024-07-08T18:31:17+08:00][sql] SELECT COUNT(*) AS think_count FROM `qing_cart` WHERE  `user_id` IS NULL [ RunTime:0.000358s ]
[2024-07-08T18:31:19+08:00][sql] CONNECT:[ UseTime:0.000878s ] mysql:host=127.0.0.1;port=3306;dbname=code0921;charset=utf8
[2024-07-08T18:31:19+08:00][sql] SHOW FULL COLUMNS FROM `qing_config` [ RunTime:0.000740s ]
[2024-07-08T18:31:19+08:00][sql] SELECT `value` FROM `qing_config` [ RunTime:0.000235s ]
[2024-07-08T18:31:19+08:00][sql] SHOW FULL COLUMNS FROM `qing_search` [ RunTime:0.000609s ]
[2024-07-08T18:31:19+08:00][sql] SELECT * FROM `qing_search` ORDER BY `id` DESC LIMIT 10 [ RunTime:0.000206s ]
[2024-07-08T18:31:19+08:00][sql] SHOW FULL COLUMNS FROM `qing_cart` [ RunTime:0.000551s ]
[2024-07-08T18:31:19+08:00][sql] SELECT COUNT(*) AS think_count FROM `qing_cart` WHERE  `user_id` IS NULL [ RunTime:0.000161s ]
[2024-07-08T18:31:39+08:00][sql] CONNECT:[ UseTime:0.000936s ] mysql:host=127.0.0.1;port=3306;dbname=code0921;charset=utf8
[2024-07-08T18:31:39+08:00][sql] SHOW FULL COLUMNS FROM `qing_config` [ RunTime:0.001124s ]
[2024-07-08T18:31:39+08:00][sql] SELECT `value` FROM `qing_config` [ RunTime:0.000378s ]
[2024-07-08T18:31:39+08:00][sql] SHOW FULL COLUMNS FROM `qing_search` [ RunTime:0.000869s ]
[2024-07-08T18:31:39+08:00][sql] SELECT * FROM `qing_search` ORDER BY `id` DESC LIMIT 10 [ RunTime:0.000293s ]
[2024-07-08T18:31:39+08:00][sql] SHOW FULL COLUMNS FROM `qing_cart` [ RunTime:0.000725s ]
[2024-07-08T18:31:39+08:00][sql] SELECT COUNT(*) AS think_count FROM `qing_cart` WHERE  `user_id` IS NULL [ RunTime:0.000234s ]
