[2024-07-10T14:35:36+08:00][sql] CONNECT:[ UseTime:0.004621s ] mysql:host=127.0.0.1;port=3306;dbname=code0921;charset=utf8
[2024-07-10T14:35:36+08:00][sql] SHOW FULL COLUMNS FROM `qing_config` [ RunTime:0.002942s ]
[2024-07-10T14:35:36+08:00][sql] SELECT `value` FROM `qing_config` [ RunTime:0.000435s ]
[2024-07-10T14:35:36+08:00][sql] SHOW FULL COLUMNS FROM `qing_search` [ RunTime:0.000898s ]
[2024-07-10T14:35:36+08:00][sql] SELECT * FROM `qing_search` ORDER BY `id` DESC LIMIT 10 [ RunTime:0.000358s ]
[2024-07-10T14:35:36+08:00][sql] SHOW FULL COLUMNS FROM `qing_cart` [ RunTime:0.000834s ]
[2024-07-10T14:35:36+08:00][sql] SELECT COUNT(*) AS think_count FROM `qing_cart` WHERE  `user_id` IS NULL [ RunTime:0.000241s ]
[2024-07-10T14:35:42+08:00][sql] CONNECT:[ UseTime:0.001430s ] mysql:host=127.0.0.1;port=3306;dbname=code0921;charset=utf8
[2024-07-10T14:35:42+08:00][sql] SHOW FULL COLUMNS FROM `qing_config` [ RunTime:0.000935s ]
[2024-07-10T14:35:42+08:00][sql] SELECT `value` FROM `qing_config` [ RunTime:0.000230s ]
[2024-07-10T14:35:42+08:00][sql] SHOW FULL COLUMNS FROM `qing_search` [ RunTime:0.000766s ]
[2024-07-10T14:35:42+08:00][sql] SELECT * FROM `qing_search` ORDER BY `id` DESC LIMIT 10 [ RunTime:0.000246s ]
[2024-07-10T14:35:42+08:00][sql] SHOW FULL COLUMNS FROM `qing_cart` [ RunTime:0.000785s ]
[2024-07-10T14:35:42+08:00][sql] SELECT COUNT(*) AS think_count FROM `qing_cart` WHERE  `user_id` IS NULL [ RunTime:0.000195s ]
[2024-07-10T14:35:42+08:00][sql] SHOW FULL COLUMNS FROM `qing_ad` [ RunTime:0.003705s ]
[2024-07-10T14:35:42+08:00][sql] SELECT * FROM `qing_ad` WHERE  `type_id` = 1 [ RunTime:0.000487s ]
[2024-07-10T14:35:42+08:00][sql] SHOW FULL COLUMNS FROM `qing_goods` [ RunTime:0.000965s ]
[2024-07-10T14:35:42+08:00][sql] SELECT * FROM `qing_goods` WHERE  `ishot` = 1  AND `goods_status` = 1 ORDER BY `goods_id` DESC,`listorder` ASC LIMIT 8 [ RunTime:0.000512s ]
[2024-07-10T14:35:42+08:00][sql] SHOW FULL COLUMNS FROM `qing_category` [ RunTime:0.000798s ]
[2024-07-10T14:35:42+08:00][sql] SELECT `id`,`parent_id`,`cate_name` FROM `qing_category` ORDER BY `listorder` ASC [ RunTime:0.000374s ]
[2024-07-10T14:35:42+08:00][sql] SELECT * FROM `qing_goods` WHERE  `goods_cate_id` IN (16,17,18,26,27,28,29)  AND `goods_status` = 1 ORDER BY `goods_id` DESC,`listorder` ASC LIMIT 8 [ RunTime:0.000757s ]
[2024-07-10T14:35:42+08:00][sql] SELECT * FROM `qing_goods` WHERE  `goods_cate_id` IN (8,9,155,156,157,158)  AND `goods_status` = 1 ORDER BY `goods_id` DESC,`listorder` ASC LIMIT 8 [ RunTime:0.000393s ]
[2024-07-10T14:35:42+08:00][sql] SELECT `id`,`cate_name` FROM `qing_category` WHERE  `parent_id` = 18 [ RunTime:0.000286s ]
[2024-07-10T14:35:42+08:00][sql] SELECT `id`,`cate_name` FROM `qing_category` WHERE  `parent_id` = 4 [ RunTime:0.000244s ]
[2024-07-10T14:35:43+08:00][sql] CONNECT:[ UseTime:0.000963s ] mysql:host=127.0.0.1;port=3306;dbname=code0921;charset=utf8
[2024-07-10T14:35:43+08:00][sql] SHOW FULL COLUMNS FROM `qing_config` [ RunTime:0.001017s ]
[2024-07-10T14:35:43+08:00][sql] SELECT `value` FROM `qing_config` [ RunTime:0.000250s ]
[2024-07-10T14:35:43+08:00][sql] SHOW FULL COLUMNS FROM `qing_search` [ RunTime:0.000679s ]
[2024-07-10T14:35:43+08:00][sql] SELECT * FROM `qing_search` ORDER BY `id` DESC LIMIT 10 [ RunTime:0.000249s ]
[2024-07-10T14:35:43+08:00][sql] SHOW FULL COLUMNS FROM `qing_cart` [ RunTime:0.000615s ]
[2024-07-10T14:35:43+08:00][sql] SELECT COUNT(*) AS think_count FROM `qing_cart` WHERE  `user_id` IS NULL [ RunTime:0.000201s ]
[2024-07-10T14:35:43+08:00][sql] SHOW FULL COLUMNS FROM `qing_category` [ RunTime:0.000898s ]
[2024-07-10T14:35:43+08:00][sql] SELECT * FROM `qing_category` WHERE  ( id=18 ) LIMIT 1 [ RunTime:0.000390s ]
[2024-07-10T14:35:43+08:00][sql] SELECT * FROM `qing_category` WHERE  ( id=14 ) LIMIT 1 [ RunTime:0.000226s ]
[2024-07-10T14:35:43+08:00][sql] SELECT `id`,`cate_name` FROM `qing_category` WHERE  `parent_id` = 18 ORDER BY `listorder` ASC [ RunTime:0.000379s ]
[2024-07-10T14:35:43+08:00][sql] SELECT * FROM `qing_category` WHERE  `id` = 18 LIMIT 1 [ RunTime:0.000259s ]
[2024-07-10T14:35:43+08:00][sql] SELECT `id`,`parent_id` FROM `qing_category` [ RunTime:0.000312s ]
[2024-07-10T14:35:43+08:00][sql] SHOW FULL COLUMNS FROM `qing_standard` [ RunTime:0.003665s ]
[2024-07-10T14:35:43+08:00][sql] SELECT `name`,`id` FROM `qing_standard` WHERE  `type_id` = 1 [ RunTime:0.000411s ]
[2024-07-10T14:35:43+08:00][sql] SHOW FULL COLUMNS FROM `qing_standard_value` [ RunTime:0.003531s ]
[2024-07-10T14:35:43+08:00][sql] SELECT `standard_id`,`id`,`standard_value` FROM `qing_standard_value` WHERE  `standard_id` = 1 [ RunTime:0.000394s ]
[2024-07-10T14:35:43+08:00][sql] SELECT `standard_id`,`id`,`standard_value` FROM `qing_standard_value` WHERE  `standard_id` = 2 [ RunTime:0.000268s ]
[2024-07-10T14:35:43+08:00][sql] SELECT `standard_id`,`id`,`standard_value` FROM `qing_standard_value` WHERE  `standard_id` = 9 [ RunTime:0.000320s ]
[2024-07-10T14:35:43+08:00][sql] SHOW FULL COLUMNS FROM `qing_goods_standard` [ RunTime:0.000778s ]
[2024-07-10T14:35:43+08:00][sql] SELECT * FROM `qing_goods_standard` WHERE  FIND_IN_SET(1, `sku`) LIMIT 1 [ RunTime:0.000649s ]
[2024-07-10T14:35:43+08:00][sql] SELECT * FROM `qing_goods_standard` WHERE  FIND_IN_SET(2, `sku`) LIMIT 1 [ RunTime:0.000234s ]
[2024-07-10T14:35:43+08:00][sql] SELECT * FROM `qing_goods_standard` WHERE  FIND_IN_SET(3, `sku`) LIMIT 1 [ RunTime:0.000210s ]
[2024-07-10T14:35:43+08:00][sql] SELECT * FROM `qing_goods_standard` WHERE  FIND_IN_SET(4, `sku`) LIMIT 1 [ RunTime:0.000214s ]
[2024-07-10T14:35:43+08:00][sql] SELECT * FROM `qing_goods_standard` WHERE  FIND_IN_SET(5, `sku`) LIMIT 1 [ RunTime:0.000202s ]
[2024-07-10T14:35:43+08:00][sql] SELECT * FROM `qing_goods_standard` WHERE  FIND_IN_SET(6, `sku`) LIMIT 1 [ RunTime:0.000201s ]
[2024-07-10T14:35:43+08:00][sql] SELECT * FROM `qing_goods_standard` WHERE  FIND_IN_SET(10, `sku`) LIMIT 1 [ RunTime:0.000247s ]
[2024-07-10T14:35:43+08:00][sql] SELECT * FROM `qing_goods_standard` WHERE  FIND_IN_SET(22, `sku`) LIMIT 1 [ RunTime:0.000248s ]
[2024-07-10T14:35:43+08:00][sql] SELECT * FROM `qing_goods_standard` WHERE  FIND_IN_SET(23, `sku`) LIMIT 1 [ RunTime:0.000245s ]
[2024-07-10T14:35:43+08:00][sql] SELECT * FROM `qing_goods_standard` WHERE  FIND_IN_SET(24, `sku`) LIMIT 1 [ RunTime:0.000248s ]
[2024-07-10T14:35:43+08:00][sql] SELECT * FROM `qing_goods_standard` WHERE  FIND_IN_SET(31, `sku`) LIMIT 1 [ RunTime:0.000798s ]
[2024-07-10T14:35:43+08:00][sql] SELECT COUNT(*) AS think_count FROM `qing_standard` WHERE  `type_id` = 1 [ RunTime:0.000289s ]
[2024-07-10T14:35:43+08:00][sql] SELECT COUNT(*) AS think_count FROM ( SELECT DISTINCT  `b`.`goods_id`,`b`.`goods_name`,`b`.`goods_price`,`b`.`goods_thumb`,`b`.`selnumber`,count(*) AS think_count FROM `qing_goods_standard` `a` INNER JOIN `qing_goods` `b` ON `a`.`goods_id`=`b`.`goods_id` WHERE  `goods_cate_id` IN ('16','17','26','27','28','29','18') GROUP BY `b`.`goods_id` ) `_group_count_` [ RunTime:0.004036s ]
[2024-07-10T14:35:43+08:00][sql] SELECT DISTINCT  `b`.`goods_id`,`b`.`goods_name`,`b`.`goods_price`,`b`.`goods_thumb`,`b`.`selnumber` FROM `qing_goods_standard` `a` INNER JOIN `qing_goods` `b` ON `a`.`goods_id`=`b`.`goods_id` WHERE  `goods_cate_id` IN ('16','17','26','27','28','29','18') ORDER BY `goods_id` DESC LIMIT 0,10 [ RunTime:0.000969s ]
[2024-07-10T14:35:45+08:00][sql] CONNECT:[ UseTime:0.000884s ] mysql:host=127.0.0.1;port=3306;dbname=code0921;charset=utf8
[2024-07-10T14:35:45+08:00][sql] SHOW FULL COLUMNS FROM `qing_config` [ RunTime:0.001022s ]
[2024-07-10T14:35:45+08:00][sql] SELECT `value` FROM `qing_config` [ RunTime:0.000276s ]
[2024-07-10T14:35:45+08:00][sql] SHOW FULL COLUMNS FROM `qing_search` [ RunTime:0.000772s ]
[2024-07-10T14:35:45+08:00][sql] SELECT * FROM `qing_search` ORDER BY `id` DESC LIMIT 10 [ RunTime:0.000273s ]
[2024-07-10T14:35:45+08:00][sql] SHOW FULL COLUMNS FROM `qing_cart` [ RunTime:0.000603s ]
[2024-07-10T14:35:45+08:00][sql] SELECT COUNT(*) AS think_count FROM `qing_cart` WHERE  `user_id` IS NULL [ RunTime:0.000197s ]
[2024-07-10T14:35:45+08:00][sql] SHOW FULL COLUMNS FROM `qing_category` [ RunTime:0.000683s ]
[2024-07-10T14:35:45+08:00][sql] SELECT * FROM `qing_category` WHERE  ( id=155 ) LIMIT 1 [ RunTime:0.000300s ]
[2024-07-10T14:35:45+08:00][sql] SELECT * FROM `qing_category` WHERE  ( id=4 ) LIMIT 1 [ RunTime:0.000283s ]
[2024-07-10T14:35:45+08:00][sql] SELECT `id`,`cate_name` FROM `qing_category` WHERE  `parent_id` = 155 ORDER BY `listorder` ASC [ RunTime:0.000315s ]
[2024-07-10T14:35:45+08:00][sql] SELECT * FROM `qing_category` WHERE  `id` = 155 LIMIT 1 [ RunTime:0.000257s ]
[2024-07-10T14:35:45+08:00][sql] SELECT `id`,`parent_id` FROM `qing_category` [ RunTime:0.000363s ]
[2024-07-10T14:35:45+08:00][sql] SHOW FULL COLUMNS FROM `qing_standard` [ RunTime:0.000874s ]
[2024-07-10T14:35:45+08:00][sql] SELECT `name`,`id` FROM `qing_standard` WHERE  `type_id` = 3 [ RunTime:0.000283s ]
[2024-07-10T14:35:45+08:00][sql] SHOW FULL COLUMNS FROM `qing_standard_value` [ RunTime:0.000729s ]
[2024-07-10T14:35:45+08:00][sql] SELECT `standard_id`,`id`,`standard_value` FROM `qing_standard_value` WHERE  `standard_id` = 4 [ RunTime:0.000333s ]
[2024-07-10T14:35:45+08:00][sql] SELECT `standard_id`,`id`,`standard_value` FROM `qing_standard_value` WHERE  `standard_id` = 6 [ RunTime:0.000297s ]
[2024-07-10T14:35:45+08:00][sql] SHOW FULL COLUMNS FROM `qing_goods_standard` [ RunTime:0.000725s ]
[2024-07-10T14:35:45+08:00][sql] SELECT * FROM `qing_goods_standard` WHERE  FIND_IN_SET(11, `sku`) LIMIT 1 [ RunTime:0.000275s ]
[2024-07-10T14:35:45+08:00][sql] SELECT * FROM `qing_goods_standard` WHERE  FIND_IN_SET(12, `sku`) LIMIT 1 [ RunTime:0.000230s ]
[2024-07-10T14:35:45+08:00][sql] SELECT * FROM `qing_goods_standard` WHERE  FIND_IN_SET(13, `sku`) LIMIT 1 [ RunTime:0.000255s ]
[2024-07-10T14:35:45+08:00][sql] SELECT * FROM `qing_goods_standard` WHERE  FIND_IN_SET(27, `sku`) LIMIT 1 [ RunTime:0.000217s ]
[2024-07-10T14:35:45+08:00][sql] SELECT * FROM `qing_goods_standard` WHERE  FIND_IN_SET(16, `sku`) LIMIT 1 [ RunTime:0.000196s ]
[2024-07-10T14:35:45+08:00][sql] SELECT * FROM `qing_goods_standard` WHERE  FIND_IN_SET(28, `sku`) LIMIT 1 [ RunTime:0.000203s ]
[2024-07-10T14:35:45+08:00][sql] SELECT COUNT(*) AS think_count FROM `qing_standard` WHERE  `type_id` = 3 [ RunTime:0.000188s ]
[2024-07-10T14:35:45+08:00][sql] SELECT COUNT(*) AS think_count FROM ( SELECT DISTINCT  `b`.`goods_id`,`b`.`goods_name`,`b`.`goods_price`,`b`.`goods_thumb`,`b`.`selnumber`,count(*) AS think_count FROM `qing_goods_standard` `a` INNER JOIN `qing_goods` `b` ON `a`.`goods_id`=`b`.`goods_id` WHERE  `goods_cate_id` IN ('156','161','155') GROUP BY `b`.`goods_id` ) `_group_count_` [ RunTime:0.000923s ]
[2024-07-10T14:35:45+08:00][sql] SELECT DISTINCT  `b`.`goods_id`,`b`.`goods_name`,`b`.`goods_price`,`b`.`goods_thumb`,`b`.`selnumber` FROM `qing_goods_standard` `a` INNER JOIN `qing_goods` `b` ON `a`.`goods_id`=`b`.`goods_id` WHERE  `goods_cate_id` IN ('156','161','155') ORDER BY `goods_id` DESC LIMIT 0,10 [ RunTime:0.000470s ]
[2024-07-10T14:35:50+08:00][sql] CONNECT:[ UseTime:0.000869s ] mysql:host=127.0.0.1;port=3306;dbname=code0921;charset=utf8
[2024-07-10T14:35:50+08:00][sql] SHOW FULL COLUMNS FROM `qing_config` [ RunTime:0.000847s ]
[2024-07-10T14:35:50+08:00][sql] SELECT `value` FROM `qing_config` [ RunTime:0.000265s ]
[2024-07-10T14:35:50+08:00][sql] SHOW FULL COLUMNS FROM `qing_search` [ RunTime:0.000708s ]
[2024-07-10T14:35:50+08:00][sql] SELECT * FROM `qing_search` ORDER BY `id` DESC LIMIT 10 [ RunTime:0.000260s ]
[2024-07-10T14:35:50+08:00][sql] SHOW FULL COLUMNS FROM `qing_cart` [ RunTime:0.000553s ]
[2024-07-10T14:35:50+08:00][sql] SELECT COUNT(*) AS think_count FROM `qing_cart` WHERE  `user_id` IS NULL [ RunTime:0.000182s ]
[2024-07-10T14:35:51+08:00][sql] CONNECT:[ UseTime:0.000899s ] mysql:host=127.0.0.1;port=3306;dbname=code0921;charset=utf8
[2024-07-10T14:35:51+08:00][sql] SHOW FULL COLUMNS FROM `qing_config` [ RunTime:0.001027s ]
[2024-07-10T14:35:51+08:00][sql] SELECT `value` FROM `qing_config` [ RunTime:0.000269s ]
[2024-07-10T14:35:51+08:00][sql] SHOW FULL COLUMNS FROM `qing_search` [ RunTime:0.000769s ]
[2024-07-10T14:35:51+08:00][sql] SELECT * FROM `qing_search` ORDER BY `id` DESC LIMIT 10 [ RunTime:0.000270s ]
[2024-07-10T14:35:51+08:00][sql] SHOW FULL COLUMNS FROM `qing_cart` [ RunTime:0.000941s ]
[2024-07-10T14:35:51+08:00][sql] SELECT COUNT(*) AS think_count FROM `qing_cart` WHERE  `user_id` IS NULL [ RunTime:0.000250s ]
[2024-07-10T14:35:53+08:00][sql] CONNECT:[ UseTime:0.000913s ] mysql:host=127.0.0.1;port=3306;dbname=code0921;charset=utf8
[2024-07-10T14:35:53+08:00][sql] SHOW FULL COLUMNS FROM `qing_config` [ RunTime:0.001036s ]
[2024-07-10T14:35:53+08:00][sql] SELECT `value` FROM `qing_config` [ RunTime:0.000257s ]
[2024-07-10T14:35:53+08:00][sql] SHOW FULL COLUMNS FROM `qing_search` [ RunTime:0.000966s ]
[2024-07-10T14:35:53+08:00][sql] SELECT * FROM `qing_search` ORDER BY `id` DESC LIMIT 10 [ RunTime:0.000305s ]
[2024-07-10T14:35:53+08:00][sql] SHOW FULL COLUMNS FROM `qing_cart` [ RunTime:0.000602s ]
[2024-07-10T14:35:53+08:00][sql] SELECT COUNT(*) AS think_count FROM `qing_cart` WHERE  `user_id` IS NULL [ RunTime:0.000191s ]
[2024-07-10T14:35:53+08:00][sql] CONNECT:[ UseTime:0.010691s ] mysql:host=127.0.0.1;port=3306;dbname=code0921;charset=utf8
[2024-07-10T14:35:53+08:00][sql] SHOW FULL COLUMNS FROM `qing_config` [ RunTime:0.000842s ]
[2024-07-10T14:35:53+08:00][sql] SELECT `value` FROM `qing_config` [ RunTime:0.000275s ]
[2024-07-10T14:35:53+08:00][sql] SHOW FULL COLUMNS FROM `qing_search` [ RunTime:0.000635s ]
[2024-07-10T14:35:53+08:00][sql] SELECT * FROM `qing_search` ORDER BY `id` DESC LIMIT 10 [ RunTime:0.000233s ]
[2024-07-10T14:35:53+08:00][sql] SHOW FULL COLUMNS FROM `qing_cart` [ RunTime:0.000544s ]
[2024-07-10T14:35:53+08:00][sql] SELECT COUNT(*) AS think_count FROM `qing_cart` WHERE  `user_id` IS NULL [ RunTime:0.000180s ]
[2024-07-10T14:35:53+08:00][sql] CONNECT:[ UseTime:0.000843s ] mysql:host=127.0.0.1;port=3306;dbname=code0921;charset=utf8
[2024-07-10T14:35:53+08:00][sql] SHOW FULL COLUMNS FROM `qing_config` [ RunTime:0.000742s ]
[2024-07-10T14:35:53+08:00][sql] SELECT `value` FROM `qing_config` [ RunTime:0.000230s ]
[2024-07-10T14:35:53+08:00][sql] SHOW FULL COLUMNS FROM `qing_search` [ RunTime:0.000708s ]
[2024-07-10T14:35:53+08:00][sql] SELECT * FROM `qing_search` ORDER BY `id` DESC LIMIT 10 [ RunTime:0.000287s ]
[2024-07-10T14:35:53+08:00][sql] SHOW FULL COLUMNS FROM `qing_cart` [ RunTime:0.000605s ]
[2024-07-10T14:35:53+08:00][sql] SELECT COUNT(*) AS think_count FROM `qing_cart` WHERE  `user_id` IS NULL [ RunTime:0.000185s ]
[2024-07-10T14:35:54+08:00][sql] CONNECT:[ UseTime:0.000884s ] mysql:host=127.0.0.1;port=3306;dbname=code0921;charset=utf8
[2024-07-10T14:35:54+08:00][sql] SHOW FULL COLUMNS FROM `qing_config` [ RunTime:0.000801s ]
[2024-07-10T14:35:54+08:00][sql] SELECT `value` FROM `qing_config` [ RunTime:0.000236s ]
[2024-07-10T14:35:54+08:00][sql] SHOW FULL COLUMNS FROM `qing_search` [ RunTime:0.000624s ]
[2024-07-10T14:35:54+08:00][sql] SELECT * FROM `qing_search` ORDER BY `id` DESC LIMIT 10 [ RunTime:0.000238s ]
[2024-07-10T14:35:54+08:00][sql] SHOW FULL COLUMNS FROM `qing_cart` [ RunTime:0.000603s ]
[2024-07-10T14:35:54+08:00][sql] SELECT COUNT(*) AS think_count FROM `qing_cart` WHERE  `user_id` IS NULL [ RunTime:0.000179s ]
[2024-07-10T14:35:59+08:00][sql] CONNECT:[ UseTime:0.000855s ] mysql:host=127.0.0.1;port=3306;dbname=code0921;charset=utf8
[2024-07-10T14:35:59+08:00][sql] SHOW FULL COLUMNS FROM `qing_config` [ RunTime:0.000810s ]
[2024-07-10T14:35:59+08:00][sql] SELECT `value` FROM `qing_config` [ RunTime:0.000279s ]
[2024-07-10T14:35:59+08:00][sql] SHOW FULL COLUMNS FROM `qing_search` [ RunTime:0.000594s ]
[2024-07-10T14:35:59+08:00][sql] SELECT * FROM `qing_search` ORDER BY `id` DESC LIMIT 10 [ RunTime:0.000251s ]
[2024-07-10T14:35:59+08:00][sql] SHOW FULL COLUMNS FROM `qing_cart` [ RunTime:0.000591s ]
[2024-07-10T14:35:59+08:00][sql] SELECT COUNT(*) AS think_count FROM `qing_cart` WHERE  `user_id` IS NULL [ RunTime:0.000177s ]
[2024-07-10T14:35:59+08:00][sql] SHOW FULL COLUMNS FROM `qing_ad` [ RunTime:0.000665s ]
[2024-07-10T14:35:59+08:00][sql] SELECT * FROM `qing_ad` WHERE  `type_id` = 1 [ RunTime:0.000477s ]
[2024-07-10T14:35:59+08:00][sql] SHOW FULL COLUMNS FROM `qing_goods` [ RunTime:0.001126s ]
[2024-07-10T14:35:59+08:00][sql] SELECT * FROM `qing_goods` WHERE  `ishot` = 1  AND `goods_status` = 1 ORDER BY `goods_id` DESC,`listorder` ASC LIMIT 8 [ RunTime:0.000596s ]
[2024-07-10T14:35:59+08:00][sql] SHOW FULL COLUMNS FROM `qing_category` [ RunTime:0.000737s ]
[2024-07-10T14:35:59+08:00][sql] SELECT `id`,`parent_id`,`cate_name` FROM `qing_category` ORDER BY `listorder` ASC [ RunTime:0.000353s ]
[2024-07-10T14:35:59+08:00][sql] SELECT * FROM `qing_goods` WHERE  `goods_cate_id` IN (16,17,18,26,27,28,29)  AND `goods_status` = 1 ORDER BY `goods_id` DESC,`listorder` ASC LIMIT 8 [ RunTime:0.000482s ]
[2024-07-10T14:35:59+08:00][sql] SELECT * FROM `qing_goods` WHERE  `goods_cate_id` IN (8,9,155,156,157,158)  AND `goods_status` = 1 ORDER BY `goods_id` DESC,`listorder` ASC LIMIT 8 [ RunTime:0.000366s ]
[2024-07-10T14:35:59+08:00][sql] SELECT `id`,`cate_name` FROM `qing_category` WHERE  `parent_id` = 18 [ RunTime:0.000397s ]
[2024-07-10T14:35:59+08:00][sql] SELECT `id`,`cate_name` FROM `qing_category` WHERE  `parent_id` = 4 [ RunTime:0.000240s ]
[2024-07-10T14:36:07+08:00][sql] CONNECT:[ UseTime:0.000881s ] mysql:host=127.0.0.1;port=3306;dbname=code0921;charset=utf8
[2024-07-10T14:36:07+08:00][sql] SHOW FULL COLUMNS FROM `qing_config` [ RunTime:0.000746s ]
[2024-07-10T14:36:07+08:00][sql] SELECT `value` FROM `qing_config` [ RunTime:0.000243s ]
[2024-07-10T14:36:07+08:00][sql] SHOW FULL COLUMNS FROM `qing_search` [ RunTime:0.000687s ]
[2024-07-10T14:36:07+08:00][sql] SELECT * FROM `qing_search` ORDER BY `id` DESC LIMIT 10 [ RunTime:0.000238s ]
[2024-07-10T14:36:07+08:00][sql] SHOW FULL COLUMNS FROM `qing_cart` [ RunTime:0.000532s ]
[2024-07-10T14:36:07+08:00][sql] SELECT COUNT(*) AS think_count FROM `qing_cart` WHERE  `user_id` IS NULL [ RunTime:0.000178s ]
[2024-07-10T14:36:07+08:00][sql] SHOW FULL COLUMNS FROM `qing_goods` [ RunTime:0.000692s ]
[2024-07-10T14:36:07+08:00][sql] SELECT * FROM `qing_goods` WHERE  `goods_id` = 7 LIMIT 1 [ RunTime:0.000429s ]
[2024-07-10T14:36:07+08:00][sql] UPDATE `qing_goods`  SET `click` = 21  WHERE  `goods_id` = 7 [ RunTime:0.003582s ]
[2024-07-10T14:36:07+08:00][sql] SHOW FULL COLUMNS FROM `qing_goods_img` [ RunTime:0.003495s ]
[2024-07-10T14:36:07+08:00][sql] SELECT * FROM `qing_goods_img` WHERE  `goods_id` = 7 [ RunTime:0.000426s ]
[2024-07-10T14:36:07+08:00][sql] SHOW FULL COLUMNS FROM `qing_goods_content` [ RunTime:0.003319s ]
[2024-07-10T14:36:07+08:00][sql] SELECT * FROM `qing_goods_content` WHERE  `goods_id` = 7 LIMIT 1 [ RunTime:0.000325s ]
[2024-07-10T14:36:07+08:00][sql] SHOW FULL COLUMNS FROM `qing_category` [ RunTime:0.000707s ]
[2024-07-10T14:36:07+08:00][sql] SELECT * FROM `qing_category` WHERE  ( id=33 ) LIMIT 1 [ RunTime:0.000251s ]
[2024-07-10T14:36:07+08:00][sql] SELECT * FROM `qing_category` WHERE  ( id=30 ) LIMIT 1 [ RunTime:0.000199s ]
[2024-07-10T14:36:07+08:00][sql] SELECT * FROM `qing_category` WHERE  ( id=14 ) LIMIT 1 [ RunTime:0.000188s ]
[2024-07-10T14:36:07+08:00][sql] SHOW FULL COLUMNS FROM `qing_goods_standard` [ RunTime:0.000535s ]
[2024-07-10T14:36:07+08:00][sql] SELECT `sku` FROM `qing_goods_standard` WHERE  `goods_id` = 7 [ RunTime:0.000236s ]
[2024-07-10T14:36:07+08:00][sql] SHOW FULL COLUMNS FROM `qing_collect` [ RunTime:0.000999s ]
[2024-07-10T14:36:07+08:00][sql] SELECT * FROM `qing_collect` WHERE  `goods_id` = 7  AND `user_id` IS NULL LIMIT 1 [ RunTime:0.000262s ]
[2024-07-10T14:36:10+08:00][sql] CONNECT:[ UseTime:0.000872s ] mysql:host=127.0.0.1;port=3306;dbname=code0921;charset=utf8
[2024-07-10T14:36:10+08:00][sql] SHOW FULL COLUMNS FROM `qing_config` [ RunTime:0.000815s ]
[2024-07-10T14:36:10+08:00][sql] SELECT `value` FROM `qing_config` [ RunTime:0.000247s ]
[2024-07-10T14:36:10+08:00][sql] SHOW FULL COLUMNS FROM `qing_search` [ RunTime:0.000641s ]
[2024-07-10T14:36:10+08:00][sql] SELECT * FROM `qing_search` ORDER BY `id` DESC LIMIT 10 [ RunTime:0.000258s ]
[2024-07-10T14:36:10+08:00][sql] SHOW FULL COLUMNS FROM `qing_cart` [ RunTime:0.000631s ]
[2024-07-10T14:36:10+08:00][sql] SELECT COUNT(*) AS think_count FROM `qing_cart` WHERE  `user_id` IS NULL [ RunTime:0.000206s ]
[2024-07-10T14:36:10+08:00][sql] CONNECT:[ UseTime:0.000933s ] mysql:host=127.0.0.1;port=3306;dbname=code0921;charset=utf8
[2024-07-10T14:36:10+08:00][sql] SHOW FULL COLUMNS FROM `qing_config` [ RunTime:0.000810s ]
[2024-07-10T14:36:10+08:00][sql] SELECT `value` FROM `qing_config` [ RunTime:0.000241s ]
[2024-07-10T14:36:10+08:00][sql] SHOW FULL COLUMNS FROM `qing_search` [ RunTime:0.000635s ]
[2024-07-10T14:36:10+08:00][sql] SELECT * FROM `qing_search` ORDER BY `id` DESC LIMIT 10 [ RunTime:0.000258s ]
[2024-07-10T14:36:10+08:00][sql] SHOW FULL COLUMNS FROM `qing_cart` [ RunTime:0.000542s ]
[2024-07-10T14:36:10+08:00][sql] SELECT COUNT(*) AS think_count FROM `qing_cart` WHERE  `user_id` IS NULL [ RunTime:0.000196s ]
[2024-07-10T14:36:16+08:00][sql] CONNECT:[ UseTime:0.000849s ] mysql:host=127.0.0.1;port=3306;dbname=code0921;charset=utf8
[2024-07-10T14:36:16+08:00][sql] SHOW FULL COLUMNS FROM `qing_config` [ RunTime:0.000909s ]
[2024-07-10T14:36:16+08:00][sql] SELECT `value` FROM `qing_config` [ RunTime:0.000428s ]
[2024-07-10T14:36:16+08:00][sql] SHOW FULL COLUMNS FROM `qing_search` [ RunTime:0.000726s ]
[2024-07-10T14:36:16+08:00][sql] SELECT * FROM `qing_search` ORDER BY `id` DESC LIMIT 10 [ RunTime:0.000241s ]
[2024-07-10T14:36:16+08:00][sql] SHOW FULL COLUMNS FROM `qing_cart` [ RunTime:0.000543s ]
[2024-07-10T14:36:16+08:00][sql] SELECT COUNT(*) AS think_count FROM `qing_cart` WHERE  `user_id` IS NULL [ RunTime:0.000182s ]
[2024-07-10T14:36:16+08:00][sql] SHOW FULL COLUMNS FROM `qing_ad` [ RunTime:0.000642s ]
[2024-07-10T14:36:16+08:00][sql] SELECT * FROM `qing_ad` WHERE  `type_id` = 1 [ RunTime:0.000248s ]
[2024-07-10T14:36:16+08:00][sql] SHOW FULL COLUMNS FROM `qing_goods` [ RunTime:0.000752s ]
[2024-07-10T14:36:16+08:00][sql] SELECT * FROM `qing_goods` WHERE  `ishot` = 1  AND `goods_status` = 1 ORDER BY `goods_id` DESC,`listorder` ASC LIMIT 8 [ RunTime:0.000422s ]
[2024-07-10T14:36:16+08:00][sql] SHOW FULL COLUMNS FROM `qing_category` [ RunTime:0.001114s ]
[2024-07-10T14:36:16+08:00][sql] SELECT `id`,`parent_id`,`cate_name` FROM `qing_category` ORDER BY `listorder` ASC [ RunTime:0.000433s ]
[2024-07-10T14:36:16+08:00][sql] SELECT * FROM `qing_goods` WHERE  `goods_cate_id` IN (16,17,18,26,27,28,29)  AND `goods_status` = 1 ORDER BY `goods_id` DESC,`listorder` ASC LIMIT 8 [ RunTime:0.000485s ]
[2024-07-10T14:36:16+08:00][sql] SELECT * FROM `qing_goods` WHERE  `goods_cate_id` IN (8,9,155,156,157,158)  AND `goods_status` = 1 ORDER BY `goods_id` DESC,`listorder` ASC LIMIT 8 [ RunTime:0.000305s ]
[2024-07-10T14:36:16+08:00][sql] SELECT `id`,`cate_name` FROM `qing_category` WHERE  `parent_id` = 18 [ RunTime:0.000241s ]
[2024-07-10T14:36:16+08:00][sql] SELECT `id`,`cate_name` FROM `qing_category` WHERE  `parent_id` = 4 [ RunTime:0.000212s ]
