[2024-08-03T14:27:02+08:00][sql] CONNECT:[ UseTime:0.244739s ] mysql:host=127.0.0.1;port=3306;dbname=code0921;charset=utf8
[2024-08-03T14:27:02+08:00][sql] SHOW FULL COLUMNS FROM `qing_config` [ RunTime:0.091269s ]
[2024-08-03T14:27:02+08:00][sql] SELECT `value` FROM `qing_config` [ RunTime:0.009711s ]
[2024-08-03T14:27:02+08:00][sql] SHOW FULL COLUMNS FROM `qing_search` [ RunTime:0.006045s ]
[2024-08-03T14:27:02+08:00][sql] SELECT * FROM `qing_search` ORDER BY `id` DESC LIMIT 10 [ RunTime:0.007064s ]
[2024-08-03T14:27:02+08:00][sql] SHOW FULL COLUMNS FROM `qing_cart` [ RunTime:0.002388s ]
[2024-08-03T14:27:02+08:00][sql] SELECT COUNT(*) AS think_count FROM `qing_cart` WHERE  `user_id` IS NULL [ RunTime:0.011128s ]
[2024-08-03T14:27:02+08:00][sql] SHOW FULL COLUMNS FROM `qing_ad` [ RunTime:0.643729s ]
[2024-08-03T14:27:02+08:00][sql] SELECT * FROM `qing_ad` WHERE  `type_id` = 1 [ RunTime:0.004183s ]
[2024-08-03T14:27:02+08:00][sql] SHOW FULL COLUMNS FROM `qing_goods` [ RunTime:0.008943s ]
[2024-08-03T14:27:02+08:00][sql] SELECT * FROM `qing_goods` WHERE  `ishot` = 1  AND `goods_status` = 1 ORDER BY `goods_id` DESC,`listorder` ASC LIMIT 8 [ RunTime:0.005719s ]
[2024-08-03T14:27:02+08:00][sql] SHOW FULL COLUMNS FROM `qing_category` [ RunTime:0.008088s ]
[2024-08-03T14:27:02+08:00][sql] SELECT `id`,`parent_id`,`cate_name` FROM `qing_category` ORDER BY `listorder` ASC [ RunTime:0.002292s ]
[2024-08-03T14:27:02+08:00][sql] SELECT * FROM `qing_goods` WHERE  `goods_cate_id` IN (16,17,18,26,27,28,29)  AND `goods_status` = 1 ORDER BY `goods_id` DESC,`listorder` ASC LIMIT 8 [ RunTime:0.002842s ]
[2024-08-03T14:27:02+08:00][sql] SELECT * FROM `qing_goods` WHERE  `goods_cate_id` IN (8,9,155,156,157,158)  AND `goods_status` = 1 ORDER BY `goods_id` DESC,`listorder` ASC LIMIT 8 [ RunTime:0.002031s ]
[2024-08-03T14:27:02+08:00][sql] SELECT `id`,`cate_name` FROM `qing_category` WHERE  `parent_id` = 18 [ RunTime:0.000306s ]
[2024-08-03T14:27:02+08:00][sql] SELECT `id`,`cate_name` FROM `qing_category` WHERE  `parent_id` = 4 [ RunTime:0.000222s ]
[2024-08-03T14:27:06+08:00][sql] CONNECT:[ UseTime:0.002428s ] mysql:host=127.0.0.1;port=3306;dbname=code0921;charset=utf8
[2024-08-03T14:27:06+08:00][sql] SHOW FULL COLUMNS FROM `qing_config` [ RunTime:0.003780s ]
[2024-08-03T14:27:06+08:00][sql] SELECT `value` FROM `qing_config` [ RunTime:0.000302s ]
[2024-08-03T14:27:06+08:00][sql] SHOW FULL COLUMNS FROM `qing_search` [ RunTime:0.001600s ]
[2024-08-03T14:27:06+08:00][sql] SELECT * FROM `qing_search` ORDER BY `id` DESC LIMIT 10 [ RunTime:0.000248s ]
[2024-08-03T14:27:06+08:00][sql] SHOW FULL COLUMNS FROM `qing_cart` [ RunTime:0.001382s ]
[2024-08-03T14:27:06+08:00][sql] SELECT COUNT(*) AS think_count FROM `qing_cart` WHERE  `user_id` IS NULL [ RunTime:0.000190s ]
