[2024-08-07T11:24:23+08:00][sql] CONNECT:[ UseTime:0.003562s ] mysql:host=127.0.0.1;port=3306;dbname=code0921;charset=utf8
[2024-08-07T11:24:23+08:00][sql] SHOW FULL COLUMNS FROM `qing_config` [ RunTime:0.003437s ]
[2024-08-07T11:24:23+08:00][sql] SELECT `value` FROM `qing_config` [ RunTime:0.000397s ]
[2024-08-07T11:24:23+08:00][sql] SHOW FULL COLUMNS FROM `qing_search` [ RunTime:0.001006s ]
[2024-08-07T11:24:23+08:00][sql] SELECT * FROM `qing_search` ORDER BY `id` DESC LIMIT 10 [ RunTime:0.000644s ]
[2024-08-07T11:24:23+08:00][sql] SHOW FULL COLUMNS FROM `qing_cart` [ RunTime:0.000806s ]
[2024-08-07T11:24:23+08:00][sql] SELECT COUNT(*) AS think_count FROM `qing_cart` WHERE  `user_id` IS NULL [ RunTime:0.000295s ]
[2024-08-07T11:24:23+08:00][sql] SHOW FULL COLUMNS FROM `qing_user` [ RunTime:0.004544s ]
[2024-08-07T11:24:23+08:00][sql] UPDATE `qing_user`  SET `username` = 'admin11@gmail.com' , `submit_ip` = '127.0.0.1' , `update_time` = 1723001063  WHERE  `id` = 39 [ RunTime:0.003409s ]
[2024-08-07T11:25:03+08:00][sql] CONNECT:[ UseTime:0.001426s ] mysql:host=127.0.0.1;port=3306;dbname=code0921;charset=utf8
[2024-08-07T11:25:03+08:00][sql] SHOW FULL COLUMNS FROM `qing_config` [ RunTime:0.001182s ]
[2024-08-07T11:25:03+08:00][sql] SELECT `value` FROM `qing_config` [ RunTime:0.000233s ]
[2024-08-07T11:25:03+08:00][sql] SHOW FULL COLUMNS FROM `qing_search` [ RunTime:0.001402s ]
[2024-08-07T11:25:03+08:00][sql] SELECT * FROM `qing_search` ORDER BY `id` DESC LIMIT 10 [ RunTime:0.000329s ]
[2024-08-07T11:25:03+08:00][sql] SHOW FULL COLUMNS FROM `qing_cart` [ RunTime:0.000795s ]
[2024-08-07T11:25:03+08:00][sql] SELECT COUNT(*) AS think_count FROM `qing_cart` WHERE  `user_id` IS NULL [ RunTime:0.000270s ]
[2024-08-07T11:25:03+08:00][sql] SHOW FULL COLUMNS FROM `qing_user` [ RunTime:0.000998s ]
[2024-08-07T11:25:03+08:00][sql] UPDATE `qing_user`  SET `username` = 'admin@gmail.com' , `submit_ip` = '127.0.0.1' , `update_time` = 1723001103  WHERE  `id` = 39 [ RunTime:0.003576s ]
[2024-08-07T11:25:17+08:00][sql] CONNECT:[ UseTime:0.001033s ] mysql:host=127.0.0.1;port=3306;dbname=code0921;charset=utf8
[2024-08-07T11:25:17+08:00][sql] SHOW FULL COLUMNS FROM `qing_config` [ RunTime:0.001034s ]
[2024-08-07T11:25:17+08:00][sql] SELECT `value` FROM `qing_config` [ RunTime:0.000283s ]
[2024-08-07T11:25:17+08:00][sql] SHOW FULL COLUMNS FROM `qing_search` [ RunTime:0.000707s ]
[2024-08-07T11:25:17+08:00][sql] SELECT * FROM `qing_search` ORDER BY `id` DESC LIMIT 10 [ RunTime:0.000247s ]
[2024-08-07T11:25:17+08:00][sql] SHOW FULL COLUMNS FROM `qing_cart` [ RunTime:0.000575s ]
[2024-08-07T11:25:17+08:00][sql] SELECT COUNT(*) AS think_count FROM `qing_cart` WHERE  `user_id` IS NULL [ RunTime:0.000176s ]
[2024-08-07T11:25:17+08:00][sql] SHOW FULL COLUMNS FROM `qing_user` [ RunTime:0.003501s ]
[2024-08-07T11:25:17+08:00][sql] UPDATE `qing_user`  SET `username` = 'admin11@gmail.com' , `submit_ip` = '127.0.0.1' , `update_time` = 1723001117  WHERE  `id` = 39 [ RunTime:0.002350s ]
[2024-08-07T11:25:27+08:00][sql] CONNECT:[ UseTime:0.001004s ] mysql:host=127.0.0.1;port=3306;dbname=code0921;charset=utf8
[2024-08-07T11:25:27+08:00][sql] SHOW FULL COLUMNS FROM `qing_config` [ RunTime:0.001346s ]
[2024-08-07T11:25:27+08:00][sql] SELECT `value` FROM `qing_config` [ RunTime:0.000376s ]
[2024-08-07T11:25:27+08:00][sql] SHOW FULL COLUMNS FROM `qing_search` [ RunTime:0.000999s ]
[2024-08-07T11:25:27+08:00][sql] SELECT * FROM `qing_search` ORDER BY `id` DESC LIMIT 10 [ RunTime:0.000270s ]
[2024-08-07T11:25:27+08:00][sql] SHOW FULL COLUMNS FROM `qing_cart` [ RunTime:0.000626s ]
[2024-08-07T11:25:27+08:00][sql] SELECT COUNT(*) AS think_count FROM `qing_cart` WHERE  `user_id` IS NULL [ RunTime:0.000196s ]
[2024-08-07T11:25:27+08:00][sql] SHOW FULL COLUMNS FROM `qing_user` [ RunTime:0.003319s ]
[2024-08-07T11:25:27+08:00][sql] UPDATE `qing_user`  SET `username` = 'admin@gmail.com' , `submit_ip` = '127.0.0.1' , `update_time` = 1723001127  WHERE  `id` = 39 [ RunTime:0.002126s ]
[2024-08-07T15:39:59+08:00][sql] CONNECT:[ UseTime:0.001521s ] mysql:host=127.0.0.1;port=3306;dbname=code0921;charset=utf8
[2024-08-07T15:39:59+08:00][sql] SHOW FULL COLUMNS FROM `qing_config` [ RunTime:0.001924s ]
[2024-08-07T15:39:59+08:00][sql] SELECT `value` FROM `qing_config` [ RunTime:0.000424s ]
[2024-08-07T15:39:59+08:00][sql] SHOW FULL COLUMNS FROM `qing_search` [ RunTime:0.000955s ]
[2024-08-07T15:39:59+08:00][sql] SELECT * FROM `qing_search` ORDER BY `id` DESC LIMIT 10 [ RunTime:0.000325s ]
[2024-08-07T15:39:59+08:00][sql] SHOW FULL COLUMNS FROM `qing_cart` [ RunTime:0.000853s ]
[2024-08-07T15:39:59+08:00][sql] SELECT COUNT(*) AS think_count FROM `qing_cart` WHERE  `user_id` IS NULL [ RunTime:0.000362s ]
[2024-08-07T15:49:42+08:00][sql] CONNECT:[ UseTime:0.001668s ] mysql:host=127.0.0.1;port=3306;dbname=code0921;charset=utf8
[2024-08-07T15:49:42+08:00][sql] SHOW FULL COLUMNS FROM `qing_config` [ RunTime:0.001547s ]
[2024-08-07T15:49:42+08:00][sql] SELECT `value` FROM `qing_config` [ RunTime:0.000325s ]
[2024-08-07T15:49:42+08:00][sql] SHOW FULL COLUMNS FROM `qing_search` [ RunTime:0.001071s ]
[2024-08-07T15:49:42+08:00][sql] SELECT * FROM `qing_search` ORDER BY `id` DESC LIMIT 10 [ RunTime:0.000370s ]
[2024-08-07T15:49:42+08:00][sql] SHOW FULL COLUMNS FROM `qing_cart` [ RunTime:0.000769s ]
[2024-08-07T15:49:42+08:00][sql] SELECT COUNT(*) AS think_count FROM `qing_cart` WHERE  `user_id` IS NULL [ RunTime:0.000293s ]
[2024-08-07T15:50:26+08:00][sql] CONNECT:[ UseTime:0.001302s ] mysql:host=127.0.0.1;port=3306;dbname=code0921;charset=utf8
[2024-08-07T15:50:26+08:00][sql] SHOW FULL COLUMNS FROM `qing_config` [ RunTime:0.001236s ]
[2024-08-07T15:50:26+08:00][sql] SELECT `value` FROM `qing_config` [ RunTime:0.000259s ]
[2024-08-07T15:50:26+08:00][sql] SHOW FULL COLUMNS FROM `qing_search` [ RunTime:0.000788s ]
[2024-08-07T15:50:26+08:00][sql] SELECT * FROM `qing_search` ORDER BY `id` DESC LIMIT 10 [ RunTime:0.000248s ]
[2024-08-07T15:50:26+08:00][sql] SHOW FULL COLUMNS FROM `qing_cart` [ RunTime:0.000732s ]
[2024-08-07T15:50:26+08:00][sql] SELECT COUNT(*) AS think_count FROM `qing_cart` WHERE  `user_id` IS NULL [ RunTime:0.000211s ]
[2024-08-07T15:51:16+08:00][sql] CONNECT:[ UseTime:0.001073s ] mysql:host=127.0.0.1;port=3306;dbname=code0921;charset=utf8
[2024-08-07T15:51:16+08:00][sql] SHOW FULL COLUMNS FROM `qing_config` [ RunTime:0.001229s ]
[2024-08-07T15:51:16+08:00][sql] SELECT `value` FROM `qing_config` [ RunTime:0.000420s ]
[2024-08-07T15:51:16+08:00][sql] SHOW FULL COLUMNS FROM `qing_search` [ RunTime:0.000969s ]
[2024-08-07T15:51:16+08:00][sql] SELECT * FROM `qing_search` ORDER BY `id` DESC LIMIT 10 [ RunTime:0.000289s ]
[2024-08-07T15:51:16+08:00][sql] SHOW FULL COLUMNS FROM `qing_cart` [ RunTime:0.000630s ]
[2024-08-07T15:51:16+08:00][sql] SELECT COUNT(*) AS think_count FROM `qing_cart` WHERE  `user_id` IS NULL [ RunTime:0.000200s ]
[2024-08-07T15:51:26+08:00][sql] CONNECT:[ UseTime:0.001207s ] mysql:host=127.0.0.1;port=3306;dbname=code0921;charset=utf8
[2024-08-07T15:51:26+08:00][sql] SHOW FULL COLUMNS FROM `qing_config` [ RunTime:0.001241s ]
[2024-08-07T15:51:26+08:00][sql] SELECT `value` FROM `qing_config` [ RunTime:0.000308s ]
[2024-08-07T15:51:26+08:00][sql] SHOW FULL COLUMNS FROM `qing_search` [ RunTime:0.000935s ]
[2024-08-07T15:51:26+08:00][sql] SELECT * FROM `qing_search` ORDER BY `id` DESC LIMIT 10 [ RunTime:0.000319s ]
[2024-08-07T15:51:26+08:00][sql] SHOW FULL COLUMNS FROM `qing_cart` [ RunTime:0.000752s ]
[2024-08-07T15:51:26+08:00][sql] SELECT COUNT(*) AS think_count FROM `qing_cart` WHERE  `user_id` IS NULL [ RunTime:0.000215s ]
[2024-08-07T15:53:52+08:00][sql] CONNECT:[ UseTime:0.001136s ] mysql:host=127.0.0.1;port=3306;dbname=code0921;charset=utf8
[2024-08-07T15:53:52+08:00][sql] SHOW FULL COLUMNS FROM `qing_config` [ RunTime:0.000951s ]
[2024-08-07T15:53:52+08:00][sql] SELECT `value` FROM `qing_config` [ RunTime:0.000351s ]
[2024-08-07T15:53:52+08:00][sql] SHOW FULL COLUMNS FROM `qing_search` [ RunTime:0.001269s ]
[2024-08-07T15:53:52+08:00][sql] SELECT * FROM `qing_search` ORDER BY `id` DESC LIMIT 10 [ RunTime:0.000423s ]
[2024-08-07T15:53:52+08:00][sql] SHOW FULL COLUMNS FROM `qing_cart` [ RunTime:0.000714s ]
[2024-08-07T15:53:52+08:00][sql] SELECT COUNT(*) AS think_count FROM `qing_cart` WHERE  `user_id` IS NULL [ RunTime:0.000208s ]
[2024-08-07T15:54:00+08:00][sql] CONNECT:[ UseTime:0.001324s ] mysql:host=127.0.0.1;port=3306;dbname=code0921;charset=utf8
[2024-08-07T15:54:00+08:00][sql] SHOW FULL COLUMNS FROM `qing_config` [ RunTime:0.002353s ]
[2024-08-07T15:54:00+08:00][sql] SELECT `value` FROM `qing_config` [ RunTime:0.000325s ]
[2024-08-07T15:54:00+08:00][sql] SHOW FULL COLUMNS FROM `qing_search` [ RunTime:0.000936s ]
[2024-08-07T15:54:00+08:00][sql] SELECT * FROM `qing_search` ORDER BY `id` DESC LIMIT 10 [ RunTime:0.000342s ]
[2024-08-07T15:54:00+08:00][sql] SHOW FULL COLUMNS FROM `qing_cart` [ RunTime:0.001039s ]
[2024-08-07T15:54:00+08:00][sql] SELECT COUNT(*) AS think_count FROM `qing_cart` WHERE  `user_id` IS NULL [ RunTime:0.000256s ]
[2024-08-07T15:54:48+08:00][sql] CONNECT:[ UseTime:0.001143s ] mysql:host=127.0.0.1;port=3306;dbname=code0921;charset=utf8
[2024-08-07T15:54:48+08:00][sql] SHOW FULL COLUMNS FROM `qing_config` [ RunTime:0.001097s ]
[2024-08-07T15:54:48+08:00][sql] SELECT `value` FROM `qing_config` [ RunTime:0.000261s ]
[2024-08-07T15:54:48+08:00][sql] SHOW FULL COLUMNS FROM `qing_search` [ RunTime:0.000761s ]
[2024-08-07T15:54:48+08:00][sql] SELECT * FROM `qing_search` ORDER BY `id` DESC LIMIT 10 [ RunTime:0.000263s ]
[2024-08-07T15:54:48+08:00][sql] SHOW FULL COLUMNS FROM `qing_cart` [ RunTime:0.000732s ]
[2024-08-07T15:54:48+08:00][sql] SELECT COUNT(*) AS think_count FROM `qing_cart` WHERE  `user_id` IS NULL [ RunTime:0.000218s ]
[2024-08-07T15:55:39+08:00][sql] CONNECT:[ UseTime:0.001241s ] mysql:host=127.0.0.1;port=3306;dbname=code0921;charset=utf8
[2024-08-07T15:55:39+08:00][sql] SHOW FULL COLUMNS FROM `qing_config` [ RunTime:0.000967s ]
[2024-08-07T15:55:39+08:00][sql] SELECT `value` FROM `qing_config` [ RunTime:0.000254s ]
[2024-08-07T15:55:39+08:00][sql] SHOW FULL COLUMNS FROM `qing_search` [ RunTime:0.000720s ]
[2024-08-07T15:55:39+08:00][sql] SELECT * FROM `qing_search` ORDER BY `id` DESC LIMIT 10 [ RunTime:0.000314s ]
[2024-08-07T15:55:39+08:00][sql] SHOW FULL COLUMNS FROM `qing_cart` [ RunTime:0.000647s ]
[2024-08-07T15:55:39+08:00][sql] SELECT COUNT(*) AS think_count FROM `qing_cart` WHERE  `user_id` IS NULL [ RunTime:0.000206s ]
[2024-08-07T16:07:58+08:00][sql] CONNECT:[ UseTime:0.001186s ] mysql:host=127.0.0.1;port=3306;dbname=code0921;charset=utf8
[2024-08-07T16:07:58+08:00][sql] SHOW FULL COLUMNS FROM `qing_config` [ RunTime:0.001299s ]
[2024-08-07T16:07:58+08:00][sql] SELECT `value` FROM `qing_config` [ RunTime:0.000358s ]
[2024-08-07T16:07:58+08:00][sql] SHOW FULL COLUMNS FROM `qing_search` [ RunTime:0.001131s ]
[2024-08-07T16:07:58+08:00][sql] SELECT * FROM `qing_search` ORDER BY `id` DESC LIMIT 10 [ RunTime:0.000414s ]
[2024-08-07T16:07:58+08:00][sql] SHOW FULL COLUMNS FROM `qing_cart` [ RunTime:0.000880s ]
[2024-08-07T16:07:58+08:00][sql] SELECT COUNT(*) AS think_count FROM `qing_cart` WHERE  `user_id` IS NULL [ RunTime:0.000310s ]
[2024-08-07T16:08:36+08:00][sql] CONNECT:[ UseTime:0.001018s ] mysql:host=127.0.0.1;port=3306;dbname=code0921;charset=utf8
[2024-08-07T16:08:36+08:00][sql] SHOW FULL COLUMNS FROM `qing_config` [ RunTime:0.001009s ]
[2024-08-07T16:08:36+08:00][sql] SELECT `value` FROM `qing_config` [ RunTime:0.000334s ]
[2024-08-07T16:08:36+08:00][sql] SHOW FULL COLUMNS FROM `qing_search` [ RunTime:0.000856s ]
[2024-08-07T16:08:36+08:00][sql] SELECT * FROM `qing_search` ORDER BY `id` DESC LIMIT 10 [ RunTime:0.000315s ]
[2024-08-07T16:08:36+08:00][sql] SHOW FULL COLUMNS FROM `qing_cart` [ RunTime:0.000653s ]
[2024-08-07T16:08:36+08:00][sql] SELECT COUNT(*) AS think_count FROM `qing_cart` WHERE  `user_id` IS NULL [ RunTime:0.000189s ]
[2024-08-07T16:08:46+08:00][sql] CONNECT:[ UseTime:0.000994s ] mysql:host=127.0.0.1;port=3306;dbname=code0921;charset=utf8
[2024-08-07T16:08:46+08:00][sql] SHOW FULL COLUMNS FROM `qing_config` [ RunTime:0.000916s ]
[2024-08-07T16:08:46+08:00][sql] SELECT `value` FROM `qing_config` [ RunTime:0.000279s ]
[2024-08-07T16:08:46+08:00][sql] SHOW FULL COLUMNS FROM `qing_search` [ RunTime:0.000653s ]
[2024-08-07T16:08:46+08:00][sql] SELECT * FROM `qing_search` ORDER BY `id` DESC LIMIT 10 [ RunTime:0.000258s ]
[2024-08-07T16:08:46+08:00][sql] SHOW FULL COLUMNS FROM `qing_cart` [ RunTime:0.000769s ]
[2024-08-07T16:08:46+08:00][sql] SELECT COUNT(*) AS think_count FROM `qing_cart` WHERE  `user_id` IS NULL [ RunTime:0.000405s ]
[2024-08-07T16:16:58+08:00][sql] CONNECT:[ UseTime:0.001031s ] mysql:host=127.0.0.1;port=3306;dbname=code0921;charset=utf8
[2024-08-07T16:16:58+08:00][sql] SHOW FULL COLUMNS FROM `qing_config` [ RunTime:0.000901s ]
[2024-08-07T16:16:58+08:00][sql] SELECT `value` FROM `qing_config` [ RunTime:0.000239s ]
[2024-08-07T16:16:58+08:00][sql] SHOW FULL COLUMNS FROM `qing_search` [ RunTime:0.000626s ]
[2024-08-07T16:16:58+08:00][sql] SELECT * FROM `qing_search` ORDER BY `id` DESC LIMIT 10 [ RunTime:0.000241s ]
[2024-08-07T16:16:58+08:00][sql] SHOW FULL COLUMNS FROM `qing_cart` [ RunTime:0.000572s ]
[2024-08-07T16:16:58+08:00][sql] SELECT COUNT(*) AS think_count FROM `qing_cart` WHERE  `user_id` IS NULL [ RunTime:0.000245s ]
[2024-08-07T16:16:58+08:00][sql] SHOW FULL COLUMNS FROM `qing_user` [ RunTime:0.003423s ]
[2024-08-07T16:16:58+08:00][sql] SELECT * FROM `qing_user` WHERE  `username` = 'admin@gmail.com' LIMIT 1 [ RunTime:0.000564s ]
[2024-08-07T16:16:58+08:00][sql] UPDATE `qing_user`  SET `last_login_time` = 1723018618  WHERE  `id` = 39 [ RunTime:0.002441s ]
[2024-08-07T16:19:32+08:00][sql] CONNECT:[ UseTime:0.010945s ] mysql:host=127.0.0.1;port=3306;dbname=code0921;charset=utf8
[2024-08-07T16:19:32+08:00][sql] SHOW FULL COLUMNS FROM `qing_config` [ RunTime:0.000951s ]
[2024-08-07T16:19:32+08:00][sql] SELECT `value` FROM `qing_config` [ RunTime:0.000262s ]
[2024-08-07T16:19:32+08:00][sql] SHOW FULL COLUMNS FROM `qing_search` [ RunTime:0.000738s ]
[2024-08-07T16:19:32+08:00][sql] SELECT * FROM `qing_search` ORDER BY `id` DESC LIMIT 10 [ RunTime:0.000244s ]
[2024-08-07T16:19:32+08:00][sql] SHOW FULL COLUMNS FROM `qing_cart` [ RunTime:0.000593s ]
[2024-08-07T16:19:32+08:00][sql] SELECT COUNT(*) AS think_count FROM `qing_cart` WHERE  `user_id` = 39 [ RunTime:0.000339s ]
[2024-08-07T16:19:32+08:00][sql] SHOW FULL COLUMNS FROM `qing_goods` [ RunTime:0.000693s ]
[2024-08-07T16:19:32+08:00][sql] SELECT * FROM `qing_goods` WHERE  `goods_id` = 3 LIMIT 1 [ RunTime:0.000920s ]
[2024-08-07T16:19:32+08:00][sql] UPDATE `qing_goods`  SET `click` = 43  WHERE  `goods_id` = 3 [ RunTime:0.002640s ]
[2024-08-07T16:19:32+08:00][sql] SHOW FULL COLUMNS FROM `qing_goods_img` [ RunTime:0.000963s ]
[2024-08-07T16:19:32+08:00][sql] SELECT * FROM `qing_goods_img` WHERE  `goods_id` = 3 [ RunTime:0.000397s ]
[2024-08-07T16:19:32+08:00][sql] SELECT `p`.`goods_id`,`p`.`goods_name`,`p`.`goods_price`,`p`.`stock`,`p`.`selnumber`,`p`.`goods_thumb`,`pd`.`content` FROM `qing_goods` `p` INNER JOIN `qing_goods_content` `pd` ON `p`.`goods_id`=`pd`.`goods_id` [ RunTime:0.000378s ]
[2024-08-07T16:19:32+08:00][error] [8]未定义数组索引: user_id
[2024-08-07T16:19:44+08:00][sql] CONNECT:[ UseTime:0.010792s ] mysql:host=127.0.0.1;port=3306;dbname=code0921;charset=utf8
[2024-08-07T16:19:44+08:00][sql] SHOW FULL COLUMNS FROM `qing_config` [ RunTime:0.000795s ]
[2024-08-07T16:19:44+08:00][sql] SELECT `value` FROM `qing_config` [ RunTime:0.000273s ]
[2024-08-07T16:19:44+08:00][sql] SHOW FULL COLUMNS FROM `qing_search` [ RunTime:0.000725s ]
[2024-08-07T16:19:44+08:00][sql] SELECT * FROM `qing_search` ORDER BY `id` DESC LIMIT 10 [ RunTime:0.000254s ]
[2024-08-07T16:19:44+08:00][sql] SHOW FULL COLUMNS FROM `qing_cart` [ RunTime:0.000579s ]
[2024-08-07T16:19:44+08:00][sql] SELECT COUNT(*) AS think_count FROM `qing_cart` WHERE  `user_id` = 39 [ RunTime:0.000237s ]
[2024-08-07T16:19:44+08:00][sql] SHOW FULL COLUMNS FROM `qing_goods` [ RunTime:0.000697s ]
[2024-08-07T16:19:44+08:00][sql] SELECT * FROM `qing_goods` WHERE  `goods_id` = 3 LIMIT 1 [ RunTime:0.000323s ]
[2024-08-07T16:19:44+08:00][sql] UPDATE `qing_goods`  SET `click` = 44  WHERE  `goods_id` = 3 [ RunTime:0.001994s ]
[2024-08-07T16:19:44+08:00][sql] SHOW FULL COLUMNS FROM `qing_goods_img` [ RunTime:0.000904s ]
[2024-08-07T16:19:44+08:00][sql] SELECT * FROM `qing_goods_img` WHERE  `goods_id` = 3 [ RunTime:0.000354s ]
[2024-08-07T16:19:44+08:00][sql] SELECT `p`.`goods_id`,`p`.`goods_name`,`p`.`goods_price`,`p`.`stock`,`p`.`selnumber`,`p`.`goods_thumb`,`pd`.`content` FROM `qing_goods` `p` INNER JOIN `qing_goods_content` `pd` ON `p`.`goods_id`=`pd`.`goods_id` [ RunTime:0.000351s ]
[2024-08-07T16:19:44+08:00][error] [8]未定义数组索引: user_id
