[2024-08-14T13:04:20+08:00][sql] CONNECT:[ UseTime:0.003563s ] mysql:host=127.0.0.1;port=3306;dbname=code0921;charset=utf8
[2024-08-14T13:04:20+08:00][sql] SHOW FULL COLUMNS FROM `qing_config` [ RunTime:0.003269s ]
[2024-08-14T13:04:20+08:00][sql] SELECT `value` FROM `qing_config` [ RunTime:0.000499s ]
[2024-08-14T13:04:20+08:00][sql] SHOW FULL COLUMNS FROM `qing_search` [ RunTime:0.001037s ]
[2024-08-14T13:04:20+08:00][sql] SELECT * FROM `qing_search` ORDER BY `id` DESC LIMIT 10 [ RunTime:0.000875s ]
[2024-08-14T13:04:20+08:00][sql] SHOW FULL COLUMNS FROM `qing_cart` [ RunTime:0.001027s ]
[2024-08-14T13:04:20+08:00][sql] SELECT COUNT(*) AS think_count FROM `qing_cart` WHERE  `user_id` IS NULL [ RunTime:0.000377s ]
[2024-08-14T13:04:20+08:00][sql] SHOW FULL COLUMNS FROM `qing_user` [ RunTime:0.004840s ]
[2024-08-14T13:04:20+08:00][sql] SELECT * FROM `qing_user` WHERE  `username` = 'admin@gmail.com' LIMIT 1 [ RunTime:0.000710s ]
[2024-08-14T13:04:20+08:00][sql] UPDATE `qing_user`  SET `last_login_time` = 1723611860  WHERE  `id` = 39 [ RunTime:0.002409s ]
[2024-08-14T13:04:27+08:00][sql] CONNECT:[ UseTime:0.001212s ] mysql:host=127.0.0.1;port=3306;dbname=code0921;charset=utf8
[2024-08-14T13:04:27+08:00][sql] SHOW FULL COLUMNS FROM `qing_config` [ RunTime:0.001242s ]
[2024-08-14T13:04:27+08:00][sql] SELECT `value` FROM `qing_config` [ RunTime:0.000237s ]
[2024-08-14T13:04:27+08:00][sql] SHOW FULL COLUMNS FROM `qing_search` [ RunTime:0.000756s ]
[2024-08-14T13:04:27+08:00][sql] SELECT * FROM `qing_search` ORDER BY `id` DESC LIMIT 10 [ RunTime:0.000423s ]
[2024-08-14T13:04:27+08:00][sql] SHOW FULL COLUMNS FROM `qing_cart` [ RunTime:0.000819s ]
[2024-08-14T13:04:27+08:00][sql] SELECT COUNT(*) AS think_count FROM `qing_cart` WHERE  `user_id` = 39 [ RunTime:0.000346s ]
[2024-08-14T13:04:27+08:00][sql] SELECT * FROM `qing_cart` WHERE  `user_id` = 39 ORDER BY `id` DESC [ RunTime:0.000437s ]
[2024-08-14T13:04:48+08:00][sql] CONNECT:[ UseTime:0.001439s ] mysql:host=127.0.0.1;port=3306;dbname=code0921;charset=utf8
[2024-08-14T13:04:48+08:00][sql] SHOW FULL COLUMNS FROM `qing_config` [ RunTime:0.001125s ]
[2024-08-14T13:04:48+08:00][sql] SELECT `value` FROM `qing_config` [ RunTime:0.000254s ]
[2024-08-14T13:04:48+08:00][sql] SHOW FULL COLUMNS FROM `qing_search` [ RunTime:0.000664s ]
[2024-08-14T13:04:48+08:00][sql] SELECT * FROM `qing_search` ORDER BY `id` DESC LIMIT 10 [ RunTime:0.000280s ]
[2024-08-14T13:04:48+08:00][sql] SHOW FULL COLUMNS FROM `qing_cart` [ RunTime:0.000651s ]
[2024-08-14T13:04:48+08:00][sql] SELECT COUNT(*) AS think_count FROM `qing_cart` WHERE  `user_id` = 39 [ RunTime:0.000273s ]
[2024-08-14T13:04:48+08:00][sql] SELECT * FROM `qing_cart` WHERE  `user_id` = 39 ORDER BY `id` DESC [ RunTime:0.000227s ]
[2024-08-14T13:05:52+08:00][sql] CONNECT:[ UseTime:0.001307s ] mysql:host=127.0.0.1;port=3306;dbname=code0921;charset=utf8
[2024-08-14T13:05:52+08:00][sql] SHOW FULL COLUMNS FROM `qing_config` [ RunTime:0.001274s ]
[2024-08-14T13:05:52+08:00][sql] SELECT `value` FROM `qing_config` [ RunTime:0.000327s ]
[2024-08-14T13:05:52+08:00][sql] SHOW FULL COLUMNS FROM `qing_search` [ RunTime:0.000848s ]
[2024-08-14T13:05:52+08:00][sql] SELECT * FROM `qing_search` ORDER BY `id` DESC LIMIT 10 [ RunTime:0.000253s ]
[2024-08-14T13:05:52+08:00][sql] SHOW FULL COLUMNS FROM `qing_cart` [ RunTime:0.000617s ]
[2024-08-14T13:05:52+08:00][sql] SELECT COUNT(*) AS think_count FROM `qing_cart` WHERE  `user_id` = 39 [ RunTime:0.000289s ]
[2024-08-14T13:05:52+08:00][sql] SELECT * FROM `qing_cart` WHERE  `user_id` = 39 ORDER BY `id` DESC [ RunTime:0.000288s ]
[2024-08-14T21:20:58+08:00][sql] CONNECT:[ UseTime:0.002681s ] mysql:host=127.0.0.1;port=3306;dbname=code0921;charset=utf8
[2024-08-14T21:20:58+08:00][sql] SHOW FULL COLUMNS FROM `qing_config` [ RunTime:0.002360s ]
[2024-08-14T21:20:58+08:00][sql] SELECT `value` FROM `qing_config` [ RunTime:0.000708s ]
[2024-08-14T21:20:58+08:00][sql] SHOW FULL COLUMNS FROM `qing_search` [ RunTime:0.002304s ]
[2024-08-14T21:20:58+08:00][sql] SELECT * FROM `qing_search` ORDER BY `id` DESC LIMIT 10 [ RunTime:0.000927s ]
[2024-08-14T21:20:58+08:00][sql] SHOW FULL COLUMNS FROM `qing_cart` [ RunTime:0.003219s ]
[2024-08-14T21:20:58+08:00][sql] SELECT COUNT(*) AS think_count FROM `qing_cart` WHERE  `user_id` IS NULL [ RunTime:0.000702s ]
[2024-08-14T21:20:58+08:00][sql] SHOW FULL COLUMNS FROM `qing_ad` [ RunTime:0.004061s ]
[2024-08-14T21:20:58+08:00][sql] SELECT * FROM `qing_ad` WHERE  `type_id` = 1 [ RunTime:0.000950s ]
[2024-08-14T21:20:58+08:00][sql] SHOW FULL COLUMNS FROM `qing_goods` [ RunTime:0.004260s ]
[2024-08-14T21:20:58+08:00][sql] SELECT `goods_id`,`goods_name`,`goods_price`,`stock`,`selnumber`,`goods_thumb`,`description`,`collects_count`,`cover_url` FROM `qing_goods` [ RunTime:0.000890s ]
[2024-08-14T21:20:58+08:00][sql] SELECT `id`,`title`,`url`,`thumb`,`status`,`seq`,`created_at`,`updated_at`,`img_url` FROM `qing_ad` [ RunTime:0.000825s ]
[2024-08-14T21:55:55+08:00][sql] CONNECT:[ UseTime:0.002152s ] mysql:host=127.0.0.1;port=3306;dbname=code0921;charset=utf8
[2024-08-14T21:55:55+08:00][sql] SHOW FULL COLUMNS FROM `qing_config` [ RunTime:0.001890s ]
[2024-08-14T21:55:55+08:00][sql] SELECT `value` FROM `qing_config` [ RunTime:0.000725s ]
[2024-08-14T21:55:55+08:00][sql] SHOW FULL COLUMNS FROM `qing_search` [ RunTime:0.001002s ]
[2024-08-14T21:55:55+08:00][sql] SELECT * FROM `qing_search` ORDER BY `id` DESC LIMIT 10 [ RunTime:0.000376s ]
[2024-08-14T21:55:55+08:00][sql] SHOW FULL COLUMNS FROM `qing_cart` [ RunTime:0.000924s ]
[2024-08-14T21:55:55+08:00][sql] SELECT COUNT(*) AS think_count FROM `qing_cart` WHERE  `user_id` IS NULL [ RunTime:0.000357s ]
[2024-08-14T21:55:55+08:00][sql] CONNECT:[ UseTime:0.010885s ] mysql:host=127.0.0.1;port=3306;dbname=code0921;charset=utf8
[2024-08-14T21:55:55+08:00][sql] SHOW FULL COLUMNS FROM `qing_config` [ RunTime:0.002631s ]
[2024-08-14T21:55:55+08:00][sql] SELECT `value` FROM `qing_config` [ RunTime:0.000977s ]
[2024-08-14T21:55:55+08:00][sql] SHOW FULL COLUMNS FROM `qing_search` [ RunTime:0.002755s ]
[2024-08-14T21:55:55+08:00][sql] SELECT * FROM `qing_search` ORDER BY `id` DESC LIMIT 10 [ RunTime:0.000905s ]
[2024-08-14T21:55:55+08:00][sql] SHOW FULL COLUMNS FROM `qing_cart` [ RunTime:0.002721s ]
[2024-08-14T21:55:55+08:00][sql] SELECT COUNT(*) AS think_count FROM `qing_cart` WHERE  `user_id` IS NULL [ RunTime:0.000991s ]
[2024-08-14T21:56:07+08:00][sql] CONNECT:[ UseTime:0.011630s ] mysql:host=127.0.0.1;port=3306;dbname=code0921;charset=utf8
[2024-08-14T21:56:07+08:00][sql] SHOW FULL COLUMNS FROM `qing_config` [ RunTime:0.002221s ]
[2024-08-14T21:56:07+08:00][sql] SELECT `value` FROM `qing_config` [ RunTime:0.000763s ]
[2024-08-14T21:56:07+08:00][sql] SHOW FULL COLUMNS FROM `qing_search` [ RunTime:0.002663s ]
[2024-08-14T21:56:07+08:00][sql] SELECT * FROM `qing_search` ORDER BY `id` DESC LIMIT 10 [ RunTime:0.000828s ]
[2024-08-14T21:56:07+08:00][sql] SHOW FULL COLUMNS FROM `qing_cart` [ RunTime:0.002346s ]
[2024-08-14T21:56:07+08:00][sql] SELECT COUNT(*) AS think_count FROM `qing_cart` WHERE  `user_id` IS NULL [ RunTime:0.000594s ]
[2024-08-14T21:56:07+08:00][sql] SHOW FULL COLUMNS FROM `qing_user` [ RunTime:0.004127s ]
[2024-08-14T21:56:07+08:00][sql] SELECT * FROM `qing_user` WHERE  `username` = 'admin123456' LIMIT 1 [ RunTime:0.007890s ]
[2024-08-14T21:56:07+08:00][sql] UPDATE `qing_user`  SET `last_login_time` = 1723643767  WHERE  `id` = 2 [ RunTime:0.027617s ]
[2024-08-14T21:57:15+08:00][sql] CONNECT:[ UseTime:0.001119s ] mysql:host=127.0.0.1;port=3306;dbname=code0921;charset=utf8
[2024-08-14T21:57:15+08:00][sql] SHOW FULL COLUMNS FROM `qing_config` [ RunTime:0.001523s ]
[2024-08-14T21:57:15+08:00][sql] SELECT `value` FROM `qing_config` [ RunTime:0.000388s ]
[2024-08-14T21:57:15+08:00][sql] SHOW FULL COLUMNS FROM `qing_search` [ RunTime:0.001590s ]
[2024-08-14T21:57:15+08:00][sql] SELECT * FROM `qing_search` ORDER BY `id` DESC LIMIT 10 [ RunTime:0.000431s ]
[2024-08-14T21:57:15+08:00][sql] SHOW FULL COLUMNS FROM `qing_cart` [ RunTime:0.001005s ]
[2024-08-14T21:57:15+08:00][sql] SELECT COUNT(*) AS think_count FROM `qing_cart` WHERE  `user_id` = 2 [ RunTime:0.000482s ]
[2024-08-14T21:57:15+08:00][sql] SELECT * FROM `qing_cart` WHERE  `user_id` = 2 ORDER BY `id` DESC [ RunTime:0.000399s ]
[2024-08-14T21:57:15+08:00][sql] SHOW FULL COLUMNS FROM `qing_standard_value` [ RunTime:0.001900s ]
[2024-08-14T21:57:15+08:00][sql] SELECT `standard_value` FROM `qing_standard_value` WHERE  `id` = 7 LIMIT 1 [ RunTime:0.009559s ]
[2024-08-14T21:57:15+08:00][sql] SELECT `standard_value` FROM `qing_standard_value` WHERE  `id` = 14 LIMIT 1 [ RunTime:0.000390s ]
[2024-08-14T21:57:15+08:00][sql] SHOW FULL COLUMNS FROM `qing_goods` [ RunTime:0.001916s ]
[2024-08-14T21:57:15+08:00][sql] SELECT * FROM `qing_goods` WHERE  `goods_id` = 10 LIMIT 1 [ RunTime:0.000429s ]
[2024-08-14T21:57:15+08:00][sql] SHOW FULL COLUMNS FROM `qing_goods_standard` [ RunTime:0.001176s ]
[2024-08-14T21:57:15+08:00][sql] SELECT `goods_price` FROM `qing_goods_standard` WHERE  `goods_id` = 10  AND `sku` = '7,14' LIMIT 1 [ RunTime:0.000389s ]
[2024-08-14T22:09:36+08:00][sql] CONNECT:[ UseTime:0.001541s ] mysql:host=127.0.0.1;port=3306;dbname=code0921;charset=utf8
[2024-08-14T22:09:36+08:00][sql] SHOW FULL COLUMNS FROM `qing_config` [ RunTime:0.001209s ]
[2024-08-14T22:09:36+08:00][sql] SELECT `value` FROM `qing_config` [ RunTime:0.000378s ]
[2024-08-14T22:09:36+08:00][sql] SHOW FULL COLUMNS FROM `qing_search` [ RunTime:0.001311s ]
[2024-08-14T22:09:36+08:00][sql] SELECT * FROM `qing_search` ORDER BY `id` DESC LIMIT 10 [ RunTime:0.000419s ]
[2024-08-14T22:09:36+08:00][sql] SHOW FULL COLUMNS FROM `qing_cart` [ RunTime:0.001218s ]
[2024-08-14T22:09:36+08:00][sql] SELECT COUNT(*) AS think_count FROM `qing_cart` WHERE  `user_id` = 2 [ RunTime:0.000438s ]
[2024-08-14T22:09:36+08:00][sql] SHOW FULL COLUMNS FROM `qing_goods` [ RunTime:0.002073s ]
[2024-08-14T22:09:36+08:00][sql] SELECT p.goods_id, p.goods_name, p.goods_price, p.goods_thumb, p.goods_cate_id, p.selnumber, p.time, COUNT(co.goods_id) as comments_count FROM `qing_goods` `p` INNER JOIN `qing_comment` `co` ON `p`.`goods_id`=`co`.`goods_id` GROUP BY `p`.`goods_id` [ RunTime:0.001712s ]
[2024-08-14T22:09:36+08:00][error] [0]Class 'app\mobile\controller\CategoryModel' not found
[2024-08-14T22:10:41+08:00][sql] CONNECT:[ UseTime:0.001693s ] mysql:host=127.0.0.1;port=3306;dbname=code0921;charset=utf8
[2024-08-14T22:10:41+08:00][sql] SHOW FULL COLUMNS FROM `qing_config` [ RunTime:0.002049s ]
[2024-08-14T22:10:41+08:00][sql] SELECT `value` FROM `qing_config` [ RunTime:0.000426s ]
[2024-08-14T22:10:41+08:00][sql] SHOW FULL COLUMNS FROM `qing_search` [ RunTime:0.002233s ]
[2024-08-14T22:10:41+08:00][sql] SELECT * FROM `qing_search` ORDER BY `id` DESC LIMIT 10 [ RunTime:0.000765s ]
[2024-08-14T22:10:41+08:00][sql] SHOW FULL COLUMNS FROM `qing_cart` [ RunTime:0.002816s ]
[2024-08-14T22:10:41+08:00][sql] SELECT COUNT(*) AS think_count FROM `qing_cart` WHERE  `user_id` = 2 [ RunTime:0.000944s ]
[2024-08-14T22:10:41+08:00][sql] SHOW FULL COLUMNS FROM `qing_goods` [ RunTime:0.004459s ]
[2024-08-14T22:10:41+08:00][sql] SELECT p.goods_id, p.goods_name, p.goods_price, p.goods_thumb, p.goods_cate_id, p.selnumber, p.time, COUNT(co.goods_id) as comments_count FROM `qing_goods` `p` INNER JOIN `qing_comment` `co` ON `p`.`goods_id`=`co`.`goods_id` GROUP BY `p`.`goods_id` [ RunTime:0.002074s ]
[2024-08-14T22:10:41+08:00][sql] SHOW FULL COLUMNS FROM `qing_category` [ RunTime:0.002452s ]
[2024-08-14T22:10:41+08:00][sql] SELECT `id`,`parent_id`,`cate_name` FROM `qing_category` ORDER BY `listorder` ASC [ RunTime:0.000904s ]
[2024-08-14T22:13:48+08:00][sql] CONNECT:[ UseTime:0.011459s ] mysql:host=127.0.0.1;port=3306;dbname=code0921;charset=utf8
[2024-08-14T22:13:48+08:00][sql] SHOW FULL COLUMNS FROM `qing_config` [ RunTime:0.002314s ]
[2024-08-14T22:13:48+08:00][sql] SELECT `value` FROM `qing_config` [ RunTime:0.000741s ]
[2024-08-14T22:13:48+08:00][sql] SHOW FULL COLUMNS FROM `qing_search` [ RunTime:0.003050s ]
[2024-08-14T22:13:48+08:00][sql] SELECT * FROM `qing_search` ORDER BY `id` DESC LIMIT 10 [ RunTime:0.000775s ]
[2024-08-14T22:13:48+08:00][sql] SHOW FULL COLUMNS FROM `qing_cart` [ RunTime:0.002323s ]
[2024-08-14T22:13:48+08:00][sql] SELECT COUNT(*) AS think_count FROM `qing_cart` WHERE  `user_id` = 2 [ RunTime:0.000719s ]
[2024-08-14T22:13:48+08:00][sql] SHOW FULL COLUMNS FROM `qing_goods` [ RunTime:0.004202s ]
[2024-08-14T22:13:48+08:00][sql] SELECT p.goods_id, p.goods_name, p.goods_price, p.goods_thumb, p.goods_cate_id, p.selnumber, p.time, COUNT(co.goods_id) as comments_count FROM `qing_goods` `p` INNER JOIN `qing_comment` `co` ON `p`.`goods_id`=`co`.`goods_id` GROUP BY `p`.`goods_id` [ RunTime:0.001846s ]
[2024-08-14T22:13:48+08:00][sql] SHOW FULL COLUMNS FROM `qing_category` [ RunTime:0.003575s ]
[2024-08-14T22:13:48+08:00][sql] SELECT `id`,`parent_id`,`cate_name` FROM `qing_category` ORDER BY `listorder` ASC [ RunTime:0.000974s ]
[2024-08-14T22:15:15+08:00][sql] CONNECT:[ UseTime:0.010788s ] mysql:host=127.0.0.1;port=3306;dbname=code0921;charset=utf8
[2024-08-14T22:15:15+08:00][sql] SHOW FULL COLUMNS FROM `qing_config` [ RunTime:0.002445s ]
[2024-08-14T22:15:15+08:00][sql] SELECT `value` FROM `qing_config` [ RunTime:0.000709s ]
[2024-08-14T22:15:15+08:00][sql] SHOW FULL COLUMNS FROM `qing_search` [ RunTime:0.002030s ]
[2024-08-14T22:15:15+08:00][sql] SELECT * FROM `qing_search` ORDER BY `id` DESC LIMIT 10 [ RunTime:0.000734s ]
[2024-08-14T22:15:15+08:00][sql] SHOW FULL COLUMNS FROM `qing_cart` [ RunTime:0.001939s ]
[2024-08-14T22:15:15+08:00][sql] SELECT COUNT(*) AS think_count FROM `qing_cart` WHERE  `user_id` = 2 [ RunTime:0.000799s ]
[2024-08-14T22:15:15+08:00][sql] SHOW FULL COLUMNS FROM `qing_collect` [ RunTime:0.007112s ]
[2024-08-14T22:15:15+08:00][sql] SELECT * FROM `qing_collect` WHERE  `goods_id` = 9  AND `user_id` = 2 LIMIT 1 [ RunTime:0.000830s ]
[2024-08-14T22:15:15+08:00][sql] INSERT INTO `qing_collect` SET `goods_id` = 9 , `time` = 1723644915 , `user_id` = 2 [ RunTime:0.001465s ]
[2024-08-14T22:15:18+08:00][sql] CONNECT:[ UseTime:0.011197s ] mysql:host=127.0.0.1;port=3306;dbname=code0921;charset=utf8
[2024-08-14T22:15:18+08:00][sql] SHOW FULL COLUMNS FROM `qing_config` [ RunTime:0.001932s ]
[2024-08-14T22:15:18+08:00][sql] SELECT `value` FROM `qing_config` [ RunTime:0.000642s ]
[2024-08-14T22:15:18+08:00][sql] SHOW FULL COLUMNS FROM `qing_search` [ RunTime:0.002301s ]
[2024-08-14T22:15:18+08:00][sql] SELECT * FROM `qing_search` ORDER BY `id` DESC LIMIT 10 [ RunTime:0.000573s ]
[2024-08-14T22:15:18+08:00][sql] SHOW FULL COLUMNS FROM `qing_cart` [ RunTime:0.001973s ]
[2024-08-14T22:15:18+08:00][sql] SELECT COUNT(*) AS think_count FROM `qing_cart` WHERE  `user_id` = 2 [ RunTime:0.000681s ]
[2024-08-14T22:15:18+08:00][sql] SHOW FULL COLUMNS FROM `qing_collect` [ RunTime:0.001966s ]
[2024-08-14T22:15:18+08:00][sql] SELECT * FROM `qing_collect` WHERE  `goods_id` = 9  AND `user_id` = 2 LIMIT 1 [ RunTime:0.000780s ]
[2024-08-14T22:15:18+08:00][sql] DELETE FROM `qing_collect` WHERE  `goods_id` = 9  AND `user_id` = 2 [ RunTime:0.001264s ]
[2024-08-14T22:15:19+08:00][sql] CONNECT:[ UseTime:0.002722s ] mysql:host=127.0.0.1;port=3306;dbname=code0921;charset=utf8
[2024-08-14T22:15:19+08:00][sql] SHOW FULL COLUMNS FROM `qing_config` [ RunTime:0.003408s ]
[2024-08-14T22:15:19+08:00][sql] SELECT `value` FROM `qing_config` [ RunTime:0.000663s ]
[2024-08-14T22:15:19+08:00][sql] SHOW FULL COLUMNS FROM `qing_search` [ RunTime:0.001650s ]
[2024-08-14T22:15:19+08:00][sql] SELECT * FROM `qing_search` ORDER BY `id` DESC LIMIT 10 [ RunTime:0.000661s ]
[2024-08-14T22:15:19+08:00][sql] SHOW FULL COLUMNS FROM `qing_cart` [ RunTime:0.002661s ]
[2024-08-14T22:15:19+08:00][sql] SELECT COUNT(*) AS think_count FROM `qing_cart` WHERE  `user_id` = 2 [ RunTime:0.000833s ]
[2024-08-14T22:15:19+08:00][sql] SHOW FULL COLUMNS FROM `qing_collect` [ RunTime:0.002766s ]
[2024-08-14T22:15:19+08:00][sql] SELECT * FROM `qing_collect` WHERE  `goods_id` = 9  AND `user_id` = 2 LIMIT 1 [ RunTime:0.000804s ]
[2024-08-14T22:15:19+08:00][sql] INSERT INTO `qing_collect` SET `goods_id` = 9 , `time` = 1723644919 , `user_id` = 2 [ RunTime:0.001027s ]
[2024-08-14T22:16:13+08:00][sql] CONNECT:[ UseTime:0.010946s ] mysql:host=127.0.0.1;port=3306;dbname=code0921;charset=utf8
[2024-08-14T22:16:13+08:00][sql] SHOW FULL COLUMNS FROM `qing_config` [ RunTime:0.003362s ]
[2024-08-14T22:16:13+08:00][sql] SELECT `value` FROM `qing_config` [ RunTime:0.001477s ]
[2024-08-14T22:16:13+08:00][sql] SHOW FULL COLUMNS FROM `qing_search` [ RunTime:0.002128s ]
[2024-08-14T22:16:13+08:00][sql] SELECT * FROM `qing_search` ORDER BY `id` DESC LIMIT 10 [ RunTime:0.000728s ]
[2024-08-14T22:16:13+08:00][sql] SHOW FULL COLUMNS FROM `qing_cart` [ RunTime:0.001966s ]
[2024-08-14T22:16:13+08:00][sql] SELECT COUNT(*) AS think_count FROM `qing_cart` WHERE  `user_id` = 2 [ RunTime:0.000732s ]
[2024-08-14T22:16:13+08:00][sql] SHOW FULL COLUMNS FROM `qing_goods` [ RunTime:0.003791s ]
[2024-08-14T22:16:13+08:00][sql] SELECT p.goods_id, p.goods_name, p.goods_price, p.goods_thumb, p.goods_cate_id, p.selnumber, p.time, COUNT(co.goods_id) as comments_count FROM `qing_goods` `p` INNER JOIN `qing_comment` `co` ON `p`.`goods_id`=`co`.`goods_id` GROUP BY `p`.`goods_id` [ RunTime:0.002015s ]
[2024-08-14T22:16:13+08:00][sql] SHOW FULL COLUMNS FROM `qing_category` [ RunTime:0.002612s ]
[2024-08-14T22:16:13+08:00][sql] SELECT `id`,`parent_id`,`cate_name` FROM `qing_category` ORDER BY `listorder` ASC [ RunTime:0.001059s ]
[2024-08-14T22:34:50+08:00][sql] CONNECT:[ UseTime:0.003952s ] mysql:host=127.0.0.1;port=3306;dbname=code0921;charset=utf8
[2024-08-14T22:34:50+08:00][sql] SHOW FULL COLUMNS FROM `qing_config` [ RunTime:0.006663s ]
[2024-08-14T22:34:50+08:00][sql] SELECT `value` FROM `qing_config` [ RunTime:0.000756s ]
[2024-08-14T22:34:50+08:00][sql] SHOW FULL COLUMNS FROM `qing_search` [ RunTime:0.002792s ]
[2024-08-14T22:34:50+08:00][sql] SELECT * FROM `qing_search` ORDER BY `id` DESC LIMIT 10 [ RunTime:0.000809s ]
[2024-08-14T22:34:50+08:00][sql] SHOW FULL COLUMNS FROM `qing_cart` [ RunTime:0.003667s ]
[2024-08-14T22:34:50+08:00][sql] SELECT COUNT(*) AS think_count FROM `qing_cart` WHERE  `user_id` = 2 [ RunTime:0.000842s ]
[2024-08-14T22:34:50+08:00][error] [8]未定义数组索引: username
[2024-08-14T22:35:35+08:00][sql] CONNECT:[ UseTime:0.010844s ] mysql:host=127.0.0.1;port=3306;dbname=code0921;charset=utf8
[2024-08-14T22:35:35+08:00][sql] SHOW FULL COLUMNS FROM `qing_config` [ RunTime:0.027856s ]
[2024-08-14T22:35:35+08:00][sql] SELECT `value` FROM `qing_config` [ RunTime:0.001462s ]
[2024-08-14T22:35:35+08:00][sql] SHOW FULL COLUMNS FROM `qing_search` [ RunTime:0.003325s ]
[2024-08-14T22:35:35+08:00][sql] SELECT * FROM `qing_search` ORDER BY `id` DESC LIMIT 10 [ RunTime:0.001302s ]
[2024-08-14T22:35:35+08:00][sql] SHOW FULL COLUMNS FROM `qing_cart` [ RunTime:0.003970s ]
[2024-08-14T22:35:35+08:00][sql] SELECT COUNT(*) AS think_count FROM `qing_cart` WHERE  `user_id` = 2 [ RunTime:0.001563s ]
[2024-08-14T22:35:35+08:00][sql] SHOW FULL COLUMNS FROM `qing_user` [ RunTime:0.008606s ]
[2024-08-14T22:35:35+08:00][sql] SELECT * FROM `qing_user` WHERE  `username` = 'admin2@gmail.com' LIMIT 1 [ RunTime:0.002146s ]
[2024-08-14T22:35:35+08:00][sql] INSERT INTO `qing_user` SET `username` = 'admin2@gmail.com' , `password` = 'a8a5c404e3927315ccb6e028d4372ac8' , `add_time` = 1723646135 , `time` = 1723646135 , `code` = 'YJ1723646135' [ RunTime:0.008943s ]
[2024-08-14T22:36:24+08:00][sql] CONNECT:[ UseTime:0.011045s ] mysql:host=127.0.0.1;port=3306;dbname=code0921;charset=utf8
[2024-08-14T22:36:24+08:00][sql] SHOW FULL COLUMNS FROM `qing_config` [ RunTime:0.001534s ]
[2024-08-14T22:36:24+08:00][sql] SELECT `value` FROM `qing_config` [ RunTime:0.000664s ]
[2024-08-14T22:36:24+08:00][sql] SHOW FULL COLUMNS FROM `qing_search` [ RunTime:0.001451s ]
[2024-08-14T22:36:24+08:00][sql] SELECT * FROM `qing_search` ORDER BY `id` DESC LIMIT 10 [ RunTime:0.004867s ]
[2024-08-14T22:36:24+08:00][sql] SHOW FULL COLUMNS FROM `qing_cart` [ RunTime:0.001619s ]
[2024-08-14T22:36:24+08:00][sql] SELECT COUNT(*) AS think_count FROM `qing_cart` WHERE  `user_id` = 2 [ RunTime:0.000717s ]
[2024-08-14T22:36:24+08:00][sql] SHOW FULL COLUMNS FROM `qing_user` [ RunTime:0.003735s ]
[2024-08-14T22:36:24+08:00][sql] SELECT * FROM `qing_user` WHERE  `username` = 'admin2@gmail.com' LIMIT 1 [ RunTime:0.000819s ]
[2024-08-14T22:38:52+08:00][sql] CONNECT:[ UseTime:0.025065s ] mysql:host=127.0.0.1;port=3306;dbname=code0921;charset=utf8
[2024-08-14T22:38:52+08:00][sql] SHOW FULL COLUMNS FROM `qing_config` [ RunTime:0.003121s ]
[2024-08-14T22:38:52+08:00][sql] SELECT `value` FROM `qing_config` [ RunTime:0.000670s ]
[2024-08-14T22:38:52+08:00][sql] SHOW FULL COLUMNS FROM `qing_search` [ RunTime:0.001643s ]
[2024-08-14T22:38:52+08:00][sql] SELECT * FROM `qing_search` ORDER BY `id` DESC LIMIT 10 [ RunTime:0.001096s ]
[2024-08-14T22:38:52+08:00][sql] SHOW FULL COLUMNS FROM `qing_cart` [ RunTime:0.001740s ]
[2024-08-14T22:38:52+08:00][sql] SELECT COUNT(*) AS think_count FROM `qing_cart` WHERE  `user_id` = 2 [ RunTime:0.000800s ]
[2024-08-14T22:38:52+08:00][sql] SHOW FULL COLUMNS FROM `qing_user` [ RunTime:0.004060s ]
[2024-08-14T22:38:52+08:00][error] [10501]SQLSTATE[HY000]: General error: 1364 Field 'time' doesn't have a default value
[2024-08-14T23:01:53+08:00][sql] CONNECT:[ UseTime:0.002567s ] mysql:host=127.0.0.1;port=3306;dbname=code0921;charset=utf8
[2024-08-14T23:01:53+08:00][sql] SHOW FULL COLUMNS FROM `qing_config` [ RunTime:0.006577s ]
[2024-08-14T23:01:53+08:00][sql] SELECT `value` FROM `qing_config` [ RunTime:0.000523s ]
[2024-08-14T23:01:53+08:00][sql] SHOW FULL COLUMNS FROM `qing_search` [ RunTime:0.001055s ]
[2024-08-14T23:01:53+08:00][sql] SELECT * FROM `qing_search` ORDER BY `id` DESC LIMIT 10 [ RunTime:0.000531s ]
[2024-08-14T23:01:53+08:00][sql] SHOW FULL COLUMNS FROM `qing_cart` [ RunTime:0.001049s ]
[2024-08-14T23:01:53+08:00][sql] SELECT COUNT(*) AS think_count FROM `qing_cart` WHERE  `user_id` = 2 [ RunTime:0.000526s ]
[2024-08-14T23:01:53+08:00][error] [0]Argument 2 passed to think\filesystem\Driver::putFile() must be an instance of think\File, null given, called in D:\phpstudy_pro\WWW\privatecode0921\vendor\topthink\framework\src\think\Manager.php on line 174
[2024-08-14T23:04:45+08:00][sql] CONNECT:[ UseTime:0.011691s ] mysql:host=127.0.0.1;port=3306;dbname=code0921;charset=utf8
[2024-08-14T23:04:45+08:00][sql] SHOW FULL COLUMNS FROM `qing_config` [ RunTime:0.001586s ]
[2024-08-14T23:04:45+08:00][sql] SELECT `value` FROM `qing_config` [ RunTime:0.000637s ]
[2024-08-14T23:04:45+08:00][sql] SHOW FULL COLUMNS FROM `qing_search` [ RunTime:0.001755s ]
[2024-08-14T23:04:45+08:00][sql] SELECT * FROM `qing_search` ORDER BY `id` DESC LIMIT 10 [ RunTime:0.000659s ]
[2024-08-14T23:04:45+08:00][sql] SHOW FULL COLUMNS FROM `qing_cart` [ RunTime:0.000916s ]
[2024-08-14T23:04:45+08:00][sql] SELECT COUNT(*) AS think_count FROM `qing_cart` WHERE  `user_id` = 2 [ RunTime:0.000700s ]
[2024-08-14T23:04:45+08:00][sql] SHOW FULL COLUMNS FROM `qing_user` [ RunTime:0.007763s ]
[2024-08-14T23:04:45+08:00][sql] UPDATE `qing_user`  SET `username` = 'admin4@gmail.com' , `password` = 'admin123456' , `submit_ip` = '127.0.0.1' , `update_time` = 1723647885  WHERE  `id` = 46 [ RunTime:0.004415s ]
[2024-08-14T23:07:25+08:00][sql] CONNECT:[ UseTime:0.001768s ] mysql:host=127.0.0.1;port=3306;dbname=code0921;charset=utf8
[2024-08-14T23:07:25+08:00][sql] SHOW FULL COLUMNS FROM `qing_config` [ RunTime:0.043166s ]
[2024-08-14T23:07:25+08:00][sql] SELECT `value` FROM `qing_config` [ RunTime:0.000757s ]
[2024-08-14T23:07:25+08:00][sql] SHOW FULL COLUMNS FROM `qing_search` [ RunTime:0.001645s ]
[2024-08-14T23:07:25+08:00][sql] SELECT * FROM `qing_search` ORDER BY `id` DESC LIMIT 10 [ RunTime:0.000789s ]
[2024-08-14T23:07:25+08:00][sql] SHOW FULL COLUMNS FROM `qing_cart` [ RunTime:0.001752s ]
[2024-08-14T23:07:25+08:00][sql] SELECT COUNT(*) AS think_count FROM `qing_cart` WHERE  `user_id` = 2 [ RunTime:0.000759s ]
[2024-08-14T23:07:25+08:00][sql] SHOW FULL COLUMNS FROM `qing_user` [ RunTime:0.004015s ]
[2024-08-14T23:07:25+08:00][sql] UPDATE `qing_user`  SET `username` = 'admin4@gmail.com' , `password` = 'a8a5c404e3927315ccb6e028d4372ac8' , `submit_ip` = '127.0.0.1' , `update_time` = 1723648045  WHERE  `id` = 46 [ RunTime:0.003388s ]
[2024-08-14T23:14:52+08:00][sql] CONNECT:[ UseTime:0.011506s ] mysql:host=127.0.0.1;port=3306;dbname=code0921;charset=utf8
[2024-08-14T23:14:52+08:00][sql] SHOW FULL COLUMNS FROM `qing_config` [ RunTime:0.001517s ]
[2024-08-14T23:14:52+08:00][sql] SELECT `value` FROM `qing_config` [ RunTime:0.000682s ]
[2024-08-14T23:14:52+08:00][sql] SHOW FULL COLUMNS FROM `qing_search` [ RunTime:0.001445s ]
[2024-08-14T23:14:52+08:00][sql] SELECT * FROM `qing_search` ORDER BY `id` DESC LIMIT 10 [ RunTime:0.000715s ]
[2024-08-14T23:14:52+08:00][sql] SHOW FULL COLUMNS FROM `qing_cart` [ RunTime:0.001632s ]
[2024-08-14T23:14:52+08:00][sql] SELECT COUNT(*) AS think_count FROM `qing_cart` WHERE  `user_id` = 2 [ RunTime:0.000692s ]
[2024-08-14T23:14:52+08:00][sql] SHOW FULL COLUMNS FROM `qing_merchant` [ RunTime:0.003669s ]
[2024-08-14T23:14:52+08:00][sql] SELECT COUNT(*) AS think_count FROM `qing_merchant` `a` WHERE  `a`.`store_name` LIKE '%%'  AND `user_id` = 2 [ RunTime:0.001184s ]
[2024-08-14T23:14:52+08:00][sql] SELECT * FROM `qing_merchant` `a` WHERE  `a`.`store_name` LIKE '%%'  AND `user_id` = 2 ORDER BY `add_time` DESC LIMIT 0,10 [ RunTime:0.001048s ]
[2024-08-14T23:14:52+08:00][sql] SHOW FULL COLUMNS FROM `qing_user` [ RunTime:0.002288s ]
[2024-08-14T23:14:52+08:00][sql] SELECT * FROM `qing_user` WHERE  `recommender` = 'YJ1596269352'  AND `mer_count` >= 0 [ RunTime:0.001171s ]
[2024-08-14T23:14:52+08:00][sql] SELECT * FROM `qing_user` WHERE  `recommender` = 'YJ1596269352'  AND `mer_count` > 0 [ RunTime:0.000876s ]
[2024-08-14T23:23:40+08:00][sql] CONNECT:[ UseTime:0.002223s ] mysql:host=127.0.0.1;port=3306;dbname=code0921;charset=utf8
[2024-08-14T23:23:40+08:00][sql] SHOW FULL COLUMNS FROM `qing_config` [ RunTime:0.004069s ]
[2024-08-14T23:23:40+08:00][sql] SELECT `value` FROM `qing_config` [ RunTime:0.000561s ]
[2024-08-14T23:23:40+08:00][sql] SHOW FULL COLUMNS FROM `qing_search` [ RunTime:0.001268s ]
[2024-08-14T23:23:40+08:00][sql] SELECT * FROM `qing_search` ORDER BY `id` DESC LIMIT 10 [ RunTime:0.000535s ]
[2024-08-14T23:23:40+08:00][sql] SHOW FULL COLUMNS FROM `qing_cart` [ RunTime:0.001208s ]
[2024-08-14T23:23:40+08:00][sql] SELECT COUNT(*) AS think_count FROM `qing_cart` WHERE  `user_id` = 2 [ RunTime:0.000578s ]
[2024-08-14T23:23:40+08:00][sql] SHOW FULL COLUMNS FROM `qing_user` [ RunTime:0.003048s ]
[2024-08-14T23:23:40+08:00][sql] SELECT * FROM `qing_user` WHERE  `recommender` = 'YJ1596269352'  AND `mer_count` >= 0 [ RunTime:0.001405s ]
[2024-08-14T23:23:40+08:00][sql] SELECT * FROM `qing_user` WHERE  `recommender` = 'YJ1596269352'  AND `mer_count` > 0 [ RunTime:0.001167s ]
[2024-08-14T23:23:40+08:00][sql] SELECT * FROM `qing_user` WHERE  `id` = 2 LIMIT 1 [ RunTime:0.000884s ]
[2024-08-14T23:26:47+08:00][sql] CONNECT:[ UseTime:0.002932s ] mysql:host=127.0.0.1;port=3306;dbname=code0921;charset=utf8
[2024-08-14T23:26:47+08:00][sql] SHOW FULL COLUMNS FROM `qing_config` [ RunTime:0.002012s ]
[2024-08-14T23:26:47+08:00][sql] SELECT `value` FROM `qing_config` [ RunTime:0.000727s ]
[2024-08-14T23:26:47+08:00][sql] SHOW FULL COLUMNS FROM `qing_search` [ RunTime:0.001448s ]
[2024-08-14T23:26:47+08:00][sql] SELECT * FROM `qing_search` ORDER BY `id` DESC LIMIT 10 [ RunTime:0.005223s ]
[2024-08-14T23:26:47+08:00][sql] SHOW FULL COLUMNS FROM `qing_cart` [ RunTime:0.001495s ]
[2024-08-14T23:26:47+08:00][sql] SELECT COUNT(*) AS think_count FROM `qing_cart` WHERE  `user_id` = 2 [ RunTime:0.000875s ]
[2024-08-14T23:26:47+08:00][sql] SHOW FULL COLUMNS FROM `qing_user` [ RunTime:0.004153s ]
[2024-08-14T23:26:47+08:00][sql] SELECT * FROM `qing_user` WHERE  `recommender` = 'YJ1596269352'  AND `mer_count` >= 0 [ RunTime:0.000987s ]
[2024-08-14T23:26:47+08:00][sql] SELECT * FROM `qing_user` WHERE  `recommender` = 'YJ1596269352'  AND `mer_count` > 0 [ RunTime:0.000876s ]
[2024-08-14T23:26:47+08:00][error] [10501]SQLSTATE[42S22]: Column not found: 1054 Unknown column 'name' in 'field list'
[2024-08-14T23:28:15+08:00][sql] CONNECT:[ UseTime:0.011296s ] mysql:host=127.0.0.1;port=3306;dbname=code0921;charset=utf8
[2024-08-14T23:28:15+08:00][sql] SHOW FULL COLUMNS FROM `qing_config` [ RunTime:0.005852s ]
[2024-08-14T23:28:15+08:00][sql] SELECT `value` FROM `qing_config` [ RunTime:0.001411s ]
[2024-08-14T23:28:15+08:00][sql] SHOW FULL COLUMNS FROM `qing_search` [ RunTime:0.001166s ]
[2024-08-14T23:28:15+08:00][sql] SELECT * FROM `qing_search` ORDER BY `id` DESC LIMIT 10 [ RunTime:0.000771s ]
[2024-08-14T23:28:15+08:00][sql] SHOW FULL COLUMNS FROM `qing_cart` [ RunTime:0.001395s ]
[2024-08-14T23:28:15+08:00][sql] SELECT COUNT(*) AS think_count FROM `qing_cart` WHERE  `user_id` = 2 [ RunTime:0.000605s ]
[2024-08-14T23:28:15+08:00][sql] SHOW FULL COLUMNS FROM `qing_user` [ RunTime:0.002500s ]
[2024-08-14T23:28:15+08:00][sql] SELECT * FROM `qing_user` WHERE  `recommender` = 'YJ1596269352'  AND `mer_count` >= 0 [ RunTime:0.000648s ]
[2024-08-14T23:28:15+08:00][sql] SELECT * FROM `qing_user` WHERE  `recommender` = 'YJ1596269352'  AND `mer_count` > 0 [ RunTime:0.000542s ]
[2024-08-14T23:28:15+08:00][error] [10501]SQLSTATE[42S22]: Column not found: 1054 Unknown column 'name' in 'field list'
[2024-08-14T23:28:21+08:00][sql] CONNECT:[ UseTime:0.004475s ] mysql:host=127.0.0.1;port=3306;dbname=code0921;charset=utf8
[2024-08-14T23:28:21+08:00][sql] SHOW FULL COLUMNS FROM `qing_config` [ RunTime:0.003009s ]
[2024-08-14T23:28:21+08:00][sql] SELECT `value` FROM `qing_config` [ RunTime:0.001115s ]
[2024-08-14T23:28:21+08:00][sql] SHOW FULL COLUMNS FROM `qing_search` [ RunTime:0.002446s ]
[2024-08-14T23:28:21+08:00][sql] SELECT * FROM `qing_search` ORDER BY `id` DESC LIMIT 10 [ RunTime:0.001150s ]
[2024-08-14T23:28:21+08:00][sql] SHOW FULL COLUMNS FROM `qing_cart` [ RunTime:0.002415s ]
[2024-08-14T23:28:21+08:00][sql] SELECT COUNT(*) AS think_count FROM `qing_cart` WHERE  `user_id` = 2 [ RunTime:0.001439s ]
[2024-08-14T23:28:21+08:00][sql] SHOW FULL COLUMNS FROM `qing_user` [ RunTime:0.006657s ]
[2024-08-14T23:28:21+08:00][sql] SELECT * FROM `qing_user` WHERE  `recommender` = 'YJ1596269352'  AND `mer_count` >= 0 [ RunTime:0.001678s ]
[2024-08-14T23:28:21+08:00][sql] SELECT * FROM `qing_user` WHERE  `recommender` = 'YJ1596269352'  AND `mer_count` > 0 [ RunTime:0.001363s ]
[2024-08-14T23:28:21+08:00][error] [10501]SQLSTATE[42S22]: Column not found: 1054 Unknown column 'name' in 'field list'
[2024-08-14T23:29:17+08:00][sql] CONNECT:[ UseTime:0.002727s ] mysql:host=127.0.0.1;port=3306;dbname=code0921;charset=utf8
[2024-08-14T23:29:17+08:00][sql] SHOW FULL COLUMNS FROM `qing_config` [ RunTime:0.001517s ]
[2024-08-14T23:29:17+08:00][sql] SELECT `value` FROM `qing_config` [ RunTime:0.000588s ]
[2024-08-14T23:29:17+08:00][sql] SHOW FULL COLUMNS FROM `qing_search` [ RunTime:0.001320s ]
[2024-08-14T23:29:17+08:00][sql] SELECT * FROM `qing_search` ORDER BY `id` DESC LIMIT 10 [ RunTime:0.000718s ]
[2024-08-14T23:29:17+08:00][sql] SHOW FULL COLUMNS FROM `qing_cart` [ RunTime:0.001367s ]
[2024-08-14T23:29:17+08:00][sql] SELECT COUNT(*) AS think_count FROM `qing_cart` WHERE  `user_id` = 2 [ RunTime:0.000806s ]
[2024-08-14T23:29:17+08:00][sql] SHOW FULL COLUMNS FROM `qing_user` [ RunTime:0.004334s ]
[2024-08-14T23:29:17+08:00][sql] SELECT * FROM `qing_user` WHERE  `recommender` = 'YJ1596269352'  AND `mer_count` >= 0 [ RunTime:0.000982s ]
[2024-08-14T23:29:17+08:00][sql] SELECT * FROM `qing_user` WHERE  `recommender` = 'YJ1596269352'  AND `mer_count` > 0 [ RunTime:0.000848s ]
[2024-08-14T23:29:17+08:00][error] [10501]SQLSTATE[42S22]: Column not found: 1054 Unknown column 'name' in 'field list'
[2024-08-14T23:33:39+08:00][sql] CONNECT:[ UseTime:0.001430s ] mysql:host=127.0.0.1;port=3306;dbname=code0921;charset=utf8
[2024-08-14T23:33:39+08:00][sql] SHOW FULL COLUMNS FROM `qing_config` [ RunTime:0.012886s ]
[2024-08-14T23:33:39+08:00][sql] SELECT `value` FROM `qing_config` [ RunTime:0.000600s ]
[2024-08-14T23:33:39+08:00][sql] SHOW FULL COLUMNS FROM `qing_search` [ RunTime:0.000840s ]
[2024-08-14T23:33:39+08:00][sql] SELECT * FROM `qing_search` ORDER BY `id` DESC LIMIT 10 [ RunTime:0.000437s ]
[2024-08-14T23:33:39+08:00][sql] SHOW FULL COLUMNS FROM `qing_cart` [ RunTime:0.000790s ]
[2024-08-14T23:33:39+08:00][sql] SELECT COUNT(*) AS think_count FROM `qing_cart` WHERE  `user_id` = 2 [ RunTime:0.000657s ]
[2024-08-14T23:33:39+08:00][sql] SHOW FULL COLUMNS FROM `qing_user` [ RunTime:0.003521s ]
[2024-08-14T23:33:39+08:00][sql] SELECT * FROM `qing_user` WHERE  `recommender` = 'YJ1596269352'  AND `mer_count` >= 0 [ RunTime:0.000923s ]
[2024-08-14T23:33:39+08:00][sql] SELECT * FROM `qing_user` WHERE  `recommender` = 'YJ1596269352'  AND `mer_count` > 0 [ RunTime:0.000971s ]
[2024-08-14T23:33:39+08:00][error] [10501]SQLSTATE[42S22]: Column not found: 1054 Unknown column 'name' in 'field list'
[2024-08-14T23:37:36+08:00][sql] CONNECT:[ UseTime:0.002591s ] mysql:host=127.0.0.1;port=3306;dbname=code0921;charset=utf8
[2024-08-14T23:37:36+08:00][sql] SHOW FULL COLUMNS FROM `qing_config` [ RunTime:0.001545s ]
[2024-08-14T23:37:36+08:00][sql] SELECT `value` FROM `qing_config` [ RunTime:0.000575s ]
[2024-08-14T23:37:36+08:00][sql] SHOW FULL COLUMNS FROM `qing_search` [ RunTime:0.001308s ]
[2024-08-14T23:37:36+08:00][sql] SELECT * FROM `qing_search` ORDER BY `id` DESC LIMIT 10 [ RunTime:0.005335s ]
[2024-08-14T23:37:36+08:00][sql] SHOW FULL COLUMNS FROM `qing_cart` [ RunTime:0.001480s ]
[2024-08-14T23:37:36+08:00][sql] SELECT COUNT(*) AS think_count FROM `qing_cart` WHERE  `user_id` = 2 [ RunTime:0.000638s ]
[2024-08-14T23:37:36+08:00][sql] SHOW FULL COLUMNS FROM `qing_user` [ RunTime:0.004160s ]
[2024-08-14T23:37:36+08:00][sql] SELECT * FROM `qing_user` WHERE  `recommender` = 'YJ1596269352'  AND `mer_count` >= 0 [ RunTime:0.000862s ]
[2024-08-14T23:37:36+08:00][sql] SELECT * FROM `qing_user` WHERE  `recommender` = 'YJ1596269352'  AND `mer_count` > 0 [ RunTime:0.000698s ]
[2024-08-14T23:37:36+08:00][sql] SELECT * FROM `qing_user` WHERE  `id` = 2 LIMIT 1 [ RunTime:0.000812s ]
[2024-08-14T23:41:34+08:00][sql] CONNECT:[ UseTime:0.011170s ] mysql:host=127.0.0.1;port=3306;dbname=code0921;charset=utf8
[2024-08-14T23:41:34+08:00][sql] SHOW FULL COLUMNS FROM `qing_config` [ RunTime:0.004088s ]
[2024-08-14T23:41:34+08:00][sql] SELECT `value` FROM `qing_config` [ RunTime:0.000398s ]
[2024-08-14T23:41:34+08:00][sql] SHOW FULL COLUMNS FROM `qing_search` [ RunTime:0.000981s ]
[2024-08-14T23:41:34+08:00][sql] SELECT * FROM `qing_search` ORDER BY `id` DESC LIMIT 10 [ RunTime:0.000553s ]
[2024-08-14T23:41:34+08:00][sql] SHOW FULL COLUMNS FROM `qing_cart` [ RunTime:0.000766s ]
[2024-08-14T23:41:34+08:00][sql] SELECT COUNT(*) AS think_count FROM `qing_cart` WHERE  `user_id` = 2 [ RunTime:0.000518s ]
[2024-08-14T23:41:34+08:00][sql] SHOW FULL COLUMNS FROM `qing_user` [ RunTime:0.001005s ]
[2024-08-14T23:41:34+08:00][sql] SELECT * FROM `qing_user` WHERE  `recommender` = 'YJ1596269352'  AND `mer_count` >= 0 [ RunTime:0.000738s ]
[2024-08-14T23:41:34+08:00][sql] SELECT * FROM `qing_user` WHERE  `recommender` = 'YJ1596269352'  AND `mer_count` > 0 [ RunTime:0.000734s ]
[2024-08-14T23:41:34+08:00][error] [10501]SQLSTATE[42S22]: Column not found: 1054 Unknown column 'name' in 'field list'
[2024-08-14T23:42:13+08:00][sql] CONNECT:[ UseTime:0.001529s ] mysql:host=127.0.0.1;port=3306;dbname=code0921;charset=utf8
[2024-08-14T23:42:13+08:00][sql] SHOW FULL COLUMNS FROM `qing_config` [ RunTime:0.000906s ]
[2024-08-14T23:42:13+08:00][sql] SELECT `value` FROM `qing_config` [ RunTime:0.000496s ]
[2024-08-14T23:42:13+08:00][sql] SHOW FULL COLUMNS FROM `qing_search` [ RunTime:0.000973s ]
[2024-08-14T23:42:13+08:00][sql] SELECT * FROM `qing_search` ORDER BY `id` DESC LIMIT 10 [ RunTime:0.000455s ]
[2024-08-14T23:42:13+08:00][sql] SHOW FULL COLUMNS FROM `qing_cart` [ RunTime:0.000807s ]
[2024-08-14T23:42:13+08:00][sql] SELECT COUNT(*) AS think_count FROM `qing_cart` WHERE  `user_id` = 2 [ RunTime:0.000538s ]
[2024-08-14T23:42:13+08:00][sql] SHOW FULL COLUMNS FROM `qing_user` [ RunTime:0.000984s ]
[2024-08-14T23:42:13+08:00][sql] SELECT * FROM `qing_user` WHERE  `recommender` = 'YJ1596269352'  AND `mer_count` >= 0 [ RunTime:0.000925s ]
[2024-08-14T23:42:13+08:00][sql] SELECT * FROM `qing_user` WHERE  `recommender` = 'YJ1596269352'  AND `mer_count` > 0 [ RunTime:0.000707s ]
[2024-08-14T23:42:13+08:00][sql] SELECT `id`,`username`,`email`,`phone`,`avatar`,`status`,`created_at`,`updated_at`,`last_login_time` FROM `qing_user` WHERE  `id` = 2 [ RunTime:0.000413s ]
[2024-08-14T23:42:29+08:00][sql] CONNECT:[ UseTime:0.011512s ] mysql:host=127.0.0.1;port=3306;dbname=code0921;charset=utf8
[2024-08-14T23:42:29+08:00][sql] SHOW FULL COLUMNS FROM `qing_config` [ RunTime:0.000737s ]
[2024-08-14T23:42:29+08:00][sql] SELECT `value` FROM `qing_config` [ RunTime:0.000361s ]
[2024-08-14T23:42:29+08:00][sql] SHOW FULL COLUMNS FROM `qing_search` [ RunTime:0.000732s ]
[2024-08-14T23:42:29+08:00][sql] SELECT * FROM `qing_search` ORDER BY `id` DESC LIMIT 10 [ RunTime:0.000343s ]
[2024-08-14T23:42:29+08:00][sql] SHOW FULL COLUMNS FROM `qing_cart` [ RunTime:0.000660s ]
[2024-08-14T23:42:29+08:00][sql] SELECT COUNT(*) AS think_count FROM `qing_cart` WHERE  `user_id` = 2 [ RunTime:0.000379s ]
[2024-08-14T23:42:29+08:00][sql] SHOW FULL COLUMNS FROM `qing_user` [ RunTime:0.000791s ]
[2024-08-14T23:42:29+08:00][sql] SELECT * FROM `qing_user` WHERE  `recommender` = 'YJ1596269352'  AND `mer_count` >= 0 [ RunTime:0.000468s ]
[2024-08-14T23:42:29+08:00][sql] SELECT * FROM `qing_user` WHERE  `recommender` = 'YJ1596269352'  AND `mer_count` > 0 [ RunTime:0.000436s ]
[2024-08-14T23:42:29+08:00][sql] SELECT `id`,`username`,`email`,`phone`,`avatar`,`status`,`created_at`,`updated_at`,`last_login_time` FROM `qing_user` WHERE  `id` = 2 LIMIT 1 [ RunTime:0.000345s ]
[2024-08-14T23:42:44+08:00][sql] CONNECT:[ UseTime:0.001871s ] mysql:host=127.0.0.1;port=3306;dbname=code0921;charset=utf8
[2024-08-14T23:42:44+08:00][sql] SHOW FULL COLUMNS FROM `qing_config` [ RunTime:0.002339s ]
[2024-08-14T23:42:44+08:00][sql] SELECT `value` FROM `qing_config` [ RunTime:0.000433s ]
[2024-08-14T23:42:44+08:00][sql] SHOW FULL COLUMNS FROM `qing_search` [ RunTime:0.001872s ]
[2024-08-14T23:42:44+08:00][sql] SELECT * FROM `qing_search` ORDER BY `id` DESC LIMIT 10 [ RunTime:0.000450s ]
[2024-08-14T23:42:44+08:00][sql] SHOW FULL COLUMNS FROM `qing_cart` [ RunTime:0.000963s ]
[2024-08-14T23:42:44+08:00][sql] SELECT COUNT(*) AS think_count FROM `qing_cart` WHERE  `user_id` = 2 [ RunTime:0.000440s ]
[2024-08-14T23:42:44+08:00][sql] SHOW FULL COLUMNS FROM `qing_user` [ RunTime:0.001394s ]
[2024-08-14T23:42:44+08:00][sql] SELECT * FROM `qing_user` WHERE  `recommender` = 'YJ1596269352'  AND `mer_count` >= 0 [ RunTime:0.000962s ]
[2024-08-14T23:42:44+08:00][sql] SELECT * FROM `qing_user` WHERE  `recommender` = 'YJ1596269352'  AND `mer_count` > 0 [ RunTime:0.000885s ]
[2024-08-14T23:42:44+08:00][sql] SELECT `id`,`username`,`email`,`phone`,`avatar`,`status`,`created_at`,`updated_at`,`last_login_time` FROM `qing_user` WHERE  `id` = 2 [ RunTime:0.000602s ]
[2024-08-14T23:42:59+08:00][sql] CONNECT:[ UseTime:0.011120s ] mysql:host=127.0.0.1;port=3306;dbname=code0921;charset=utf8
[2024-08-14T23:42:59+08:00][sql] SHOW FULL COLUMNS FROM `qing_config` [ RunTime:0.001442s ]
[2024-08-14T23:42:59+08:00][sql] SELECT `value` FROM `qing_config` [ RunTime:0.000533s ]
[2024-08-14T23:42:59+08:00][sql] SHOW FULL COLUMNS FROM `qing_search` [ RunTime:0.001336s ]
[2024-08-14T23:42:59+08:00][sql] SELECT * FROM `qing_search` ORDER BY `id` DESC LIMIT 10 [ RunTime:0.000639s ]
[2024-08-14T23:42:59+08:00][sql] SHOW FULL COLUMNS FROM `qing_cart` [ RunTime:0.001279s ]
[2024-08-14T23:42:59+08:00][sql] SELECT COUNT(*) AS think_count FROM `qing_cart` WHERE  `user_id` = 2 [ RunTime:0.000621s ]
[2024-08-14T23:42:59+08:00][sql] SHOW FULL COLUMNS FROM `qing_user` [ RunTime:0.001474s ]
[2024-08-14T23:42:59+08:00][sql] SELECT * FROM `qing_user` WHERE  `recommender` = 'YJ1596269352'  AND `mer_count` >= 0 [ RunTime:0.000853s ]
[2024-08-14T23:42:59+08:00][sql] SELECT * FROM `qing_user` WHERE  `recommender` = 'YJ1596269352'  AND `mer_count` > 0 [ RunTime:0.000619s ]
[2024-08-14T23:42:59+08:00][sql] SELECT `id`,`username`,`email`,`phone`,`avatar`,`status`,`created_at`,`updated_at`,`last_login_time` FROM `qing_user` WHERE  `id` = 2 LIMIT 1 [ RunTime:0.000479s ]
[2024-08-14T23:45:32+08:00][sql] CONNECT:[ UseTime:0.011978s ] mysql:host=127.0.0.1;port=3306;dbname=code0921;charset=utf8
[2024-08-14T23:45:32+08:00][sql] SHOW FULL COLUMNS FROM `qing_config` [ RunTime:0.001752s ]
[2024-08-14T23:45:32+08:00][sql] SELECT `value` FROM `qing_config` [ RunTime:0.000712s ]
[2024-08-14T23:45:32+08:00][sql] SHOW FULL COLUMNS FROM `qing_search` [ RunTime:0.001678s ]
[2024-08-14T23:45:32+08:00][sql] SELECT * FROM `qing_search` ORDER BY `id` DESC LIMIT 10 [ RunTime:0.000703s ]
[2024-08-14T23:45:32+08:00][sql] SHOW FULL COLUMNS FROM `qing_cart` [ RunTime:0.001542s ]
[2024-08-14T23:45:32+08:00][sql] SELECT COUNT(*) AS think_count FROM `qing_cart` WHERE  `user_id` = 2 [ RunTime:0.000747s ]
[2024-08-14T23:45:32+08:00][sql] SHOW FULL COLUMNS FROM `qing_user` [ RunTime:0.004836s ]
[2024-08-14T23:45:32+08:00][sql] SELECT * FROM `qing_user` WHERE  `recommender` = 'YJ1596269352'  AND `mer_count` >= 0 [ RunTime:0.001857s ]
[2024-08-14T23:45:32+08:00][sql] SELECT * FROM `qing_user` WHERE  `recommender` = 'YJ1596269352'  AND `mer_count` > 0 [ RunTime:0.002020s ]
[2024-08-14T23:45:32+08:00][sql] SELECT `id`,`username`,`name`,`email`,`phone`,`avatar`,`status`,`created_at`,`updated_at`,`last_login_time` FROM `qing_user` WHERE  `id` = 2 LIMIT 1 [ RunTime:0.001545s ]
[2024-08-14T23:49:34+08:00][sql] CONNECT:[ UseTime:0.010427s ] mysql:host=127.0.0.1;port=3306;dbname=code0921;charset=utf8
[2024-08-14T23:49:34+08:00][sql] SHOW FULL COLUMNS FROM `qing_config` [ RunTime:0.000940s ]
[2024-08-14T23:49:34+08:00][sql] SELECT `value` FROM `qing_config` [ RunTime:0.000565s ]
[2024-08-14T23:49:34+08:00][sql] SHOW FULL COLUMNS FROM `qing_search` [ RunTime:0.000878s ]
[2024-08-14T23:49:34+08:00][sql] SELECT * FROM `qing_search` ORDER BY `id` DESC LIMIT 10 [ RunTime:0.000825s ]
[2024-08-14T23:49:34+08:00][sql] SHOW FULL COLUMNS FROM `qing_cart` [ RunTime:0.001509s ]
[2024-08-14T23:49:34+08:00][sql] SELECT COUNT(*) AS think_count FROM `qing_cart` WHERE  `user_id` = 2 [ RunTime:0.000963s ]
[2024-08-14T23:49:34+08:00][sql] SHOW FULL COLUMNS FROM `qing_user` [ RunTime:0.003667s ]
[2024-08-14T23:49:34+08:00][sql] SELECT * FROM `qing_user` WHERE  `recommender` = 'YJ1596269352'  AND `mer_count` >= 0 [ RunTime:0.000961s ]
[2024-08-14T23:49:34+08:00][sql] SELECT * FROM `qing_user` WHERE  `recommender` = 'YJ1596269352'  AND `mer_count` > 0 [ RunTime:0.000858s ]
[2024-08-14T23:49:34+08:00][sql] SELECT `id`,`username`,`name`,`email`,`phone`,`avatar`,`status`,`unum`,`total`,`created_at`,`updated_at`,`last_login_time` FROM `qing_user` WHERE  `id` = 2 LIMIT 1 [ RunTime:0.000703s ]
[2024-08-14T23:51:27+08:00][sql] CONNECT:[ UseTime:0.011267s ] mysql:host=127.0.0.1;port=3306;dbname=code0921;charset=utf8
[2024-08-14T23:51:27+08:00][sql] SHOW FULL COLUMNS FROM `qing_config` [ RunTime:0.006614s ]
[2024-08-14T23:51:27+08:00][sql] SELECT `value` FROM `qing_config` [ RunTime:0.000756s ]
[2024-08-14T23:51:27+08:00][sql] SHOW FULL COLUMNS FROM `qing_search` [ RunTime:0.001735s ]
[2024-08-14T23:51:27+08:00][sql] SELECT * FROM `qing_search` ORDER BY `id` DESC LIMIT 10 [ RunTime:0.000775s ]
[2024-08-14T23:51:27+08:00][sql] SHOW FULL COLUMNS FROM `qing_cart` [ RunTime:0.001367s ]
[2024-08-14T23:51:27+08:00][sql] SELECT COUNT(*) AS think_count FROM `qing_cart` WHERE  `user_id` = 2 [ RunTime:0.000744s ]
[2024-08-14T23:51:27+08:00][sql] SHOW FULL COLUMNS FROM `qing_user` [ RunTime:0.003409s ]
[2024-08-14T23:51:27+08:00][sql] SELECT * FROM `qing_user` WHERE  `recommender` = 'YJ1596269352'  AND `mer_count` >= 0 [ RunTime:0.000884s ]
[2024-08-14T23:51:27+08:00][sql] SELECT * FROM `qing_user` WHERE  `recommender` = 'YJ1596269352'  AND `mer_count` > 0 [ RunTime:0.000823s ]
[2024-08-14T23:51:27+08:00][sql] SELECT `id`,`username`,`name`,`email`,`phone`,`avatar`,`status`,`unum`,`total`,`created_at`,`updated_at`,`last_login_time` FROM `qing_user` WHERE  `id` = 2 LIMIT 1 [ RunTime:0.000731s ]
[2024-08-14T23:59:52+08:00][sql] CONNECT:[ UseTime:0.007247s ] mysql:host=127.0.0.1;port=3306;dbname=code0921;charset=utf8
[2024-08-14T23:59:52+08:00][sql] SHOW FULL COLUMNS FROM `qing_config` [ RunTime:0.006075s ]
[2024-08-14T23:59:52+08:00][sql] SELECT `value` FROM `qing_config` [ RunTime:0.002724s ]
[2024-08-14T23:59:52+08:00][sql] SHOW FULL COLUMNS FROM `qing_search` [ RunTime:0.003426s ]
[2024-08-14T23:59:52+08:00][sql] SELECT * FROM `qing_search` ORDER BY `id` DESC LIMIT 10 [ RunTime:0.001385s ]
[2024-08-14T23:59:52+08:00][sql] SHOW FULL COLUMNS FROM `qing_cart` [ RunTime:0.002643s ]
[2024-08-14T23:59:52+08:00][sql] SELECT COUNT(*) AS think_count FROM `qing_cart` WHERE  `user_id` = 2 [ RunTime:0.001335s ]
[2024-08-14T23:59:52+08:00][sql] SHOW FULL COLUMNS FROM `qing_ad` [ RunTime:0.009043s ]
[2024-08-14T23:59:52+08:00][sql] SELECT * FROM `qing_ad` WHERE  `type_id` = 1 [ RunTime:0.001896s ]
[2024-08-14T23:59:52+08:00][sql] SHOW FULL COLUMNS FROM `qing_goods` [ RunTime:0.008215s ]
[2024-08-14T23:59:52+08:00][sql] SELECT `goods_id`,`goods_name`,`goods_price`,`stock`,`selnumber`,`goods_thumb`,`description`,`collects_count`,`cover_url` FROM `qing_goods` [ RunTime:0.001545s ]
[2024-08-14T23:59:52+08:00][sql] SELECT `id`,`title`,`url`,`thumb`,`status`,`seq`,`created_at`,`updated_at`,`img_url` FROM `qing_ad` [ RunTime:0.001209s ]
