[2024-08-05T12:35:08+08:00][sql] CONNECT:[ UseTime:0.003364s ] mysql:host=127.0.0.1;port=3306;dbname=code0921;charset=utf8
[2024-08-05T12:35:08+08:00][sql] SHOW FULL COLUMNS FROM `qing_config` [ RunTime:0.002811s ]
[2024-08-05T12:35:08+08:00][sql] SELECT `value` FROM `qing_config` [ RunTime:0.000369s ]
[2024-08-05T12:35:08+08:00][sql] SHOW FULL COLUMNS FROM `qing_search` [ RunTime:0.000934s ]
[2024-08-05T12:35:08+08:00][sql] SELECT * FROM `qing_search` ORDER BY `id` DESC LIMIT 10 [ RunTime:0.000388s ]
[2024-08-05T12:35:08+08:00][sql] SHOW FULL COLUMNS FROM `qing_cart` [ RunTime:0.000857s ]
[2024-08-05T12:35:08+08:00][sql] SELECT COUNT(*) AS think_count FROM `qing_cart` WHERE  `user_id` IS NULL [ RunTime:0.000226s ]
[2024-08-05T12:35:08+08:00][sql] SHOW FULL COLUMNS FROM `qing_ad` [ RunTime:0.000771s ]
[2024-08-05T12:35:08+08:00][sql] SELECT * FROM `qing_ad` WHERE  `type_id` = 1 [ RunTime:0.000381s ]
[2024-08-05T12:35:08+08:00][sql] SHOW FULL COLUMNS FROM `qing_goods` [ RunTime:0.000911s ]
[2024-08-05T12:35:08+08:00][sql] SELECT `goods_id`,`goods_name`,`goods_price`,`stock`,`selnumber`,`goods_thumb`,`description`,`collects_count`,`cover_url` FROM `qing_goods` [ RunTime:0.000423s ]
[2024-08-05T12:35:08+08:00][sql] SELECT `id`,`title`,`url`,`thumb`,`status`,`seq`,`created_at`,`updated_at`,`img_url` FROM `qing_ad` [ RunTime:0.000191s ]
[2024-08-05T12:35:08+08:00][error] [2]Illegal offset type
[2024-08-05T12:52:45+08:00][sql] CONNECT:[ UseTime:0.001410s ] mysql:host=127.0.0.1;port=3306;dbname=code0921;charset=utf8
[2024-08-05T12:52:45+08:00][sql] SHOW FULL COLUMNS FROM `qing_config` [ RunTime:0.001277s ]
[2024-08-05T12:52:45+08:00][sql] SELECT `value` FROM `qing_config` [ RunTime:0.000297s ]
[2024-08-05T12:52:45+08:00][sql] SHOW FULL COLUMNS FROM `qing_search` [ RunTime:0.001469s ]
[2024-08-05T12:52:45+08:00][sql] SELECT * FROM `qing_search` ORDER BY `id` DESC LIMIT 10 [ RunTime:0.000378s ]
[2024-08-05T12:52:45+08:00][sql] SHOW FULL COLUMNS FROM `qing_cart` [ RunTime:0.000764s ]
[2024-08-05T12:52:45+08:00][sql] SELECT COUNT(*) AS think_count FROM `qing_cart` WHERE  `user_id` IS NULL [ RunTime:0.000209s ]
[2024-08-05T12:52:45+08:00][sql] SHOW FULL COLUMNS FROM `qing_ad` [ RunTime:0.000785s ]
[2024-08-05T12:52:45+08:00][sql] SELECT * FROM `qing_ad` WHERE  `type_id` = 1 [ RunTime:0.000339s ]
[2024-08-05T12:52:45+08:00][sql] SHOW FULL COLUMNS FROM `qing_goods` [ RunTime:0.000934s ]
[2024-08-05T12:52:45+08:00][sql] SELECT `goods_id`,`goods_name`,`goods_price`,`stock`,`selnumber`,`goods_thumb`,`description`,`collects_count`,`cover_url` FROM `qing_goods` [ RunTime:0.000315s ]
[2024-08-05T12:52:45+08:00][sql] SELECT `id`,`title`,`url`,`thumb`,`status`,`seq`,`created_at`,`updated_at`,`img_url` FROM `qing_ad` [ RunTime:0.000194s ]
[2024-08-05T12:52:45+08:00][error] [2]Illegal offset type
[2024-08-05T12:58:47+08:00][sql] CONNECT:[ UseTime:0.001401s ] mysql:host=127.0.0.1;port=3306;dbname=code0921;charset=utf8
[2024-08-05T12:58:47+08:00][sql] SHOW FULL COLUMNS FROM `qing_config` [ RunTime:0.001078s ]
[2024-08-05T12:58:47+08:00][sql] SELECT `value` FROM `qing_config` [ RunTime:0.000264s ]
[2024-08-05T12:58:47+08:00][sql] SHOW FULL COLUMNS FROM `qing_search` [ RunTime:0.000785s ]
[2024-08-05T12:58:47+08:00][sql] SELECT * FROM `qing_search` ORDER BY `id` DESC LIMIT 10 [ RunTime:0.000245s ]
[2024-08-05T12:58:47+08:00][sql] SHOW FULL COLUMNS FROM `qing_cart` [ RunTime:0.000666s ]
[2024-08-05T12:58:47+08:00][sql] SELECT COUNT(*) AS think_count FROM `qing_cart` WHERE  `user_id` IS NULL [ RunTime:0.000190s ]
[2024-08-05T12:58:47+08:00][sql] SHOW FULL COLUMNS FROM `qing_ad` [ RunTime:0.000685s ]
[2024-08-05T12:58:47+08:00][sql] SELECT * FROM `qing_ad` WHERE  `type_id` = 1 [ RunTime:0.000295s ]
[2024-08-05T12:58:47+08:00][sql] SHOW FULL COLUMNS FROM `qing_goods` [ RunTime:0.001170s ]
[2024-08-05T12:58:47+08:00][sql] SELECT `goods_id`,`goods_name`,`goods_price`,`stock`,`selnumber`,`goods_thumb`,`description`,`collects_count`,`cover_url` FROM `qing_goods` [ RunTime:0.000460s ]
[2024-08-05T12:58:47+08:00][sql] SELECT `id`,`title`,`url`,`thumb`,`status`,`seq`,`created_at`,`updated_at`,`img_url` FROM `qing_ad` [ RunTime:0.000232s ]
[2024-08-05T12:58:47+08:00][error] [8]Array to string conversion
[2024-08-05T12:59:07+08:00][sql] CONNECT:[ UseTime:0.001199s ] mysql:host=127.0.0.1;port=3306;dbname=code0921;charset=utf8
[2024-08-05T12:59:07+08:00][sql] SHOW FULL COLUMNS FROM `qing_config` [ RunTime:0.001042s ]
[2024-08-05T12:59:07+08:00][sql] SELECT `value` FROM `qing_config` [ RunTime:0.000230s ]
[2024-08-05T12:59:07+08:00][sql] SHOW FULL COLUMNS FROM `qing_search` [ RunTime:0.000841s ]
[2024-08-05T12:59:07+08:00][sql] SELECT * FROM `qing_search` ORDER BY `id` DESC LIMIT 10 [ RunTime:0.000255s ]
[2024-08-05T12:59:07+08:00][sql] SHOW FULL COLUMNS FROM `qing_cart` [ RunTime:0.000635s ]
[2024-08-05T12:59:07+08:00][sql] SELECT COUNT(*) AS think_count FROM `qing_cart` WHERE  `user_id` IS NULL [ RunTime:0.000189s ]
[2024-08-05T12:59:07+08:00][sql] SHOW FULL COLUMNS FROM `qing_ad` [ RunTime:0.000681s ]
[2024-08-05T12:59:07+08:00][sql] SELECT * FROM `qing_ad` WHERE  `type_id` = 1 [ RunTime:0.000269s ]
[2024-08-05T12:59:07+08:00][sql] SHOW FULL COLUMNS FROM `qing_goods` [ RunTime:0.000855s ]
[2024-08-05T12:59:07+08:00][sql] SELECT `goods_id`,`goods_name`,`goods_price`,`stock`,`selnumber`,`goods_thumb`,`description`,`collects_count`,`cover_url` FROM `qing_goods` [ RunTime:0.000349s ]
[2024-08-05T12:59:07+08:00][sql] SELECT `id`,`title`,`url`,`thumb`,`status`,`seq`,`created_at`,`updated_at`,`img_url` FROM `qing_ad` [ RunTime:0.000211s ]
[2024-08-05T12:59:07+08:00][error] [8]未定义变量: newslides
[2024-08-05T12:59:48+08:00][sql] CONNECT:[ UseTime:0.001408s ] mysql:host=127.0.0.1;port=3306;dbname=code0921;charset=utf8
[2024-08-05T12:59:48+08:00][sql] SHOW FULL COLUMNS FROM `qing_config` [ RunTime:0.001261s ]
[2024-08-05T12:59:48+08:00][sql] SELECT `value` FROM `qing_config` [ RunTime:0.000227s ]
[2024-08-05T12:59:48+08:00][sql] SHOW FULL COLUMNS FROM `qing_search` [ RunTime:0.000739s ]
[2024-08-05T12:59:48+08:00][sql] SELECT * FROM `qing_search` ORDER BY `id` DESC LIMIT 10 [ RunTime:0.000258s ]
[2024-08-05T12:59:48+08:00][sql] SHOW FULL COLUMNS FROM `qing_cart` [ RunTime:0.000694s ]
[2024-08-05T12:59:48+08:00][sql] SELECT COUNT(*) AS think_count FROM `qing_cart` WHERE  `user_id` IS NULL [ RunTime:0.000315s ]
[2024-08-05T12:59:48+08:00][sql] SHOW FULL COLUMNS FROM `qing_ad` [ RunTime:0.001053s ]
[2024-08-05T12:59:48+08:00][sql] SELECT * FROM `qing_ad` WHERE  `type_id` = 1 [ RunTime:0.000382s ]
[2024-08-05T12:59:48+08:00][sql] SHOW FULL COLUMNS FROM `qing_goods` [ RunTime:0.000836s ]
[2024-08-05T12:59:48+08:00][sql] SELECT `goods_id`,`goods_name`,`goods_price`,`stock`,`selnumber`,`goods_thumb`,`description`,`collects_count`,`cover_url` FROM `qing_goods` [ RunTime:0.000336s ]
[2024-08-05T12:59:48+08:00][sql] SELECT `id`,`title`,`url`,`thumb`,`status`,`seq`,`created_at`,`updated_at`,`img_url` FROM `qing_ad` [ RunTime:0.000198s ]
[2024-08-05T12:59:48+08:00][sql] SHOW FULL COLUMNS FROM `qing_category` [ RunTime:0.000918s ]
[2024-08-05T12:59:48+08:00][sql] SELECT `id`,`parent_id`,`cate_name` FROM `qing_category` ORDER BY `listorder` ASC [ RunTime:0.000469s ]
[2024-08-05T12:59:48+08:00][error] [8]未定义变量: goodsData5
[2024-08-05T13:00:19+08:00][sql] CONNECT:[ UseTime:0.001092s ] mysql:host=127.0.0.1;port=3306;dbname=code0921;charset=utf8
[2024-08-05T13:00:19+08:00][sql] SHOW FULL COLUMNS FROM `qing_config` [ RunTime:0.001051s ]
[2024-08-05T13:00:19+08:00][sql] SELECT `value` FROM `qing_config` [ RunTime:0.000257s ]
[2024-08-05T13:00:19+08:00][sql] SHOW FULL COLUMNS FROM `qing_search` [ RunTime:0.000724s ]
[2024-08-05T13:00:19+08:00][sql] SELECT * FROM `qing_search` ORDER BY `id` DESC LIMIT 10 [ RunTime:0.000238s ]
[2024-08-05T13:00:19+08:00][sql] SHOW FULL COLUMNS FROM `qing_cart` [ RunTime:0.000814s ]
[2024-08-05T13:00:19+08:00][sql] SELECT COUNT(*) AS think_count FROM `qing_cart` WHERE  `user_id` IS NULL [ RunTime:0.000307s ]
[2024-08-05T13:00:19+08:00][sql] SHOW FULL COLUMNS FROM `qing_ad` [ RunTime:0.000931s ]
[2024-08-05T13:00:19+08:00][sql] SELECT * FROM `qing_ad` WHERE  `type_id` = 1 [ RunTime:0.000312s ]
[2024-08-05T13:00:19+08:00][sql] SHOW FULL COLUMNS FROM `qing_goods` [ RunTime:0.000833s ]
[2024-08-05T13:00:19+08:00][sql] SELECT `goods_id`,`goods_name`,`goods_price`,`stock`,`selnumber`,`goods_thumb`,`description`,`collects_count`,`cover_url` FROM `qing_goods` [ RunTime:0.000300s ]
[2024-08-05T13:00:19+08:00][sql] SELECT `id`,`title`,`url`,`thumb`,`status`,`seq`,`created_at`,`updated_at`,`img_url` FROM `qing_ad` [ RunTime:0.000186s ]
[2024-08-05T13:00:19+08:00][sql] SHOW FULL COLUMNS FROM `qing_category` [ RunTime:0.000754s ]
[2024-08-05T13:00:19+08:00][sql] SELECT `id`,`parent_id`,`cate_name` FROM `qing_category` ORDER BY `listorder` ASC [ RunTime:0.000348s ]
[2024-08-05T13:00:19+08:00][error] [8]未定义变量: goodsData5
[2024-08-05T13:02:21+08:00][sql] CONNECT:[ UseTime:0.001208s ] mysql:host=127.0.0.1;port=3306;dbname=code0921;charset=utf8
[2024-08-05T13:02:21+08:00][sql] SHOW FULL COLUMNS FROM `qing_config` [ RunTime:0.000941s ]
[2024-08-05T13:02:21+08:00][sql] SELECT `value` FROM `qing_config` [ RunTime:0.000222s ]
[2024-08-05T13:02:21+08:00][sql] SHOW FULL COLUMNS FROM `qing_search` [ RunTime:0.000748s ]
[2024-08-05T13:02:21+08:00][sql] SELECT * FROM `qing_search` ORDER BY `id` DESC LIMIT 10 [ RunTime:0.000305s ]
[2024-08-05T13:02:21+08:00][sql] SHOW FULL COLUMNS FROM `qing_cart` [ RunTime:0.000660s ]
[2024-08-05T13:02:21+08:00][sql] SELECT COUNT(*) AS think_count FROM `qing_cart` WHERE  `user_id` IS NULL [ RunTime:0.000180s ]
[2024-08-05T13:02:21+08:00][sql] SHOW FULL COLUMNS FROM `qing_ad` [ RunTime:0.000698s ]
[2024-08-05T13:02:21+08:00][sql] SELECT * FROM `qing_ad` WHERE  `type_id` = 1 [ RunTime:0.000275s ]
[2024-08-05T13:02:21+08:00][sql] SHOW FULL COLUMNS FROM `qing_goods` [ RunTime:0.001291s ]
[2024-08-05T13:02:21+08:00][sql] SELECT `goods_id`,`goods_name`,`goods_price`,`stock`,`selnumber`,`goods_thumb`,`description`,`collects_count`,`cover_url` FROM `qing_goods` [ RunTime:0.000373s ]
[2024-08-05T13:02:21+08:00][sql] SELECT `id`,`title`,`url`,`thumb`,`status`,`seq`,`created_at`,`updated_at`,`img_url` FROM `qing_ad` [ RunTime:0.000205s ]
[2024-08-05T13:03:20+08:00][sql] CONNECT:[ UseTime:0.001039s ] mysql:host=127.0.0.1;port=3306;dbname=code0921;charset=utf8
[2024-08-05T13:03:20+08:00][sql] SHOW FULL COLUMNS FROM `qing_config` [ RunTime:0.000937s ]
[2024-08-05T13:03:20+08:00][sql] SELECT `value` FROM `qing_config` [ RunTime:0.000227s ]
[2024-08-05T13:03:20+08:00][sql] SHOW FULL COLUMNS FROM `qing_search` [ RunTime:0.000790s ]
[2024-08-05T13:03:20+08:00][sql] SELECT * FROM `qing_search` ORDER BY `id` DESC LIMIT 10 [ RunTime:0.000231s ]
[2024-08-05T13:03:20+08:00][sql] SHOW FULL COLUMNS FROM `qing_cart` [ RunTime:0.000635s ]
[2024-08-05T13:03:20+08:00][sql] SELECT COUNT(*) AS think_count FROM `qing_cart` WHERE  `user_id` IS NULL [ RunTime:0.000173s ]
[2024-08-05T13:03:20+08:00][sql] SHOW FULL COLUMNS FROM `qing_ad` [ RunTime:0.000717s ]
[2024-08-05T13:03:20+08:00][sql] SELECT * FROM `qing_ad` WHERE  `type_id` = 1 [ RunTime:0.000328s ]
[2024-08-05T13:03:20+08:00][sql] SHOW FULL COLUMNS FROM `qing_goods` [ RunTime:0.000825s ]
[2024-08-05T13:03:20+08:00][sql] SELECT `goods_id`,`goods_name`,`goods_price`,`stock`,`selnumber`,`goods_thumb`,`description`,`collects_count`,`cover_url` FROM `qing_goods` [ RunTime:0.000430s ]
[2024-08-05T13:03:20+08:00][sql] SELECT `id`,`title`,`url`,`thumb`,`status`,`seq`,`created_at`,`updated_at`,`img_url` FROM `qing_ad` [ RunTime:0.000219s ]
[2024-08-05T13:03:20+08:00][sql] SHOW FULL COLUMNS FROM `qing_category` [ RunTime:0.001609s ]
[2024-08-05T13:03:20+08:00][sql] SELECT `id`,`parent_id`,`cate_name` FROM `qing_category` ORDER BY `listorder` ASC [ RunTime:0.000520s ]
[2024-08-05T13:03:20+08:00][error] [8]未定义变量: goodsData5
[2024-08-05T13:04:40+08:00][sql] CONNECT:[ UseTime:0.001493s ] mysql:host=127.0.0.1;port=3306;dbname=code0921;charset=utf8
[2024-08-05T13:04:40+08:00][sql] SHOW FULL COLUMNS FROM `qing_config` [ RunTime:0.001068s ]
[2024-08-05T13:04:40+08:00][sql] SELECT `value` FROM `qing_config` [ RunTime:0.000331s ]
[2024-08-05T13:04:40+08:00][sql] SHOW FULL COLUMNS FROM `qing_search` [ RunTime:0.000914s ]
[2024-08-05T13:04:40+08:00][sql] SELECT * FROM `qing_search` ORDER BY `id` DESC LIMIT 10 [ RunTime:0.000261s ]
[2024-08-05T13:04:40+08:00][sql] SHOW FULL COLUMNS FROM `qing_cart` [ RunTime:0.000707s ]
[2024-08-05T13:04:40+08:00][sql] SELECT COUNT(*) AS think_count FROM `qing_cart` WHERE  `user_id` IS NULL [ RunTime:0.000196s ]
[2024-08-05T13:04:40+08:00][sql] SHOW FULL COLUMNS FROM `qing_ad` [ RunTime:0.000709s ]
[2024-08-05T13:04:40+08:00][sql] SELECT * FROM `qing_ad` WHERE  `type_id` = 1 [ RunTime:0.000302s ]
[2024-08-05T13:04:40+08:00][sql] SHOW FULL COLUMNS FROM `qing_goods` [ RunTime:0.000913s ]
[2024-08-05T13:04:40+08:00][sql] SELECT `goods_id`,`goods_name`,`goods_price`,`stock`,`selnumber`,`goods_thumb`,`description`,`collects_count`,`cover_url` FROM `qing_goods` [ RunTime:0.000465s ]
[2024-08-05T13:04:40+08:00][sql] SELECT `id`,`title`,`url`,`thumb`,`status`,`seq`,`created_at`,`updated_at`,`img_url` FROM `qing_ad` [ RunTime:0.000301s ]
[2024-08-05T13:04:40+08:00][error] [2]Illegal offset type
[2024-08-05T13:04:57+08:00][sql] CONNECT:[ UseTime:0.000980s ] mysql:host=127.0.0.1;port=3306;dbname=code0921;charset=utf8
[2024-08-05T13:04:57+08:00][sql] SHOW FULL COLUMNS FROM `qing_config` [ RunTime:0.001898s ]
[2024-08-05T13:04:57+08:00][sql] SELECT `value` FROM `qing_config` [ RunTime:0.000265s ]
[2024-08-05T13:04:57+08:00][sql] SHOW FULL COLUMNS FROM `qing_search` [ RunTime:0.000959s ]
[2024-08-05T13:04:57+08:00][sql] SELECT * FROM `qing_search` ORDER BY `id` DESC LIMIT 10 [ RunTime:0.000285s ]
[2024-08-05T13:04:57+08:00][sql] SHOW FULL COLUMNS FROM `qing_cart` [ RunTime:0.001065s ]
[2024-08-05T13:04:57+08:00][sql] SELECT COUNT(*) AS think_count FROM `qing_cart` WHERE  `user_id` IS NULL [ RunTime:0.000189s ]
[2024-08-05T13:04:57+08:00][sql] SHOW FULL COLUMNS FROM `qing_ad` [ RunTime:0.003517s ]
[2024-08-05T13:04:57+08:00][sql] SELECT * FROM `qing_ad` WHERE  `type_id` = 1 [ RunTime:0.000298s ]
[2024-08-05T13:04:57+08:00][sql] SHOW FULL COLUMNS FROM `qing_goods` [ RunTime:0.004039s ]
[2024-08-05T13:04:57+08:00][sql] SELECT `goods_id`,`goods_name`,`goods_price`,`stock`,`selnumber`,`goods_thumb`,`description`,`collects_count`,`cover_url` FROM `qing_goods` [ RunTime:0.000370s ]
[2024-08-05T13:04:57+08:00][sql] SELECT `id`,`title`,`url`,`thumb`,`status`,`seq`,`created_at`,`updated_at`,`img_url` FROM `qing_ad` [ RunTime:0.000204s ]
[2024-08-05T13:04:57+08:00][sql] SHOW FULL COLUMNS FROM `qing_category` [ RunTime:0.001168s ]
[2024-08-05T13:04:57+08:00][sql] SELECT `id`,`parent_id`,`cate_name` FROM `qing_category` ORDER BY `listorder` ASC [ RunTime:0.000376s ]
[2024-08-05T13:04:57+08:00][error] [8]未定义变量: goodsData5
[2024-08-05T13:10:29+08:00][sql] CONNECT:[ UseTime:0.000957s ] mysql:host=127.0.0.1;port=3306;dbname=code0921;charset=utf8
[2024-08-05T13:10:29+08:00][sql] SHOW FULL COLUMNS FROM `qing_config` [ RunTime:0.000939s ]
[2024-08-05T13:10:29+08:00][sql] SELECT `value` FROM `qing_config` [ RunTime:0.000330s ]
[2024-08-05T13:10:29+08:00][sql] SHOW FULL COLUMNS FROM `qing_search` [ RunTime:0.000859s ]
[2024-08-05T13:10:29+08:00][sql] SELECT * FROM `qing_search` ORDER BY `id` DESC LIMIT 10 [ RunTime:0.000367s ]
[2024-08-05T13:10:29+08:00][sql] SHOW FULL COLUMNS FROM `qing_cart` [ RunTime:0.000738s ]
[2024-08-05T13:10:29+08:00][sql] SELECT COUNT(*) AS think_count FROM `qing_cart` WHERE  `user_id` IS NULL [ RunTime:0.000193s ]
[2024-08-05T13:10:29+08:00][sql] SHOW FULL COLUMNS FROM `qing_ad` [ RunTime:0.000714s ]
[2024-08-05T13:10:29+08:00][sql] SELECT * FROM `qing_ad` WHERE  `type_id` = 1 [ RunTime:0.000285s ]
[2024-08-05T13:10:29+08:00][sql] SHOW FULL COLUMNS FROM `qing_goods` [ RunTime:0.001340s ]
[2024-08-05T13:10:29+08:00][sql] SELECT `goods_id`,`goods_name`,`goods_price`,`stock`,`selnumber`,`goods_thumb`,`description`,`collects_count`,`cover_url` FROM `qing_goods` [ RunTime:0.000537s ]
[2024-08-05T13:10:29+08:00][sql] SELECT `id`,`title`,`url`,`thumb`,`status`,`seq`,`created_at`,`updated_at`,`img_url` FROM `qing_ad` [ RunTime:0.000301s ]
[2024-08-05T13:10:29+08:00][sql] SHOW FULL COLUMNS FROM `qing_category` [ RunTime:0.000837s ]
[2024-08-05T13:10:29+08:00][sql] SELECT `id`,`parent_id`,`cate_name` FROM `qing_category` ORDER BY `listorder` ASC [ RunTime:0.000388s ]
[2024-08-05T13:10:29+08:00][error] [8]未定义变量: goodsData5
[2024-08-05T13:10:47+08:00][sql] CONNECT:[ UseTime:0.001146s ] mysql:host=127.0.0.1;port=3306;dbname=code0921;charset=utf8
[2024-08-05T13:10:47+08:00][sql] SHOW FULL COLUMNS FROM `qing_config` [ RunTime:0.000944s ]
[2024-08-05T13:10:47+08:00][sql] SELECT `value` FROM `qing_config` [ RunTime:0.000230s ]
[2024-08-05T13:10:47+08:00][sql] SHOW FULL COLUMNS FROM `qing_search` [ RunTime:0.000653s ]
[2024-08-05T13:10:47+08:00][sql] SELECT * FROM `qing_search` ORDER BY `id` DESC LIMIT 10 [ RunTime:0.000253s ]
[2024-08-05T13:10:47+08:00][sql] SHOW FULL COLUMNS FROM `qing_cart` [ RunTime:0.000610s ]
[2024-08-05T13:10:47+08:00][sql] SELECT COUNT(*) AS think_count FROM `qing_cart` WHERE  `user_id` IS NULL [ RunTime:0.000233s ]
[2024-08-05T13:10:47+08:00][sql] SHOW FULL COLUMNS FROM `qing_ad` [ RunTime:0.000677s ]
[2024-08-05T13:10:47+08:00][sql] SELECT * FROM `qing_ad` WHERE  `type_id` = 1 [ RunTime:0.000288s ]
[2024-08-05T13:10:47+08:00][sql] SHOW FULL COLUMNS FROM `qing_goods` [ RunTime:0.000758s ]
[2024-08-05T13:10:47+08:00][sql] SELECT `goods_id`,`goods_name`,`goods_price`,`stock`,`selnumber`,`goods_thumb`,`description`,`collects_count`,`cover_url` FROM `qing_goods` [ RunTime:0.000322s ]
[2024-08-05T13:10:47+08:00][sql] SELECT `id`,`title`,`url`,`thumb`,`status`,`seq`,`created_at`,`updated_at`,`img_url` FROM `qing_ad` [ RunTime:0.000196s ]
[2024-08-05T13:10:47+08:00][sql] SHOW FULL COLUMNS FROM `qing_category` [ RunTime:0.000778s ]
[2024-08-05T13:10:47+08:00][sql] SELECT `id`,`parent_id`,`cate_name` FROM `qing_category` ORDER BY `listorder` ASC [ RunTime:0.000363s ]
[2024-08-05T13:10:47+08:00][error] [8]未定义变量: goodsData5
[2024-08-05T13:11:28+08:00][sql] CONNECT:[ UseTime:0.000961s ] mysql:host=127.0.0.1;port=3306;dbname=code0921;charset=utf8
[2024-08-05T13:11:28+08:00][sql] SHOW FULL COLUMNS FROM `qing_config` [ RunTime:0.001021s ]
[2024-08-05T13:11:28+08:00][sql] SELECT `value` FROM `qing_config` [ RunTime:0.000248s ]
[2024-08-05T13:11:28+08:00][sql] SHOW FULL COLUMNS FROM `qing_search` [ RunTime:0.000834s ]
[2024-08-05T13:11:28+08:00][sql] SELECT * FROM `qing_search` ORDER BY `id` DESC LIMIT 10 [ RunTime:0.000383s ]
[2024-08-05T13:11:28+08:00][sql] SHOW FULL COLUMNS FROM `qing_cart` [ RunTime:0.000871s ]
[2024-08-05T13:11:28+08:00][sql] SELECT COUNT(*) AS think_count FROM `qing_cart` WHERE  `user_id` IS NULL [ RunTime:0.000241s ]
[2024-08-05T13:11:28+08:00][sql] SHOW FULL COLUMNS FROM `qing_ad` [ RunTime:0.000812s ]
[2024-08-05T13:11:28+08:00][sql] SELECT * FROM `qing_ad` WHERE  `type_id` = 1 [ RunTime:0.000294s ]
[2024-08-05T13:11:28+08:00][sql] SHOW FULL COLUMNS FROM `qing_goods` [ RunTime:0.001152s ]
[2024-08-05T13:11:28+08:00][sql] SELECT `goods_id`,`goods_name`,`goods_price`,`stock`,`selnumber`,`goods_thumb`,`description`,`collects_count`,`cover_url` FROM `qing_goods` [ RunTime:0.000485s ]
[2024-08-05T13:11:28+08:00][sql] SELECT `id`,`title`,`url`,`thumb`,`status`,`seq`,`created_at`,`updated_at`,`img_url` FROM `qing_ad` [ RunTime:0.000243s ]
[2024-08-05T13:11:28+08:00][error] [2]Illegal offset type
[2024-08-05T13:11:58+08:00][sql] CONNECT:[ UseTime:0.000926s ] mysql:host=127.0.0.1;port=3306;dbname=code0921;charset=utf8
[2024-08-05T13:11:58+08:00][sql] SHOW FULL COLUMNS FROM `qing_config` [ RunTime:0.000838s ]
[2024-08-05T13:11:58+08:00][sql] SELECT `value` FROM `qing_config` [ RunTime:0.000218s ]
[2024-08-05T13:11:58+08:00][sql] SHOW FULL COLUMNS FROM `qing_search` [ RunTime:0.000808s ]
[2024-08-05T13:11:58+08:00][sql] SELECT * FROM `qing_search` ORDER BY `id` DESC LIMIT 10 [ RunTime:0.000260s ]
[2024-08-05T13:11:58+08:00][sql] SHOW FULL COLUMNS FROM `qing_cart` [ RunTime:0.000648s ]
[2024-08-05T13:11:58+08:00][sql] SELECT COUNT(*) AS think_count FROM `qing_cart` WHERE  `user_id` IS NULL [ RunTime:0.000181s ]
[2024-08-05T13:11:58+08:00][sql] SHOW FULL COLUMNS FROM `qing_ad` [ RunTime:0.000686s ]
[2024-08-05T13:11:58+08:00][sql] SELECT * FROM `qing_ad` WHERE  `type_id` = 1 [ RunTime:0.000494s ]
[2024-08-05T13:11:58+08:00][sql] SHOW FULL COLUMNS FROM `qing_goods` [ RunTime:0.000962s ]
[2024-08-05T13:11:58+08:00][sql] SELECT `goods_id`,`goods_name`,`goods_price`,`stock`,`selnumber`,`goods_thumb`,`description`,`collects_count`,`cover_url` FROM `qing_goods` [ RunTime:0.000279s ]
[2024-08-05T13:11:58+08:00][sql] SELECT `id`,`title`,`url`,`thumb`,`status`,`seq`,`created_at`,`updated_at`,`img_url` FROM `qing_ad` [ RunTime:0.000194s ]
[2024-08-05T13:11:58+08:00][error] [2]Illegal offset type
[2024-08-05T13:11:59+08:00][sql] CONNECT:[ UseTime:0.000936s ] mysql:host=127.0.0.1;port=3306;dbname=code0921;charset=utf8
[2024-08-05T13:11:59+08:00][sql] SHOW FULL COLUMNS FROM `qing_config` [ RunTime:0.000939s ]
[2024-08-05T13:11:59+08:00][sql] SELECT `value` FROM `qing_config` [ RunTime:0.000257s ]
[2024-08-05T13:11:59+08:00][sql] SHOW FULL COLUMNS FROM `qing_search` [ RunTime:0.000788s ]
[2024-08-05T13:11:59+08:00][sql] SELECT * FROM `qing_search` ORDER BY `id` DESC LIMIT 10 [ RunTime:0.000237s ]
[2024-08-05T13:11:59+08:00][sql] SHOW FULL COLUMNS FROM `qing_cart` [ RunTime:0.000669s ]
[2024-08-05T13:11:59+08:00][sql] SELECT COUNT(*) AS think_count FROM `qing_cart` WHERE  `user_id` IS NULL [ RunTime:0.000174s ]
[2024-08-05T13:11:59+08:00][sql] SHOW FULL COLUMNS FROM `qing_ad` [ RunTime:0.000749s ]
[2024-08-05T13:11:59+08:00][sql] SELECT * FROM `qing_ad` WHERE  `type_id` = 1 [ RunTime:0.000268s ]
[2024-08-05T13:11:59+08:00][sql] SHOW FULL COLUMNS FROM `qing_goods` [ RunTime:0.001300s ]
[2024-08-05T13:11:59+08:00][sql] SELECT `goods_id`,`goods_name`,`goods_price`,`stock`,`selnumber`,`goods_thumb`,`description`,`collects_count`,`cover_url` FROM `qing_goods` [ RunTime:0.000375s ]
[2024-08-05T13:11:59+08:00][sql] SELECT `id`,`title`,`url`,`thumb`,`status`,`seq`,`created_at`,`updated_at`,`img_url` FROM `qing_ad` [ RunTime:0.000203s ]
[2024-08-05T13:11:59+08:00][error] [2]Illegal offset type
[2024-08-05T13:11:59+08:00][sql] CONNECT:[ UseTime:0.001001s ] mysql:host=127.0.0.1;port=3306;dbname=code0921;charset=utf8
[2024-08-05T13:11:59+08:00][sql] SHOW FULL COLUMNS FROM `qing_config` [ RunTime:0.000842s ]
[2024-08-05T13:11:59+08:00][sql] SELECT `value` FROM `qing_config` [ RunTime:0.000217s ]
[2024-08-05T13:11:59+08:00][sql] SHOW FULL COLUMNS FROM `qing_search` [ RunTime:0.000739s ]
[2024-08-05T13:11:59+08:00][sql] SELECT * FROM `qing_search` ORDER BY `id` DESC LIMIT 10 [ RunTime:0.000230s ]
[2024-08-05T13:11:59+08:00][sql] SHOW FULL COLUMNS FROM `qing_cart` [ RunTime:0.000592s ]
[2024-08-05T13:11:59+08:00][sql] SELECT COUNT(*) AS think_count FROM `qing_cart` WHERE  `user_id` IS NULL [ RunTime:0.000221s ]
[2024-08-05T13:11:59+08:00][sql] SHOW FULL COLUMNS FROM `qing_ad` [ RunTime:0.000853s ]
[2024-08-05T13:11:59+08:00][sql] SELECT * FROM `qing_ad` WHERE  `type_id` = 1 [ RunTime:0.000296s ]
[2024-08-05T13:11:59+08:00][sql] SHOW FULL COLUMNS FROM `qing_goods` [ RunTime:0.001368s ]
[2024-08-05T13:11:59+08:00][sql] SELECT `goods_id`,`goods_name`,`goods_price`,`stock`,`selnumber`,`goods_thumb`,`description`,`collects_count`,`cover_url` FROM `qing_goods` [ RunTime:0.000393s ]
[2024-08-05T13:11:59+08:00][sql] SELECT `id`,`title`,`url`,`thumb`,`status`,`seq`,`created_at`,`updated_at`,`img_url` FROM `qing_ad` [ RunTime:0.000221s ]
[2024-08-05T13:11:59+08:00][error] [2]Illegal offset type
[2024-08-05T13:11:59+08:00][sql] CONNECT:[ UseTime:0.001128s ] mysql:host=127.0.0.1;port=3306;dbname=code0921;charset=utf8
[2024-08-05T13:11:59+08:00][sql] SHOW FULL COLUMNS FROM `qing_config` [ RunTime:0.000847s ]
[2024-08-05T13:11:59+08:00][sql] SELECT `value` FROM `qing_config` [ RunTime:0.000294s ]
[2024-08-05T13:11:59+08:00][sql] SHOW FULL COLUMNS FROM `qing_search` [ RunTime:0.000791s ]
[2024-08-05T13:11:59+08:00][sql] SELECT * FROM `qing_search` ORDER BY `id` DESC LIMIT 10 [ RunTime:0.000230s ]
[2024-08-05T13:11:59+08:00][sql] SHOW FULL COLUMNS FROM `qing_cart` [ RunTime:0.000623s ]
[2024-08-05T13:11:59+08:00][sql] SELECT COUNT(*) AS think_count FROM `qing_cart` WHERE  `user_id` IS NULL [ RunTime:0.000205s ]
[2024-08-05T13:11:59+08:00][sql] SHOW FULL COLUMNS FROM `qing_ad` [ RunTime:0.000685s ]
[2024-08-05T13:11:59+08:00][sql] SELECT * FROM `qing_ad` WHERE  `type_id` = 1 [ RunTime:0.000266s ]
[2024-08-05T13:11:59+08:00][sql] SHOW FULL COLUMNS FROM `qing_goods` [ RunTime:0.000807s ]
[2024-08-05T13:11:59+08:00][sql] SELECT `goods_id`,`goods_name`,`goods_price`,`stock`,`selnumber`,`goods_thumb`,`description`,`collects_count`,`cover_url` FROM `qing_goods` [ RunTime:0.000395s ]
[2024-08-05T13:11:59+08:00][sql] SELECT `id`,`title`,`url`,`thumb`,`status`,`seq`,`created_at`,`updated_at`,`img_url` FROM `qing_ad` [ RunTime:0.000215s ]
[2024-08-05T13:11:59+08:00][error] [2]Illegal offset type
[2024-08-05T13:11:59+08:00][sql] CONNECT:[ UseTime:0.000905s ] mysql:host=127.0.0.1;port=3306;dbname=code0921;charset=utf8
[2024-08-05T13:11:59+08:00][sql] SHOW FULL COLUMNS FROM `qing_config` [ RunTime:0.001211s ]
[2024-08-05T13:11:59+08:00][sql] SELECT `value` FROM `qing_config` [ RunTime:0.000238s ]
[2024-08-05T13:11:59+08:00][sql] SHOW FULL COLUMNS FROM `qing_search` [ RunTime:0.000720s ]
[2024-08-05T13:11:59+08:00][sql] SELECT * FROM `qing_search` ORDER BY `id` DESC LIMIT 10 [ RunTime:0.000236s ]
[2024-08-05T13:11:59+08:00][sql] SHOW FULL COLUMNS FROM `qing_cart` [ RunTime:0.000611s ]
[2024-08-05T13:11:59+08:00][sql] SELECT COUNT(*) AS think_count FROM `qing_cart` WHERE  `user_id` IS NULL [ RunTime:0.000165s ]
[2024-08-05T13:11:59+08:00][sql] SHOW FULL COLUMNS FROM `qing_ad` [ RunTime:0.000657s ]
[2024-08-05T13:11:59+08:00][sql] SELECT * FROM `qing_ad` WHERE  `type_id` = 1 [ RunTime:0.000280s ]
[2024-08-05T13:11:59+08:00][sql] SHOW FULL COLUMNS FROM `qing_goods` [ RunTime:0.000773s ]
[2024-08-05T13:11:59+08:00][sql] SELECT `goods_id`,`goods_name`,`goods_price`,`stock`,`selnumber`,`goods_thumb`,`description`,`collects_count`,`cover_url` FROM `qing_goods` [ RunTime:0.000308s ]
[2024-08-05T13:11:59+08:00][sql] SELECT `id`,`title`,`url`,`thumb`,`status`,`seq`,`created_at`,`updated_at`,`img_url` FROM `qing_ad` [ RunTime:0.000194s ]
[2024-08-05T13:11:59+08:00][error] [2]Illegal offset type
[2024-08-05T13:11:59+08:00][sql] CONNECT:[ UseTime:0.001036s ] mysql:host=127.0.0.1;port=3306;dbname=code0921;charset=utf8
[2024-08-05T13:11:59+08:00][sql] SHOW FULL COLUMNS FROM `qing_config` [ RunTime:0.000947s ]
[2024-08-05T13:11:59+08:00][sql] SELECT `value` FROM `qing_config` [ RunTime:0.000238s ]
[2024-08-05T13:11:59+08:00][sql] SHOW FULL COLUMNS FROM `qing_search` [ RunTime:0.000864s ]
[2024-08-05T13:11:59+08:00][sql] SELECT * FROM `qing_search` ORDER BY `id` DESC LIMIT 10 [ RunTime:0.000269s ]
[2024-08-05T13:11:59+08:00][sql] SHOW FULL COLUMNS FROM `qing_cart` [ RunTime:0.000849s ]
[2024-08-05T13:11:59+08:00][sql] SELECT COUNT(*) AS think_count FROM `qing_cart` WHERE  `user_id` IS NULL [ RunTime:0.000237s ]
[2024-08-05T13:11:59+08:00][sql] SHOW FULL COLUMNS FROM `qing_ad` [ RunTime:0.000946s ]
[2024-08-05T13:11:59+08:00][sql] SELECT * FROM `qing_ad` WHERE  `type_id` = 1 [ RunTime:0.000393s ]
[2024-08-05T13:11:59+08:00][sql] SHOW FULL COLUMNS FROM `qing_goods` [ RunTime:0.000933s ]
[2024-08-05T13:11:59+08:00][sql] SELECT `goods_id`,`goods_name`,`goods_price`,`stock`,`selnumber`,`goods_thumb`,`description`,`collects_count`,`cover_url` FROM `qing_goods` [ RunTime:0.000271s ]
[2024-08-05T13:11:59+08:00][sql] SELECT `id`,`title`,`url`,`thumb`,`status`,`seq`,`created_at`,`updated_at`,`img_url` FROM `qing_ad` [ RunTime:0.000284s ]
[2024-08-05T13:11:59+08:00][error] [2]Illegal offset type
[2024-08-05T13:12:00+08:00][sql] CONNECT:[ UseTime:0.001245s ] mysql:host=127.0.0.1;port=3306;dbname=code0921;charset=utf8
[2024-08-05T13:12:00+08:00][sql] SHOW FULL COLUMNS FROM `qing_config` [ RunTime:0.000856s ]
[2024-08-05T13:12:00+08:00][sql] SELECT `value` FROM `qing_config` [ RunTime:0.000235s ]
[2024-08-05T13:12:00+08:00][sql] SHOW FULL COLUMNS FROM `qing_search` [ RunTime:0.000699s ]
[2024-08-05T13:12:00+08:00][sql] SELECT * FROM `qing_search` ORDER BY `id` DESC LIMIT 10 [ RunTime:0.000223s ]
[2024-08-05T13:12:00+08:00][sql] SHOW FULL COLUMNS FROM `qing_cart` [ RunTime:0.000599s ]
[2024-08-05T13:12:00+08:00][sql] SELECT COUNT(*) AS think_count FROM `qing_cart` WHERE  `user_id` IS NULL [ RunTime:0.000164s ]
[2024-08-05T13:12:00+08:00][sql] SHOW FULL COLUMNS FROM `qing_ad` [ RunTime:0.000663s ]
[2024-08-05T13:12:00+08:00][sql] SELECT * FROM `qing_ad` WHERE  `type_id` = 1 [ RunTime:0.000264s ]
[2024-08-05T13:12:00+08:00][sql] SHOW FULL COLUMNS FROM `qing_goods` [ RunTime:0.000704s ]
[2024-08-05T13:12:00+08:00][sql] SELECT `goods_id`,`goods_name`,`goods_price`,`stock`,`selnumber`,`goods_thumb`,`description`,`collects_count`,`cover_url` FROM `qing_goods` [ RunTime:0.000236s ]
[2024-08-05T13:12:00+08:00][sql] SELECT `id`,`title`,`url`,`thumb`,`status`,`seq`,`created_at`,`updated_at`,`img_url` FROM `qing_ad` [ RunTime:0.000182s ]
[2024-08-05T13:12:00+08:00][error] [2]Illegal offset type
[2024-08-05T13:13:18+08:00][sql] CONNECT:[ UseTime:0.001030s ] mysql:host=127.0.0.1;port=3306;dbname=code0921;charset=utf8
[2024-08-05T13:13:18+08:00][sql] SHOW FULL COLUMNS FROM `qing_config` [ RunTime:0.001005s ]
[2024-08-05T13:13:18+08:00][sql] SELECT `value` FROM `qing_config` [ RunTime:0.000229s ]
[2024-08-05T13:13:18+08:00][sql] SHOW FULL COLUMNS FROM `qing_search` [ RunTime:0.000796s ]
[2024-08-05T13:13:18+08:00][sql] SELECT * FROM `qing_search` ORDER BY `id` DESC LIMIT 10 [ RunTime:0.000223s ]
[2024-08-05T13:13:18+08:00][sql] SHOW FULL COLUMNS FROM `qing_cart` [ RunTime:0.000597s ]
[2024-08-05T13:13:18+08:00][sql] SELECT COUNT(*) AS think_count FROM `qing_cart` WHERE  `user_id` IS NULL [ RunTime:0.000168s ]
[2024-08-05T13:13:18+08:00][sql] SHOW FULL COLUMNS FROM `qing_ad` [ RunTime:0.000625s ]
[2024-08-05T13:13:18+08:00][sql] SELECT * FROM `qing_ad` WHERE  `type_id` = 1 [ RunTime:0.001509s ]
[2024-08-05T13:13:18+08:00][sql] SHOW FULL COLUMNS FROM `qing_goods` [ RunTime:0.000760s ]
[2024-08-05T13:13:18+08:00][sql] SELECT `goods_id`,`goods_name`,`goods_price`,`stock`,`selnumber`,`goods_thumb`,`description`,`collects_count`,`cover_url` FROM `qing_goods` [ RunTime:0.000240s ]
[2024-08-05T13:13:18+08:00][sql] SELECT `id`,`title`,`url`,`thumb`,`status`,`seq`,`created_at`,`updated_at`,`img_url` FROM `qing_ad` [ RunTime:0.000255s ]
[2024-08-05T13:13:18+08:00][error] [2]Illegal offset type
[2024-08-05T13:13:19+08:00][sql] CONNECT:[ UseTime:0.000860s ] mysql:host=127.0.0.1;port=3306;dbname=code0921;charset=utf8
[2024-08-05T13:13:19+08:00][sql] SHOW FULL COLUMNS FROM `qing_config` [ RunTime:0.000777s ]
[2024-08-05T13:13:19+08:00][sql] SELECT `value` FROM `qing_config` [ RunTime:0.000214s ]
[2024-08-05T13:13:19+08:00][sql] SHOW FULL COLUMNS FROM `qing_search` [ RunTime:0.000928s ]
[2024-08-05T13:13:19+08:00][sql] SELECT * FROM `qing_search` ORDER BY `id` DESC LIMIT 10 [ RunTime:0.000308s ]
[2024-08-05T13:13:19+08:00][sql] SHOW FULL COLUMNS FROM `qing_cart` [ RunTime:0.000786s ]
[2024-08-05T13:13:19+08:00][sql] SELECT COUNT(*) AS think_count FROM `qing_cart` WHERE  `user_id` IS NULL [ RunTime:0.000282s ]
[2024-08-05T13:13:19+08:00][sql] SHOW FULL COLUMNS FROM `qing_ad` [ RunTime:0.000922s ]
[2024-08-05T13:13:19+08:00][sql] SELECT * FROM `qing_ad` WHERE  `type_id` = 1 [ RunTime:0.000278s ]
[2024-08-05T13:13:19+08:00][sql] SHOW FULL COLUMNS FROM `qing_goods` [ RunTime:0.000740s ]
[2024-08-05T13:13:19+08:00][sql] SELECT `goods_id`,`goods_name`,`goods_price`,`stock`,`selnumber`,`goods_thumb`,`description`,`collects_count`,`cover_url` FROM `qing_goods` [ RunTime:0.000243s ]
[2024-08-05T13:13:19+08:00][sql] SELECT `id`,`title`,`url`,`thumb`,`status`,`seq`,`created_at`,`updated_at`,`img_url` FROM `qing_ad` [ RunTime:0.000183s ]
[2024-08-05T13:13:19+08:00][error] [2]Illegal offset type
[2024-08-05T13:13:19+08:00][sql] CONNECT:[ UseTime:0.000886s ] mysql:host=127.0.0.1;port=3306;dbname=code0921;charset=utf8
[2024-08-05T13:13:19+08:00][sql] SHOW FULL COLUMNS FROM `qing_config` [ RunTime:0.000784s ]
[2024-08-05T13:13:19+08:00][sql] SELECT `value` FROM `qing_config` [ RunTime:0.000211s ]
[2024-08-05T13:13:19+08:00][sql] SHOW FULL COLUMNS FROM `qing_search` [ RunTime:0.000820s ]
[2024-08-05T13:13:19+08:00][sql] SELECT * FROM `qing_search` ORDER BY `id` DESC LIMIT 10 [ RunTime:0.000227s ]
[2024-08-05T13:13:19+08:00][sql] SHOW FULL COLUMNS FROM `qing_cart` [ RunTime:0.000677s ]
[2024-08-05T13:13:19+08:00][sql] SELECT COUNT(*) AS think_count FROM `qing_cart` WHERE  `user_id` IS NULL [ RunTime:0.000252s ]
[2024-08-05T13:13:19+08:00][sql] SHOW FULL COLUMNS FROM `qing_ad` [ RunTime:0.000642s ]
[2024-08-05T13:13:19+08:00][sql] SELECT * FROM `qing_ad` WHERE  `type_id` = 1 [ RunTime:0.000256s ]
[2024-08-05T13:13:19+08:00][sql] SHOW FULL COLUMNS FROM `qing_goods` [ RunTime:0.000832s ]
[2024-08-05T13:13:19+08:00][sql] SELECT `goods_id`,`goods_name`,`goods_price`,`stock`,`selnumber`,`goods_thumb`,`description`,`collects_count`,`cover_url` FROM `qing_goods` [ RunTime:0.000240s ]
[2024-08-05T13:13:19+08:00][sql] SELECT `id`,`title`,`url`,`thumb`,`status`,`seq`,`created_at`,`updated_at`,`img_url` FROM `qing_ad` [ RunTime:0.000238s ]
[2024-08-05T13:13:19+08:00][error] [2]Illegal offset type
[2024-08-05T13:13:28+08:00][sql] CONNECT:[ UseTime:0.000904s ] mysql:host=127.0.0.1;port=3306;dbname=code0921;charset=utf8
[2024-08-05T13:13:28+08:00][sql] SHOW FULL COLUMNS FROM `qing_config` [ RunTime:0.000780s ]
[2024-08-05T13:13:28+08:00][sql] SELECT `value` FROM `qing_config` [ RunTime:0.000225s ]
[2024-08-05T13:13:28+08:00][sql] SHOW FULL COLUMNS FROM `qing_search` [ RunTime:0.000684s ]
[2024-08-05T13:13:28+08:00][sql] SELECT * FROM `qing_search` ORDER BY `id` DESC LIMIT 10 [ RunTime:0.000217s ]
[2024-08-05T13:13:28+08:00][sql] SHOW FULL COLUMNS FROM `qing_cart` [ RunTime:0.000665s ]
[2024-08-05T13:13:28+08:00][sql] SELECT COUNT(*) AS think_count FROM `qing_cart` WHERE  `user_id` IS NULL [ RunTime:0.000172s ]
[2024-08-05T13:13:28+08:00][sql] SHOW FULL COLUMNS FROM `qing_ad` [ RunTime:0.000709s ]
[2024-08-05T13:13:28+08:00][sql] SELECT * FROM `qing_ad` WHERE  `type_id` = 1 [ RunTime:0.000396s ]
[2024-08-05T13:13:28+08:00][sql] SHOW FULL COLUMNS FROM `qing_goods` [ RunTime:0.000971s ]
[2024-08-05T13:13:28+08:00][sql] SELECT `goods_id`,`goods_name`,`goods_price`,`stock`,`selnumber`,`goods_thumb`,`description`,`collects_count`,`cover_url` FROM `qing_goods` [ RunTime:0.000263s ]
[2024-08-05T13:13:28+08:00][sql] SELECT `id`,`title`,`url`,`thumb`,`status`,`seq`,`created_at`,`updated_at`,`img_url` FROM `qing_ad` [ RunTime:0.000196s ]
[2024-08-05T13:13:28+08:00][sql] SHOW FULL COLUMNS FROM `qing_category` [ RunTime:0.001897s ]
[2024-08-05T13:13:28+08:00][sql] SELECT `id`,`parent_id`,`cate_name` FROM `qing_category` ORDER BY `listorder` ASC [ RunTime:0.000377s ]
[2024-08-05T13:13:28+08:00][error] [8]未定义变量: goodsData5
[2024-08-05T13:13:51+08:00][sql] CONNECT:[ UseTime:0.000876s ] mysql:host=127.0.0.1;port=3306;dbname=code0921;charset=utf8
[2024-08-05T13:13:51+08:00][sql] SHOW FULL COLUMNS FROM `qing_config` [ RunTime:0.000784s ]
[2024-08-05T13:13:51+08:00][sql] SELECT `value` FROM `qing_config` [ RunTime:0.000231s ]
[2024-08-05T13:13:51+08:00][sql] SHOW FULL COLUMNS FROM `qing_search` [ RunTime:0.000839s ]
[2024-08-05T13:13:51+08:00][sql] SELECT * FROM `qing_search` ORDER BY `id` DESC LIMIT 10 [ RunTime:0.000258s ]
[2024-08-05T13:13:51+08:00][sql] SHOW FULL COLUMNS FROM `qing_cart` [ RunTime:0.000663s ]
[2024-08-05T13:13:51+08:00][sql] SELECT COUNT(*) AS think_count FROM `qing_cart` WHERE  `user_id` IS NULL [ RunTime:0.000177s ]
[2024-08-05T13:13:51+08:00][sql] SHOW FULL COLUMNS FROM `qing_ad` [ RunTime:0.000659s ]
[2024-08-05T13:13:51+08:00][sql] SELECT * FROM `qing_ad` WHERE  `type_id` = 1 [ RunTime:0.000288s ]
[2024-08-05T13:13:51+08:00][sql] SHOW FULL COLUMNS FROM `qing_goods` [ RunTime:0.000845s ]
[2024-08-05T13:13:51+08:00][sql] SELECT `goods_id`,`goods_name`,`goods_price`,`stock`,`selnumber`,`goods_thumb`,`description`,`collects_count`,`cover_url` FROM `qing_goods` [ RunTime:0.000274s ]
[2024-08-05T13:13:51+08:00][sql] SELECT `id`,`title`,`url`,`thumb`,`status`,`seq`,`created_at`,`updated_at`,`img_url` FROM `qing_ad` [ RunTime:0.000193s ]
[2024-08-05T13:13:51+08:00][sql] SHOW FULL COLUMNS FROM `qing_category` [ RunTime:0.001341s ]
[2024-08-05T13:13:51+08:00][sql] SELECT `id`,`parent_id`,`cate_name` FROM `qing_category` ORDER BY `listorder` ASC [ RunTime:0.000418s ]
[2024-08-05T13:13:51+08:00][error] [8]未定义变量: goodsData5
[2024-08-05T13:14:07+08:00][sql] CONNECT:[ UseTime:0.001014s ] mysql:host=127.0.0.1;port=3306;dbname=code0921;charset=utf8
[2024-08-05T13:14:07+08:00][sql] SHOW FULL COLUMNS FROM `qing_config` [ RunTime:0.001075s ]
[2024-08-05T13:14:07+08:00][sql] SELECT `value` FROM `qing_config` [ RunTime:0.000487s ]
[2024-08-05T13:14:07+08:00][sql] SHOW FULL COLUMNS FROM `qing_search` [ RunTime:0.000906s ]
[2024-08-05T13:14:07+08:00][sql] SELECT * FROM `qing_search` ORDER BY `id` DESC LIMIT 10 [ RunTime:0.000282s ]
[2024-08-05T13:14:07+08:00][sql] SHOW FULL COLUMNS FROM `qing_cart` [ RunTime:0.000802s ]
[2024-08-05T13:14:07+08:00][sql] SELECT COUNT(*) AS think_count FROM `qing_cart` WHERE  `user_id` IS NULL [ RunTime:0.000246s ]
[2024-08-05T13:14:07+08:00][sql] SHOW FULL COLUMNS FROM `qing_ad` [ RunTime:0.000862s ]
[2024-08-05T13:14:07+08:00][sql] SELECT * FROM `qing_ad` WHERE  `type_id` = 1 [ RunTime:0.000445s ]
[2024-08-05T13:14:07+08:00][sql] SHOW FULL COLUMNS FROM `qing_goods` [ RunTime:0.001475s ]
[2024-08-05T13:14:07+08:00][sql] SELECT `goods_id`,`goods_name`,`goods_price`,`stock`,`selnumber`,`goods_thumb`,`description`,`collects_count`,`cover_url` FROM `qing_goods` [ RunTime:0.000377s ]
[2024-08-05T13:14:07+08:00][sql] SELECT `id`,`title`,`url`,`thumb`,`status`,`seq`,`created_at`,`updated_at`,`img_url` FROM `qing_ad` [ RunTime:0.000260s ]
[2024-08-05T13:14:07+08:00][sql] SHOW FULL COLUMNS FROM `qing_category` [ RunTime:0.002769s ]
[2024-08-05T13:14:07+08:00][sql] SELECT `id`,`parent_id`,`cate_name` FROM `qing_category` ORDER BY `listorder` ASC [ RunTime:0.000522s ]
[2024-08-05T13:14:07+08:00][error] [8]未定义变量: goodsData5
[2024-08-05T13:18:15+08:00][sql] CONNECT:[ UseTime:0.001395s ] mysql:host=127.0.0.1;port=3306;dbname=code0921;charset=utf8
[2024-08-05T13:18:15+08:00][sql] SHOW FULL COLUMNS FROM `qing_config` [ RunTime:0.001022s ]
[2024-08-05T13:18:15+08:00][sql] SELECT `value` FROM `qing_config` [ RunTime:0.000258s ]
[2024-08-05T13:18:15+08:00][sql] SHOW FULL COLUMNS FROM `qing_search` [ RunTime:0.000811s ]
[2024-08-05T13:18:15+08:00][sql] SELECT * FROM `qing_search` ORDER BY `id` DESC LIMIT 10 [ RunTime:0.000270s ]
[2024-08-05T13:18:15+08:00][sql] SHOW FULL COLUMNS FROM `qing_cart` [ RunTime:0.000837s ]
[2024-08-05T13:18:15+08:00][sql] SELECT COUNT(*) AS think_count FROM `qing_cart` WHERE  `user_id` IS NULL [ RunTime:0.000238s ]
[2024-08-05T13:18:15+08:00][sql] SHOW FULL COLUMNS FROM `qing_ad` [ RunTime:0.000991s ]
[2024-08-05T13:18:15+08:00][sql] SELECT * FROM `qing_ad` WHERE  `type_id` = 1 [ RunTime:0.000325s ]
[2024-08-05T13:18:15+08:00][sql] SHOW FULL COLUMNS FROM `qing_goods` [ RunTime:0.000769s ]
[2024-08-05T13:18:15+08:00][sql] SELECT `goods_id`,`goods_name`,`goods_price`,`stock`,`selnumber`,`goods_thumb`,`description`,`collects_count`,`cover_url` FROM `qing_goods` [ RunTime:0.000255s ]
[2024-08-05T13:18:15+08:00][sql] SELECT `id`,`title`,`url`,`thumb`,`status`,`seq`,`created_at`,`updated_at`,`img_url` FROM `qing_ad` [ RunTime:0.000254s ]
[2024-08-05T13:18:15+08:00][sql] SHOW FULL COLUMNS FROM `qing_category` [ RunTime:0.001023s ]
[2024-08-05T13:18:15+08:00][sql] SELECT `id`,`parent_id`,`cate_name` FROM `qing_category` ORDER BY `listorder` ASC [ RunTime:0.000510s ]
[2024-08-05T13:18:15+08:00][error] [8]未定义变量: goodsData5
[2024-08-05T13:22:22+08:00][sql] CONNECT:[ UseTime:0.001043s ] mysql:host=127.0.0.1;port=3306;dbname=code0921;charset=utf8
[2024-08-05T13:22:22+08:00][sql] SHOW FULL COLUMNS FROM `qing_config` [ RunTime:0.000879s ]
[2024-08-05T13:22:22+08:00][sql] SELECT `value` FROM `qing_config` [ RunTime:0.000222s ]
[2024-08-05T13:22:22+08:00][sql] SHOW FULL COLUMNS FROM `qing_search` [ RunTime:0.000683s ]
[2024-08-05T13:22:22+08:00][sql] SELECT * FROM `qing_search` ORDER BY `id` DESC LIMIT 10 [ RunTime:0.000229s ]
[2024-08-05T13:22:22+08:00][sql] SHOW FULL COLUMNS FROM `qing_cart` [ RunTime:0.000601s ]
[2024-08-05T13:22:22+08:00][sql] SELECT COUNT(*) AS think_count FROM `qing_cart` WHERE  `user_id` IS NULL [ RunTime:0.000171s ]
[2024-08-05T13:22:22+08:00][sql] SHOW FULL COLUMNS FROM `qing_ad` [ RunTime:0.000617s ]
[2024-08-05T13:22:22+08:00][sql] SELECT * FROM `qing_ad` WHERE  `type_id` = 1 [ RunTime:0.000261s ]
[2024-08-05T13:22:22+08:00][sql] SHOW FULL COLUMNS FROM `qing_goods` [ RunTime:0.000709s ]
[2024-08-05T13:22:22+08:00][sql] SELECT `goods_id`,`goods_name`,`goods_price`,`stock`,`selnumber`,`goods_thumb`,`description`,`collects_count`,`cover_url` FROM `qing_goods` [ RunTime:0.000238s ]
[2024-08-05T13:22:22+08:00][sql] SELECT `id`,`title`,`url`,`thumb`,`status`,`seq`,`created_at`,`updated_at`,`img_url` FROM `qing_ad` [ RunTime:0.000211s ]
[2024-08-05T13:24:02+08:00][sql] CONNECT:[ UseTime:0.001038s ] mysql:host=127.0.0.1;port=3306;dbname=code0921;charset=utf8
[2024-08-05T13:24:02+08:00][sql] SHOW FULL COLUMNS FROM `qing_config` [ RunTime:0.001098s ]
[2024-08-05T13:24:02+08:00][sql] SELECT `value` FROM `qing_config` [ RunTime:0.000295s ]
[2024-08-05T13:24:02+08:00][sql] SHOW FULL COLUMNS FROM `qing_search` [ RunTime:0.000765s ]
[2024-08-05T13:24:02+08:00][sql] SELECT * FROM `qing_search` ORDER BY `id` DESC LIMIT 10 [ RunTime:0.000232s ]
[2024-08-05T13:24:02+08:00][sql] SHOW FULL COLUMNS FROM `qing_cart` [ RunTime:0.000629s ]
[2024-08-05T13:24:02+08:00][sql] SELECT COUNT(*) AS think_count FROM `qing_cart` WHERE  `user_id` IS NULL [ RunTime:0.000177s ]
[2024-08-05T13:24:02+08:00][sql] SHOW FULL COLUMNS FROM `qing_ad` [ RunTime:0.000633s ]
[2024-08-05T13:24:02+08:00][sql] SELECT * FROM `qing_ad` WHERE  `type_id` = 1 [ RunTime:0.000259s ]
[2024-08-05T13:24:02+08:00][sql] SHOW FULL COLUMNS FROM `qing_goods` [ RunTime:0.000770s ]
[2024-08-05T13:24:02+08:00][sql] SELECT `goods_id`,`goods_name`,`goods_price`,`stock`,`selnumber`,`goods_thumb`,`description`,`collects_count`,`cover_url` FROM `qing_goods` [ RunTime:0.000240s ]
[2024-08-05T13:24:02+08:00][sql] SELECT `id`,`title`,`url`,`thumb`,`status`,`seq`,`created_at`,`updated_at`,`img_url` FROM `qing_ad` [ RunTime:0.000267s ]
[2024-08-05T13:24:02+08:00][error] [8]未定义数组索引: thumb
[2024-08-05T13:24:12+08:00][sql] CONNECT:[ UseTime:0.000866s ] mysql:host=127.0.0.1;port=3306;dbname=code0921;charset=utf8
[2024-08-05T13:24:12+08:00][sql] SHOW FULL COLUMNS FROM `qing_config` [ RunTime:0.000785s ]
[2024-08-05T13:24:12+08:00][sql] SELECT `value` FROM `qing_config` [ RunTime:0.000238s ]
[2024-08-05T13:24:12+08:00][sql] SHOW FULL COLUMNS FROM `qing_search` [ RunTime:0.000678s ]
[2024-08-05T13:24:12+08:00][sql] SELECT * FROM `qing_search` ORDER BY `id` DESC LIMIT 10 [ RunTime:0.000216s ]
[2024-08-05T13:24:12+08:00][sql] SHOW FULL COLUMNS FROM `qing_cart` [ RunTime:0.000606s ]
[2024-08-05T13:24:12+08:00][sql] SELECT COUNT(*) AS think_count FROM `qing_cart` WHERE  `user_id` IS NULL [ RunTime:0.000170s ]
[2024-08-05T13:24:12+08:00][sql] SHOW FULL COLUMNS FROM `qing_ad` [ RunTime:0.000639s ]
[2024-08-05T13:24:12+08:00][sql] SELECT * FROM `qing_ad` WHERE  `type_id` = 1 [ RunTime:0.000266s ]
[2024-08-05T13:24:12+08:00][sql] SHOW FULL COLUMNS FROM `qing_goods` [ RunTime:0.000787s ]
[2024-08-05T13:24:12+08:00][sql] SELECT `goods_id`,`goods_name`,`goods_price`,`stock`,`selnumber`,`goods_thumb`,`description`,`collects_count`,`cover_url` FROM `qing_goods` [ RunTime:0.000242s ]
[2024-08-05T13:24:12+08:00][sql] SELECT `id`,`title`,`url`,`thumb`,`status`,`seq`,`created_at`,`updated_at`,`img_url` FROM `qing_ad` [ RunTime:0.000189s ]
[2024-08-05T13:24:12+08:00][error] [8]未定义数组索引: thumb
[2024-08-05T13:24:13+08:00][sql] CONNECT:[ UseTime:0.000891s ] mysql:host=127.0.0.1;port=3306;dbname=code0921;charset=utf8
[2024-08-05T13:24:13+08:00][sql] SHOW FULL COLUMNS FROM `qing_config` [ RunTime:0.000864s ]
[2024-08-05T13:24:13+08:00][sql] SELECT `value` FROM `qing_config` [ RunTime:0.000209s ]
[2024-08-05T13:24:13+08:00][sql] SHOW FULL COLUMNS FROM `qing_search` [ RunTime:0.000700s ]
[2024-08-05T13:24:13+08:00][sql] SELECT * FROM `qing_search` ORDER BY `id` DESC LIMIT 10 [ RunTime:0.000270s ]
[2024-08-05T13:24:13+08:00][sql] SHOW FULL COLUMNS FROM `qing_cart` [ RunTime:0.001080s ]
[2024-08-05T13:24:13+08:00][sql] SELECT COUNT(*) AS think_count FROM `qing_cart` WHERE  `user_id` IS NULL [ RunTime:0.000375s ]
[2024-08-05T13:24:13+08:00][sql] SHOW FULL COLUMNS FROM `qing_ad` [ RunTime:0.000817s ]
[2024-08-05T13:24:13+08:00][sql] SELECT * FROM `qing_ad` WHERE  `type_id` = 1 [ RunTime:0.000287s ]
[2024-08-05T13:24:13+08:00][sql] SHOW FULL COLUMNS FROM `qing_goods` [ RunTime:0.000731s ]
[2024-08-05T13:24:13+08:00][sql] SELECT `goods_id`,`goods_name`,`goods_price`,`stock`,`selnumber`,`goods_thumb`,`description`,`collects_count`,`cover_url` FROM `qing_goods` [ RunTime:0.000243s ]
[2024-08-05T13:24:13+08:00][sql] SELECT `id`,`title`,`url`,`thumb`,`status`,`seq`,`created_at`,`updated_at`,`img_url` FROM `qing_ad` [ RunTime:0.000190s ]
[2024-08-05T13:24:13+08:00][error] [8]未定义数组索引: thumb
[2024-08-05T13:24:13+08:00][sql] CONNECT:[ UseTime:0.000973s ] mysql:host=127.0.0.1;port=3306;dbname=code0921;charset=utf8
[2024-08-05T13:24:13+08:00][sql] SHOW FULL COLUMNS FROM `qing_config` [ RunTime:0.000801s ]
[2024-08-05T13:24:13+08:00][sql] SELECT `value` FROM `qing_config` [ RunTime:0.000234s ]
[2024-08-05T13:24:13+08:00][sql] SHOW FULL COLUMNS FROM `qing_search` [ RunTime:0.000804s ]
[2024-08-05T13:24:13+08:00][sql] SELECT * FROM `qing_search` ORDER BY `id` DESC LIMIT 10 [ RunTime:0.000295s ]
[2024-08-05T13:24:13+08:00][sql] SHOW FULL COLUMNS FROM `qing_cart` [ RunTime:0.000725s ]
[2024-08-05T13:24:13+08:00][sql] SELECT COUNT(*) AS think_count FROM `qing_cart` WHERE  `user_id` IS NULL [ RunTime:0.000184s ]
[2024-08-05T13:24:13+08:00][sql] SHOW FULL COLUMNS FROM `qing_ad` [ RunTime:0.000711s ]
[2024-08-05T13:24:13+08:00][sql] SELECT * FROM `qing_ad` WHERE  `type_id` = 1 [ RunTime:0.000290s ]
[2024-08-05T13:24:13+08:00][sql] SHOW FULL COLUMNS FROM `qing_goods` [ RunTime:0.000972s ]
[2024-08-05T13:24:13+08:00][sql] SELECT `goods_id`,`goods_name`,`goods_price`,`stock`,`selnumber`,`goods_thumb`,`description`,`collects_count`,`cover_url` FROM `qing_goods` [ RunTime:0.000280s ]
[2024-08-05T13:24:13+08:00][sql] SELECT `id`,`title`,`url`,`thumb`,`status`,`seq`,`created_at`,`updated_at`,`img_url` FROM `qing_ad` [ RunTime:0.000269s ]
[2024-08-05T13:24:13+08:00][error] [8]未定义数组索引: thumb
[2024-08-05T13:25:29+08:00][sql] CONNECT:[ UseTime:0.000898s ] mysql:host=127.0.0.1;port=3306;dbname=code0921;charset=utf8
[2024-08-05T13:25:29+08:00][sql] SHOW FULL COLUMNS FROM `qing_config` [ RunTime:0.000871s ]
[2024-08-05T13:25:29+08:00][sql] SELECT `value` FROM `qing_config` [ RunTime:0.000217s ]
[2024-08-05T13:25:29+08:00][sql] SHOW FULL COLUMNS FROM `qing_search` [ RunTime:0.000846s ]
[2024-08-05T13:25:29+08:00][sql] SELECT * FROM `qing_search` ORDER BY `id` DESC LIMIT 10 [ RunTime:0.000337s ]
[2024-08-05T13:25:29+08:00][sql] SHOW FULL COLUMNS FROM `qing_cart` [ RunTime:0.000728s ]
[2024-08-05T13:25:29+08:00][sql] SELECT COUNT(*) AS think_count FROM `qing_cart` WHERE  `user_id` IS NULL [ RunTime:0.000231s ]
[2024-08-05T13:25:29+08:00][sql] SHOW FULL COLUMNS FROM `qing_ad` [ RunTime:0.000859s ]
[2024-08-05T13:25:29+08:00][sql] SELECT * FROM `qing_ad` WHERE  `type_id` = 1 [ RunTime:0.000335s ]
[2024-08-05T13:25:29+08:00][sql] SHOW FULL COLUMNS FROM `qing_goods` [ RunTime:0.000843s ]
[2024-08-05T13:25:29+08:00][sql] SELECT `goods_id`,`goods_name`,`goods_price`,`stock`,`selnumber`,`goods_thumb`,`description`,`collects_count`,`cover_url` FROM `qing_goods` [ RunTime:0.000257s ]
[2024-08-05T13:25:29+08:00][sql] SELECT `id`,`title`,`url`,`thumb`,`status`,`seq`,`created_at`,`updated_at`,`img_url` FROM `qing_ad` [ RunTime:0.000230s ]
[2024-08-05T13:25:29+08:00][error] [8]Indirect modification of overloaded element of think\Collection has no effect
[2024-08-05T13:27:15+08:00][sql] CONNECT:[ UseTime:0.000873s ] mysql:host=127.0.0.1;port=3306;dbname=code0921;charset=utf8
[2024-08-05T13:27:15+08:00][sql] SHOW FULL COLUMNS FROM `qing_config` [ RunTime:0.001244s ]
[2024-08-05T13:27:15+08:00][sql] SELECT `value` FROM `qing_config` [ RunTime:0.000361s ]
[2024-08-05T13:27:15+08:00][sql] SHOW FULL COLUMNS FROM `qing_search` [ RunTime:0.000786s ]
[2024-08-05T13:27:15+08:00][sql] SELECT * FROM `qing_search` ORDER BY `id` DESC LIMIT 10 [ RunTime:0.000257s ]
[2024-08-05T13:27:15+08:00][sql] SHOW FULL COLUMNS FROM `qing_cart` [ RunTime:0.000635s ]
[2024-08-05T13:27:15+08:00][sql] SELECT COUNT(*) AS think_count FROM `qing_cart` WHERE  `user_id` IS NULL [ RunTime:0.000228s ]
[2024-08-05T13:27:15+08:00][sql] SHOW FULL COLUMNS FROM `qing_ad` [ RunTime:0.000698s ]
[2024-08-05T13:27:15+08:00][sql] SELECT * FROM `qing_ad` WHERE  `type_id` = 1 [ RunTime:0.000279s ]
[2024-08-05T13:27:15+08:00][sql] SHOW FULL COLUMNS FROM `qing_goods` [ RunTime:0.000753s ]
[2024-08-05T13:27:15+08:00][sql] SELECT `goods_id`,`goods_name`,`goods_price`,`stock`,`selnumber`,`goods_thumb`,`description`,`collects_count`,`cover_url` FROM `qing_goods` [ RunTime:0.000274s ]
[2024-08-05T13:27:15+08:00][sql] SELECT `id`,`title`,`url`,`thumb`,`status`,`seq`,`created_at`,`updated_at`,`img_url` FROM `qing_ad` [ RunTime:0.000202s ]
[2024-08-05T13:27:15+08:00][error] [2]Cannot use a scalar value as an array
[2024-08-05T13:27:39+08:00][sql] CONNECT:[ UseTime:0.000928s ] mysql:host=127.0.0.1;port=3306;dbname=code0921;charset=utf8
[2024-08-05T13:27:39+08:00][sql] SHOW FULL COLUMNS FROM `qing_config` [ RunTime:0.000920s ]
[2024-08-05T13:27:39+08:00][sql] SELECT `value` FROM `qing_config` [ RunTime:0.000233s ]
[2024-08-05T13:27:39+08:00][sql] SHOW FULL COLUMNS FROM `qing_search` [ RunTime:0.000820s ]
[2024-08-05T13:27:39+08:00][sql] SELECT * FROM `qing_search` ORDER BY `id` DESC LIMIT 10 [ RunTime:0.000246s ]
[2024-08-05T13:27:39+08:00][sql] SHOW FULL COLUMNS FROM `qing_cart` [ RunTime:0.000704s ]
[2024-08-05T13:27:39+08:00][sql] SELECT COUNT(*) AS think_count FROM `qing_cart` WHERE  `user_id` IS NULL [ RunTime:0.000188s ]
[2024-08-05T13:27:39+08:00][sql] SHOW FULL COLUMNS FROM `qing_ad` [ RunTime:0.000672s ]
[2024-08-05T13:27:39+08:00][sql] SELECT * FROM `qing_ad` WHERE  `type_id` = 1 [ RunTime:0.000294s ]
[2024-08-05T13:27:39+08:00][sql] SHOW FULL COLUMNS FROM `qing_goods` [ RunTime:0.000798s ]
[2024-08-05T13:27:39+08:00][sql] SELECT `goods_id`,`goods_name`,`goods_price`,`stock`,`selnumber`,`goods_thumb`,`description`,`collects_count`,`cover_url` FROM `qing_goods` [ RunTime:0.000255s ]
[2024-08-05T13:27:39+08:00][sql] SELECT `id`,`title`,`url`,`thumb`,`status`,`seq`,`created_at`,`updated_at`,`img_url` FROM `qing_ad` [ RunTime:0.000191s ]
[2024-08-05T13:27:39+08:00][sql] SHOW FULL COLUMNS FROM `qing_category` [ RunTime:0.001117s ]
[2024-08-05T13:27:39+08:00][sql] SELECT `id`,`parent_id`,`cate_name` FROM `qing_category` ORDER BY `listorder` ASC [ RunTime:0.000380s ]
[2024-08-05T13:27:39+08:00][error] [8]未定义变量: goodsData5
[2024-08-05T13:27:58+08:00][sql] CONNECT:[ UseTime:0.000910s ] mysql:host=127.0.0.1;port=3306;dbname=code0921;charset=utf8
[2024-08-05T13:27:58+08:00][sql] SHOW FULL COLUMNS FROM `qing_config` [ RunTime:0.000902s ]
[2024-08-05T13:27:58+08:00][sql] SELECT `value` FROM `qing_config` [ RunTime:0.000268s ]
[2024-08-05T13:27:58+08:00][sql] SHOW FULL COLUMNS FROM `qing_search` [ RunTime:0.000777s ]
[2024-08-05T13:27:58+08:00][sql] SELECT * FROM `qing_search` ORDER BY `id` DESC LIMIT 10 [ RunTime:0.000231s ]
[2024-08-05T13:27:58+08:00][sql] SHOW FULL COLUMNS FROM `qing_cart` [ RunTime:0.000674s ]
[2024-08-05T13:27:58+08:00][sql] SELECT COUNT(*) AS think_count FROM `qing_cart` WHERE  `user_id` IS NULL [ RunTime:0.000212s ]
[2024-08-05T13:27:58+08:00][sql] SHOW FULL COLUMNS FROM `qing_ad` [ RunTime:0.000693s ]
[2024-08-05T13:27:58+08:00][sql] SELECT * FROM `qing_ad` WHERE  `type_id` = 1 [ RunTime:0.000268s ]
[2024-08-05T13:27:58+08:00][sql] SHOW FULL COLUMNS FROM `qing_goods` [ RunTime:0.000726s ]
[2024-08-05T13:27:58+08:00][sql] SELECT `goods_id`,`goods_name`,`goods_price`,`stock`,`selnumber`,`goods_thumb`,`description`,`collects_count`,`cover_url` FROM `qing_goods` [ RunTime:0.000239s ]
[2024-08-05T13:27:58+08:00][sql] SELECT `id`,`title`,`url`,`thumb`,`status`,`seq`,`created_at`,`updated_at`,`img_url` FROM `qing_ad` [ RunTime:0.000232s ]
[2024-08-05T13:27:58+08:00][sql] SHOW FULL COLUMNS FROM `qing_category` [ RunTime:0.001119s ]
[2024-08-05T13:27:58+08:00][sql] SELECT `id`,`parent_id`,`cate_name` FROM `qing_category` ORDER BY `listorder` ASC [ RunTime:0.000498s ]
[2024-08-05T13:27:58+08:00][error] [8]未定义变量: goodsData5
[2024-08-05T13:30:48+08:00][sql] CONNECT:[ UseTime:0.011393s ] mysql:host=127.0.0.1;port=3306;dbname=code0921;charset=utf8
[2024-08-05T13:30:48+08:00][sql] SHOW FULL COLUMNS FROM `qing_config` [ RunTime:0.000948s ]
[2024-08-05T13:30:48+08:00][sql] SELECT `value` FROM `qing_config` [ RunTime:0.000404s ]
[2024-08-05T13:30:48+08:00][sql] SHOW FULL COLUMNS FROM `qing_search` [ RunTime:0.000811s ]
[2024-08-05T13:30:48+08:00][sql] SELECT * FROM `qing_search` ORDER BY `id` DESC LIMIT 10 [ RunTime:0.000308s ]
[2024-08-05T13:30:48+08:00][sql] SHOW FULL COLUMNS FROM `qing_cart` [ RunTime:0.000627s ]
[2024-08-05T13:30:48+08:00][sql] SELECT COUNT(*) AS think_count FROM `qing_cart` WHERE  `user_id` IS NULL [ RunTime:0.000179s ]
[2024-08-05T13:30:48+08:00][sql] SHOW FULL COLUMNS FROM `qing_ad` [ RunTime:0.000641s ]
[2024-08-05T13:30:48+08:00][sql] SELECT * FROM `qing_ad` WHERE  `type_id` = 1 [ RunTime:0.000329s ]
[2024-08-05T13:30:48+08:00][sql] SHOW FULL COLUMNS FROM `qing_goods` [ RunTime:0.000779s ]
[2024-08-05T13:30:48+08:00][sql] SELECT `goods_id`,`goods_name`,`goods_price`,`stock`,`selnumber`,`goods_thumb`,`description`,`collects_count`,`cover_url` FROM `qing_goods` [ RunTime:0.000251s ]
[2024-08-05T13:30:48+08:00][sql] SELECT `id`,`title`,`url`,`thumb`,`status`,`seq`,`created_at`,`updated_at`,`img_url` FROM `qing_ad` [ RunTime:0.000197s ]
[2024-08-05T13:30:48+08:00][sql] SHOW FULL COLUMNS FROM `qing_category` [ RunTime:0.000726s ]
[2024-08-05T13:30:48+08:00][sql] SELECT `id`,`parent_id`,`cate_name` FROM `qing_category` ORDER BY `listorder` ASC [ RunTime:0.000343s ]
[2024-08-05T13:30:48+08:00][error] [8]未定义变量: goodsData5
[2024-08-05T13:31:38+08:00][sql] CONNECT:[ UseTime:0.011193s ] mysql:host=127.0.0.1;port=3306;dbname=code0921;charset=utf8
[2024-08-05T13:31:38+08:00][sql] SHOW FULL COLUMNS FROM `qing_config` [ RunTime:0.001117s ]
[2024-08-05T13:31:38+08:00][sql] SELECT `value` FROM `qing_config` [ RunTime:0.000337s ]
[2024-08-05T13:31:38+08:00][sql] SHOW FULL COLUMNS FROM `qing_search` [ RunTime:0.000898s ]
[2024-08-05T13:31:38+08:00][sql] SELECT * FROM `qing_search` ORDER BY `id` DESC LIMIT 10 [ RunTime:0.000235s ]
[2024-08-05T13:31:38+08:00][sql] SHOW FULL COLUMNS FROM `qing_cart` [ RunTime:0.000649s ]
[2024-08-05T13:31:38+08:00][sql] SELECT COUNT(*) AS think_count FROM `qing_cart` WHERE  `user_id` IS NULL [ RunTime:0.000174s ]
[2024-08-05T13:31:38+08:00][sql] SHOW FULL COLUMNS FROM `qing_ad` [ RunTime:0.000690s ]
[2024-08-05T13:31:38+08:00][sql] SELECT * FROM `qing_ad` WHERE  `type_id` = 1 [ RunTime:0.000327s ]
[2024-08-05T13:31:38+08:00][sql] SHOW FULL COLUMNS FROM `qing_goods` [ RunTime:0.000773s ]
[2024-08-05T13:31:38+08:00][sql] SELECT `goods_id`,`goods_name`,`goods_price`,`stock`,`selnumber`,`goods_thumb`,`description`,`collects_count`,`cover_url` FROM `qing_goods` [ RunTime:0.000323s ]
[2024-08-05T13:31:38+08:00][sql] SELECT `id`,`title`,`url`,`thumb`,`status`,`seq`,`created_at`,`updated_at`,`img_url` FROM `qing_ad` [ RunTime:0.000225s ]
[2024-08-05T13:32:13+08:00][sql] CONNECT:[ UseTime:0.001010s ] mysql:host=127.0.0.1;port=3306;dbname=code0921;charset=utf8
[2024-08-05T13:32:13+08:00][sql] SHOW FULL COLUMNS FROM `qing_config` [ RunTime:0.000787s ]
[2024-08-05T13:32:13+08:00][sql] SELECT `value` FROM `qing_config` [ RunTime:0.000220s ]
[2024-08-05T13:32:13+08:00][sql] SHOW FULL COLUMNS FROM `qing_search` [ RunTime:0.000674s ]
[2024-08-05T13:32:13+08:00][sql] SELECT * FROM `qing_search` ORDER BY `id` DESC LIMIT 10 [ RunTime:0.000255s ]
[2024-08-05T13:32:13+08:00][sql] SHOW FULL COLUMNS FROM `qing_cart` [ RunTime:0.000733s ]
[2024-08-05T13:32:13+08:00][sql] SELECT COUNT(*) AS think_count FROM `qing_cart` WHERE  `user_id` IS NULL [ RunTime:0.000212s ]
[2024-08-05T13:32:13+08:00][sql] SHOW FULL COLUMNS FROM `qing_ad` [ RunTime:0.000691s ]
[2024-08-05T13:32:13+08:00][sql] SELECT * FROM `qing_ad` WHERE  `type_id` = 1 [ RunTime:0.000284s ]
[2024-08-05T13:32:13+08:00][sql] SHOW FULL COLUMNS FROM `qing_goods` [ RunTime:0.000777s ]
[2024-08-05T13:32:13+08:00][sql] SELECT `goods_id`,`goods_name`,`goods_price`,`stock`,`selnumber`,`goods_thumb`,`description`,`collects_count`,`cover_url` FROM `qing_goods` [ RunTime:0.000272s ]
[2024-08-05T13:32:13+08:00][sql] SELECT `id`,`title`,`url`,`thumb`,`status`,`seq`,`created_at`,`updated_at`,`img_url` FROM `qing_ad` [ RunTime:0.000215s ]
[2024-08-05T13:40:46+08:00][sql] CONNECT:[ UseTime:0.001077s ] mysql:host=127.0.0.1;port=3306;dbname=code0921;charset=utf8
[2024-08-05T13:40:46+08:00][sql] SHOW FULL COLUMNS FROM `qing_config` [ RunTime:0.000825s ]
[2024-08-05T13:40:46+08:00][sql] SELECT `value` FROM `qing_config` [ RunTime:0.000257s ]
[2024-08-05T13:40:46+08:00][sql] SHOW FULL COLUMNS FROM `qing_search` [ RunTime:0.000723s ]
[2024-08-05T13:40:46+08:00][sql] SELECT * FROM `qing_search` ORDER BY `id` DESC LIMIT 10 [ RunTime:0.000231s ]
[2024-08-05T13:40:46+08:00][sql] SHOW FULL COLUMNS FROM `qing_cart` [ RunTime:0.000625s ]
[2024-08-05T13:40:46+08:00][sql] SELECT COUNT(*) AS think_count FROM `qing_cart` WHERE  `user_id` IS NULL [ RunTime:0.000195s ]
[2024-08-05T13:40:46+08:00][sql] SHOW FULL COLUMNS FROM `qing_ad` [ RunTime:0.000670s ]
[2024-08-05T13:40:46+08:00][sql] SELECT * FROM `qing_ad` WHERE  `type_id` = 1 [ RunTime:0.000341s ]
[2024-08-05T13:40:46+08:00][sql] SHOW FULL COLUMNS FROM `qing_goods` [ RunTime:0.000835s ]
[2024-08-05T13:40:46+08:00][sql] SELECT `goods_id`,`goods_name`,`goods_price`,`stock`,`selnumber`,`goods_thumb`,`description`,`collects_count`,`cover_url` FROM `qing_goods` [ RunTime:0.000436s ]
[2024-08-05T13:40:46+08:00][sql] SELECT `id`,`title`,`url`,`thumb`,`status`,`seq`,`created_at`,`updated_at`,`img_url` FROM `qing_ad` [ RunTime:0.000418s ]
[2024-08-05T13:41:30+08:00][sql] CONNECT:[ UseTime:0.000909s ] mysql:host=127.0.0.1;port=3306;dbname=code0921;charset=utf8
[2024-08-05T13:41:30+08:00][sql] SHOW FULL COLUMNS FROM `qing_config` [ RunTime:0.000852s ]
[2024-08-05T13:41:30+08:00][sql] SELECT `value` FROM `qing_config` [ RunTime:0.000224s ]
[2024-08-05T13:41:30+08:00][sql] SHOW FULL COLUMNS FROM `qing_search` [ RunTime:0.000928s ]
[2024-08-05T13:41:30+08:00][sql] SELECT * FROM `qing_search` ORDER BY `id` DESC LIMIT 10 [ RunTime:0.000272s ]
[2024-08-05T13:41:30+08:00][sql] SHOW FULL COLUMNS FROM `qing_cart` [ RunTime:0.000632s ]
[2024-08-05T13:41:30+08:00][sql] SELECT COUNT(*) AS think_count FROM `qing_cart` WHERE  `user_id` IS NULL [ RunTime:0.000180s ]
[2024-08-05T13:41:30+08:00][sql] SHOW FULL COLUMNS FROM `qing_ad` [ RunTime:0.000642s ]
[2024-08-05T13:41:30+08:00][sql] SELECT * FROM `qing_ad` WHERE  `type_id` = 1 [ RunTime:0.000267s ]
[2024-08-05T13:41:30+08:00][sql] SHOW FULL COLUMNS FROM `qing_goods` [ RunTime:0.000759s ]
[2024-08-05T13:41:30+08:00][sql] SELECT `goods_id`,`goods_name`,`goods_price`,`stock`,`selnumber`,`goods_thumb`,`description`,`collects_count`,`cover_url` FROM `qing_goods` [ RunTime:0.000280s ]
[2024-08-05T13:41:30+08:00][sql] SELECT `id`,`title`,`url`,`thumb`,`status`,`seq`,`created_at`,`updated_at`,`img_url` FROM `qing_ad` [ RunTime:0.000208s ]
[2024-08-05T13:44:05+08:00][sql] CONNECT:[ UseTime:0.000911s ] mysql:host=127.0.0.1;port=3306;dbname=code0921;charset=utf8
[2024-08-05T13:44:05+08:00][sql] SHOW FULL COLUMNS FROM `qing_config` [ RunTime:0.000927s ]
[2024-08-05T13:44:05+08:00][sql] SELECT `value` FROM `qing_config` [ RunTime:0.000226s ]
[2024-08-05T13:44:05+08:00][sql] SHOW FULL COLUMNS FROM `qing_search` [ RunTime:0.000716s ]
[2024-08-05T13:44:05+08:00][sql] SELECT * FROM `qing_search` ORDER BY `id` DESC LIMIT 10 [ RunTime:0.000243s ]
[2024-08-05T13:44:05+08:00][sql] SHOW FULL COLUMNS FROM `qing_cart` [ RunTime:0.000808s ]
[2024-08-05T13:44:05+08:00][sql] SELECT COUNT(*) AS think_count FROM `qing_cart` WHERE  `user_id` IS NULL [ RunTime:0.000371s ]
[2024-08-05T13:44:05+08:00][sql] SHOW FULL COLUMNS FROM `qing_ad` [ RunTime:0.000930s ]
[2024-08-05T13:44:05+08:00][sql] SELECT * FROM `qing_ad` WHERE  `type_id` = 1 [ RunTime:0.000331s ]
[2024-08-05T13:44:05+08:00][sql] SHOW FULL COLUMNS FROM `qing_goods` [ RunTime:0.000786s ]
[2024-08-05T13:44:05+08:00][sql] SELECT `goods_id`,`goods_name`,`goods_price`,`stock`,`selnumber`,`goods_thumb`,`description`,`collects_count`,`cover_url` FROM `qing_goods` [ RunTime:0.000264s ]
[2024-08-05T13:44:05+08:00][sql] SELECT `id`,`title`,`url`,`thumb`,`status`,`seq`,`created_at`,`updated_at`,`img_url` FROM `qing_ad` [ RunTime:0.000191s ]
[2024-08-05T14:18:38+08:00][sql] CONNECT:[ UseTime:0.001388s ] mysql:host=127.0.0.1;port=3306;dbname=code0921;charset=utf8
[2024-08-05T14:18:38+08:00][sql] SHOW FULL COLUMNS FROM `qing_config` [ RunTime:0.001323s ]
[2024-08-05T14:18:38+08:00][sql] SELECT `value` FROM `qing_config` [ RunTime:0.000269s ]
[2024-08-05T14:18:38+08:00][sql] SHOW FULL COLUMNS FROM `qing_search` [ RunTime:0.000985s ]
[2024-08-05T14:18:38+08:00][sql] SELECT * FROM `qing_search` ORDER BY `id` DESC LIMIT 10 [ RunTime:0.000329s ]
[2024-08-05T14:18:38+08:00][sql] SHOW FULL COLUMNS FROM `qing_cart` [ RunTime:0.001053s ]
[2024-08-05T14:18:38+08:00][sql] SELECT COUNT(*) AS think_count FROM `qing_cart` WHERE  `user_id` IS NULL [ RunTime:0.000343s ]
[2024-08-05T14:18:52+08:00][sql] CONNECT:[ UseTime:0.001088s ] mysql:host=127.0.0.1;port=3306;dbname=code0921;charset=utf8
[2024-08-05T14:18:52+08:00][sql] SHOW FULL COLUMNS FROM `qing_config` [ RunTime:0.000838s ]
[2024-08-05T14:18:52+08:00][sql] SELECT `value` FROM `qing_config` [ RunTime:0.000248s ]
[2024-08-05T14:18:52+08:00][sql] SHOW FULL COLUMNS FROM `qing_search` [ RunTime:0.001024s ]
[2024-08-05T14:18:52+08:00][sql] SELECT * FROM `qing_search` ORDER BY `id` DESC LIMIT 10 [ RunTime:0.000445s ]
[2024-08-05T14:18:52+08:00][sql] SHOW FULL COLUMNS FROM `qing_cart` [ RunTime:0.000805s ]
[2024-08-05T14:18:52+08:00][sql] SELECT COUNT(*) AS think_count FROM `qing_cart` WHERE  `user_id` IS NULL [ RunTime:0.000298s ]
[2024-08-05T14:19:32+08:00][sql] CONNECT:[ UseTime:0.000962s ] mysql:host=127.0.0.1;port=3306;dbname=code0921;charset=utf8
[2024-08-05T14:19:32+08:00][sql] SHOW FULL COLUMNS FROM `qing_config` [ RunTime:0.001179s ]
[2024-08-05T14:19:32+08:00][sql] SELECT `value` FROM `qing_config` [ RunTime:0.000363s ]
[2024-08-05T14:19:32+08:00][sql] SHOW FULL COLUMNS FROM `qing_search` [ RunTime:0.000794s ]
[2024-08-05T14:19:32+08:00][sql] SELECT * FROM `qing_search` ORDER BY `id` DESC LIMIT 10 [ RunTime:0.000228s ]
[2024-08-05T14:19:32+08:00][sql] SHOW FULL COLUMNS FROM `qing_cart` [ RunTime:0.000608s ]
[2024-08-05T14:19:32+08:00][sql] SELECT COUNT(*) AS think_count FROM `qing_cart` WHERE  `user_id` IS NULL [ RunTime:0.000216s ]
[2024-08-05T14:19:36+08:00][sql] CONNECT:[ UseTime:0.001115s ] mysql:host=127.0.0.1;port=3306;dbname=code0921;charset=utf8
[2024-08-05T14:19:36+08:00][sql] SHOW FULL COLUMNS FROM `qing_config` [ RunTime:0.001116s ]
[2024-08-05T14:19:36+08:00][sql] SELECT `value` FROM `qing_config` [ RunTime:0.000273s ]
[2024-08-05T14:19:36+08:00][sql] SHOW FULL COLUMNS FROM `qing_search` [ RunTime:0.001085s ]
[2024-08-05T14:19:36+08:00][sql] SELECT * FROM `qing_search` ORDER BY `id` DESC LIMIT 10 [ RunTime:0.000303s ]
[2024-08-05T14:19:36+08:00][sql] SHOW FULL COLUMNS FROM `qing_cart` [ RunTime:0.000808s ]
[2024-08-05T14:19:36+08:00][sql] SELECT COUNT(*) AS think_count FROM `qing_cart` WHERE  `user_id` IS NULL [ RunTime:0.000236s ]
[2024-08-05T14:20:15+08:00][sql] CONNECT:[ UseTime:0.001100s ] mysql:host=127.0.0.1;port=3306;dbname=code0921;charset=utf8
[2024-08-05T14:20:15+08:00][sql] SHOW FULL COLUMNS FROM `qing_config` [ RunTime:0.001237s ]
[2024-08-05T14:20:15+08:00][sql] SELECT `value` FROM `qing_config` [ RunTime:0.000373s ]
[2024-08-05T14:20:15+08:00][sql] SHOW FULL COLUMNS FROM `qing_search` [ RunTime:0.000855s ]
[2024-08-05T14:20:15+08:00][sql] SELECT * FROM `qing_search` ORDER BY `id` DESC LIMIT 10 [ RunTime:0.000254s ]
[2024-08-05T14:20:15+08:00][sql] SHOW FULL COLUMNS FROM `qing_cart` [ RunTime:0.000805s ]
[2024-08-05T14:20:15+08:00][sql] SELECT COUNT(*) AS think_count FROM `qing_cart` WHERE  `user_id` IS NULL [ RunTime:0.000216s ]
[2024-08-05T15:04:38+08:00][sql] CONNECT:[ UseTime:0.001390s ] mysql:host=127.0.0.1;port=3306;dbname=code0921;charset=utf8
[2024-08-05T15:04:38+08:00][sql] SHOW FULL COLUMNS FROM `qing_config` [ RunTime:0.001143s ]
[2024-08-05T15:04:38+08:00][sql] SELECT `value` FROM `qing_config` [ RunTime:0.000247s ]
[2024-08-05T15:04:38+08:00][sql] SHOW FULL COLUMNS FROM `qing_search` [ RunTime:0.000740s ]
[2024-08-05T15:04:38+08:00][sql] SELECT * FROM `qing_search` ORDER BY `id` DESC LIMIT 10 [ RunTime:0.000253s ]
[2024-08-05T15:04:38+08:00][sql] SHOW FULL COLUMNS FROM `qing_cart` [ RunTime:0.000682s ]
[2024-08-05T15:04:38+08:00][sql] SELECT COUNT(*) AS think_count FROM `qing_cart` WHERE  `user_id` IS NULL [ RunTime:0.000192s ]
[2024-08-05T15:04:38+08:00][sql] SHOW FULL COLUMNS FROM `qing_goods` [ RunTime:0.000718s ]
[2024-08-05T15:04:38+08:00][sql] SELECT * FROM `qing_goods` WHERE  `goods_id` = 7 LIMIT 1 [ RunTime:0.000360s ]
[2024-08-05T15:04:38+08:00][sql] UPDATE `qing_goods`  SET `click` = 23  WHERE  `goods_id` = 7 [ RunTime:0.002658s ]
[2024-08-05T15:04:38+08:00][sql] SHOW FULL COLUMNS FROM `qing_goods_img` [ RunTime:0.003797s ]
[2024-08-05T15:04:38+08:00][sql] SELECT * FROM `qing_goods_img` WHERE  `goods_id` = 7 [ RunTime:0.000448s ]
[2024-08-05T15:04:38+08:00][error] [10501]SQLSTATE[42S22]: Column not found: 1054 Unknown column 'p.id' in 'field list'
[2024-08-05T15:21:05+08:00][sql] CONNECT:[ UseTime:0.001088s ] mysql:host=127.0.0.1;port=3306;dbname=code0921;charset=utf8
[2024-08-05T15:21:05+08:00][sql] SHOW FULL COLUMNS FROM `qing_config` [ RunTime:0.001094s ]
[2024-08-05T15:21:05+08:00][sql] SELECT `value` FROM `qing_config` [ RunTime:0.000243s ]
[2024-08-05T15:21:05+08:00][sql] SHOW FULL COLUMNS FROM `qing_search` [ RunTime:0.000831s ]
[2024-08-05T15:21:05+08:00][sql] SELECT * FROM `qing_search` ORDER BY `id` DESC LIMIT 10 [ RunTime:0.000373s ]
[2024-08-05T15:21:05+08:00][sql] SHOW FULL COLUMNS FROM `qing_cart` [ RunTime:0.000756s ]
[2024-08-05T15:21:05+08:00][sql] SELECT COUNT(*) AS think_count FROM `qing_cart` WHERE  `user_id` IS NULL [ RunTime:0.000221s ]
[2024-08-05T15:21:05+08:00][sql] SHOW FULL COLUMNS FROM `qing_goods` [ RunTime:0.001119s ]
[2024-08-05T15:21:05+08:00][sql] SELECT * FROM `qing_goods` WHERE  `goods_id` = 7 LIMIT 1 [ RunTime:0.000436s ]
[2024-08-05T15:21:05+08:00][sql] UPDATE `qing_goods`  SET `click` = 25  WHERE  `goods_id` = 7 [ RunTime:0.014300s ]
[2024-08-05T15:21:05+08:00][sql] SHOW FULL COLUMNS FROM `qing_goods_img` [ RunTime:0.007783s ]
[2024-08-05T15:21:05+08:00][sql] SELECT * FROM `qing_goods_img` WHERE  `goods_id` = 7 [ RunTime:0.000626s ]
[2024-08-05T15:21:05+08:00][sql] SELECT `p`.`goods_id`,`p`.`goods_name`,`p`.`goods_price`,`p`.`stock`,`p`.`selnumber`,`p`.`goods_thumb`,`pd`.`content` FROM `qing_goods` `p` INNER JOIN `qing_goods_content` `pd` ON `p`.`goods_id`=`pd`.`goods_id` [ RunTime:0.004641s ]
[2024-08-05T15:21:05+08:00][error] [8]未定义数组索引: thumb
[2024-08-05T15:45:33+08:00][sql] CONNECT:[ UseTime:0.001209s ] mysql:host=127.0.0.1;port=3306;dbname=code0921;charset=utf8
[2024-08-05T15:45:33+08:00][sql] SHOW FULL COLUMNS FROM `qing_config` [ RunTime:0.001185s ]
[2024-08-05T15:45:33+08:00][sql] SELECT `value` FROM `qing_config` [ RunTime:0.000294s ]
[2024-08-05T15:45:33+08:00][sql] SHOW FULL COLUMNS FROM `qing_search` [ RunTime:0.001002s ]
[2024-08-05T15:45:33+08:00][sql] SELECT * FROM `qing_search` ORDER BY `id` DESC LIMIT 10 [ RunTime:0.000337s ]
[2024-08-05T15:45:33+08:00][sql] SHOW FULL COLUMNS FROM `qing_cart` [ RunTime:0.001058s ]
[2024-08-05T15:45:33+08:00][sql] SELECT COUNT(*) AS think_count FROM `qing_cart` WHERE  `user_id` IS NULL [ RunTime:0.000427s ]
[2024-08-05T15:45:33+08:00][sql] SHOW FULL COLUMNS FROM `qing_goods` [ RunTime:0.001267s ]
[2024-08-05T15:45:33+08:00][sql] SELECT * FROM `qing_goods` WHERE  `goods_id` = 7 LIMIT 1 [ RunTime:0.000497s ]
[2024-08-05T15:45:33+08:00][sql] UPDATE `qing_goods`  SET `click` = 29  WHERE  `goods_id` = 7 [ RunTime:0.003202s ]
[2024-08-05T15:45:33+08:00][sql] SHOW FULL COLUMNS FROM `qing_goods_img` [ RunTime:0.000902s ]
[2024-08-05T15:45:33+08:00][sql] SELECT * FROM `qing_goods_img` WHERE  `goods_id` = 7 [ RunTime:0.000406s ]
[2024-08-05T15:45:33+08:00][sql] SELECT `p`.`goods_id`,`p`.`goods_name`,`p`.`goods_price`,`p`.`stock`,`p`.`selnumber`,`p`.`goods_thumb`,`pd`.`content` FROM `qing_goods` `p` INNER JOIN `qing_goods_content` `pd` ON `p`.`goods_id`=`pd`.`goods_id` [ RunTime:0.000495s ]
[2024-08-05T15:45:33+08:00][sql] CONNECT:[ UseTime:0.001012s ] mysql:host=127.0.0.1;port=3306;dbname=code0921;charset=utf8
[2024-08-05T15:45:33+08:00][sql] SHOW FULL COLUMNS FROM `qing_config` [ RunTime:0.000901s ]
[2024-08-05T15:45:33+08:00][sql] SELECT `value` FROM `qing_config` [ RunTime:0.000233s ]
[2024-08-05T15:45:33+08:00][sql] SHOW FULL COLUMNS FROM `qing_search` [ RunTime:0.000764s ]
[2024-08-05T15:45:33+08:00][sql] SELECT * FROM `qing_search` ORDER BY `id` DESC LIMIT 10 [ RunTime:0.000221s ]
[2024-08-05T15:45:33+08:00][sql] SHOW FULL COLUMNS FROM `qing_cart` [ RunTime:0.000591s ]
[2024-08-05T15:45:33+08:00][sql] SELECT COUNT(*) AS think_count FROM `qing_cart` WHERE  `user_id` IS NULL [ RunTime:0.000171s ]
[2024-08-05T15:45:33+08:00][error] [8]未定义数组索引: username
[2024-08-05T15:45:58+08:00][sql] CONNECT:[ UseTime:0.001283s ] mysql:host=127.0.0.1;port=3306;dbname=code0921;charset=utf8
[2024-08-05T15:45:58+08:00][sql] SHOW FULL COLUMNS FROM `qing_config` [ RunTime:0.001057s ]
[2024-08-05T15:45:58+08:00][sql] SELECT `value` FROM `qing_config` [ RunTime:0.000295s ]
[2024-08-05T15:45:58+08:00][sql] SHOW FULL COLUMNS FROM `qing_search` [ RunTime:0.000730s ]
[2024-08-05T15:45:58+08:00][sql] SELECT * FROM `qing_search` ORDER BY `id` DESC LIMIT 10 [ RunTime:0.000238s ]
[2024-08-05T15:45:58+08:00][sql] SHOW FULL COLUMNS FROM `qing_cart` [ RunTime:0.000667s ]
[2024-08-05T15:45:58+08:00][sql] SELECT COUNT(*) AS think_count FROM `qing_cart` WHERE  `user_id` IS NULL [ RunTime:0.000181s ]
[2024-08-05T15:45:58+08:00][sql] SHOW FULL COLUMNS FROM `qing_goods` [ RunTime:0.000936s ]
[2024-08-05T15:45:58+08:00][sql] SELECT * FROM `qing_goods` WHERE  `goods_id` = 7 LIMIT 1 [ RunTime:0.000416s ]
[2024-08-05T15:45:58+08:00][sql] UPDATE `qing_goods`  SET `click` = 30  WHERE  `goods_id` = 7 [ RunTime:0.002500s ]
[2024-08-05T15:45:58+08:00][sql] SHOW FULL COLUMNS FROM `qing_goods_img` [ RunTime:0.000719s ]
[2024-08-05T15:45:58+08:00][sql] SELECT * FROM `qing_goods_img` WHERE  `goods_id` = 7 [ RunTime:0.000264s ]
[2024-08-05T15:45:58+08:00][sql] SELECT `p`.`goods_id`,`p`.`goods_name`,`p`.`goods_price`,`p`.`stock`,`p`.`selnumber`,`p`.`goods_thumb`,`pd`.`content` FROM `qing_goods` `p` INNER JOIN `qing_goods_content` `pd` ON `p`.`goods_id`=`pd`.`goods_id` [ RunTime:0.000310s ]
[2024-08-05T15:45:58+08:00][sql] CONNECT:[ UseTime:0.000923s ] mysql:host=127.0.0.1;port=3306;dbname=code0921;charset=utf8
[2024-08-05T15:45:58+08:00][sql] SHOW FULL COLUMNS FROM `qing_config` [ RunTime:0.000924s ]
[2024-08-05T15:45:58+08:00][sql] SELECT `value` FROM `qing_config` [ RunTime:0.000240s ]
[2024-08-05T15:45:58+08:00][sql] SHOW FULL COLUMNS FROM `qing_search` [ RunTime:0.000780s ]
[2024-08-05T15:45:58+08:00][sql] SELECT * FROM `qing_search` ORDER BY `id` DESC LIMIT 10 [ RunTime:0.000272s ]
[2024-08-05T15:45:58+08:00][sql] SHOW FULL COLUMNS FROM `qing_cart` [ RunTime:0.000649s ]
[2024-08-05T15:45:58+08:00][sql] SELECT COUNT(*) AS think_count FROM `qing_cart` WHERE  `user_id` IS NULL [ RunTime:0.000228s ]
[2024-08-05T15:45:58+08:00][error] [8]未定义数组索引: username
[2024-08-05T15:46:28+08:00][sql] CONNECT:[ UseTime:0.000916s ] mysql:host=127.0.0.1;port=3306;dbname=code0921;charset=utf8
[2024-08-05T15:46:28+08:00][sql] SHOW FULL COLUMNS FROM `qing_config` [ RunTime:0.001847s ]
[2024-08-05T15:46:28+08:00][sql] SELECT `value` FROM `qing_config` [ RunTime:0.000310s ]
[2024-08-05T15:46:28+08:00][sql] SHOW FULL COLUMNS FROM `qing_search` [ RunTime:0.000788s ]
[2024-08-05T15:46:28+08:00][sql] SELECT * FROM `qing_search` ORDER BY `id` DESC LIMIT 10 [ RunTime:0.000229s ]
[2024-08-05T15:46:28+08:00][sql] SHOW FULL COLUMNS FROM `qing_cart` [ RunTime:0.000634s ]
[2024-08-05T15:46:28+08:00][sql] SELECT COUNT(*) AS think_count FROM `qing_cart` WHERE  `user_id` IS NULL [ RunTime:0.000173s ]
[2024-08-05T15:46:28+08:00][sql] SHOW FULL COLUMNS FROM `qing_goods` [ RunTime:0.000756s ]
[2024-08-05T15:46:28+08:00][sql] SELECT * FROM `qing_goods` WHERE  `goods_id` = 7 LIMIT 1 [ RunTime:0.000410s ]
[2024-08-05T15:46:28+08:00][sql] UPDATE `qing_goods`  SET `click` = 31  WHERE  `goods_id` = 7 [ RunTime:0.002328s ]
[2024-08-05T15:46:28+08:00][sql] SHOW FULL COLUMNS FROM `qing_goods_img` [ RunTime:0.003292s ]
[2024-08-05T15:46:28+08:00][sql] SELECT * FROM `qing_goods_img` WHERE  `goods_id` = 7 [ RunTime:0.000348s ]
[2024-08-05T15:46:28+08:00][sql] SELECT `p`.`goods_id`,`p`.`goods_name`,`p`.`goods_price`,`p`.`stock`,`p`.`selnumber`,`p`.`goods_thumb`,`pd`.`content` FROM `qing_goods` `p` INNER JOIN `qing_goods_content` `pd` ON `p`.`goods_id`=`pd`.`goods_id` [ RunTime:0.000316s ]
[2024-08-05T15:46:28+08:00][sql] CONNECT:[ UseTime:0.000898s ] mysql:host=127.0.0.1;port=3306;dbname=code0921;charset=utf8
[2024-08-05T15:46:28+08:00][sql] SHOW FULL COLUMNS FROM `qing_config` [ RunTime:0.000889s ]
[2024-08-05T15:46:28+08:00][sql] SELECT `value` FROM `qing_config` [ RunTime:0.000292s ]
[2024-08-05T15:46:28+08:00][sql] SHOW FULL COLUMNS FROM `qing_search` [ RunTime:0.000735s ]
[2024-08-05T15:46:28+08:00][sql] SELECT * FROM `qing_search` ORDER BY `id` DESC LIMIT 10 [ RunTime:0.000235s ]
[2024-08-05T15:46:28+08:00][sql] SHOW FULL COLUMNS FROM `qing_cart` [ RunTime:0.000669s ]
[2024-08-05T15:46:28+08:00][sql] SELECT COUNT(*) AS think_count FROM `qing_cart` WHERE  `user_id` IS NULL [ RunTime:0.000210s ]
[2024-08-05T15:46:28+08:00][error] [8]未定义数组索引: username
[2024-08-05T15:47:17+08:00][sql] CONNECT:[ UseTime:0.000956s ] mysql:host=127.0.0.1;port=3306;dbname=code0921;charset=utf8
[2024-08-05T15:47:17+08:00][sql] SHOW FULL COLUMNS FROM `qing_config` [ RunTime:0.000919s ]
[2024-08-05T15:47:17+08:00][sql] SELECT `value` FROM `qing_config` [ RunTime:0.000216s ]
[2024-08-05T15:47:17+08:00][sql] SHOW FULL COLUMNS FROM `qing_search` [ RunTime:0.000732s ]
[2024-08-05T15:47:17+08:00][sql] SELECT * FROM `qing_search` ORDER BY `id` DESC LIMIT 10 [ RunTime:0.000266s ]
[2024-08-05T15:47:17+08:00][sql] SHOW FULL COLUMNS FROM `qing_cart` [ RunTime:0.000656s ]
[2024-08-05T15:47:17+08:00][sql] SELECT COUNT(*) AS think_count FROM `qing_cart` WHERE  `user_id` IS NULL [ RunTime:0.000181s ]
[2024-08-05T15:47:17+08:00][sql] SHOW FULL COLUMNS FROM `qing_goods` [ RunTime:0.000695s ]
[2024-08-05T15:47:17+08:00][sql] SELECT * FROM `qing_goods` WHERE  `goods_id` = 7 LIMIT 1 [ RunTime:0.000376s ]
[2024-08-05T15:47:17+08:00][sql] UPDATE `qing_goods`  SET `click` = 32  WHERE  `goods_id` = 7 [ RunTime:0.002556s ]
[2024-08-05T15:47:17+08:00][sql] SHOW FULL COLUMNS FROM `qing_goods_img` [ RunTime:0.015359s ]
[2024-08-05T15:47:17+08:00][sql] SELECT * FROM `qing_goods_img` WHERE  `goods_id` = 7 [ RunTime:0.000422s ]
[2024-08-05T15:47:17+08:00][sql] SELECT `p`.`goods_id`,`p`.`goods_name`,`p`.`goods_price`,`p`.`stock`,`p`.`selnumber`,`p`.`goods_thumb`,`pd`.`content` FROM `qing_goods` `p` INNER JOIN `qing_goods_content` `pd` ON `p`.`goods_id`=`pd`.`goods_id` [ RunTime:0.003242s ]
[2024-08-05T15:47:17+08:00][sql] CONNECT:[ UseTime:0.001619s ] mysql:host=127.0.0.1;port=3306;dbname=code0921;charset=utf8
[2024-08-05T15:47:17+08:00][sql] SHOW FULL COLUMNS FROM `qing_config` [ RunTime:0.001150s ]
[2024-08-05T15:47:17+08:00][sql] SELECT `value` FROM `qing_config` [ RunTime:0.000304s ]
[2024-08-05T15:47:17+08:00][sql] SHOW FULL COLUMNS FROM `qing_search` [ RunTime:0.000810s ]
[2024-08-05T15:47:17+08:00][sql] SELECT * FROM `qing_search` ORDER BY `id` DESC LIMIT 10 [ RunTime:0.000227s ]
[2024-08-05T15:47:17+08:00][sql] SHOW FULL COLUMNS FROM `qing_cart` [ RunTime:0.000774s ]
[2024-08-05T15:47:17+08:00][sql] SELECT COUNT(*) AS think_count FROM `qing_cart` WHERE  `user_id` IS NULL [ RunTime:0.000194s ]
[2024-08-05T15:47:17+08:00][error] [8]未定义数组索引: username
[2024-08-05T15:48:45+08:00][sql] CONNECT:[ UseTime:0.002229s ] mysql:host=127.0.0.1;port=3306;dbname=code0921;charset=utf8
[2024-08-05T15:48:45+08:00][sql] SHOW FULL COLUMNS FROM `qing_config` [ RunTime:0.001040s ]
[2024-08-05T15:48:45+08:00][sql] SELECT `value` FROM `qing_config` [ RunTime:0.000315s ]
[2024-08-05T15:48:45+08:00][sql] SHOW FULL COLUMNS FROM `qing_search` [ RunTime:0.000930s ]
[2024-08-05T15:48:45+08:00][sql] SELECT * FROM `qing_search` ORDER BY `id` DESC LIMIT 10 [ RunTime:0.000282s ]
[2024-08-05T15:48:45+08:00][sql] SHOW FULL COLUMNS FROM `qing_cart` [ RunTime:0.000753s ]
[2024-08-05T15:48:45+08:00][sql] SELECT COUNT(*) AS think_count FROM `qing_cart` WHERE  `user_id` IS NULL [ RunTime:0.000222s ]
[2024-08-05T15:48:45+08:00][sql] SHOW FULL COLUMNS FROM `qing_goods` [ RunTime:0.000946s ]
[2024-08-05T15:48:45+08:00][sql] SELECT * FROM `qing_goods` WHERE  `goods_id` = 7 LIMIT 1 [ RunTime:0.000432s ]
[2024-08-05T15:48:45+08:00][sql] UPDATE `qing_goods`  SET `click` = 33  WHERE  `goods_id` = 7 [ RunTime:0.001897s ]
[2024-08-05T15:48:45+08:00][sql] SHOW FULL COLUMNS FROM `qing_goods_img` [ RunTime:0.000778s ]
[2024-08-05T15:48:45+08:00][sql] SELECT * FROM `qing_goods_img` WHERE  `goods_id` = 7 [ RunTime:0.000294s ]
[2024-08-05T15:48:45+08:00][sql] SELECT `p`.`goods_id`,`p`.`goods_name`,`p`.`goods_price`,`p`.`stock`,`p`.`selnumber`,`p`.`goods_thumb`,`pd`.`content` FROM `qing_goods` `p` INNER JOIN `qing_goods_content` `pd` ON `p`.`goods_id`=`pd`.`goods_id` [ RunTime:0.000513s ]
[2024-08-05T15:48:45+08:00][sql] CONNECT:[ UseTime:0.000895s ] mysql:host=127.0.0.1;port=3306;dbname=code0921;charset=utf8
[2024-08-05T15:48:45+08:00][sql] SHOW FULL COLUMNS FROM `qing_config` [ RunTime:0.000970s ]
[2024-08-05T15:48:45+08:00][sql] SELECT `value` FROM `qing_config` [ RunTime:0.000242s ]
[2024-08-05T15:48:45+08:00][sql] SHOW FULL COLUMNS FROM `qing_search` [ RunTime:0.000842s ]
[2024-08-05T15:48:45+08:00][sql] SELECT * FROM `qing_search` ORDER BY `id` DESC LIMIT 10 [ RunTime:0.000276s ]
[2024-08-05T15:48:45+08:00][sql] SHOW FULL COLUMNS FROM `qing_cart` [ RunTime:0.000695s ]
[2024-08-05T15:48:45+08:00][sql] SELECT COUNT(*) AS think_count FROM `qing_cart` WHERE  `user_id` IS NULL [ RunTime:0.000210s ]
[2024-08-05T15:48:45+08:00][error] [8]未定义数组索引: username
