[2024-08-16T11:32:46+08:00][sql] CONNECT:[ UseTime:0.001592s ] mysql:host=127.0.0.1;port=3306;dbname=code0921;charset=utf8
[2024-08-16T11:32:46+08:00][sql] SHOW FULL COLUMNS FROM `qing_config` [ RunTime:0.001553s ]
[2024-08-16T11:32:46+08:00][sql] SELECT `value` FROM `qing_config` [ RunTime:0.000576s ]
[2024-08-16T11:32:46+08:00][sql] SHOW FULL COLUMNS FROM `qing_search` [ RunTime:0.000946s ]
[2024-08-16T11:32:46+08:00][sql] SELECT * FROM `qing_search` ORDER BY `id` DESC LIMIT 10 [ RunTime:0.000573s ]
[2024-08-16T11:32:46+08:00][sql] SHOW FULL COLUMNS FROM `qing_cart` [ RunTime:0.000932s ]
[2024-08-16T11:32:46+08:00][sql] SELECT COUNT(*) AS think_count FROM `qing_cart` WHERE  `user_id` IS NULL [ RunTime:0.000303s ]
[2024-08-16T11:32:46+08:00][sql] SHOW FULL COLUMNS FROM `qing_user` [ RunTime:0.003930s ]
[2024-08-16T11:32:46+08:00][sql] SELECT * FROM `qing_user` WHERE  `username` = 'admin@gmail.com' LIMIT 1 [ RunTime:0.000531s ]
[2024-08-16T11:32:46+08:00][sql] UPDATE `qing_user`  SET `last_login_time` = 1723779166  WHERE  `id` = 39 [ RunTime:0.021302s ]
[2024-08-16T11:32:53+08:00][sql] CONNECT:[ UseTime:0.001005s ] mysql:host=127.0.0.1;port=3306;dbname=code0921;charset=utf8
[2024-08-16T11:32:53+08:00][sql] SHOW FULL COLUMNS FROM `qing_config` [ RunTime:0.001014s ]
[2024-08-16T11:32:53+08:00][sql] SELECT `value` FROM `qing_config` [ RunTime:0.000295s ]
[2024-08-16T11:32:53+08:00][sql] SHOW FULL COLUMNS FROM `qing_search` [ RunTime:0.000875s ]
[2024-08-16T11:32:53+08:00][sql] SELECT * FROM `qing_search` ORDER BY `id` DESC LIMIT 10 [ RunTime:0.000261s ]
[2024-08-16T11:32:53+08:00][sql] SHOW FULL COLUMNS FROM `qing_cart` [ RunTime:0.000639s ]
[2024-08-16T11:32:53+08:00][sql] SELECT COUNT(*) AS think_count FROM `qing_cart` WHERE  `user_id` = 39 [ RunTime:0.000354s ]
[2024-08-16T11:32:53+08:00][sql] SELECT * FROM `qing_cart` WHERE  `user_id` = 39  AND `status` = 1 ORDER BY `id` DESC [ RunTime:0.000330s ]
[2024-08-16T11:32:53+08:00][sql] SHOW FULL COLUMNS FROM `qing_standard_value` [ RunTime:0.000815s ]
[2024-08-16T11:32:53+08:00][sql] SELECT `standard_value` FROM `qing_standard_value` WHERE  `id` = 3 LIMIT 1 [ RunTime:0.000284s ]
[2024-08-16T11:32:53+08:00][sql] SELECT `standard_value` FROM `qing_standard_value` WHERE  `id` = 6 LIMIT 1 [ RunTime:0.000202s ]
[2024-08-16T11:32:53+08:00][sql] SELECT `standard_value` FROM `qing_standard_value` WHERE  `id` = 23 LIMIT 1 [ RunTime:0.000192s ]
[2024-08-16T11:32:53+08:00][sql] SHOW FULL COLUMNS FROM `qing_goods` [ RunTime:0.000796s ]
[2024-08-16T11:32:53+08:00][sql] SELECT * FROM `qing_goods` WHERE  `goods_id` = 5 LIMIT 1 [ RunTime:0.000353s ]
[2024-08-16T11:32:53+08:00][sql] SELECT `standard_value` FROM `qing_standard_value` WHERE  `id` = 2 LIMIT 1 [ RunTime:0.000200s ]
[2024-08-16T11:32:53+08:00][sql] SELECT `standard_value` FROM `qing_standard_value` WHERE  `id` = 6 LIMIT 1 [ RunTime:0.000191s ]
[2024-08-16T11:32:53+08:00][sql] SELECT `standard_value` FROM `qing_standard_value` WHERE  `id` = 24 LIMIT 1 [ RunTime:0.000197s ]
[2024-08-16T11:32:53+08:00][sql] SELECT * FROM `qing_goods` WHERE  `goods_id` = 5 LIMIT 1 [ RunTime:0.000285s ]
[2024-08-16T11:32:53+08:00][sql] SELECT `standard_value` FROM `qing_standard_value` WHERE  `id` = 27 LIMIT 1 [ RunTime:0.000193s ]
[2024-08-16T11:32:53+08:00][sql] SELECT `standard_value` FROM `qing_standard_value` WHERE  `id` = 28 LIMIT 1 [ RunTime:0.000186s ]
[2024-08-16T11:32:53+08:00][sql] SELECT * FROM `qing_goods` WHERE  `goods_id` = 12 LIMIT 1 [ RunTime:0.000280s ]
[2024-08-16T11:32:53+08:00][sql] SHOW FULL COLUMNS FROM `qing_goods_standard` [ RunTime:0.000727s ]
[2024-08-16T11:32:53+08:00][sql] SELECT `goods_price` FROM `qing_goods_standard` WHERE  `goods_id` = 12  AND `sku` = '27,28' LIMIT 1 [ RunTime:0.000466s ]
[2024-08-16T11:32:53+08:00][sql] SELECT `standard_value` FROM `qing_standard_value` WHERE  `id` = 3 LIMIT 1 [ RunTime:0.000313s ]
[2024-08-16T11:32:53+08:00][sql] SELECT `standard_value` FROM `qing_standard_value` WHERE  `id` = 6 LIMIT 1 [ RunTime:0.000275s ]
[2024-08-16T11:32:53+08:00][sql] SELECT `standard_value` FROM `qing_standard_value` WHERE  `id` = 23 LIMIT 1 [ RunTime:0.000229s ]
[2024-08-16T11:32:53+08:00][sql] SELECT * FROM `qing_goods` WHERE  `goods_id` = 6 LIMIT 1 [ RunTime:0.000314s ]
[2024-08-16T11:32:53+08:00][sql] SELECT `goods_price` FROM `qing_goods_standard` WHERE  `goods_id` = 6  AND `sku` = '3,6,23' LIMIT 1 [ RunTime:0.000261s ]
[2024-08-16T11:32:53+08:00][sql] SHOW FULL COLUMNS FROM `qing_order` [ RunTime:0.003301s ]
[2024-08-16T11:32:53+08:00][sql] INSERT INTO `qing_order` SET `address_id` = 2 , `user_id` = 39 , `time` = 1723779173 , `pay_method` = 2 , `content` = 'sdfsgfdgdg454' , `out_trade_no` = '69aa4b76e6357a1e792ee0ecfc0bc075' , `total_price` = 56296 [ RunTime:0.003614s ]
[2024-08-16T11:33:30+08:00][sql] CONNECT:[ UseTime:0.000969s ] mysql:host=127.0.0.1;port=3306;dbname=code0921;charset=utf8
[2024-08-16T11:33:30+08:00][sql] SHOW FULL COLUMNS FROM `qing_config` [ RunTime:0.000814s ]
[2024-08-16T11:33:30+08:00][sql] SELECT `value` FROM `qing_config` [ RunTime:0.000234s ]
[2024-08-16T11:33:30+08:00][sql] SHOW FULL COLUMNS FROM `qing_search` [ RunTime:0.001018s ]
[2024-08-16T11:33:30+08:00][sql] SELECT * FROM `qing_search` ORDER BY `id` DESC LIMIT 10 [ RunTime:0.000281s ]
[2024-08-16T11:33:30+08:00][sql] SHOW FULL COLUMNS FROM `qing_cart` [ RunTime:0.000664s ]
[2024-08-16T11:33:30+08:00][sql] SELECT COUNT(*) AS think_count FROM `qing_cart` WHERE  `user_id` = 39 [ RunTime:0.000262s ]
[2024-08-16T11:33:30+08:00][sql] SELECT * FROM `qing_cart` WHERE  `user_id` = 39 ORDER BY `id` DESC [ RunTime:0.000303s ]
[2024-08-16T11:33:30+08:00][sql] SHOW FULL COLUMNS FROM `qing_standard_value` [ RunTime:0.000706s ]
[2024-08-16T11:33:30+08:00][sql] SELECT `standard_value` FROM `qing_standard_value` WHERE  `id` = 3 LIMIT 1 [ RunTime:0.000249s ]
[2024-08-16T11:33:30+08:00][sql] SELECT `standard_value` FROM `qing_standard_value` WHERE  `id` = 6 LIMIT 1 [ RunTime:0.000203s ]
[2024-08-16T11:33:30+08:00][sql] SELECT `standard_value` FROM `qing_standard_value` WHERE  `id` = 23 LIMIT 1 [ RunTime:0.000183s ]
[2024-08-16T11:33:30+08:00][sql] SHOW FULL COLUMNS FROM `qing_goods` [ RunTime:0.000764s ]
[2024-08-16T11:33:30+08:00][sql] SELECT * FROM `qing_goods` WHERE  `goods_id` = 5 LIMIT 1 [ RunTime:0.000419s ]
[2024-08-16T11:33:30+08:00][sql] SELECT `standard_value` FROM `qing_standard_value` WHERE  `id` = 2 LIMIT 1 [ RunTime:0.000265s ]
[2024-08-16T11:33:30+08:00][sql] SELECT `standard_value` FROM `qing_standard_value` WHERE  `id` = 6 LIMIT 1 [ RunTime:0.000205s ]
[2024-08-16T11:33:30+08:00][sql] SELECT `standard_value` FROM `qing_standard_value` WHERE  `id` = 24 LIMIT 1 [ RunTime:0.000225s ]
[2024-08-16T11:33:30+08:00][sql] SELECT * FROM `qing_goods` WHERE  `goods_id` = 5 LIMIT 1 [ RunTime:0.000290s ]
[2024-08-16T11:33:30+08:00][sql] SELECT `standard_value` FROM `qing_standard_value` WHERE  `id` = 27 LIMIT 1 [ RunTime:0.000190s ]
[2024-08-16T11:33:30+08:00][sql] SELECT `standard_value` FROM `qing_standard_value` WHERE  `id` = 28 LIMIT 1 [ RunTime:0.000180s ]
[2024-08-16T11:33:30+08:00][sql] SELECT * FROM `qing_goods` WHERE  `goods_id` = 12 LIMIT 1 [ RunTime:0.000281s ]
[2024-08-16T11:33:30+08:00][sql] SHOW FULL COLUMNS FROM `qing_goods_standard` [ RunTime:0.000672s ]
[2024-08-16T11:33:30+08:00][sql] SELECT `goods_price` FROM `qing_goods_standard` WHERE  `goods_id` = 12  AND `sku` = '27,28' LIMIT 1 [ RunTime:0.000253s ]
[2024-08-16T11:33:30+08:00][sql] SELECT `standard_value` FROM `qing_standard_value` WHERE  `id` = 3 LIMIT 1 [ RunTime:0.000215s ]
[2024-08-16T11:33:30+08:00][sql] SELECT `standard_value` FROM `qing_standard_value` WHERE  `id` = 6 LIMIT 1 [ RunTime:0.000401s ]
[2024-08-16T11:33:30+08:00][sql] SELECT `standard_value` FROM `qing_standard_value` WHERE  `id` = 23 LIMIT 1 [ RunTime:0.000355s ]
[2024-08-16T11:33:30+08:00][sql] SELECT * FROM `qing_goods` WHERE  `goods_id` = 6 LIMIT 1 [ RunTime:0.000394s ]
[2024-08-16T11:33:30+08:00][sql] SELECT `goods_price` FROM `qing_goods_standard` WHERE  `goods_id` = 6  AND `sku` = '3,6,23' LIMIT 1 [ RunTime:0.000327s ]
[2024-08-16T11:33:57+08:00][sql] CONNECT:[ UseTime:0.000953s ] mysql:host=127.0.0.1;port=3306;dbname=code0921;charset=utf8
[2024-08-16T11:33:57+08:00][sql] SHOW FULL COLUMNS FROM `qing_config` [ RunTime:0.000840s ]
[2024-08-16T11:33:57+08:00][sql] SELECT `value` FROM `qing_config` [ RunTime:0.000239s ]
[2024-08-16T11:33:57+08:00][sql] SHOW FULL COLUMNS FROM `qing_search` [ RunTime:0.001305s ]
[2024-08-16T11:33:57+08:00][sql] SELECT * FROM `qing_search` ORDER BY `id` DESC LIMIT 10 [ RunTime:0.000368s ]
[2024-08-16T11:33:57+08:00][sql] SHOW FULL COLUMNS FROM `qing_cart` [ RunTime:0.000787s ]
[2024-08-16T11:33:57+08:00][sql] SELECT COUNT(*) AS think_count FROM `qing_cart` WHERE  `user_id` = 39 [ RunTime:0.000332s ]
[2024-08-16T11:33:57+08:00][sql] SELECT * FROM `qing_cart` WHERE  `user_id` = 39 ORDER BY `id` DESC [ RunTime:0.000528s ]
[2024-08-16T11:33:57+08:00][sql] SHOW FULL COLUMNS FROM `qing_standard_value` [ RunTime:0.000728s ]
[2024-08-16T11:33:57+08:00][sql] SELECT `standard_value` FROM `qing_standard_value` WHERE  `id` = 3 LIMIT 1 [ RunTime:0.000264s ]
[2024-08-16T11:33:57+08:00][sql] SELECT `standard_value` FROM `qing_standard_value` WHERE  `id` = 6 LIMIT 1 [ RunTime:0.000198s ]
[2024-08-16T11:33:57+08:00][sql] SELECT `standard_value` FROM `qing_standard_value` WHERE  `id` = 23 LIMIT 1 [ RunTime:0.000183s ]
[2024-08-16T11:33:57+08:00][sql] SHOW FULL COLUMNS FROM `qing_goods` [ RunTime:0.000827s ]
[2024-08-16T11:33:57+08:00][sql] SELECT * FROM `qing_goods` WHERE  `goods_id` = 5 LIMIT 1 [ RunTime:0.000393s ]
[2024-08-16T11:33:57+08:00][sql] SELECT `standard_value` FROM `qing_standard_value` WHERE  `id` = 2 LIMIT 1 [ RunTime:0.000216s ]
[2024-08-16T11:33:57+08:00][sql] SELECT `standard_value` FROM `qing_standard_value` WHERE  `id` = 6 LIMIT 1 [ RunTime:0.000245s ]
[2024-08-16T11:33:57+08:00][sql] SELECT `standard_value` FROM `qing_standard_value` WHERE  `id` = 24 LIMIT 1 [ RunTime:0.000183s ]
[2024-08-16T11:33:57+08:00][sql] SELECT * FROM `qing_goods` WHERE  `goods_id` = 5 LIMIT 1 [ RunTime:0.000277s ]
[2024-08-16T11:33:57+08:00][sql] SELECT `standard_value` FROM `qing_standard_value` WHERE  `id` = 27 LIMIT 1 [ RunTime:0.000188s ]
[2024-08-16T11:33:57+08:00][sql] SELECT `standard_value` FROM `qing_standard_value` WHERE  `id` = 28 LIMIT 1 [ RunTime:0.000177s ]
[2024-08-16T11:33:57+08:00][sql] SELECT * FROM `qing_goods` WHERE  `goods_id` = 12 LIMIT 1 [ RunTime:0.000280s ]
[2024-08-16T11:33:57+08:00][sql] SHOW FULL COLUMNS FROM `qing_goods_standard` [ RunTime:0.000626s ]
[2024-08-16T11:33:57+08:00][sql] SELECT `goods_price` FROM `qing_goods_standard` WHERE  `goods_id` = 12  AND `sku` = '27,28' LIMIT 1 [ RunTime:0.000254s ]
[2024-08-16T11:33:57+08:00][sql] SELECT `standard_value` FROM `qing_standard_value` WHERE  `id` = 3 LIMIT 1 [ RunTime:0.000208s ]
[2024-08-16T11:33:57+08:00][sql] SELECT `standard_value` FROM `qing_standard_value` WHERE  `id` = 6 LIMIT 1 [ RunTime:0.000219s ]
[2024-08-16T11:33:57+08:00][sql] SELECT `standard_value` FROM `qing_standard_value` WHERE  `id` = 23 LIMIT 1 [ RunTime:0.000268s ]
[2024-08-16T11:33:57+08:00][sql] SELECT * FROM `qing_goods` WHERE  `goods_id` = 6 LIMIT 1 [ RunTime:0.000337s ]
[2024-08-16T11:33:57+08:00][sql] SELECT `goods_price` FROM `qing_goods_standard` WHERE  `goods_id` = 6  AND `sku` = '3,6,23' LIMIT 1 [ RunTime:0.000242s ]
[2024-08-16T11:34:05+08:00][sql] CONNECT:[ UseTime:0.001333s ] mysql:host=127.0.0.1;port=3306;dbname=code0921;charset=utf8
[2024-08-16T11:34:05+08:00][sql] SHOW FULL COLUMNS FROM `qing_config` [ RunTime:0.001172s ]
[2024-08-16T11:34:05+08:00][sql] SELECT `value` FROM `qing_config` [ RunTime:0.000263s ]
[2024-08-16T11:34:05+08:00][sql] SHOW FULL COLUMNS FROM `qing_search` [ RunTime:0.000704s ]
[2024-08-16T11:34:05+08:00][sql] SELECT * FROM `qing_search` ORDER BY `id` DESC LIMIT 10 [ RunTime:0.000231s ]
[2024-08-16T11:34:05+08:00][sql] SHOW FULL COLUMNS FROM `qing_cart` [ RunTime:0.000622s ]
[2024-08-16T11:34:05+08:00][sql] SELECT COUNT(*) AS think_count FROM `qing_cart` WHERE  `user_id` = 39 [ RunTime:0.000285s ]
[2024-08-16T11:34:05+08:00][sql] SELECT * FROM `qing_cart` WHERE  `user_id` = 39  AND `status` = 1 ORDER BY `id` DESC [ RunTime:0.000311s ]
[2024-08-16T11:34:05+08:00][sql] SHOW FULL COLUMNS FROM `qing_standard_value` [ RunTime:0.000628s ]
[2024-08-16T11:34:05+08:00][sql] SELECT `standard_value` FROM `qing_standard_value` WHERE  `id` = 3 LIMIT 1 [ RunTime:0.000240s ]
[2024-08-16T11:34:05+08:00][sql] SELECT `standard_value` FROM `qing_standard_value` WHERE  `id` = 6 LIMIT 1 [ RunTime:0.000193s ]
[2024-08-16T11:34:05+08:00][sql] SELECT `standard_value` FROM `qing_standard_value` WHERE  `id` = 23 LIMIT 1 [ RunTime:0.000183s ]
[2024-08-16T11:34:05+08:00][sql] SHOW FULL COLUMNS FROM `qing_goods` [ RunTime:0.000704s ]
[2024-08-16T11:34:05+08:00][sql] SELECT * FROM `qing_goods` WHERE  `goods_id` = 5 LIMIT 1 [ RunTime:0.000394s ]
[2024-08-16T11:34:05+08:00][sql] SELECT `standard_value` FROM `qing_standard_value` WHERE  `id` = 2 LIMIT 1 [ RunTime:0.000200s ]
[2024-08-16T11:34:05+08:00][sql] SELECT `standard_value` FROM `qing_standard_value` WHERE  `id` = 6 LIMIT 1 [ RunTime:0.000259s ]
[2024-08-16T11:34:05+08:00][sql] SELECT `standard_value` FROM `qing_standard_value` WHERE  `id` = 24 LIMIT 1 [ RunTime:0.000182s ]
[2024-08-16T11:34:05+08:00][sql] SELECT * FROM `qing_goods` WHERE  `goods_id` = 5 LIMIT 1 [ RunTime:0.000280s ]
[2024-08-16T11:34:05+08:00][sql] SELECT `standard_value` FROM `qing_standard_value` WHERE  `id` = 27 LIMIT 1 [ RunTime:0.000192s ]
[2024-08-16T11:34:05+08:00][sql] SELECT `standard_value` FROM `qing_standard_value` WHERE  `id` = 28 LIMIT 1 [ RunTime:0.000179s ]
[2024-08-16T11:34:05+08:00][sql] SELECT * FROM `qing_goods` WHERE  `goods_id` = 12 LIMIT 1 [ RunTime:0.000275s ]
[2024-08-16T11:34:05+08:00][sql] SHOW FULL COLUMNS FROM `qing_goods_standard` [ RunTime:0.000613s ]
[2024-08-16T11:34:05+08:00][sql] SELECT `goods_price` FROM `qing_goods_standard` WHERE  `goods_id` = 12  AND `sku` = '27,28' LIMIT 1 [ RunTime:0.000235s ]
[2024-08-16T11:34:05+08:00][sql] SELECT `standard_value` FROM `qing_standard_value` WHERE  `id` = 3 LIMIT 1 [ RunTime:0.000195s ]
[2024-08-16T11:34:05+08:00][sql] SELECT `standard_value` FROM `qing_standard_value` WHERE  `id` = 6 LIMIT 1 [ RunTime:0.000180s ]
[2024-08-16T11:34:05+08:00][sql] SELECT `standard_value` FROM `qing_standard_value` WHERE  `id` = 23 LIMIT 1 [ RunTime:0.000176s ]
[2024-08-16T11:34:05+08:00][sql] SELECT * FROM `qing_goods` WHERE  `goods_id` = 6 LIMIT 1 [ RunTime:0.000255s ]
[2024-08-16T11:34:05+08:00][sql] SELECT `goods_price` FROM `qing_goods_standard` WHERE  `goods_id` = 6  AND `sku` = '3,6,23' LIMIT 1 [ RunTime:0.000205s ]
[2024-08-16T11:34:05+08:00][sql] SHOW FULL COLUMNS FROM `qing_order` [ RunTime:0.001400s ]
[2024-08-16T11:34:05+08:00][sql] INSERT INTO `qing_order` SET `address_id` = 2 , `user_id` = 39 , `time` = 1723779245 , `pay_method` = 2 , `content` = 'sdfsgfdgdg454' , `out_trade_no` = '4f6e56931ed5973e92d8c5dfcd360e93' , `total_price` = 56296 [ RunTime:0.000375s ]
[2024-08-16T11:34:05+08:00][sql] SHOW FULL COLUMNS FROM `qing_order_goods` [ RunTime:0.004077s ]
[2024-08-16T11:34:05+08:00][sql] INSERT INTO `qing_order_goods` SET `goods_id` = 5 , `amount` = 297 , `sku` = '128G,玫瑰粉,标准套餐' , `post_money` = '0' , `goods_price` = '99' , `order_id` = 37 [ RunTime:0.000331s ]
[2024-08-16T11:34:05+08:00][sql] INSERT INTO `qing_order_goods` SET `goods_id` = 5 , `amount` = 218 , `sku` = '64G,玫瑰粉,豪华套餐' , `post_money` = '0' , `goods_price` = '99' , `order_id` = 37 [ RunTime:0.000262s ]
[2024-08-16T11:34:05+08:00][sql] INSERT INTO `qing_order_goods` SET `goods_id` = 12 , `amount` = 1 , `sku` = '43寸,黑色' , `post_money` = '0' , `goods_price` = '1300' , `order_id` = 37 [ RunTime:0.000221s ]
[2024-08-16T11:34:05+08:00][sql] INSERT INTO `qing_order_goods` SET `goods_id` = 6 , `amount` = 2 , `sku` = '128G,玫瑰粉,标准套餐' , `post_money` = '11' , `goods_price` = '2000' , `order_id` = 37 [ RunTime:0.000191s ]
[2024-08-16T11:34:05+08:00][sql] DELETE FROM `qing_cart` WHERE  `user_id` = 39  AND `status` = 1 [ RunTime:0.000392s ]
[2024-08-16T13:30:44+08:00][sql] CONNECT:[ UseTime:0.001305s ] mysql:host=127.0.0.1;port=3306;dbname=code0921;charset=utf8
[2024-08-16T13:30:44+08:00][sql] SHOW FULL COLUMNS FROM `qing_config` [ RunTime:0.001015s ]
[2024-08-16T13:30:44+08:00][sql] SELECT `value` FROM `qing_config` [ RunTime:0.000320s ]
[2024-08-16T13:30:44+08:00][sql] SHOW FULL COLUMNS FROM `qing_search` [ RunTime:0.001008s ]
[2024-08-16T13:30:44+08:00][sql] SELECT * FROM `qing_search` ORDER BY `id` DESC LIMIT 10 [ RunTime:0.000324s ]
[2024-08-16T13:30:44+08:00][sql] SHOW FULL COLUMNS FROM `qing_cart` [ RunTime:0.000949s ]
[2024-08-16T13:30:44+08:00][sql] SELECT COUNT(*) AS think_count FROM `qing_cart` WHERE  `user_id` IS NULL [ RunTime:0.000396s ]
[2024-08-16T13:30:44+08:00][sql] SELECT * FROM `qing_cart` WHERE  `user_id` IS NULL  AND `status` = 1 ORDER BY `id` DESC [ RunTime:0.000254s ]
[2024-08-16T13:30:51+08:00][sql] CONNECT:[ UseTime:0.000956s ] mysql:host=127.0.0.1;port=3306;dbname=code0921;charset=utf8
[2024-08-16T13:30:51+08:00][sql] SHOW FULL COLUMNS FROM `qing_config` [ RunTime:0.000763s ]
[2024-08-16T13:30:51+08:00][sql] SELECT `value` FROM `qing_config` [ RunTime:0.000240s ]
[2024-08-16T13:30:51+08:00][sql] SHOW FULL COLUMNS FROM `qing_search` [ RunTime:0.000838s ]
[2024-08-16T13:30:51+08:00][sql] SELECT * FROM `qing_search` ORDER BY `id` DESC LIMIT 10 [ RunTime:0.000288s ]
[2024-08-16T13:30:51+08:00][sql] SHOW FULL COLUMNS FROM `qing_cart` [ RunTime:0.000662s ]
[2024-08-16T13:30:51+08:00][sql] SELECT COUNT(*) AS think_count FROM `qing_cart` WHERE  `user_id` IS NULL [ RunTime:0.000210s ]
[2024-08-16T13:30:51+08:00][sql] CONNECT:[ UseTime:0.001180s ] mysql:host=127.0.0.1;port=3306;dbname=code0921;charset=utf8
[2024-08-16T13:30:51+08:00][sql] SHOW FULL COLUMNS FROM `qing_config` [ RunTime:0.000833s ]
[2024-08-16T13:30:51+08:00][sql] SELECT `value` FROM `qing_config` [ RunTime:0.000247s ]
[2024-08-16T13:30:51+08:00][sql] SHOW FULL COLUMNS FROM `qing_search` [ RunTime:0.000749s ]
[2024-08-16T13:30:51+08:00][sql] SELECT * FROM `qing_search` ORDER BY `id` DESC LIMIT 10 [ RunTime:0.000252s ]
[2024-08-16T13:30:51+08:00][sql] SHOW FULL COLUMNS FROM `qing_cart` [ RunTime:0.000624s ]
[2024-08-16T13:30:51+08:00][sql] SELECT COUNT(*) AS think_count FROM `qing_cart` WHERE  `user_id` IS NULL [ RunTime:0.000201s ]
[2024-08-16T13:30:55+08:00][sql] CONNECT:[ UseTime:0.000947s ] mysql:host=127.0.0.1;port=3306;dbname=code0921;charset=utf8
[2024-08-16T13:30:55+08:00][sql] SHOW FULL COLUMNS FROM `qing_config` [ RunTime:0.000858s ]
[2024-08-16T13:30:55+08:00][sql] SELECT `value` FROM `qing_config` [ RunTime:0.000270s ]
[2024-08-16T13:30:55+08:00][sql] SHOW FULL COLUMNS FROM `qing_search` [ RunTime:0.000694s ]
[2024-08-16T13:30:55+08:00][sql] SELECT * FROM `qing_search` ORDER BY `id` DESC LIMIT 10 [ RunTime:0.000245s ]
[2024-08-16T13:30:55+08:00][sql] SHOW FULL COLUMNS FROM `qing_cart` [ RunTime:0.000627s ]
[2024-08-16T13:30:55+08:00][sql] SELECT COUNT(*) AS think_count FROM `qing_cart` WHERE  `user_id` IS NULL [ RunTime:0.000195s ]
[2024-08-16T13:30:55+08:00][sql] SHOW FULL COLUMNS FROM `qing_user` [ RunTime:0.003879s ]
[2024-08-16T13:30:55+08:00][sql] SELECT * FROM `qing_user` WHERE  `username` = 'admin@gmail.com' LIMIT 1 [ RunTime:0.000895s ]
[2024-08-16T13:30:55+08:00][sql] UPDATE `qing_user`  SET `last_login_time` = 1723786255  WHERE  `id` = 39 [ RunTime:0.002685s ]
[2024-08-16T13:30:59+08:00][sql] CONNECT:[ UseTime:0.000934s ] mysql:host=127.0.0.1;port=3306;dbname=code0921;charset=utf8
[2024-08-16T13:30:59+08:00][sql] SHOW FULL COLUMNS FROM `qing_config` [ RunTime:0.001327s ]
[2024-08-16T13:30:59+08:00][sql] SELECT `value` FROM `qing_config` [ RunTime:0.000434s ]
[2024-08-16T13:30:59+08:00][sql] SHOW FULL COLUMNS FROM `qing_search` [ RunTime:0.000986s ]
[2024-08-16T13:30:59+08:00][sql] SELECT * FROM `qing_search` ORDER BY `id` DESC LIMIT 10 [ RunTime:0.000297s ]
[2024-08-16T13:30:59+08:00][sql] SHOW FULL COLUMNS FROM `qing_cart` [ RunTime:0.000675s ]
[2024-08-16T13:30:59+08:00][sql] SELECT COUNT(*) AS think_count FROM `qing_cart` WHERE  `user_id` = 39 [ RunTime:0.000271s ]
[2024-08-16T13:30:59+08:00][sql] SELECT * FROM `qing_cart` WHERE  `user_id` = 39 ORDER BY `id` DESC [ RunTime:0.000258s ]
[2024-08-16T16:24:14+08:00][sql] CONNECT:[ UseTime:0.004042s ] mysql:host=127.0.0.1;port=3306;dbname=code0921;charset=utf8
[2024-08-16T16:24:14+08:00][sql] SHOW FULL COLUMNS FROM `qing_config` [ RunTime:0.002642s ]
[2024-08-16T16:24:14+08:00][sql] SELECT `value` FROM `qing_config` [ RunTime:0.000538s ]
[2024-08-16T16:24:14+08:00][sql] SHOW FULL COLUMNS FROM `qing_search` [ RunTime:0.001231s ]
[2024-08-16T16:24:14+08:00][sql] SELECT * FROM `qing_search` ORDER BY `id` DESC LIMIT 10 [ RunTime:0.000507s ]
[2024-08-16T16:24:14+08:00][sql] SHOW FULL COLUMNS FROM `qing_cart` [ RunTime:0.000908s ]
[2024-08-16T16:24:14+08:00][sql] SELECT COUNT(*) AS think_count FROM `qing_cart` WHERE  `user_id` IS NULL [ RunTime:0.000286s ]
[2024-08-16T16:24:14+08:00][sql] CONNECT:[ UseTime:0.001470s ] mysql:host=127.0.0.1;port=3306;dbname=code0921;charset=utf8
[2024-08-16T16:24:14+08:00][sql] SHOW FULL COLUMNS FROM `qing_config` [ RunTime:0.001066s ]
[2024-08-16T16:24:14+08:00][sql] SELECT `value` FROM `qing_config` [ RunTime:0.000362s ]
[2024-08-16T16:24:14+08:00][sql] SHOW FULL COLUMNS FROM `qing_search` [ RunTime:0.000897s ]
[2024-08-16T16:24:14+08:00][sql] SELECT * FROM `qing_search` ORDER BY `id` DESC LIMIT 10 [ RunTime:0.000296s ]
[2024-08-16T16:24:14+08:00][sql] SHOW FULL COLUMNS FROM `qing_cart` [ RunTime:0.000817s ]
[2024-08-16T16:24:14+08:00][sql] SELECT COUNT(*) AS think_count FROM `qing_cart` WHERE  `user_id` IS NULL [ RunTime:0.000255s ]
[2024-08-16T16:24:20+08:00][sql] CONNECT:[ UseTime:0.001009s ] mysql:host=127.0.0.1;port=3306;dbname=code0921;charset=utf8
[2024-08-16T16:24:20+08:00][sql] SHOW FULL COLUMNS FROM `qing_config` [ RunTime:0.000905s ]
[2024-08-16T16:24:20+08:00][sql] SELECT `value` FROM `qing_config` [ RunTime:0.000292s ]
[2024-08-16T16:24:20+08:00][sql] SHOW FULL COLUMNS FROM `qing_search` [ RunTime:0.000758s ]
[2024-08-16T16:24:20+08:00][sql] SELECT * FROM `qing_search` ORDER BY `id` DESC LIMIT 10 [ RunTime:0.000251s ]
[2024-08-16T16:24:20+08:00][sql] SHOW FULL COLUMNS FROM `qing_cart` [ RunTime:0.000626s ]
[2024-08-16T16:24:20+08:00][sql] SELECT COUNT(*) AS think_count FROM `qing_cart` WHERE  `user_id` IS NULL [ RunTime:0.000194s ]
[2024-08-16T16:24:20+08:00][sql] SHOW FULL COLUMNS FROM `qing_user` [ RunTime:0.003683s ]
[2024-08-16T16:24:20+08:00][sql] SELECT * FROM `qing_user` WHERE  `username` = 'admin@gmail.com' LIMIT 1 [ RunTime:0.000583s ]
[2024-08-16T16:24:20+08:00][sql] UPDATE `qing_user`  SET `last_login_time` = 1723796660  WHERE  `id` = 39 [ RunTime:0.003066s ]
[2024-08-16T16:24:29+08:00][sql] CONNECT:[ UseTime:0.001140s ] mysql:host=127.0.0.1;port=3306;dbname=code0921;charset=utf8
[2024-08-16T16:24:29+08:00][sql] SHOW FULL COLUMNS FROM `qing_config` [ RunTime:0.001007s ]
[2024-08-16T16:24:29+08:00][sql] SELECT `value` FROM `qing_config` [ RunTime:0.000282s ]
[2024-08-16T16:24:29+08:00][sql] SHOW FULL COLUMNS FROM `qing_search` [ RunTime:0.000839s ]
[2024-08-16T16:24:29+08:00][sql] SELECT * FROM `qing_search` ORDER BY `id` DESC LIMIT 10 [ RunTime:0.000315s ]
[2024-08-16T16:24:29+08:00][sql] SHOW FULL COLUMNS FROM `qing_cart` [ RunTime:0.000618s ]
[2024-08-16T16:24:29+08:00][sql] SELECT COUNT(*) AS think_count FROM `qing_cart` WHERE  `user_id` = 39 [ RunTime:0.000319s ]
[2024-08-16T16:24:29+08:00][sql] SELECT * FROM `qing_cart` WHERE  `user_id` = 39 ORDER BY `id` DESC [ RunTime:0.000250s ]
[2024-08-16T16:56:50+08:00][sql] CONNECT:[ UseTime:0.001257s ] mysql:host=127.0.0.1;port=3306;dbname=code0921;charset=utf8
[2024-08-16T16:56:50+08:00][sql] SHOW FULL COLUMNS FROM `qing_config` [ RunTime:0.001243s ]
[2024-08-16T16:56:50+08:00][sql] SELECT `value` FROM `qing_config` [ RunTime:0.000261s ]
[2024-08-16T16:56:50+08:00][sql] SHOW FULL COLUMNS FROM `qing_search` [ RunTime:0.000749s ]
[2024-08-16T16:56:50+08:00][sql] SELECT * FROM `qing_search` ORDER BY `id` DESC LIMIT 10 [ RunTime:0.000306s ]
[2024-08-16T16:56:50+08:00][sql] SHOW FULL COLUMNS FROM `qing_cart` [ RunTime:0.000667s ]
[2024-08-16T16:56:50+08:00][sql] SELECT COUNT(*) AS think_count FROM `qing_cart` WHERE  `user_id` IS NULL [ RunTime:0.000210s ]
[2024-08-16T16:56:50+08:00][sql] CONNECT:[ UseTime:0.000949s ] mysql:host=127.0.0.1;port=3306;dbname=code0921;charset=utf8
[2024-08-16T16:56:50+08:00][sql] SHOW FULL COLUMNS FROM `qing_config` [ RunTime:0.000927s ]
[2024-08-16T16:56:50+08:00][sql] SELECT `value` FROM `qing_config` [ RunTime:0.000250s ]
[2024-08-16T16:56:50+08:00][sql] SHOW FULL COLUMNS FROM `qing_search` [ RunTime:0.000672s ]
[2024-08-16T16:56:50+08:00][sql] SELECT * FROM `qing_search` ORDER BY `id` DESC LIMIT 10 [ RunTime:0.000254s ]
[2024-08-16T16:56:50+08:00][sql] SHOW FULL COLUMNS FROM `qing_cart` [ RunTime:0.000607s ]
[2024-08-16T16:56:50+08:00][sql] SELECT COUNT(*) AS think_count FROM `qing_cart` WHERE  `user_id` IS NULL [ RunTime:0.000195s ]
[2024-08-16T16:56:55+08:00][sql] CONNECT:[ UseTime:0.000928s ] mysql:host=127.0.0.1;port=3306;dbname=code0921;charset=utf8
[2024-08-16T16:56:55+08:00][sql] SHOW FULL COLUMNS FROM `qing_config` [ RunTime:0.000946s ]
[2024-08-16T16:56:55+08:00][sql] SELECT `value` FROM `qing_config` [ RunTime:0.000247s ]
[2024-08-16T16:56:55+08:00][sql] SHOW FULL COLUMNS FROM `qing_search` [ RunTime:0.000871s ]
[2024-08-16T16:56:55+08:00][sql] SELECT * FROM `qing_search` ORDER BY `id` DESC LIMIT 10 [ RunTime:0.000391s ]
[2024-08-16T16:56:55+08:00][sql] SHOW FULL COLUMNS FROM `qing_cart` [ RunTime:0.000860s ]
[2024-08-16T16:56:55+08:00][sql] SELECT COUNT(*) AS think_count FROM `qing_cart` WHERE  `user_id` IS NULL [ RunTime:0.000231s ]
[2024-08-16T16:56:55+08:00][sql] SHOW FULL COLUMNS FROM `qing_user` [ RunTime:0.000791s ]
[2024-08-16T16:56:55+08:00][sql] SELECT * FROM `qing_user` WHERE  `username` = 'admin@gmail.com' LIMIT 1 [ RunTime:0.000442s ]
[2024-08-16T16:56:55+08:00][sql] UPDATE `qing_user`  SET `last_login_time` = 1723798615  WHERE  `id` = 39 [ RunTime:0.003040s ]
[2024-08-16T16:57:42+08:00][sql] CONNECT:[ UseTime:0.001024s ] mysql:host=127.0.0.1;port=3306;dbname=code0921;charset=utf8
[2024-08-16T16:57:42+08:00][sql] SHOW FULL COLUMNS FROM `qing_config` [ RunTime:0.000996s ]
[2024-08-16T16:57:42+08:00][sql] SELECT `value` FROM `qing_config` [ RunTime:0.000267s ]
[2024-08-16T16:57:42+08:00][sql] SHOW FULL COLUMNS FROM `qing_search` [ RunTime:0.000770s ]
[2024-08-16T16:57:42+08:00][sql] SELECT * FROM `qing_search` ORDER BY `id` DESC LIMIT 10 [ RunTime:0.000279s ]
[2024-08-16T16:57:42+08:00][sql] SHOW FULL COLUMNS FROM `qing_cart` [ RunTime:0.000613s ]
[2024-08-16T16:57:42+08:00][sql] SELECT COUNT(*) AS think_count FROM `qing_cart` WHERE  `user_id` = 39 [ RunTime:0.000287s ]
[2024-08-16T16:57:42+08:00][sql] SHOW FULL COLUMNS FROM `qing_order` [ RunTime:0.000638s ]
[2024-08-16T16:57:42+08:00][sql] SELECT * FROM `qing_order` WHERE  `user_id` = 39  AND `status` = 0  AND `time` < 1723712262 [ RunTime:0.000335s ]
[2024-08-16T16:57:42+08:00][sql] SELECT COUNT(*) AS think_count FROM `qing_order` `order` INNER JOIN `qing_address` `address` ON `address`.`id`=`order`.`address_id` WHERE  `order`.`user_id` = 39 [ RunTime:0.000335s ]
[2024-08-16T16:57:42+08:00][sql] SELECT `order`.`id`,`order`.`total_price`,`order`.`status`,`order`.`time`,`order`.`out_trade_no`,`order`.`pay_method`,`order`.`iscomment`,`address`.`shou_name` FROM `qing_order` `order` INNER JOIN `qing_address` `address` ON `address`.`id`=`order`.`address_id` WHERE  `order`.`user_id` = 39 ORDER BY `order`.`id` DESC LIMIT 0,2 [ RunTime:0.000323s ]
[2024-08-16T16:57:42+08:00][sql] SHOW FULL COLUMNS FROM `qing_order_goods` [ RunTime:0.000709s ]
[2024-08-16T16:57:42+08:00][sql] SELECT `a`.*,`b`.`goods_name`,`b`.`goods_thumb` FROM `qing_order_goods` `a` INNER JOIN `qing_goods` `b` ON `a`.`goods_id`=`b`.`goods_id` WHERE  `a`.`order_id` = 37 [ RunTime:0.000466s ]
[2024-08-16T16:57:42+08:00][sql] SELECT `a`.*,`b`.`goods_name`,`b`.`goods_thumb` FROM `qing_order_goods` `a` INNER JOIN `qing_goods` `b` ON `a`.`goods_id`=`b`.`goods_id` WHERE  `a`.`order_id` = 35 [ RunTime:0.000312s ]
[2024-08-16T17:37:45+08:00][sql] CONNECT:[ UseTime:0.001213s ] mysql:host=127.0.0.1;port=3306;dbname=code0921;charset=utf8
[2024-08-16T17:37:45+08:00][sql] SHOW FULL COLUMNS FROM `qing_config` [ RunTime:0.001119s ]
[2024-08-16T17:37:45+08:00][sql] SELECT `value` FROM `qing_config` [ RunTime:0.000324s ]
[2024-08-16T17:37:45+08:00][sql] SHOW FULL COLUMNS FROM `qing_search` [ RunTime:0.000855s ]
[2024-08-16T17:37:45+08:00][sql] SELECT * FROM `qing_search` ORDER BY `id` DESC LIMIT 10 [ RunTime:0.000306s ]
[2024-08-16T17:37:45+08:00][sql] SHOW FULL COLUMNS FROM `qing_cart` [ RunTime:0.000694s ]
[2024-08-16T17:37:45+08:00][sql] SELECT COUNT(*) AS think_count FROM `qing_cart` WHERE  `user_id` IS NULL [ RunTime:0.000226s ]
[2024-08-16T17:37:45+08:00][sql] CONNECT:[ UseTime:0.001001s ] mysql:host=127.0.0.1;port=3306;dbname=code0921;charset=utf8
[2024-08-16T17:37:45+08:00][sql] SHOW FULL COLUMNS FROM `qing_config` [ RunTime:0.001376s ]
[2024-08-16T17:37:45+08:00][sql] SELECT `value` FROM `qing_config` [ RunTime:0.000263s ]
[2024-08-16T17:37:45+08:00][sql] SHOW FULL COLUMNS FROM `qing_search` [ RunTime:0.000878s ]
[2024-08-16T17:37:45+08:00][sql] SELECT * FROM `qing_search` ORDER BY `id` DESC LIMIT 10 [ RunTime:0.000267s ]
[2024-08-16T17:37:45+08:00][sql] SHOW FULL COLUMNS FROM `qing_cart` [ RunTime:0.001207s ]
[2024-08-16T17:37:45+08:00][sql] SELECT COUNT(*) AS think_count FROM `qing_cart` WHERE  `user_id` IS NULL [ RunTime:0.000279s ]
[2024-08-16T17:37:45+08:00][error] [8]未定义数组索引: username
[2024-08-16T17:38:01+08:00][sql] CONNECT:[ UseTime:0.000983s ] mysql:host=127.0.0.1;port=3306;dbname=code0921;charset=utf8
[2024-08-16T17:38:01+08:00][sql] SHOW FULL COLUMNS FROM `qing_config` [ RunTime:0.000844s ]
[2024-08-16T17:38:01+08:00][sql] SELECT `value` FROM `qing_config` [ RunTime:0.000233s ]
[2024-08-16T17:38:01+08:00][sql] SHOW FULL COLUMNS FROM `qing_search` [ RunTime:0.000640s ]
[2024-08-16T17:38:01+08:00][sql] SELECT * FROM `qing_search` ORDER BY `id` DESC LIMIT 10 [ RunTime:0.000487s ]
[2024-08-16T17:38:01+08:00][sql] SHOW FULL COLUMNS FROM `qing_cart` [ RunTime:0.001138s ]
[2024-08-16T17:38:01+08:00][sql] SELECT COUNT(*) AS think_count FROM `qing_cart` WHERE  `user_id` IS NULL [ RunTime:0.000227s ]
[2024-08-16T17:38:01+08:00][sql] SHOW FULL COLUMNS FROM `qing_user` [ RunTime:0.003582s ]
[2024-08-16T17:38:01+08:00][sql] SELECT * FROM `qing_user` WHERE  `username` = 'admin@gmail.com' LIMIT 1 [ RunTime:0.000464s ]
[2024-08-16T17:38:01+08:00][sql] UPDATE `qing_user`  SET `last_login_time` = 1723801081  WHERE  `id` = 39 [ RunTime:0.002903s ]
