[2024-07-22T14:47:55+08:00][sql] CONNECT:[ UseTime:0.000867s ] mysql:host=127.0.0.1;port=3306;dbname=code0921;charset=utf8
[2024-07-22T14:47:55+08:00][sql] SHOW FULL COLUMNS FROM `qing_config` [ RunTime:0.000747s ]
[2024-07-22T14:47:55+08:00][sql] SELECT `value` FROM `qing_config` [ RunTime:0.000252s ]
[2024-07-22T14:47:55+08:00][sql] SHOW FULL COLUMNS FROM `qing_search` [ RunTime:0.000593s ]
[2024-07-22T14:47:55+08:00][sql] SELECT * FROM `qing_search` ORDER BY `id` DESC LIMIT 10 [ RunTime:0.000234s ]
[2024-07-22T14:47:55+08:00][sql] SHOW FULL COLUMNS FROM `qing_cart` [ RunTime:0.000535s ]
[2024-07-22T14:47:55+08:00][sql] SELECT COUNT(*) AS think_count FROM `qing_cart` WHERE  `user_id` IS NULL [ RunTime:0.000180s ]
[2024-07-22T14:47:55+08:00][sql] SHOW FULL COLUMNS FROM `qing_ad` [ RunTime:0.000539s ]
[2024-07-22T14:47:55+08:00][sql] SELECT * FROM `qing_ad` WHERE  `type_id` = 1 [ RunTime:0.000260s ]
[2024-07-22T14:47:55+08:00][sql] SHOW FULL COLUMNS FROM `qing_goods` [ RunTime:0.000673s ]
[2024-07-22T14:47:55+08:00][sql] SELECT * FROM `qing_goods` WHERE  `ishot` = 1  AND `goods_status` = 1 ORDER BY `goods_id` DESC,`listorder` ASC LIMIT 8 [ RunTime:0.000520s ]
[2024-07-22T14:47:55+08:00][sql] SHOW FULL COLUMNS FROM `qing_category` [ RunTime:0.000956s ]
[2024-07-22T14:47:55+08:00][sql] SELECT `id`,`parent_id`,`cate_name` FROM `qing_category` ORDER BY `listorder` ASC [ RunTime:0.000394s ]
[2024-07-22T14:47:58+08:00][sql] CONNECT:[ UseTime:0.000878s ] mysql:host=127.0.0.1;port=3306;dbname=code0921;charset=utf8
[2024-07-22T14:47:58+08:00][sql] SHOW FULL COLUMNS FROM `qing_config` [ RunTime:0.000891s ]
[2024-07-22T14:47:58+08:00][sql] SELECT `value` FROM `qing_config` [ RunTime:0.000349s ]
[2024-07-22T14:47:58+08:00][sql] SHOW FULL COLUMNS FROM `qing_search` [ RunTime:0.001547s ]
[2024-07-22T14:47:58+08:00][sql] SELECT * FROM `qing_search` ORDER BY `id` DESC LIMIT 10 [ RunTime:0.000611s ]
[2024-07-22T14:47:58+08:00][sql] SHOW FULL COLUMNS FROM `qing_cart` [ RunTime:0.000793s ]
[2024-07-22T14:47:58+08:00][sql] SELECT COUNT(*) AS think_count FROM `qing_cart` WHERE  `user_id` IS NULL [ RunTime:0.000213s ]
[2024-07-22T14:47:58+08:00][sql] CONNECT:[ UseTime:0.000887s ] mysql:host=127.0.0.1;port=3306;dbname=code0921;charset=utf8
[2024-07-22T14:47:58+08:00][sql] SHOW FULL COLUMNS FROM `qing_config` [ RunTime:0.000748s ]
[2024-07-22T14:47:58+08:00][sql] SELECT `value` FROM `qing_config` [ RunTime:0.000229s ]
[2024-07-22T14:47:58+08:00][sql] SHOW FULL COLUMNS FROM `qing_search` [ RunTime:0.001162s ]
[2024-07-22T14:47:58+08:00][sql] SELECT * FROM `qing_search` ORDER BY `id` DESC LIMIT 10 [ RunTime:0.000342s ]
[2024-07-22T14:47:58+08:00][sql] SHOW FULL COLUMNS FROM `qing_cart` [ RunTime:0.000629s ]
[2024-07-22T14:47:58+08:00][sql] SELECT COUNT(*) AS think_count FROM `qing_cart` WHERE  `user_id` IS NULL [ RunTime:0.000195s ]
[2024-07-22T14:48:37+08:00][sql] CONNECT:[ UseTime:0.001056s ] mysql:host=127.0.0.1;port=3306;dbname=code0921;charset=utf8
[2024-07-22T14:48:37+08:00][sql] SHOW FULL COLUMNS FROM `qing_config` [ RunTime:0.000810s ]
[2024-07-22T14:48:37+08:00][sql] SELECT `value` FROM `qing_config` [ RunTime:0.000237s ]
[2024-07-22T14:48:37+08:00][sql] SHOW FULL COLUMNS FROM `qing_search` [ RunTime:0.000596s ]
[2024-07-22T14:48:37+08:00][sql] SELECT * FROM `qing_search` ORDER BY `id` DESC LIMIT 10 [ RunTime:0.000233s ]
[2024-07-22T14:48:37+08:00][sql] SHOW FULL COLUMNS FROM `qing_cart` [ RunTime:0.000614s ]
[2024-07-22T14:48:37+08:00][sql] SELECT COUNT(*) AS think_count FROM `qing_cart` WHERE  `user_id` IS NULL [ RunTime:0.000193s ]
[2024-07-22T14:48:37+08:00][sql] SHOW FULL COLUMNS FROM `qing_user` [ RunTime:0.008386s ]
[2024-07-22T14:48:37+08:00][sql] SELECT * FROM `qing_user` WHERE  `username` = '15100000013' LIMIT 1 [ RunTime:0.002024s ]
[2024-07-22T14:48:40+08:00][sql] CONNECT:[ UseTime:0.000972s ] mysql:host=127.0.0.1;port=3306;dbname=code0921;charset=utf8
[2024-07-22T14:48:40+08:00][sql] SHOW FULL COLUMNS FROM `qing_config` [ RunTime:0.000803s ]
[2024-07-22T14:48:40+08:00][sql] SELECT `value` FROM `qing_config` [ RunTime:0.000283s ]
[2024-07-22T14:48:40+08:00][sql] SHOW FULL COLUMNS FROM `qing_search` [ RunTime:0.000677s ]
[2024-07-22T14:48:40+08:00][sql] SELECT * FROM `qing_search` ORDER BY `id` DESC LIMIT 10 [ RunTime:0.000283s ]
[2024-07-22T14:48:40+08:00][sql] SHOW FULL COLUMNS FROM `qing_cart` [ RunTime:0.000552s ]
[2024-07-22T14:48:40+08:00][sql] SELECT COUNT(*) AS think_count FROM `qing_cart` WHERE  `user_id` IS NULL [ RunTime:0.000177s ]
[2024-07-22T14:49:02+08:00][sql] CONNECT:[ UseTime:0.000956s ] mysql:host=127.0.0.1;port=3306;dbname=code0921;charset=utf8
[2024-07-22T14:49:02+08:00][sql] SHOW FULL COLUMNS FROM `qing_config` [ RunTime:0.000717s ]
[2024-07-22T14:49:02+08:00][sql] SELECT `value` FROM `qing_config` [ RunTime:0.000228s ]
[2024-07-22T14:49:02+08:00][sql] SHOW FULL COLUMNS FROM `qing_search` [ RunTime:0.000576s ]
[2024-07-22T14:49:02+08:00][sql] SELECT * FROM `qing_search` ORDER BY `id` DESC LIMIT 10 [ RunTime:0.000230s ]
[2024-07-22T14:49:02+08:00][sql] SHOW FULL COLUMNS FROM `qing_cart` [ RunTime:0.000568s ]
[2024-07-22T14:49:02+08:00][sql] SELECT COUNT(*) AS think_count FROM `qing_cart` WHERE  `user_id` IS NULL [ RunTime:0.000179s ]
[2024-07-22T14:49:02+08:00][sql] SHOW FULL COLUMNS FROM `qing_user` [ RunTime:0.000705s ]
[2024-07-22T14:49:02+08:00][sql] SELECT * FROM `qing_user` WHERE  `username` = 'admin' LIMIT 1 [ RunTime:0.000347s ]
[2024-07-22T14:49:04+08:00][sql] CONNECT:[ UseTime:0.000922s ] mysql:host=127.0.0.1;port=3306;dbname=code0921;charset=utf8
[2024-07-22T14:49:04+08:00][sql] SHOW FULL COLUMNS FROM `qing_config` [ RunTime:0.000737s ]
[2024-07-22T14:49:04+08:00][sql] SELECT `value` FROM `qing_config` [ RunTime:0.000274s ]
[2024-07-22T14:49:04+08:00][sql] SHOW FULL COLUMNS FROM `qing_search` [ RunTime:0.000755s ]
[2024-07-22T14:49:04+08:00][sql] SELECT * FROM `qing_search` ORDER BY `id` DESC LIMIT 10 [ RunTime:0.000246s ]
[2024-07-22T14:49:04+08:00][sql] SHOW FULL COLUMNS FROM `qing_cart` [ RunTime:0.000548s ]
[2024-07-22T14:49:04+08:00][sql] SELECT COUNT(*) AS think_count FROM `qing_cart` WHERE  `user_id` IS NULL [ RunTime:0.000179s ]
[2024-07-22T14:49:24+08:00][sql] CONNECT:[ UseTime:0.001010s ] mysql:host=127.0.0.1;port=3306;dbname=code0921;charset=utf8
[2024-07-22T14:49:24+08:00][sql] SHOW FULL COLUMNS FROM `qing_config` [ RunTime:0.000810s ]
[2024-07-22T14:49:24+08:00][sql] SELECT `value` FROM `qing_config` [ RunTime:0.000286s ]
[2024-07-22T14:49:24+08:00][sql] SHOW FULL COLUMNS FROM `qing_search` [ RunTime:0.001226s ]
[2024-07-22T14:49:24+08:00][sql] SELECT * FROM `qing_search` ORDER BY `id` DESC LIMIT 10 [ RunTime:0.000355s ]
[2024-07-22T14:49:24+08:00][sql] SHOW FULL COLUMNS FROM `qing_cart` [ RunTime:0.000749s ]
[2024-07-22T14:49:24+08:00][sql] SELECT COUNT(*) AS think_count FROM `qing_cart` WHERE  `user_id` IS NULL [ RunTime:0.000238s ]
[2024-07-22T14:49:24+08:00][sql] SHOW FULL COLUMNS FROM `qing_user` [ RunTime:0.003366s ]
[2024-07-22T14:49:24+08:00][sql] SELECT * FROM `qing_user` WHERE  `username` = 'admin123456' LIMIT 1 [ RunTime:0.000408s ]
[2024-07-22T14:49:24+08:00][sql] UPDATE `qing_user`  SET `last_login_time` = 1721630964  WHERE  `id` = 2 [ RunTime:0.003121s ]
[2024-07-22T14:49:26+08:00][sql] CONNECT:[ UseTime:0.000886s ] mysql:host=127.0.0.1;port=3306;dbname=code0921;charset=utf8
[2024-07-22T14:49:26+08:00][sql] SHOW FULL COLUMNS FROM `qing_config` [ RunTime:0.000817s ]
[2024-07-22T14:49:26+08:00][sql] SELECT `value` FROM `qing_config` [ RunTime:0.000240s ]
[2024-07-22T14:49:26+08:00][sql] SHOW FULL COLUMNS FROM `qing_search` [ RunTime:0.000653s ]
[2024-07-22T14:49:26+08:00][sql] SELECT * FROM `qing_search` ORDER BY `id` DESC LIMIT 10 [ RunTime:0.000343s ]
[2024-07-22T14:49:26+08:00][sql] SHOW FULL COLUMNS FROM `qing_cart` [ RunTime:0.000768s ]
[2024-07-22T14:49:26+08:00][sql] SELECT COUNT(*) AS think_count FROM `qing_cart` WHERE  `user_id` = 2 [ RunTime:0.000357s ]
[2024-07-22T14:49:26+08:00][sql] SHOW FULL COLUMNS FROM `qing_merchant` [ RunTime:0.000700s ]
[2024-07-22T14:49:26+08:00][sql] SELECT COUNT(*) AS think_count FROM `qing_merchant` `a` WHERE  `a`.`store_name` LIKE '%%'  AND `user_id` = 2 [ RunTime:0.000320s ]
[2024-07-22T14:49:26+08:00][sql] SELECT * FROM `qing_merchant` `a` WHERE  `a`.`store_name` LIKE '%%'  AND `user_id` = 2 ORDER BY `add_time` DESC LIMIT 0,10 [ RunTime:0.000396s ]
[2024-07-22T14:49:26+08:00][sql] SHOW FULL COLUMNS FROM `qing_user` [ RunTime:0.000725s ]
[2024-07-22T14:49:26+08:00][sql] SELECT * FROM `qing_user` WHERE  `recommender` = 'YJ1596269352'  AND `mer_count` >= 0 [ RunTime:0.000399s ]
[2024-07-22T14:49:26+08:00][sql] SELECT * FROM `qing_user` WHERE  `recommender` = 'YJ1596269352'  AND `mer_count` > 0 [ RunTime:0.000282s ]
[2024-07-22T14:49:33+08:00][sql] CONNECT:[ UseTime:0.000906s ] mysql:host=127.0.0.1;port=3306;dbname=code0921;charset=utf8
[2024-07-22T14:49:33+08:00][sql] SHOW FULL COLUMNS FROM `qing_config` [ RunTime:0.000800s ]
[2024-07-22T14:49:33+08:00][sql] SELECT `value` FROM `qing_config` [ RunTime:0.000233s ]
[2024-07-22T14:49:33+08:00][sql] SHOW FULL COLUMNS FROM `qing_search` [ RunTime:0.000597s ]
[2024-07-22T14:49:33+08:00][sql] SELECT * FROM `qing_search` ORDER BY `id` DESC LIMIT 10 [ RunTime:0.000231s ]
[2024-07-22T14:49:33+08:00][sql] SHOW FULL COLUMNS FROM `qing_cart` [ RunTime:0.000550s ]
[2024-07-22T14:49:33+08:00][sql] SELECT COUNT(*) AS think_count FROM `qing_cart` WHERE  `user_id` = 2 [ RunTime:0.000239s ]
[2024-07-22T14:49:33+08:00][sql] SHOW FULL COLUMNS FROM `qing_merchant` [ RunTime:0.002484s ]
[2024-07-22T14:49:33+08:00][sql] SELECT COUNT(*) AS think_count FROM `qing_merchant` `a` WHERE  `a`.`store_name` LIKE '%%'  AND `user_id` = 2 [ RunTime:0.000263s ]
[2024-07-22T14:49:33+08:00][sql] SELECT * FROM `qing_merchant` `a` WHERE  `a`.`store_name` LIKE '%%'  AND `user_id` = 2 ORDER BY `add_time` DESC LIMIT 0,10 [ RunTime:0.000360s ]
[2024-07-22T14:49:33+08:00][sql] SHOW FULL COLUMNS FROM `qing_user` [ RunTime:0.004225s ]
[2024-07-22T14:49:33+08:00][sql] SELECT * FROM `qing_user` WHERE  `recommender` = 'YJ1596269352'  AND `mer_count` >= 0 [ RunTime:0.000412s ]
[2024-07-22T14:49:33+08:00][sql] SELECT * FROM `qing_user` WHERE  `recommender` = 'YJ1596269352'  AND `mer_count` > 0 [ RunTime:0.000287s ]
[2024-07-22T14:51:21+08:00][sql] CONNECT:[ UseTime:0.001207s ] mysql:host=127.0.0.1;port=3306;dbname=code0921;charset=utf8
[2024-07-22T14:51:21+08:00][sql] SHOW FULL COLUMNS FROM `qing_config` [ RunTime:0.000824s ]
[2024-07-22T14:51:21+08:00][sql] SELECT `value` FROM `qing_config` [ RunTime:0.000248s ]
[2024-07-22T14:51:21+08:00][sql] SHOW FULL COLUMNS FROM `qing_search` [ RunTime:0.000638s ]
[2024-07-22T14:51:21+08:00][sql] SELECT * FROM `qing_search` ORDER BY `id` DESC LIMIT 10 [ RunTime:0.000281s ]
[2024-07-22T14:51:21+08:00][sql] SHOW FULL COLUMNS FROM `qing_cart` [ RunTime:0.000554s ]
[2024-07-22T14:51:21+08:00][sql] SELECT COUNT(*) AS think_count FROM `qing_cart` WHERE  `user_id` = 2 [ RunTime:0.000242s ]
[2024-07-22T14:51:21+08:00][sql] SHOW FULL COLUMNS FROM `qing_merchant` [ RunTime:0.000903s ]
[2024-07-22T14:51:21+08:00][sql] SELECT COUNT(*) AS think_count FROM `qing_merchant` `a` WHERE  `a`.`store_name` LIKE '%%'  AND `user_id` = 2 [ RunTime:0.000287s ]
[2024-07-22T14:51:21+08:00][sql] SELECT * FROM `qing_merchant` `a` WHERE  `a`.`store_name` LIKE '%%'  AND `user_id` = 2 ORDER BY `add_time` DESC LIMIT 0,10 [ RunTime:0.000354s ]
[2024-07-22T14:51:21+08:00][sql] SHOW FULL COLUMNS FROM `qing_user` [ RunTime:0.003483s ]
[2024-07-22T14:51:21+08:00][sql] SELECT * FROM `qing_user` WHERE  `recommender` = 'YJ1596269352'  AND `mer_count` >= 0 [ RunTime:0.000361s ]
[2024-07-22T14:51:21+08:00][sql] SELECT * FROM `qing_user` WHERE  `recommender` = 'YJ1596269352'  AND `mer_count` > 0 [ RunTime:0.000296s ]
[2024-07-22T14:51:22+08:00][sql] CONNECT:[ UseTime:0.000937s ] mysql:host=127.0.0.1;port=3306;dbname=code0921;charset=utf8
[2024-07-22T14:51:22+08:00][sql] SHOW FULL COLUMNS FROM `qing_config` [ RunTime:0.000952s ]
[2024-07-22T14:51:22+08:00][sql] SELECT `value` FROM `qing_config` [ RunTime:0.000231s ]
[2024-07-22T14:51:22+08:00][sql] SHOW FULL COLUMNS FROM `qing_search` [ RunTime:0.001016s ]
[2024-07-22T14:51:22+08:00][sql] SELECT * FROM `qing_search` ORDER BY `id` DESC LIMIT 10 [ RunTime:0.000450s ]
[2024-07-22T14:51:22+08:00][sql] SHOW FULL COLUMNS FROM `qing_cart` [ RunTime:0.000743s ]
[2024-07-22T14:51:22+08:00][sql] SELECT COUNT(*) AS think_count FROM `qing_cart` WHERE  `user_id` = 2 [ RunTime:0.000272s ]
[2024-07-22T14:51:22+08:00][sql] SHOW FULL COLUMNS FROM `qing_merchant` [ RunTime:0.000907s ]
[2024-07-22T14:51:22+08:00][sql] SELECT COUNT(*) AS think_count FROM `qing_merchant` `a` WHERE  `a`.`store_name` LIKE '%%'  AND `user_id` = 2 [ RunTime:0.000268s ]
[2024-07-22T14:51:22+08:00][sql] SELECT * FROM `qing_merchant` `a` WHERE  `a`.`store_name` LIKE '%%'  AND `user_id` = 2 ORDER BY `add_time` DESC LIMIT 0,10 [ RunTime:0.000353s ]
[2024-07-22T14:51:22+08:00][sql] SHOW FULL COLUMNS FROM `qing_user` [ RunTime:0.003336s ]
[2024-07-22T14:51:22+08:00][sql] SELECT * FROM `qing_user` WHERE  `recommender` = 'YJ1596269352'  AND `mer_count` >= 0 [ RunTime:0.000362s ]
[2024-07-22T14:51:22+08:00][sql] SELECT * FROM `qing_user` WHERE  `recommender` = 'YJ1596269352'  AND `mer_count` > 0 [ RunTime:0.000300s ]
[2024-07-22T14:51:23+08:00][sql] CONNECT:[ UseTime:0.000904s ] mysql:host=127.0.0.1;port=3306;dbname=code0921;charset=utf8
[2024-07-22T14:51:23+08:00][sql] SHOW FULL COLUMNS FROM `qing_config` [ RunTime:0.000796s ]
[2024-07-22T14:51:23+08:00][sql] SELECT `value` FROM `qing_config` [ RunTime:0.000230s ]
[2024-07-22T14:51:23+08:00][sql] SHOW FULL COLUMNS FROM `qing_search` [ RunTime:0.000597s ]
[2024-07-22T14:51:23+08:00][sql] SELECT * FROM `qing_search` ORDER BY `id` DESC LIMIT 10 [ RunTime:0.000257s ]
[2024-07-22T14:51:23+08:00][sql] SHOW FULL COLUMNS FROM `qing_cart` [ RunTime:0.000543s ]
[2024-07-22T14:51:23+08:00][sql] SELECT COUNT(*) AS think_count FROM `qing_cart` WHERE  `user_id` = 2 [ RunTime:0.000347s ]
[2024-07-22T14:51:23+08:00][sql] SHOW FULL COLUMNS FROM `qing_merchant` [ RunTime:0.001459s ]
[2024-07-22T14:51:23+08:00][sql] SELECT COUNT(*) AS think_count FROM `qing_merchant` `a` WHERE  `a`.`store_name` LIKE '%%'  AND `user_id` = 2 [ RunTime:0.000316s ]
[2024-07-22T14:51:23+08:00][sql] SELECT * FROM `qing_merchant` `a` WHERE  `a`.`store_name` LIKE '%%'  AND `user_id` = 2 ORDER BY `add_time` DESC LIMIT 0,10 [ RunTime:0.000368s ]
[2024-07-22T14:51:23+08:00][sql] SHOW FULL COLUMNS FROM `qing_user` [ RunTime:0.000789s ]
[2024-07-22T14:51:23+08:00][sql] SELECT * FROM `qing_user` WHERE  `recommender` = 'YJ1596269352'  AND `mer_count` >= 0 [ RunTime:0.000368s ]
[2024-07-22T14:51:23+08:00][sql] SELECT * FROM `qing_user` WHERE  `recommender` = 'YJ1596269352'  AND `mer_count` > 0 [ RunTime:0.000292s ]
[2024-07-22T15:02:47+08:00][sql] CONNECT:[ UseTime:0.000920s ] mysql:host=127.0.0.1;port=3306;dbname=code0921;charset=utf8
[2024-07-22T15:02:47+08:00][sql] SHOW FULL COLUMNS FROM `qing_config` [ RunTime:0.000775s ]
[2024-07-22T15:02:47+08:00][sql] SELECT `value` FROM `qing_config` [ RunTime:0.000242s ]
[2024-07-22T15:02:47+08:00][sql] SHOW FULL COLUMNS FROM `qing_search` [ RunTime:0.000671s ]
[2024-07-22T15:02:47+08:00][sql] SELECT * FROM `qing_search` ORDER BY `id` DESC LIMIT 10 [ RunTime:0.000237s ]
[2024-07-22T15:02:47+08:00][sql] SHOW FULL COLUMNS FROM `qing_cart` [ RunTime:0.000560s ]
[2024-07-22T15:02:47+08:00][sql] SELECT COUNT(*) AS think_count FROM `qing_cart` WHERE  `user_id` = 2 [ RunTime:0.000233s ]
[2024-07-22T15:02:47+08:00][sql] SHOW FULL COLUMNS FROM `qing_merchant` [ RunTime:0.000923s ]
[2024-07-22T15:02:47+08:00][sql] SELECT COUNT(*) AS think_count FROM `qing_merchant` `a` WHERE  `a`.`store_name` LIKE '%%'  AND `user_id` = 2 [ RunTime:0.000271s ]
[2024-07-22T15:02:47+08:00][sql] SELECT * FROM `qing_merchant` `a` WHERE  `a`.`store_name` LIKE '%%'  AND `user_id` = 2 ORDER BY `add_time` DESC LIMIT 0,10 [ RunTime:0.000365s ]
[2024-07-22T15:02:47+08:00][sql] SHOW FULL COLUMNS FROM `qing_user` [ RunTime:0.004288s ]
[2024-07-22T15:02:47+08:00][sql] SELECT * FROM `qing_user` WHERE  `recommender` = 'YJ1596269352'  AND `mer_count` >= 0 [ RunTime:0.000432s ]
[2024-07-22T15:02:47+08:00][sql] SELECT * FROM `qing_user` WHERE  `recommender` = 'YJ1596269352'  AND `mer_count` > 0 [ RunTime:0.000312s ]
[2024-07-22T15:02:54+08:00][sql] CONNECT:[ UseTime:0.000892s ] mysql:host=127.0.0.1;port=3306;dbname=code0921;charset=utf8
[2024-07-22T15:02:54+08:00][sql] SHOW FULL COLUMNS FROM `qing_config` [ RunTime:0.000791s ]
[2024-07-22T15:02:54+08:00][sql] SELECT `value` FROM `qing_config` [ RunTime:0.000281s ]
[2024-07-22T15:02:54+08:00][sql] SHOW FULL COLUMNS FROM `qing_search` [ RunTime:0.000603s ]
[2024-07-22T15:02:54+08:00][sql] SELECT * FROM `qing_search` ORDER BY `id` DESC LIMIT 10 [ RunTime:0.000238s ]
[2024-07-22T15:02:54+08:00][sql] SHOW FULL COLUMNS FROM `qing_cart` [ RunTime:0.000535s ]
[2024-07-22T15:02:54+08:00][sql] SELECT COUNT(*) AS think_count FROM `qing_cart` WHERE  `user_id` = 2 [ RunTime:0.000220s ]
[2024-07-22T16:43:18+08:00][error] [2002]SQLSTATE[HY000] [2002] 由于目标计算机积极拒绝，无法连接。

[2024-07-22T16:57:47+08:00][sql] CONNECT:[ UseTime:0.000891s ] mysql:host=127.0.0.1;port=3306;dbname=code0921;charset=utf8
[2024-07-22T16:57:47+08:00][sql] SHOW FULL COLUMNS FROM `qing_config` [ RunTime:0.000958s ]
[2024-07-22T16:57:47+08:00][sql] SELECT `value` FROM `qing_config` [ RunTime:0.000240s ]
[2024-07-22T16:57:47+08:00][sql] SHOW FULL COLUMNS FROM `qing_search` [ RunTime:0.000974s ]
[2024-07-22T16:57:47+08:00][sql] SELECT * FROM `qing_search` ORDER BY `id` DESC LIMIT 10 [ RunTime:0.000255s ]
[2024-07-22T16:57:47+08:00][sql] SHOW FULL COLUMNS FROM `qing_cart` [ RunTime:0.000798s ]
[2024-07-22T16:57:47+08:00][sql] SELECT COUNT(*) AS think_count FROM `qing_cart` WHERE  `user_id` IS NULL [ RunTime:0.000188s ]
[2024-07-22T16:57:47+08:00][sql] SHOW FULL COLUMNS FROM `qing_ad` [ RunTime:0.003120s ]
[2024-07-22T16:57:47+08:00][sql] SELECT * FROM `qing_ad` WHERE  `type_id` = 1 [ RunTime:0.000298s ]
[2024-07-22T16:57:47+08:00][sql] SHOW FULL COLUMNS FROM `qing_goods` [ RunTime:0.004353s ]
[2024-07-22T16:57:47+08:00][sql] SELECT * FROM `qing_goods` WHERE  `ishot` = 1  AND `goods_status` = 1 ORDER BY `goods_id` DESC,`listorder` ASC LIMIT 8 [ RunTime:0.000479s ]
[2024-07-22T16:57:47+08:00][sql] SHOW FULL COLUMNS FROM `qing_category` [ RunTime:0.000947s ]
[2024-07-22T16:57:47+08:00][sql] SELECT `id`,`parent_id`,`cate_name` FROM `qing_category` ORDER BY `listorder` ASC [ RunTime:0.000384s ]
[2024-07-22T16:58:00+08:00][sql] CONNECT:[ UseTime:0.000843s ] mysql:host=127.0.0.1;port=3306;dbname=code0921;charset=utf8
[2024-07-22T16:58:00+08:00][sql] SHOW FULL COLUMNS FROM `qing_config` [ RunTime:0.000951s ]
[2024-07-22T16:58:00+08:00][sql] SELECT `value` FROM `qing_config` [ RunTime:0.000247s ]
[2024-07-22T16:58:00+08:00][sql] SHOW FULL COLUMNS FROM `qing_search` [ RunTime:0.000793s ]
[2024-07-22T16:58:00+08:00][sql] SELECT * FROM `qing_search` ORDER BY `id` DESC LIMIT 10 [ RunTime:0.000221s ]
[2024-07-22T16:58:00+08:00][sql] SHOW FULL COLUMNS FROM `qing_cart` [ RunTime:0.000720s ]
[2024-07-22T16:58:00+08:00][sql] SELECT COUNT(*) AS think_count FROM `qing_cart` WHERE  `user_id` IS NULL [ RunTime:0.000196s ]
[2024-07-22T16:58:00+08:00][sql] CONNECT:[ UseTime:0.000842s ] mysql:host=127.0.0.1;port=3306;dbname=code0921;charset=utf8
[2024-07-22T16:58:00+08:00][sql] SHOW FULL COLUMNS FROM `qing_config` [ RunTime:0.000967s ]
[2024-07-22T16:58:00+08:00][sql] SELECT `value` FROM `qing_config` [ RunTime:0.000259s ]
[2024-07-22T16:58:00+08:00][sql] SHOW FULL COLUMNS FROM `qing_search` [ RunTime:0.000788s ]
[2024-07-22T16:58:00+08:00][sql] SELECT * FROM `qing_search` ORDER BY `id` DESC LIMIT 10 [ RunTime:0.000223s ]
[2024-07-22T16:58:00+08:00][sql] SHOW FULL COLUMNS FROM `qing_cart` [ RunTime:0.000732s ]
[2024-07-22T16:58:00+08:00][sql] SELECT COUNT(*) AS think_count FROM `qing_cart` WHERE  `user_id` IS NULL [ RunTime:0.000164s ]
[2024-07-22T16:58:12+08:00][sql] CONNECT:[ UseTime:0.000881s ] mysql:host=127.0.0.1;port=3306;dbname=code0921;charset=utf8
[2024-07-22T16:58:12+08:00][sql] SHOW FULL COLUMNS FROM `qing_config` [ RunTime:0.000948s ]
[2024-07-22T16:58:12+08:00][sql] SELECT `value` FROM `qing_config` [ RunTime:0.000226s ]
[2024-07-22T16:58:12+08:00][sql] SHOW FULL COLUMNS FROM `qing_search` [ RunTime:0.000765s ]
[2024-07-22T16:58:12+08:00][sql] SELECT * FROM `qing_search` ORDER BY `id` DESC LIMIT 10 [ RunTime:0.000220s ]
[2024-07-22T16:58:12+08:00][sql] SHOW FULL COLUMNS FROM `qing_cart` [ RunTime:0.000775s ]
[2024-07-22T16:58:12+08:00][sql] SELECT COUNT(*) AS think_count FROM `qing_cart` WHERE  `user_id` IS NULL [ RunTime:0.000180s ]
[2024-07-22T16:58:12+08:00][sql] SHOW FULL COLUMNS FROM `qing_user` [ RunTime:0.006208s ]
[2024-07-22T16:58:12+08:00][sql] SELECT * FROM `qing_user` WHERE  `username` = 'admin123456' LIMIT 1 [ RunTime:0.000392s ]
[2024-07-22T16:58:12+08:00][sql] UPDATE `qing_user`  SET `last_login_time` = 1721638692  WHERE  `id` = 2 [ RunTime:0.001611s ]
[2024-07-22T16:58:40+08:00][sql] CONNECT:[ UseTime:0.000852s ] mysql:host=127.0.0.1;port=3306;dbname=code0921;charset=utf8
[2024-07-22T16:58:40+08:00][sql] SHOW FULL COLUMNS FROM `qing_config` [ RunTime:0.000918s ]
[2024-07-22T16:58:40+08:00][sql] SELECT `value` FROM `qing_config` [ RunTime:0.000215s ]
[2024-07-22T16:58:40+08:00][sql] SHOW FULL COLUMNS FROM `qing_search` [ RunTime:0.000750s ]
[2024-07-22T16:58:40+08:00][sql] SELECT * FROM `qing_search` ORDER BY `id` DESC LIMIT 10 [ RunTime:0.000223s ]
[2024-07-22T16:58:40+08:00][sql] SHOW FULL COLUMNS FROM `qing_cart` [ RunTime:0.000721s ]
[2024-07-22T16:58:40+08:00][sql] SELECT COUNT(*) AS think_count FROM `qing_cart` WHERE  `user_id` = 2 [ RunTime:0.000222s ]
[2024-07-22T16:58:40+08:00][sql] SHOW FULL COLUMNS FROM `qing_merchant` [ RunTime:0.000795s ]
[2024-07-22T16:58:40+08:00][sql] SELECT COUNT(*) AS think_count FROM `qing_merchant` `a` WHERE  `a`.`store_name` LIKE '%%'  AND `user_id` = 2 [ RunTime:0.000251s ]
[2024-07-22T16:58:40+08:00][sql] SELECT * FROM `qing_merchant` `a` WHERE  `a`.`store_name` LIKE '%%'  AND `user_id` = 2 ORDER BY `add_time` DESC LIMIT 0,10 [ RunTime:0.000359s ]
[2024-07-22T16:58:40+08:00][sql] SHOW FULL COLUMNS FROM `qing_user` [ RunTime:0.003590s ]
[2024-07-22T16:58:40+08:00][sql] SELECT * FROM `qing_user` WHERE  `recommender` = 'YJ1596269352'  AND `mer_count` >= 0 [ RunTime:0.000413s ]
[2024-07-22T16:58:40+08:00][sql] SELECT * FROM `qing_user` WHERE  `recommender` = 'YJ1596269352'  AND `mer_count` > 0 [ RunTime:0.000280s ]
[2024-07-22T17:38:39+08:00][sql] CONNECT:[ UseTime:0.000905s ] mysql:host=127.0.0.1;port=3306;dbname=code0921;charset=utf8
[2024-07-22T17:38:39+08:00][sql] SHOW FULL COLUMNS FROM `qing_config` [ RunTime:0.000978s ]
[2024-07-22T17:38:39+08:00][sql] SELECT `value` FROM `qing_config` [ RunTime:0.000230s ]
[2024-07-22T17:38:39+08:00][sql] SHOW FULL COLUMNS FROM `qing_search` [ RunTime:0.000968s ]
[2024-07-22T17:38:39+08:00][sql] SELECT * FROM `qing_search` ORDER BY `id` DESC LIMIT 10 [ RunTime:0.000264s ]
[2024-07-22T17:38:39+08:00][sql] SHOW FULL COLUMNS FROM `qing_cart` [ RunTime:0.000768s ]
[2024-07-22T17:38:39+08:00][sql] SELECT COUNT(*) AS think_count FROM `qing_cart` WHERE  `user_id` = 2 [ RunTime:0.000238s ]
[2024-07-22T17:38:39+08:00][sql] SHOW FULL COLUMNS FROM `qing_merchant` [ RunTime:0.000858s ]
[2024-07-22T17:38:39+08:00][sql] SELECT COUNT(*) AS think_count FROM `qing_merchant` `a` WHERE  `a`.`store_name` LIKE '%%'  AND `user_id` = 2 [ RunTime:0.000275s ]
[2024-07-22T17:38:39+08:00][sql] SELECT * FROM `qing_merchant` `a` WHERE  `a`.`store_name` LIKE '%%'  AND `user_id` = 2 ORDER BY `add_time` DESC LIMIT 0,10 [ RunTime:0.000384s ]
