[2024-08-15T00:02:46+08:00][sql] CONNECT:[ UseTime:0.010510s ] mysql:host=127.0.0.1;port=3306;dbname=code0921;charset=utf8
[2024-08-15T00:02:46+08:00][sql] SHOW FULL COLUMNS FROM `qing_config` [ RunTime:0.003421s ]
[2024-08-15T00:02:46+08:00][sql] SELECT `value` FROM `qing_config` [ RunTime:0.001288s ]
[2024-08-15T00:02:46+08:00][sql] SHOW FULL COLUMNS FROM `qing_search` [ RunTime:0.000822s ]
[2024-08-15T00:02:46+08:00][sql] SELECT * FROM `qing_search` ORDER BY `id` DESC LIMIT 10 [ RunTime:0.000467s ]
[2024-08-15T00:02:46+08:00][sql] SHOW FULL COLUMNS FROM `qing_cart` [ RunTime:0.000747s ]
[2024-08-15T00:02:46+08:00][sql] SELECT COUNT(*) AS think_count FROM `qing_cart` WHERE  `user_id` = 2 [ RunTime:0.000419s ]
[2024-08-15T00:02:46+08:00][sql] SHOW FULL COLUMNS FROM `qing_goods` [ RunTime:0.001816s ]
[2024-08-15T00:02:46+08:00][sql] SELECT p.goods_id, p.goods_name, p.goods_price, p.goods_thumb, p.goods_cate_id, p.selnumber, p.time, COUNT(co.goods_id) as comments_count FROM `qing_goods` `p` INNER JOIN `qing_comment` `co` ON `p`.`goods_id`=`co`.`goods_id` GROUP BY `p`.`goods_id` [ RunTime:0.001413s ]
[2024-08-15T00:02:46+08:00][sql] SHOW FULL COLUMNS FROM `qing_category` [ RunTime:0.001199s ]
[2024-08-15T00:02:46+08:00][sql] SELECT `id`,`parent_id`,`cate_name` FROM `qing_category` ORDER BY `listorder` ASC [ RunTime:0.000561s ]
[2024-08-15T00:08:25+08:00][sql] CONNECT:[ UseTime:0.011663s ] mysql:host=127.0.0.1;port=3306;dbname=code0921;charset=utf8
[2024-08-15T00:08:25+08:00][sql] SHOW FULL COLUMNS FROM `qing_config` [ RunTime:0.002768s ]
[2024-08-15T00:08:25+08:00][sql] SELECT `value` FROM `qing_config` [ RunTime:0.001527s ]
[2024-08-15T00:08:25+08:00][sql] SHOW FULL COLUMNS FROM `qing_search` [ RunTime:0.001290s ]
[2024-08-15T00:08:25+08:00][sql] SELECT * FROM `qing_search` ORDER BY `id` DESC LIMIT 10 [ RunTime:0.000376s ]
[2024-08-15T00:08:25+08:00][sql] SHOW FULL COLUMNS FROM `qing_cart` [ RunTime:0.000900s ]
[2024-08-15T00:08:25+08:00][sql] SELECT COUNT(*) AS think_count FROM `qing_cart` WHERE  `user_id` = 2 [ RunTime:0.000504s ]
[2024-08-15T00:08:50+08:00][sql] CONNECT:[ UseTime:0.001512s ] mysql:host=127.0.0.1;port=3306;dbname=code0921;charset=utf8
[2024-08-15T00:08:50+08:00][sql] SHOW FULL COLUMNS FROM `qing_config` [ RunTime:0.001009s ]
[2024-08-15T00:08:50+08:00][sql] SELECT `value` FROM `qing_config` [ RunTime:0.000405s ]
[2024-08-15T00:08:50+08:00][sql] SHOW FULL COLUMNS FROM `qing_search` [ RunTime:0.001079s ]
[2024-08-15T00:08:50+08:00][sql] SELECT * FROM `qing_search` ORDER BY `id` DESC LIMIT 10 [ RunTime:0.000691s ]
[2024-08-15T00:08:50+08:00][sql] SHOW FULL COLUMNS FROM `qing_cart` [ RunTime:0.000810s ]
[2024-08-15T00:08:50+08:00][sql] SELECT COUNT(*) AS think_count FROM `qing_cart` WHERE  `user_id` = 2 [ RunTime:0.000695s ]
[2024-08-15T00:08:50+08:00][sql] SHOW FULL COLUMNS FROM `qing_goods` [ RunTime:0.002661s ]
[2024-08-15T00:08:50+08:00][sql] SELECT * FROM `qing_goods` WHERE  `goods_id` = 5 LIMIT 1 [ RunTime:0.000775s ]
[2024-08-15T00:08:50+08:00][sql] UPDATE `qing_goods`  SET `click` = 58  WHERE  `goods_id` = 5 [ RunTime:0.006706s ]
[2024-08-15T00:08:50+08:00][sql] SHOW FULL COLUMNS FROM `qing_goods_img` [ RunTime:0.002686s ]
[2024-08-15T00:08:50+08:00][sql] SELECT * FROM `qing_goods_img` WHERE  `goods_id` = 5 [ RunTime:0.000537s ]
[2024-08-15T00:08:50+08:00][sql] SELECT p.goods_id, p.goods_name, p.goods_price,p.is_recommend, COUNT(c.goods_id) as collection_count, gc.content, p.stock, p.selnumber, p.goods_cate_id, p.goods_thumb FROM `qing_goods` `p` INNER JOIN `qing_goods_content` `gc` ON `gc`.`goods_id`=`p`.`goods_id` INNER JOIN `qing_collect` `c` ON `gc`.`goods_id`=`c`.`goods_id` WHERE  `p`.`goods_id` = '5' GROUP BY `p`.`goods_id` LIMIT 1 [ RunTime:0.006113s ]
[2024-08-15T00:12:25+08:00][sql] CONNECT:[ UseTime:0.011111s ] mysql:host=127.0.0.1;port=3306;dbname=code0921;charset=utf8
[2024-08-15T00:12:25+08:00][sql] SHOW FULL COLUMNS FROM `qing_config` [ RunTime:0.001146s ]
[2024-08-15T00:12:25+08:00][sql] SELECT `value` FROM `qing_config` [ RunTime:0.000432s ]
[2024-08-15T00:12:25+08:00][sql] SHOW FULL COLUMNS FROM `qing_search` [ RunTime:0.000872s ]
[2024-08-15T00:12:25+08:00][sql] SELECT * FROM `qing_search` ORDER BY `id` DESC LIMIT 10 [ RunTime:0.000668s ]
[2024-08-15T00:12:25+08:00][sql] SHOW FULL COLUMNS FROM `qing_cart` [ RunTime:0.000803s ]
[2024-08-15T00:12:25+08:00][sql] SELECT COUNT(*) AS think_count FROM `qing_cart` WHERE  `user_id` = 2 [ RunTime:0.000741s ]
[2024-08-15T00:12:25+08:00][sql] SELECT * FROM `qing_cart` WHERE  `user_id` = 2 ORDER BY `id` DESC [ RunTime:0.000799s ]
[2024-08-15T00:12:25+08:00][sql] SHOW FULL COLUMNS FROM `qing_standard_value` [ RunTime:0.004245s ]
[2024-08-15T00:12:25+08:00][sql] SELECT `standard_value` FROM `qing_standard_value` WHERE  `id` = 7 LIMIT 1 [ RunTime:0.000957s ]
[2024-08-15T00:12:25+08:00][sql] SELECT `standard_value` FROM `qing_standard_value` WHERE  `id` = 14 LIMIT 1 [ RunTime:0.000741s ]
[2024-08-15T00:12:25+08:00][sql] SHOW FULL COLUMNS FROM `qing_goods` [ RunTime:0.003715s ]
[2024-08-15T00:12:25+08:00][sql] SELECT * FROM `qing_goods` WHERE  `goods_id` = 10 LIMIT 1 [ RunTime:0.000778s ]
[2024-08-15T00:12:25+08:00][sql] SHOW FULL COLUMNS FROM `qing_goods_standard` [ RunTime:0.002212s ]
[2024-08-15T00:12:25+08:00][sql] SELECT `goods_price` FROM `qing_goods_standard` WHERE  `goods_id` = 10  AND `sku` = '7,14' LIMIT 1 [ RunTime:0.000698s ]
[2024-08-15T00:22:30+08:00][sql] CONNECT:[ UseTime:0.007159s ] mysql:host=127.0.0.1;port=3306;dbname=code0921;charset=utf8
[2024-08-15T00:22:30+08:00][sql] SHOW FULL COLUMNS FROM `qing_config` [ RunTime:0.003973s ]
[2024-08-15T00:22:30+08:00][sql] SELECT `value` FROM `qing_config` [ RunTime:0.001537s ]
[2024-08-15T00:22:30+08:00][sql] SHOW FULL COLUMNS FROM `qing_search` [ RunTime:0.003140s ]
[2024-08-15T00:22:30+08:00][sql] SELECT * FROM `qing_search` ORDER BY `id` DESC LIMIT 10 [ RunTime:0.001306s ]
[2024-08-15T00:22:30+08:00][sql] SHOW FULL COLUMNS FROM `qing_cart` [ RunTime:0.002535s ]
[2024-08-15T00:22:30+08:00][sql] SELECT COUNT(*) AS think_count FROM `qing_cart` WHERE  `user_id` = 2 [ RunTime:0.001475s ]
[2024-08-15T00:22:30+08:00][sql] SELECT * FROM `qing_cart` WHERE  `user_id` = 2 ORDER BY `id` DESC [ RunTime:0.001590s ]
[2024-08-15T00:22:30+08:00][sql] SHOW FULL COLUMNS FROM `qing_standard_value` [ RunTime:0.006818s ]
[2024-08-15T00:22:30+08:00][sql] SELECT `standard_value` FROM `qing_standard_value` WHERE  `id` = 7 LIMIT 1 [ RunTime:0.001239s ]
[2024-08-15T00:22:30+08:00][sql] SELECT `standard_value` FROM `qing_standard_value` WHERE  `id` = 14 LIMIT 1 [ RunTime:0.001138s ]
[2024-08-15T00:22:30+08:00][sql] SHOW FULL COLUMNS FROM `qing_goods` [ RunTime:0.006982s ]
[2024-08-15T00:22:30+08:00][sql] SELECT * FROM `qing_goods` WHERE  `goods_id` = 10 LIMIT 1 [ RunTime:0.001714s ]
[2024-08-15T00:22:30+08:00][sql] SHOW FULL COLUMNS FROM `qing_goods_standard` [ RunTime:0.004714s ]
[2024-08-15T00:22:30+08:00][sql] SELECT `goods_price` FROM `qing_goods_standard` WHERE  `goods_id` = 10  AND `sku` = '7,14' LIMIT 1 [ RunTime:0.001371s ]
[2024-08-15T00:23:03+08:00][sql] CONNECT:[ UseTime:0.011481s ] mysql:host=127.0.0.1;port=3306;dbname=code0921;charset=utf8
[2024-08-15T00:23:03+08:00][sql] SHOW FULL COLUMNS FROM `qing_config` [ RunTime:0.002639s ]
[2024-08-15T00:23:03+08:00][sql] SELECT `value` FROM `qing_config` [ RunTime:0.001362s ]
[2024-08-15T00:23:03+08:00][sql] SHOW FULL COLUMNS FROM `qing_search` [ RunTime:0.002365s ]
[2024-08-15T00:23:03+08:00][sql] SELECT * FROM `qing_search` ORDER BY `id` DESC LIMIT 10 [ RunTime:0.001189s ]
[2024-08-15T00:23:03+08:00][sql] SHOW FULL COLUMNS FROM `qing_cart` [ RunTime:0.002501s ]
[2024-08-15T00:23:03+08:00][sql] SELECT COUNT(*) AS think_count FROM `qing_cart` WHERE  `user_id` = 2 [ RunTime:0.001388s ]
[2024-08-15T00:23:03+08:00][error] [8]未定义数组索引: standard_value_id
[2024-08-15T00:27:03+08:00][sql] CONNECT:[ UseTime:0.011886s ] mysql:host=127.0.0.1;port=3306;dbname=code0921;charset=utf8
[2024-08-15T00:27:03+08:00][sql] SHOW FULL COLUMNS FROM `qing_config` [ RunTime:0.001565s ]
[2024-08-15T00:27:03+08:00][sql] SELECT `value` FROM `qing_config` [ RunTime:0.000679s ]
[2024-08-15T00:27:03+08:00][sql] SHOW FULL COLUMNS FROM `qing_search` [ RunTime:0.001415s ]
[2024-08-15T00:27:03+08:00][sql] SELECT * FROM `qing_search` ORDER BY `id` DESC LIMIT 10 [ RunTime:0.000720s ]
[2024-08-15T00:27:03+08:00][sql] SHOW FULL COLUMNS FROM `qing_cart` [ RunTime:0.001214s ]
[2024-08-15T00:27:03+08:00][sql] SELECT COUNT(*) AS think_count FROM `qing_cart` WHERE  `user_id` = 2 [ RunTime:0.000597s ]
[2024-08-15T00:27:03+08:00][sql] SELECT * FROM `qing_cart` WHERE  `user_id` = 2 ORDER BY `id` DESC [ RunTime:0.000800s ]
[2024-08-15T00:27:03+08:00][sql] SHOW FULL COLUMNS FROM `qing_standard_value` [ RunTime:0.003101s ]
[2024-08-15T00:27:03+08:00][sql] SELECT `standard_value` FROM `qing_standard_value` WHERE  `id` = 7 LIMIT 1 [ RunTime:0.000489s ]
[2024-08-15T00:27:03+08:00][sql] SELECT `standard_value` FROM `qing_standard_value` WHERE  `id` = 14 LIMIT 1 [ RunTime:0.000499s ]
[2024-08-15T00:27:03+08:00][sql] SHOW FULL COLUMNS FROM `qing_goods` [ RunTime:0.001400s ]
[2024-08-15T00:27:03+08:00][sql] SELECT * FROM `qing_goods` WHERE  `goods_id` = 10 LIMIT 1 [ RunTime:0.000642s ]
[2024-08-15T00:27:03+08:00][sql] SHOW FULL COLUMNS FROM `qing_goods_standard` [ RunTime:0.001597s ]
[2024-08-15T00:27:03+08:00][sql] SELECT `goods_price` FROM `qing_goods_standard` WHERE  `goods_id` = 10  AND `sku` = '7,14' LIMIT 1 [ RunTime:0.000566s ]
[2024-08-15T00:27:56+08:00][sql] CONNECT:[ UseTime:0.011593s ] mysql:host=127.0.0.1;port=3306;dbname=code0921;charset=utf8
[2024-08-15T00:27:56+08:00][sql] SHOW FULL COLUMNS FROM `qing_config` [ RunTime:0.002960s ]
[2024-08-15T00:27:56+08:00][sql] SELECT `value` FROM `qing_config` [ RunTime:0.001548s ]
[2024-08-15T00:27:56+08:00][sql] SHOW FULL COLUMNS FROM `qing_search` [ RunTime:0.001386s ]
[2024-08-15T00:27:56+08:00][sql] SELECT * FROM `qing_search` ORDER BY `id` DESC LIMIT 10 [ RunTime:0.000706s ]
[2024-08-15T00:27:56+08:00][sql] SHOW FULL COLUMNS FROM `qing_cart` [ RunTime:0.001486s ]
[2024-08-15T00:27:56+08:00][sql] SELECT COUNT(*) AS think_count FROM `qing_cart` WHERE  `user_id` = 2 [ RunTime:0.000850s ]
[2024-08-15T00:27:56+08:00][error] [8]未定义数组索引: standard_value_id
[2024-08-15T00:29:35+08:00][sql] CONNECT:[ UseTime:0.012381s ] mysql:host=127.0.0.1;port=3306;dbname=code0921;charset=utf8
[2024-08-15T00:29:35+08:00][sql] SHOW FULL COLUMNS FROM `qing_config` [ RunTime:0.003166s ]
[2024-08-15T00:29:35+08:00][sql] SELECT `value` FROM `qing_config` [ RunTime:0.001291s ]
[2024-08-15T00:29:35+08:00][sql] SHOW FULL COLUMNS FROM `qing_search` [ RunTime:0.002869s ]
[2024-08-15T00:29:35+08:00][sql] SELECT * FROM `qing_search` ORDER BY `id` DESC LIMIT 10 [ RunTime:0.001560s ]
[2024-08-15T00:29:35+08:00][sql] SHOW FULL COLUMNS FROM `qing_cart` [ RunTime:0.003077s ]
[2024-08-15T00:29:35+08:00][sql] SELECT COUNT(*) AS think_count FROM `qing_cart` WHERE  `user_id` = 2 [ RunTime:0.001701s ]
[2024-08-15T00:29:35+08:00][error] [8]未定义数组索引: standard_value_id
[2024-08-15T00:30:09+08:00][sql] CONNECT:[ UseTime:0.006154s ] mysql:host=127.0.0.1;port=3306;dbname=code0921;charset=utf8
[2024-08-15T00:30:09+08:00][sql] SHOW FULL COLUMNS FROM `qing_config` [ RunTime:0.002609s ]
[2024-08-15T00:30:09+08:00][sql] SELECT `value` FROM `qing_config` [ RunTime:0.000790s ]
[2024-08-15T00:30:09+08:00][sql] SHOW FULL COLUMNS FROM `qing_search` [ RunTime:0.001102s ]
[2024-08-15T00:30:09+08:00][sql] SELECT * FROM `qing_search` ORDER BY `id` DESC LIMIT 10 [ RunTime:0.000436s ]
[2024-08-15T00:30:09+08:00][sql] SHOW FULL COLUMNS FROM `qing_cart` [ RunTime:0.000755s ]
[2024-08-15T00:30:09+08:00][sql] SELECT COUNT(*) AS think_count FROM `qing_cart` WHERE  `user_id` = 2 [ RunTime:0.000426s ]
[2024-08-15T00:30:09+08:00][error] [8]未定义数组索引: standard_value_id
[2024-08-15T00:30:59+08:00][sql] CONNECT:[ UseTime:0.004459s ] mysql:host=127.0.0.1;port=3306;dbname=code0921;charset=utf8
[2024-08-15T00:30:59+08:00][sql] SHOW FULL COLUMNS FROM `qing_config` [ RunTime:0.002102s ]
[2024-08-15T00:30:59+08:00][sql] SELECT `value` FROM `qing_config` [ RunTime:0.001005s ]
[2024-08-15T00:30:59+08:00][sql] SHOW FULL COLUMNS FROM `qing_search` [ RunTime:0.002081s ]
[2024-08-15T00:30:59+08:00][sql] SELECT * FROM `qing_search` ORDER BY `id` DESC LIMIT 10 [ RunTime:0.000934s ]
[2024-08-15T00:30:59+08:00][sql] SHOW FULL COLUMNS FROM `qing_cart` [ RunTime:0.001694s ]
[2024-08-15T00:30:59+08:00][sql] SELECT COUNT(*) AS think_count FROM `qing_cart` WHERE  `user_id` = 2 [ RunTime:0.000895s ]
[2024-08-15T00:30:59+08:00][error] [8]未定义数组索引: standard_value_id
[2024-08-15T00:32:36+08:00][sql] CONNECT:[ UseTime:0.011997s ] mysql:host=127.0.0.1;port=3306;dbname=code0921;charset=utf8
[2024-08-15T00:32:36+08:00][sql] SHOW FULL COLUMNS FROM `qing_config` [ RunTime:0.006575s ]
[2024-08-15T00:32:36+08:00][sql] SELECT `value` FROM `qing_config` [ RunTime:0.000467s ]
[2024-08-15T00:32:36+08:00][sql] SHOW FULL COLUMNS FROM `qing_search` [ RunTime:0.000989s ]
[2024-08-15T00:32:36+08:00][sql] SELECT * FROM `qing_search` ORDER BY `id` DESC LIMIT 10 [ RunTime:0.000535s ]
[2024-08-15T00:32:36+08:00][sql] SHOW FULL COLUMNS FROM `qing_cart` [ RunTime:0.000862s ]
[2024-08-15T00:32:36+08:00][sql] SELECT COUNT(*) AS think_count FROM `qing_cart` WHERE  `user_id` = 2 [ RunTime:0.000485s ]
[2024-08-15T00:32:36+08:00][sql] SELECT `amount`,`id` FROM `qing_cart` WHERE  `user_id` = 2  AND `goods_id` = 5  AND `sku` = '2,6,24' LIMIT 1 [ RunTime:0.000765s ]
[2024-08-15T00:32:36+08:00][sql] INSERT INTO `qing_cart` SET `goods_id` = 5 , `user_id` = 2 , `sku` = '2,6,24' , `amount` = 20 [ RunTime:0.001206s ]
[2024-08-15T00:32:56+08:00][sql] CONNECT:[ UseTime:0.002684s ] mysql:host=127.0.0.1;port=3306;dbname=code0921;charset=utf8
[2024-08-15T00:32:56+08:00][sql] SHOW FULL COLUMNS FROM `qing_config` [ RunTime:0.001582s ]
[2024-08-15T00:32:56+08:00][sql] SELECT `value` FROM `qing_config` [ RunTime:0.000698s ]
[2024-08-15T00:32:56+08:00][sql] SHOW FULL COLUMNS FROM `qing_search` [ RunTime:0.001938s ]
[2024-08-15T00:32:56+08:00][sql] SELECT * FROM `qing_search` ORDER BY `id` DESC LIMIT 10 [ RunTime:0.000692s ]
[2024-08-15T00:32:56+08:00][sql] SHOW FULL COLUMNS FROM `qing_cart` [ RunTime:0.001517s ]
[2024-08-15T00:32:56+08:00][sql] SELECT COUNT(*) AS think_count FROM `qing_cart` WHERE  `user_id` = 2 [ RunTime:0.000722s ]
[2024-08-15T00:32:56+08:00][sql] SELECT * FROM `qing_cart` WHERE  `user_id` = 2 ORDER BY `id` DESC [ RunTime:0.000821s ]
[2024-08-15T00:32:56+08:00][sql] SHOW FULL COLUMNS FROM `qing_standard_value` [ RunTime:0.003611s ]
[2024-08-15T00:32:56+08:00][sql] SELECT `standard_value` FROM `qing_standard_value` WHERE  `id` = 2 LIMIT 1 [ RunTime:0.000746s ]
[2024-08-15T00:32:56+08:00][sql] SELECT `standard_value` FROM `qing_standard_value` WHERE  `id` = 6 LIMIT 1 [ RunTime:0.000651s ]
[2024-08-15T00:32:56+08:00][sql] SELECT `standard_value` FROM `qing_standard_value` WHERE  `id` = 24 LIMIT 1 [ RunTime:0.000747s ]
[2024-08-15T00:32:56+08:00][sql] SHOW FULL COLUMNS FROM `qing_goods` [ RunTime:0.001678s ]
[2024-08-15T00:32:56+08:00][sql] SELECT * FROM `qing_goods` WHERE  `goods_id` = 5 LIMIT 1 [ RunTime:0.000868s ]
[2024-08-15T00:32:56+08:00][sql] SELECT `standard_value` FROM `qing_standard_value` WHERE  `id` = 7 LIMIT 1 [ RunTime:0.000741s ]
[2024-08-15T00:32:56+08:00][sql] SELECT `standard_value` FROM `qing_standard_value` WHERE  `id` = 14 LIMIT 1 [ RunTime:0.000810s ]
[2024-08-15T00:32:56+08:00][sql] SELECT * FROM `qing_goods` WHERE  `goods_id` = 10 LIMIT 1 [ RunTime:0.000838s ]
[2024-08-15T00:32:56+08:00][sql] SHOW FULL COLUMNS FROM `qing_goods_standard` [ RunTime:0.002259s ]
[2024-08-15T00:32:56+08:00][sql] SELECT `goods_price` FROM `qing_goods_standard` WHERE  `goods_id` = 10  AND `sku` = '7,14' LIMIT 1 [ RunTime:0.000728s ]
[2024-08-15T00:35:34+08:00][sql] CONNECT:[ UseTime:0.011921s ] mysql:host=127.0.0.1;port=3306;dbname=code0921;charset=utf8
[2024-08-15T00:35:34+08:00][sql] SHOW FULL COLUMNS FROM `qing_config` [ RunTime:0.001559s ]
[2024-08-15T00:35:34+08:00][sql] SELECT `value` FROM `qing_config` [ RunTime:0.000692s ]
[2024-08-15T00:35:34+08:00][sql] SHOW FULL COLUMNS FROM `qing_search` [ RunTime:0.001319s ]
[2024-08-15T00:35:34+08:00][sql] SELECT * FROM `qing_search` ORDER BY `id` DESC LIMIT 10 [ RunTime:0.000698s ]
[2024-08-15T00:35:34+08:00][sql] SHOW FULL COLUMNS FROM `qing_cart` [ RunTime:0.001478s ]
[2024-08-15T00:35:34+08:00][sql] SELECT COUNT(*) AS think_count FROM `qing_cart` WHERE  `user_id` = 2 [ RunTime:0.000843s ]
[2024-08-15T00:35:34+08:00][sql] SELECT * FROM `qing_cart` WHERE  `user_id` = 2 ORDER BY `id` DESC [ RunTime:0.000962s ]
[2024-08-15T00:35:34+08:00][sql] SHOW FULL COLUMNS FROM `qing_standard_value` [ RunTime:0.004823s ]
[2024-08-15T00:35:34+08:00][sql] SELECT `standard_value` FROM `qing_standard_value` WHERE  `id` = 2 LIMIT 1 [ RunTime:0.000858s ]
[2024-08-15T00:35:34+08:00][sql] SELECT `standard_value` FROM `qing_standard_value` WHERE  `id` = 6 LIMIT 1 [ RunTime:0.000738s ]
[2024-08-15T00:35:34+08:00][sql] SELECT `standard_value` FROM `qing_standard_value` WHERE  `id` = 24 LIMIT 1 [ RunTime:0.000700s ]
[2024-08-15T00:35:34+08:00][sql] SHOW FULL COLUMNS FROM `qing_goods` [ RunTime:0.004262s ]
[2024-08-15T00:35:34+08:00][sql] SELECT * FROM `qing_goods` WHERE  `goods_id` = 5 LIMIT 1 [ RunTime:0.000902s ]
[2024-08-15T00:35:34+08:00][sql] SELECT `standard_value` FROM `qing_standard_value` WHERE  `id` = 7 LIMIT 1 [ RunTime:0.000682s ]
[2024-08-15T00:35:34+08:00][sql] SELECT `standard_value` FROM `qing_standard_value` WHERE  `id` = 14 LIMIT 1 [ RunTime:0.000740s ]
[2024-08-15T00:35:34+08:00][sql] SELECT * FROM `qing_goods` WHERE  `goods_id` = 10 LIMIT 1 [ RunTime:0.000959s ]
[2024-08-15T00:35:34+08:00][sql] SHOW FULL COLUMNS FROM `qing_goods_standard` [ RunTime:0.003019s ]
[2024-08-15T00:35:34+08:00][sql] SELECT `goods_price` FROM `qing_goods_standard` WHERE  `goods_id` = 10  AND `sku` = '7,14' LIMIT 1 [ RunTime:0.000814s ]
[2024-08-15T00:35:47+08:00][sql] CONNECT:[ UseTime:0.001257s ] mysql:host=127.0.0.1;port=3306;dbname=code0921;charset=utf8
[2024-08-15T00:35:47+08:00][sql] SHOW FULL COLUMNS FROM `qing_config` [ RunTime:0.000936s ]
[2024-08-15T00:35:47+08:00][sql] SELECT `value` FROM `qing_config` [ RunTime:0.000398s ]
[2024-08-15T00:35:47+08:00][sql] SHOW FULL COLUMNS FROM `qing_search` [ RunTime:0.000736s ]
[2024-08-15T00:35:47+08:00][sql] SELECT * FROM `qing_search` ORDER BY `id` DESC LIMIT 10 [ RunTime:0.000371s ]
[2024-08-15T00:35:47+08:00][sql] SHOW FULL COLUMNS FROM `qing_cart` [ RunTime:0.000639s ]
[2024-08-15T00:35:47+08:00][sql] SELECT COUNT(*) AS think_count FROM `qing_cart` WHERE  `user_id` = 2 [ RunTime:0.000369s ]
[2024-08-15T00:35:47+08:00][sql] SELECT `amount`,`id` FROM `qing_cart` WHERE  `user_id` = 2  AND `goods_id` = 5  AND `sku` = '2,6,24' LIMIT 1 [ RunTime:0.000476s ]
[2024-08-15T00:35:47+08:00][sql] UPDATE `qing_cart`  SET `amount` = 40  WHERE  `id` = 50 [ RunTime:0.000607s ]
[2024-08-15T00:39:44+08:00][sql] CONNECT:[ UseTime:0.012074s ] mysql:host=127.0.0.1;port=3306;dbname=code0921;charset=utf8
[2024-08-15T00:39:44+08:00][sql] SHOW FULL COLUMNS FROM `qing_config` [ RunTime:0.036467s ]
[2024-08-15T00:39:44+08:00][sql] SELECT `value` FROM `qing_config` [ RunTime:0.001359s ]
[2024-08-15T00:39:44+08:00][sql] SHOW FULL COLUMNS FROM `qing_search` [ RunTime:0.002830s ]
[2024-08-15T00:39:44+08:00][sql] SELECT * FROM `qing_search` ORDER BY `id` DESC LIMIT 10 [ RunTime:0.001239s ]
[2024-08-15T00:39:44+08:00][sql] SHOW FULL COLUMNS FROM `qing_cart` [ RunTime:0.002876s ]
[2024-08-15T00:39:44+08:00][sql] SELECT COUNT(*) AS think_count FROM `qing_cart` WHERE  `user_id` = 2 [ RunTime:0.001523s ]
[2024-08-15T00:39:44+08:00][sql] SELECT * FROM `qing_cart` WHERE  `user_id` = 2 ORDER BY `id` DESC [ RunTime:0.001669s ]
[2024-08-15T00:39:44+08:00][sql] SHOW FULL COLUMNS FROM `qing_standard_value` [ RunTime:0.002897s ]
[2024-08-15T00:39:44+08:00][sql] SELECT `standard_value` FROM `qing_standard_value` WHERE  `id` = 2 LIMIT 1 [ RunTime:0.001438s ]
[2024-08-15T00:39:44+08:00][sql] SELECT `standard_value` FROM `qing_standard_value` WHERE  `id` = 6 LIMIT 1 [ RunTime:0.001262s ]
[2024-08-15T00:39:44+08:00][sql] SELECT `standard_value` FROM `qing_standard_value` WHERE  `id` = 24 LIMIT 1 [ RunTime:0.001173s ]
[2024-08-15T00:39:44+08:00][sql] SHOW FULL COLUMNS FROM `qing_goods` [ RunTime:0.003264s ]
[2024-08-15T00:39:44+08:00][sql] SELECT * FROM `qing_goods` WHERE  `goods_id` = 5 LIMIT 1 [ RunTime:0.001833s ]
[2024-08-15T00:39:44+08:00][sql] SELECT `standard_value` FROM `qing_standard_value` WHERE  `id` = 7 LIMIT 1 [ RunTime:0.001428s ]
[2024-08-15T00:39:44+08:00][sql] SELECT `standard_value` FROM `qing_standard_value` WHERE  `id` = 14 LIMIT 1 [ RunTime:0.001399s ]
[2024-08-15T00:39:44+08:00][sql] SELECT * FROM `qing_goods` WHERE  `goods_id` = 10 LIMIT 1 [ RunTime:0.001626s ]
[2024-08-15T00:39:44+08:00][sql] SHOW FULL COLUMNS FROM `qing_goods_standard` [ RunTime:0.003016s ]
[2024-08-15T00:39:44+08:00][sql] SELECT `goods_price` FROM `qing_goods_standard` WHERE  `goods_id` = 10  AND `sku` = '7,14' LIMIT 1 [ RunTime:0.001432s ]
[2024-08-15T00:53:52+08:00][sql] CONNECT:[ UseTime:0.011254s ] mysql:host=127.0.0.1;port=3306;dbname=code0921;charset=utf8
[2024-08-15T00:53:52+08:00][sql] SHOW FULL COLUMNS FROM `qing_config` [ RunTime:0.001692s ]
[2024-08-15T00:53:52+08:00][sql] SELECT `value` FROM `qing_config` [ RunTime:0.000346s ]
[2024-08-15T00:53:52+08:00][sql] SHOW FULL COLUMNS FROM `qing_search` [ RunTime:0.001761s ]
[2024-08-15T00:53:52+08:00][sql] SELECT * FROM `qing_search` ORDER BY `id` DESC LIMIT 10 [ RunTime:0.000404s ]
[2024-08-15T00:53:52+08:00][sql] SHOW FULL COLUMNS FROM `qing_cart` [ RunTime:0.000895s ]
[2024-08-15T00:53:52+08:00][sql] SELECT COUNT(*) AS think_count FROM `qing_cart` WHERE  `user_id` = 2 [ RunTime:0.000401s ]
[2024-08-15T00:53:52+08:00][sql] UPDATE `qing_cart`  SET `status` = 1  WHERE  `id` = 50 [ RunTime:0.000375s ]
[2024-08-15T00:53:57+08:00][sql] CONNECT:[ UseTime:0.002022s ] mysql:host=127.0.0.1;port=3306;dbname=code0921;charset=utf8
[2024-08-15T00:53:57+08:00][sql] SHOW FULL COLUMNS FROM `qing_config` [ RunTime:0.001081s ]
[2024-08-15T00:53:57+08:00][sql] SELECT `value` FROM `qing_config` [ RunTime:0.000437s ]
[2024-08-15T00:53:57+08:00][sql] SHOW FULL COLUMNS FROM `qing_search` [ RunTime:0.001212s ]
[2024-08-15T00:53:57+08:00][sql] SELECT * FROM `qing_search` ORDER BY `id` DESC LIMIT 10 [ RunTime:0.000543s ]
[2024-08-15T00:53:57+08:00][sql] SHOW FULL COLUMNS FROM `qing_cart` [ RunTime:0.001794s ]
[2024-08-15T00:53:57+08:00][sql] SELECT COUNT(*) AS think_count FROM `qing_cart` WHERE  `user_id` = 2 [ RunTime:0.000799s ]
[2024-08-15T00:53:57+08:00][sql] UPDATE `qing_cart`  SET `status` = 0  WHERE  `id` = 50 [ RunTime:0.001333s ]
[2024-08-15T00:56:58+08:00][sql] CONNECT:[ UseTime:0.010120s ] mysql:host=127.0.0.1;port=3306;dbname=code0921;charset=utf8
[2024-08-15T00:56:58+08:00][sql] SHOW FULL COLUMNS FROM `qing_config` [ RunTime:0.001531s ]
[2024-08-15T00:56:58+08:00][sql] SELECT `value` FROM `qing_config` [ RunTime:0.000814s ]
[2024-08-15T00:56:58+08:00][sql] SHOW FULL COLUMNS FROM `qing_search` [ RunTime:0.001372s ]
[2024-08-15T00:56:58+08:00][sql] SELECT * FROM `qing_search` ORDER BY `id` DESC LIMIT 10 [ RunTime:0.000586s ]
[2024-08-15T00:56:58+08:00][sql] SHOW FULL COLUMNS FROM `qing_cart` [ RunTime:0.001927s ]
[2024-08-15T00:56:58+08:00][sql] SELECT COUNT(*) AS think_count FROM `qing_cart` WHERE  `user_id` = 2 [ RunTime:0.000704s ]
[2024-08-15T00:56:58+08:00][sql] DELETE FROM `qing_cart` WHERE  ( id=50 and user_id=2 ) [ RunTime:0.000672s ]
