[2024-05-30T15:11:46+08:00][sql] CONNECT:[ UseTime:0.001024s ] mysql:host=127.0.0.1;port=3306;dbname=code0921;charset=utf8
[2024-05-30T15:11:46+08:00][sql] SHOW FULL COLUMNS FROM `qing_config` [ RunTime:0.000856s ]
[2024-05-30T15:11:46+08:00][sql] SELECT `value` FROM `qing_config` [ RunTime:0.000231s ]
[2024-05-30T15:11:46+08:00][sql] SHOW FULL COLUMNS FROM `qing_search` [ RunTime:0.000646s ]
[2024-05-30T15:11:46+08:00][sql] SELECT * FROM `qing_search` ORDER BY `id` DESC LIMIT 10 [ RunTime:0.000240s ]
[2024-05-30T15:11:46+08:00][sql] SHOW FULL COLUMNS FROM `qing_cart` [ RunTime:0.000688s ]
[2024-05-30T15:11:46+08:00][sql] SELECT COUNT(*) AS think_count FROM `qing_cart` WHERE  `user_id` IS NULL [ RunTime:0.000207s ]
[2024-05-30T15:11:46+08:00][sql] SHOW FULL COLUMNS FROM `qing_ad` [ RunTime:0.003997s ]
[2024-05-30T15:11:46+08:00][sql] SELECT * FROM `qing_ad` WHERE  `type_id` = 1 [ RunTime:0.000355s ]
[2024-05-30T15:11:46+08:00][sql] SHOW FULL COLUMNS FROM `qing_goods` [ RunTime:0.003382s ]
[2024-05-30T15:11:46+08:00][sql] SELECT * FROM `qing_goods` WHERE  `ishot` = 1  AND `goods_status` = 1 ORDER BY `goods_id` DESC,`listorder` ASC LIMIT 8 [ RunTime:0.000488s ]
[2024-05-30T15:11:46+08:00][sql] SHOW FULL COLUMNS FROM `qing_category` [ RunTime:0.000997s ]
[2024-05-30T15:11:46+08:00][sql] SELECT `id`,`parent_id`,`cate_name` FROM `qing_category` ORDER BY `listorder` ASC [ RunTime:0.000345s ]
[2024-05-30T15:11:48+08:00][sql] CONNECT:[ UseTime:0.000901s ] mysql:host=127.0.0.1;port=3306;dbname=code0921;charset=utf8
[2024-05-30T15:11:48+08:00][sql] SHOW FULL COLUMNS FROM `qing_config` [ RunTime:0.000811s ]
[2024-05-30T15:11:48+08:00][sql] SELECT `value` FROM `qing_config` [ RunTime:0.000225s ]
[2024-05-30T15:11:48+08:00][sql] SHOW FULL COLUMNS FROM `qing_search` [ RunTime:0.000605s ]
[2024-05-30T15:11:48+08:00][sql] SELECT * FROM `qing_search` ORDER BY `id` DESC LIMIT 10 [ RunTime:0.000231s ]
[2024-05-30T15:11:48+08:00][sql] SHOW FULL COLUMNS FROM `qing_cart` [ RunTime:0.000576s ]
[2024-05-30T15:11:48+08:00][sql] SELECT COUNT(*) AS think_count FROM `qing_cart` WHERE  `user_id` IS NULL [ RunTime:0.000178s ]
[2024-05-30T15:11:48+08:00][sql] CONNECT:[ UseTime:0.000920s ] mysql:host=127.0.0.1;port=3306;dbname=code0921;charset=utf8
[2024-05-30T15:11:48+08:00][sql] SHOW FULL COLUMNS FROM `qing_config` [ RunTime:0.000879s ]
[2024-05-30T15:11:48+08:00][sql] SELECT `value` FROM `qing_config` [ RunTime:0.000346s ]
[2024-05-30T15:11:48+08:00][sql] SHOW FULL COLUMNS FROM `qing_search` [ RunTime:0.000787s ]
[2024-05-30T15:11:48+08:00][sql] SELECT * FROM `qing_search` ORDER BY `id` DESC LIMIT 10 [ RunTime:0.000326s ]
[2024-05-30T15:11:48+08:00][sql] SHOW FULL COLUMNS FROM `qing_cart` [ RunTime:0.000723s ]
[2024-05-30T15:11:48+08:00][sql] SELECT COUNT(*) AS think_count FROM `qing_cart` WHERE  `user_id` IS NULL [ RunTime:0.000199s ]
[2024-05-30T15:12:00+08:00][sql] CONNECT:[ UseTime:0.001120s ] mysql:host=127.0.0.1;port=3306;dbname=code0921;charset=utf8
[2024-05-30T15:12:00+08:00][sql] SHOW FULL COLUMNS FROM `qing_config` [ RunTime:0.000950s ]
[2024-05-30T15:12:00+08:00][sql] SELECT `value` FROM `qing_config` [ RunTime:0.000260s ]
[2024-05-30T15:12:00+08:00][sql] SHOW FULL COLUMNS FROM `qing_search` [ RunTime:0.000731s ]
[2024-05-30T15:12:00+08:00][sql] SELECT * FROM `qing_search` ORDER BY `id` DESC LIMIT 10 [ RunTime:0.000315s ]
[2024-05-30T15:12:00+08:00][sql] SHOW FULL COLUMNS FROM `qing_cart` [ RunTime:0.000671s ]
[2024-05-30T15:12:00+08:00][sql] SELECT COUNT(*) AS think_count FROM `qing_cart` WHERE  `user_id` IS NULL [ RunTime:0.000223s ]
[2024-05-30T15:12:00+08:00][sql] SHOW FULL COLUMNS FROM `qing_user` [ RunTime:0.000883s ]
[2024-05-30T15:12:00+08:00][sql] SELECT * FROM `qing_user` WHERE  `username` = 'admin123456' LIMIT 1 [ RunTime:0.000778s ]
[2024-05-30T15:12:00+08:00][sql] UPDATE `qing_user`  SET `last_login_time` = 1717053120  WHERE  `id` = 2 [ RunTime:0.003203s ]
[2024-05-30T15:12:02+08:00][sql] CONNECT:[ UseTime:0.001009s ] mysql:host=127.0.0.1;port=3306;dbname=code0921;charset=utf8
[2024-05-30T15:12:02+08:00][sql] SHOW FULL COLUMNS FROM `qing_config` [ RunTime:0.000925s ]
[2024-05-30T15:12:02+08:00][sql] SELECT `value` FROM `qing_config` [ RunTime:0.000233s ]
[2024-05-30T15:12:02+08:00][sql] SHOW FULL COLUMNS FROM `qing_search` [ RunTime:0.000616s ]
[2024-05-30T15:12:02+08:00][sql] SELECT * FROM `qing_search` ORDER BY `id` DESC LIMIT 10 [ RunTime:0.000246s ]
[2024-05-30T15:12:02+08:00][sql] SHOW FULL COLUMNS FROM `qing_cart` [ RunTime:0.000538s ]
[2024-05-30T15:12:02+08:00][sql] SELECT COUNT(*) AS think_count FROM `qing_cart` WHERE  `user_id` = 2 [ RunTime:0.000314s ]
[2024-05-30T15:12:02+08:00][sql] SHOW FULL COLUMNS FROM `qing_merchant` [ RunTime:0.001034s ]
[2024-05-30T15:12:02+08:00][sql] SELECT COUNT(*) AS think_count FROM `qing_merchant` `a` WHERE  `a`.`store_name` LIKE '%%'  AND `user_id` = 2 [ RunTime:0.000300s ]
[2024-05-30T15:12:02+08:00][sql] SELECT * FROM `qing_merchant` `a` WHERE  `a`.`store_name` LIKE '%%'  AND `user_id` = 2 ORDER BY `add_time` DESC LIMIT 0,10 [ RunTime:0.000352s ]
[2024-05-30T15:12:02+08:00][sql] SHOW FULL COLUMNS FROM `qing_user` [ RunTime:0.000832s ]
[2024-05-30T15:12:02+08:00][sql] SELECT * FROM `qing_user` WHERE  `recommender` = 'YJ1596269352'  AND `mer_count` >= 0 [ RunTime:0.000408s ]
[2024-05-30T15:12:02+08:00][sql] SELECT * FROM `qing_user` WHERE  `recommender` = 'YJ1596269352'  AND `mer_count` > 0 [ RunTime:0.000289s ]
[2024-05-30T15:13:24+08:00][sql] CONNECT:[ UseTime:0.000988s ] mysql:host=127.0.0.1;port=3306;dbname=code0921;charset=utf8
[2024-05-30T15:13:24+08:00][sql] SHOW FULL COLUMNS FROM `qing_config` [ RunTime:0.000908s ]
[2024-05-30T15:13:24+08:00][sql] SELECT `value` FROM `qing_config` [ RunTime:0.000495s ]
[2024-05-30T15:13:24+08:00][sql] SHOW FULL COLUMNS FROM `qing_search` [ RunTime:0.015576s ]
[2024-05-30T15:13:24+08:00][sql] SELECT * FROM `qing_search` ORDER BY `id` DESC LIMIT 10 [ RunTime:0.000472s ]
[2024-05-30T15:13:24+08:00][sql] SHOW FULL COLUMNS FROM `qing_cart` [ RunTime:0.000797s ]
[2024-05-30T15:13:24+08:00][sql] SELECT COUNT(*) AS think_count FROM `qing_cart` WHERE  `user_id` = 2 [ RunTime:0.000346s ]
[2024-05-30T15:13:24+08:00][sql] SHOW FULL COLUMNS FROM `qing_merchant` [ RunTime:0.000747s ]
[2024-05-30T15:13:24+08:00][sql] SELECT COUNT(*) AS think_count FROM `qing_merchant` `a` WHERE  `a`.`store_name` LIKE '%%'  AND `user_id` = 2 [ RunTime:0.000296s ]
[2024-05-30T15:13:24+08:00][sql] SELECT * FROM `qing_merchant` `a` WHERE  `a`.`store_name` LIKE '%%'  AND `user_id` = 2 ORDER BY `add_time` DESC LIMIT 0,10 [ RunTime:0.000372s ]
[2024-05-30T15:13:24+08:00][sql] SHOW FULL COLUMNS FROM `qing_user` [ RunTime:0.000823s ]
[2024-05-30T15:13:24+08:00][sql] SELECT * FROM `qing_user` WHERE  `recommender` = 'YJ1596269352'  AND `mer_count` >= 0 [ RunTime:0.000462s ]
[2024-05-30T15:13:24+08:00][sql] SELECT * FROM `qing_user` WHERE  `recommender` = 'YJ1596269352'  AND `mer_count` > 0 [ RunTime:0.000349s ]
[2024-05-30T15:13:47+08:00][sql] CONNECT:[ UseTime:0.000983s ] mysql:host=127.0.0.1;port=3306;dbname=code0921;charset=utf8
[2024-05-30T15:13:47+08:00][sql] SHOW FULL COLUMNS FROM `qing_config` [ RunTime:0.000974s ]
[2024-05-30T15:13:47+08:00][sql] SELECT `value` FROM `qing_config` [ RunTime:0.000235s ]
[2024-05-30T15:13:47+08:00][sql] SHOW FULL COLUMNS FROM `qing_search` [ RunTime:0.000714s ]
[2024-05-30T15:13:47+08:00][sql] SELECT * FROM `qing_search` ORDER BY `id` DESC LIMIT 10 [ RunTime:0.000243s ]
[2024-05-30T15:13:47+08:00][sql] SHOW FULL COLUMNS FROM `qing_cart` [ RunTime:0.000630s ]
[2024-05-30T15:13:47+08:00][sql] SELECT COUNT(*) AS think_count FROM `qing_cart` WHERE  `user_id` = 2 [ RunTime:0.000263s ]
[2024-05-30T15:13:47+08:00][sql] SHOW FULL COLUMNS FROM `qing_merchant` [ RunTime:0.000721s ]
[2024-05-30T15:13:47+08:00][sql] SELECT COUNT(*) AS think_count FROM `qing_merchant` `a` WHERE  `a`.`store_name` LIKE '%%'  AND `user_id` = 2 [ RunTime:0.000270s ]
[2024-05-30T15:13:47+08:00][sql] SELECT * FROM `qing_merchant` `a` WHERE  `a`.`store_name` LIKE '%%'  AND `user_id` = 2 ORDER BY `add_time` DESC LIMIT 0,10 [ RunTime:0.000361s ]
[2024-05-30T15:13:47+08:00][sql] SHOW FULL COLUMNS FROM `qing_user` [ RunTime:0.000804s ]
[2024-05-30T15:13:47+08:00][sql] SELECT * FROM `qing_user` WHERE  `recommender` = 'YJ1596269352'  AND `mer_count` >= 0 [ RunTime:0.000440s ]
[2024-05-30T15:13:47+08:00][sql] SELECT * FROM `qing_user` WHERE  `recommender` = 'YJ1596269352'  AND `mer_count` > 0 [ RunTime:0.000291s ]
[2024-05-30T15:13:50+08:00][sql] CONNECT:[ UseTime:0.000896s ] mysql:host=127.0.0.1;port=3306;dbname=code0921;charset=utf8
[2024-05-30T15:13:50+08:00][sql] SHOW FULL COLUMNS FROM `qing_config` [ RunTime:0.000934s ]
[2024-05-30T15:13:50+08:00][sql] SELECT `value` FROM `qing_config` [ RunTime:0.000295s ]
[2024-05-30T15:13:50+08:00][sql] SHOW FULL COLUMNS FROM `qing_search` [ RunTime:0.000705s ]
[2024-05-30T15:13:50+08:00][sql] SELECT * FROM `qing_search` ORDER BY `id` DESC LIMIT 10 [ RunTime:0.000256s ]
[2024-05-30T15:13:50+08:00][sql] SHOW FULL COLUMNS FROM `qing_cart` [ RunTime:0.000547s ]
[2024-05-30T15:13:50+08:00][sql] SELECT COUNT(*) AS think_count FROM `qing_cart` WHERE  `user_id` = 2 [ RunTime:0.000241s ]
[2024-05-30T15:13:50+08:00][sql] SHOW FULL COLUMNS FROM `qing_ad` [ RunTime:0.003177s ]
[2024-05-30T15:13:50+08:00][sql] SELECT * FROM `qing_ad` WHERE  `type_id` = 1 [ RunTime:0.000313s ]
[2024-05-30T15:13:50+08:00][sql] SHOW FULL COLUMNS FROM `qing_goods` [ RunTime:0.000760s ]
[2024-05-30T15:13:50+08:00][sql] SELECT * FROM `qing_goods` WHERE  `ishot` = 1  AND `goods_status` = 1 ORDER BY `goods_id` DESC,`listorder` ASC LIMIT 8 [ RunTime:0.000515s ]
[2024-05-30T15:13:50+08:00][sql] SHOW FULL COLUMNS FROM `qing_category` [ RunTime:0.001048s ]
[2024-05-30T15:13:50+08:00][sql] SELECT `id`,`parent_id`,`cate_name` FROM `qing_category` ORDER BY `listorder` ASC [ RunTime:0.000393s ]
[2024-05-30T15:13:51+08:00][sql] CONNECT:[ UseTime:0.000927s ] mysql:host=127.0.0.1;port=3306;dbname=code0921;charset=utf8
[2024-05-30T15:13:51+08:00][sql] SHOW FULL COLUMNS FROM `qing_config` [ RunTime:0.000876s ]
[2024-05-30T15:13:51+08:00][sql] SELECT `value` FROM `qing_config` [ RunTime:0.000283s ]
[2024-05-30T15:13:51+08:00][sql] SHOW FULL COLUMNS FROM `qing_search` [ RunTime:0.000793s ]
[2024-05-30T15:13:51+08:00][sql] SELECT * FROM `qing_search` ORDER BY `id` DESC LIMIT 10 [ RunTime:0.000308s ]
[2024-05-30T15:13:51+08:00][sql] SHOW FULL COLUMNS FROM `qing_cart` [ RunTime:0.000636s ]
[2024-05-30T15:13:51+08:00][sql] SELECT COUNT(*) AS think_count FROM `qing_cart` WHERE  `user_id` = 2 [ RunTime:0.000265s ]
[2024-05-30T15:13:51+08:00][sql] SHOW FULL COLUMNS FROM `qing_merchant` [ RunTime:0.000760s ]
[2024-05-30T15:13:51+08:00][sql] SELECT COUNT(*) AS think_count FROM `qing_merchant` `a` WHERE  `a`.`store_name` LIKE '%%'  AND `user_id` = 2 [ RunTime:0.000305s ]
[2024-05-30T15:13:51+08:00][sql] SELECT * FROM `qing_merchant` `a` WHERE  `a`.`store_name` LIKE '%%'  AND `user_id` = 2 ORDER BY `add_time` DESC LIMIT 0,10 [ RunTime:0.000391s ]
[2024-05-30T15:13:51+08:00][sql] SHOW FULL COLUMNS FROM `qing_user` [ RunTime:0.000813s ]
[2024-05-30T15:13:51+08:00][sql] SELECT * FROM `qing_user` WHERE  `recommender` = 'YJ1596269352'  AND `mer_count` >= 0 [ RunTime:0.000393s ]
[2024-05-30T15:13:51+08:00][sql] SELECT * FROM `qing_user` WHERE  `recommender` = 'YJ1596269352'  AND `mer_count` > 0 [ RunTime:0.000403s ]
[2024-05-30T15:13:53+08:00][sql] CONNECT:[ UseTime:0.000847s ] mysql:host=127.0.0.1;port=3306;dbname=code0921;charset=utf8
[2024-05-30T15:13:53+08:00][sql] SHOW FULL COLUMNS FROM `qing_config` [ RunTime:0.000777s ]
[2024-05-30T15:13:53+08:00][sql] SELECT `value` FROM `qing_config` [ RunTime:0.000238s ]
[2024-05-30T15:13:53+08:00][sql] SHOW FULL COLUMNS FROM `qing_search` [ RunTime:0.000611s ]
[2024-05-30T15:13:53+08:00][sql] SELECT * FROM `qing_search` ORDER BY `id` DESC LIMIT 10 [ RunTime:0.000249s ]
[2024-05-30T15:13:53+08:00][sql] SHOW FULL COLUMNS FROM `qing_cart` [ RunTime:0.000583s ]
[2024-05-30T15:13:53+08:00][sql] SELECT COUNT(*) AS think_count FROM `qing_cart` WHERE  `user_id` = 2 [ RunTime:0.000314s ]
[2024-05-30T15:13:53+08:00][sql] SHOW FULL COLUMNS FROM `qing_merchant` [ RunTime:0.001067s ]
[2024-05-30T15:13:53+08:00][sql] SELECT COUNT(*) AS think_count FROM `qing_merchant` `a` WHERE  `a`.`store_name` LIKE '%%'  AND `user_id` = 2 [ RunTime:0.000566s ]
[2024-05-30T15:13:53+08:00][sql] SELECT * FROM `qing_merchant` `a` WHERE  `a`.`store_name` LIKE '%%'  AND `user_id` = 2 ORDER BY `add_time` DESC LIMIT 0,10 [ RunTime:0.000615s ]
[2024-05-30T15:13:53+08:00][sql] SHOW FULL COLUMNS FROM `qing_user` [ RunTime:0.000963s ]
[2024-05-30T15:13:53+08:00][sql] SELECT * FROM `qing_user` WHERE  `recommender` = 'YJ1596269352'  AND `mer_count` >= 0 [ RunTime:0.000405s ]
[2024-05-30T15:13:53+08:00][sql] SELECT * FROM `qing_user` WHERE  `recommender` = 'YJ1596269352'  AND `mer_count` > 0 [ RunTime:0.000307s ]
[2024-05-30T15:13:54+08:00][sql] CONNECT:[ UseTime:0.000922s ] mysql:host=127.0.0.1;port=3306;dbname=code0921;charset=utf8
[2024-05-30T15:13:54+08:00][sql] SHOW FULL COLUMNS FROM `qing_config` [ RunTime:0.000776s ]
[2024-05-30T15:13:54+08:00][sql] SELECT `value` FROM `qing_config` [ RunTime:0.000230s ]
[2024-05-30T15:13:54+08:00][sql] SHOW FULL COLUMNS FROM `qing_search` [ RunTime:0.000648s ]
[2024-05-30T15:13:54+08:00][sql] SELECT * FROM `qing_search` ORDER BY `id` DESC LIMIT 10 [ RunTime:0.000255s ]
[2024-05-30T15:13:54+08:00][sql] SHOW FULL COLUMNS FROM `qing_cart` [ RunTime:0.000563s ]
[2024-05-30T15:13:54+08:00][sql] SELECT COUNT(*) AS think_count FROM `qing_cart` WHERE  `user_id` = 2 [ RunTime:0.000250s ]
[2024-05-30T15:13:54+08:00][sql] SHOW FULL COLUMNS FROM `qing_merchant` [ RunTime:0.000855s ]
[2024-05-30T15:13:54+08:00][sql] SELECT COUNT(*) AS think_count FROM `qing_merchant` `a` WHERE  `a`.`store_name` LIKE '%%'  AND `user_id` = 2 [ RunTime:0.000258s ]
[2024-05-30T15:13:54+08:00][sql] SELECT * FROM `qing_merchant` `a` WHERE  `a`.`store_name` LIKE '%%'  AND `user_id` = 2 ORDER BY `add_time` DESC LIMIT 0,10 [ RunTime:0.000353s ]
[2024-05-30T15:13:54+08:00][sql] SHOW FULL COLUMNS FROM `qing_user` [ RunTime:0.003371s ]
[2024-05-30T15:13:54+08:00][sql] SELECT * FROM `qing_user` WHERE  `recommender` = 'YJ1596269352'  AND `mer_count` >= 0 [ RunTime:0.000388s ]
[2024-05-30T15:13:54+08:00][sql] SELECT * FROM `qing_user` WHERE  `recommender` = 'YJ1596269352'  AND `mer_count` > 0 [ RunTime:0.000361s ]
[2024-05-30T15:13:54+08:00][sql] CONNECT:[ UseTime:0.000864s ] mysql:host=127.0.0.1;port=3306;dbname=code0921;charset=utf8
[2024-05-30T15:13:54+08:00][sql] SHOW FULL COLUMNS FROM `qing_config` [ RunTime:0.000894s ]
[2024-05-30T15:13:54+08:00][sql] SELECT `value` FROM `qing_config` [ RunTime:0.000230s ]
[2024-05-30T15:13:54+08:00][sql] SHOW FULL COLUMNS FROM `qing_search` [ RunTime:0.000638s ]
[2024-05-30T15:13:54+08:00][sql] SELECT * FROM `qing_search` ORDER BY `id` DESC LIMIT 10 [ RunTime:0.000386s ]
[2024-05-30T15:13:54+08:00][sql] SHOW FULL COLUMNS FROM `qing_cart` [ RunTime:0.000745s ]
[2024-05-30T15:13:54+08:00][sql] SELECT COUNT(*) AS think_count FROM `qing_cart` WHERE  `user_id` = 2 [ RunTime:0.000255s ]
[2024-05-30T15:13:54+08:00][sql] SHOW FULL COLUMNS FROM `qing_merchant` [ RunTime:0.000876s ]
[2024-05-30T15:13:54+08:00][sql] SELECT COUNT(*) AS think_count FROM `qing_merchant` `a` WHERE  `a`.`store_name` LIKE '%%'  AND `user_id` = 2 [ RunTime:0.000325s ]
[2024-05-30T15:13:54+08:00][sql] SELECT * FROM `qing_merchant` `a` WHERE  `a`.`store_name` LIKE '%%'  AND `user_id` = 2 ORDER BY `add_time` DESC LIMIT 0,10 [ RunTime:0.000381s ]
[2024-05-30T15:13:54+08:00][sql] SHOW FULL COLUMNS FROM `qing_user` [ RunTime:0.003387s ]
[2024-05-30T15:13:54+08:00][sql] SELECT * FROM `qing_user` WHERE  `recommender` = 'YJ1596269352'  AND `mer_count` >= 0 [ RunTime:0.000698s ]
[2024-05-30T15:13:54+08:00][sql] SELECT * FROM `qing_user` WHERE  `recommender` = 'YJ1596269352'  AND `mer_count` > 0 [ RunTime:0.000441s ]
[2024-05-30T15:13:59+08:00][sql] CONNECT:[ UseTime:0.000881s ] mysql:host=127.0.0.1;port=3306;dbname=code0921;charset=utf8
[2024-05-30T15:13:59+08:00][sql] SHOW FULL COLUMNS FROM `qing_config` [ RunTime:0.000817s ]
[2024-05-30T15:13:59+08:00][sql] SELECT `value` FROM `qing_config` [ RunTime:0.000229s ]
[2024-05-30T15:13:59+08:00][sql] SHOW FULL COLUMNS FROM `qing_search` [ RunTime:0.000587s ]
[2024-05-30T15:13:59+08:00][sql] SELECT * FROM `qing_search` ORDER BY `id` DESC LIMIT 10 [ RunTime:0.000249s ]
[2024-05-30T15:13:59+08:00][sql] SHOW FULL COLUMNS FROM `qing_cart` [ RunTime:0.000551s ]
[2024-05-30T15:13:59+08:00][sql] SELECT COUNT(*) AS think_count FROM `qing_cart` WHERE  `user_id` = 2 [ RunTime:0.000244s ]
[2024-05-30T15:13:59+08:00][sql] SHOW FULL COLUMNS FROM `qing_merchant` [ RunTime:0.000891s ]
[2024-05-30T15:13:59+08:00][sql] SELECT COUNT(*) AS think_count FROM `qing_merchant` `a` WHERE  `a`.`store_name` LIKE '%%'  AND `user_id` = 2 [ RunTime:0.000259s ]
[2024-05-30T15:13:59+08:00][sql] SELECT * FROM `qing_merchant` `a` WHERE  `a`.`store_name` LIKE '%%'  AND `user_id` = 2 ORDER BY `add_time` DESC LIMIT 0,10 [ RunTime:0.000368s ]
[2024-05-30T15:13:59+08:00][sql] SHOW FULL COLUMNS FROM `qing_user` [ RunTime:0.003893s ]
[2024-05-30T15:13:59+08:00][sql] SELECT * FROM `qing_user` WHERE  `recommender` = 'YJ1596269352'  AND `mer_count` >= 0 [ RunTime:0.000493s ]
[2024-05-30T15:13:59+08:00][sql] SELECT * FROM `qing_user` WHERE  `recommender` = 'YJ1596269352'  AND `mer_count` > 0 [ RunTime:0.000315s ]
[2024-05-30T15:14:01+08:00][sql] CONNECT:[ UseTime:0.000888s ] mysql:host=127.0.0.1;port=3306;dbname=code0921;charset=utf8
[2024-05-30T15:14:01+08:00][sql] SHOW FULL COLUMNS FROM `qing_config` [ RunTime:0.000816s ]
[2024-05-30T15:14:01+08:00][sql] SELECT `value` FROM `qing_config` [ RunTime:0.000233s ]
[2024-05-30T15:14:01+08:00][sql] SHOW FULL COLUMNS FROM `qing_search` [ RunTime:0.000610s ]
[2024-05-30T15:14:01+08:00][sql] SELECT * FROM `qing_search` ORDER BY `id` DESC LIMIT 10 [ RunTime:0.000241s ]
[2024-05-30T15:14:01+08:00][sql] SHOW FULL COLUMNS FROM `qing_cart` [ RunTime:0.000520s ]
[2024-05-30T15:14:01+08:00][sql] SELECT COUNT(*) AS think_count FROM `qing_cart` WHERE  `user_id` = 2 [ RunTime:0.000236s ]
[2024-05-30T15:14:01+08:00][sql] SHOW FULL COLUMNS FROM `qing_merchant` [ RunTime:0.000841s ]
[2024-05-30T15:14:01+08:00][sql] SELECT COUNT(*) AS think_count FROM `qing_merchant` `a` WHERE  `a`.`store_name` LIKE '%%'  AND `user_id` = 2 [ RunTime:0.000265s ]
[2024-05-30T15:14:01+08:00][sql] SELECT * FROM `qing_merchant` `a` WHERE  `a`.`store_name` LIKE '%%'  AND `user_id` = 2 ORDER BY `add_time` DESC LIMIT 0,10 [ RunTime:0.000371s ]
[2024-05-30T15:14:01+08:00][sql] SHOW FULL COLUMNS FROM `qing_user` [ RunTime:0.000785s ]
[2024-05-30T15:14:01+08:00][sql] SELECT * FROM `qing_user` WHERE  `recommender` = 'YJ1596269352'  AND `mer_count` >= 0 [ RunTime:0.000406s ]
[2024-05-30T15:14:01+08:00][sql] SELECT * FROM `qing_user` WHERE  `recommender` = 'YJ1596269352'  AND `mer_count` > 0 [ RunTime:0.000291s ]
[2024-05-30T15:14:02+08:00][sql] CONNECT:[ UseTime:0.000920s ] mysql:host=127.0.0.1;port=3306;dbname=code0921;charset=utf8
[2024-05-30T15:14:02+08:00][sql] SHOW FULL COLUMNS FROM `qing_config` [ RunTime:0.000740s ]
[2024-05-30T15:14:02+08:00][sql] SELECT `value` FROM `qing_config` [ RunTime:0.000214s ]
[2024-05-30T15:14:02+08:00][sql] SHOW FULL COLUMNS FROM `qing_search` [ RunTime:0.000611s ]
[2024-05-30T15:14:02+08:00][sql] SELECT * FROM `qing_search` ORDER BY `id` DESC LIMIT 10 [ RunTime:0.000226s ]
[2024-05-30T15:14:02+08:00][sql] SHOW FULL COLUMNS FROM `qing_cart` [ RunTime:0.000539s ]
[2024-05-30T15:14:02+08:00][sql] SELECT COUNT(*) AS think_count FROM `qing_cart` WHERE  `user_id` = 2 [ RunTime:0.000217s ]
[2024-05-30T15:14:02+08:00][sql] SHOW FULL COLUMNS FROM `qing_merchant` [ RunTime:0.000844s ]
[2024-05-30T15:14:02+08:00][sql] SELECT COUNT(*) AS think_count FROM `qing_merchant` `a` WHERE  `a`.`store_name` LIKE '%%'  AND `user_id` = 2 [ RunTime:0.000285s ]
[2024-05-30T15:14:02+08:00][sql] SELECT * FROM `qing_merchant` `a` WHERE  `a`.`store_name` LIKE '%%'  AND `user_id` = 2 ORDER BY `add_time` DESC LIMIT 0,10 [ RunTime:0.000354s ]
[2024-05-30T15:14:02+08:00][sql] SHOW FULL COLUMNS FROM `qing_user` [ RunTime:0.000733s ]
[2024-05-30T15:14:02+08:00][sql] SELECT * FROM `qing_user` WHERE  `recommender` = 'YJ1596269352'  AND `mer_count` >= 0 [ RunTime:0.000362s ]
[2024-05-30T15:14:02+08:00][sql] SELECT * FROM `qing_user` WHERE  `recommender` = 'YJ1596269352'  AND `mer_count` > 0 [ RunTime:0.000290s ]
[2024-05-30T15:14:02+08:00][sql] CONNECT:[ UseTime:0.001134s ] mysql:host=127.0.0.1;port=3306;dbname=code0921;charset=utf8
[2024-05-30T15:14:02+08:00][sql] SHOW FULL COLUMNS FROM `qing_config` [ RunTime:0.000866s ]
[2024-05-30T15:14:02+08:00][sql] SELECT `value` FROM `qing_config` [ RunTime:0.000237s ]
[2024-05-30T15:14:02+08:00][sql] SHOW FULL COLUMNS FROM `qing_search` [ RunTime:0.000768s ]
[2024-05-30T15:14:02+08:00][sql] SELECT * FROM `qing_search` ORDER BY `id` DESC LIMIT 10 [ RunTime:0.000263s ]
[2024-05-30T15:14:02+08:00][sql] SHOW FULL COLUMNS FROM `qing_cart` [ RunTime:0.000692s ]
[2024-05-30T15:14:02+08:00][sql] SELECT COUNT(*) AS think_count FROM `qing_cart` WHERE  `user_id` = 2 [ RunTime:0.000290s ]
[2024-05-30T15:14:02+08:00][sql] SHOW FULL COLUMNS FROM `qing_merchant` [ RunTime:0.001096s ]
[2024-05-30T15:14:02+08:00][sql] SELECT COUNT(*) AS think_count FROM `qing_merchant` `a` WHERE  `a`.`store_name` LIKE '%%'  AND `user_id` = 2 [ RunTime:0.000372s ]
[2024-05-30T15:14:02+08:00][sql] SELECT * FROM `qing_merchant` `a` WHERE  `a`.`store_name` LIKE '%%'  AND `user_id` = 2 ORDER BY `add_time` DESC LIMIT 0,10 [ RunTime:0.000377s ]
[2024-05-30T15:14:02+08:00][sql] SHOW FULL COLUMNS FROM `qing_user` [ RunTime:0.003559s ]
[2024-05-30T15:14:02+08:00][sql] SELECT * FROM `qing_user` WHERE  `recommender` = 'YJ1596269352'  AND `mer_count` >= 0 [ RunTime:0.000450s ]
[2024-05-30T15:14:02+08:00][sql] SELECT * FROM `qing_user` WHERE  `recommender` = 'YJ1596269352'  AND `mer_count` > 0 [ RunTime:0.000342s ]
[2024-05-30T15:14:11+08:00][sql] CONNECT:[ UseTime:0.000906s ] mysql:host=127.0.0.1;port=3306;dbname=code0921;charset=utf8
[2024-05-30T15:14:11+08:00][sql] SHOW FULL COLUMNS FROM `qing_config` [ RunTime:0.000781s ]
[2024-05-30T15:14:11+08:00][sql] SELECT `value` FROM `qing_config` [ RunTime:0.000231s ]
[2024-05-30T15:14:11+08:00][sql] SHOW FULL COLUMNS FROM `qing_search` [ RunTime:0.000662s ]
[2024-05-30T15:14:11+08:00][sql] SELECT * FROM `qing_search` ORDER BY `id` DESC LIMIT 10 [ RunTime:0.000224s ]
[2024-05-30T15:14:11+08:00][sql] SHOW FULL COLUMNS FROM `qing_cart` [ RunTime:0.000529s ]
[2024-05-30T15:14:11+08:00][sql] SELECT COUNT(*) AS think_count FROM `qing_cart` WHERE  `user_id` = 2 [ RunTime:0.000224s ]
[2024-05-30T15:14:11+08:00][sql] SELECT * FROM `qing_cart` WHERE  `user_id` = 2 ORDER BY `id` DESC [ RunTime:0.000260s ]
[2024-05-30T15:14:11+08:00][sql] SHOW FULL COLUMNS FROM `qing_standard_value` [ RunTime:0.003707s ]
[2024-05-30T15:14:11+08:00][sql] SELECT `standard_value` FROM `qing_standard_value` WHERE  `id` = 7 LIMIT 1 [ RunTime:0.000330s ]
[2024-05-30T15:14:11+08:00][sql] SELECT `standard_value` FROM `qing_standard_value` WHERE  `id` = 14 LIMIT 1 [ RunTime:0.000181s ]
[2024-05-30T15:14:11+08:00][sql] SHOW FULL COLUMNS FROM `qing_goods` [ RunTime:0.000678s ]
[2024-05-30T15:14:11+08:00][sql] SELECT * FROM `qing_goods` WHERE  `goods_id` = 10 LIMIT 1 [ RunTime:0.000298s ]
[2024-05-30T15:14:11+08:00][sql] SHOW FULL COLUMNS FROM `qing_goods_standard` [ RunTime:0.000880s ]
[2024-05-30T15:14:11+08:00][sql] SELECT `goods_price` FROM `qing_goods_standard` WHERE  `goods_id` = 10  AND `sku` = '7,14' LIMIT 1 [ RunTime:0.000241s ]
[2024-05-30T15:14:13+08:00][sql] CONNECT:[ UseTime:0.000790s ] mysql:host=127.0.0.1;port=3306;dbname=code0921;charset=utf8
[2024-05-30T15:14:13+08:00][sql] SHOW FULL COLUMNS FROM `qing_config` [ RunTime:0.001365s ]
[2024-05-30T15:14:13+08:00][sql] SELECT `value` FROM `qing_config` [ RunTime:0.000293s ]
[2024-05-30T15:14:13+08:00][sql] SHOW FULL COLUMNS FROM `qing_search` [ RunTime:0.000690s ]
[2024-05-30T15:14:13+08:00][sql] SELECT * FROM `qing_search` ORDER BY `id` DESC LIMIT 10 [ RunTime:0.000251s ]
[2024-05-30T15:14:13+08:00][sql] SHOW FULL COLUMNS FROM `qing_cart` [ RunTime:0.000605s ]
[2024-05-30T15:14:13+08:00][sql] SELECT COUNT(*) AS think_count FROM `qing_cart` WHERE  `user_id` = 2 [ RunTime:0.000335s ]
[2024-05-30T15:14:13+08:00][sql] SHOW FULL COLUMNS FROM `qing_address` [ RunTime:0.000980s ]
[2024-05-30T15:14:13+08:00][sql] SELECT * FROM `qing_address` WHERE  `user_id` = 2  AND `isdefault` = 1 LIMIT 1 [ RunTime:0.000567s ]
[2024-05-30T15:14:13+08:00][sql] SELECT * FROM `qing_address` WHERE  `user_id` = 2  AND `isdefault` = 0 ORDER BY `id` DESC LIMIT 3 [ RunTime:0.000381s ]
[2024-05-30T15:14:13+08:00][sql] SELECT * FROM `qing_cart` WHERE  `user_id` = 2  AND `status` = 1 ORDER BY `id` DESC [ RunTime:0.000402s ]
[2024-05-30T15:14:13+08:00][sql] SHOW FULL COLUMNS FROM `qing_standard_value` [ RunTime:0.000868s ]
[2024-05-30T15:14:13+08:00][sql] SELECT `standard_value` FROM `qing_standard_value` WHERE  `id` = 7 LIMIT 1 [ RunTime:0.000277s ]
[2024-05-30T15:14:13+08:00][sql] SELECT `standard_value` FROM `qing_standard_value` WHERE  `id` = 14 LIMIT 1 [ RunTime:0.000183s ]
[2024-05-30T15:14:13+08:00][sql] SHOW FULL COLUMNS FROM `qing_goods` [ RunTime:0.000762s ]
[2024-05-30T15:14:13+08:00][sql] SELECT * FROM `qing_goods` WHERE  `goods_id` = 10 LIMIT 1 [ RunTime:0.000363s ]
[2024-05-30T15:14:13+08:00][sql] SHOW FULL COLUMNS FROM `qing_goods_standard` [ RunTime:0.000588s ]
[2024-05-30T15:14:13+08:00][sql] SELECT `goods_price` FROM `qing_goods_standard` WHERE  `goods_id` = 10  AND `sku` = '7,14' LIMIT 1 [ RunTime:0.000261s ]
[2024-05-30T15:14:18+08:00][sql] CONNECT:[ UseTime:0.000877s ] mysql:host=127.0.0.1;port=3306;dbname=code0921;charset=utf8
[2024-05-30T15:14:18+08:00][sql] SHOW FULL COLUMNS FROM `qing_config` [ RunTime:0.000730s ]
[2024-05-30T15:14:18+08:00][sql] SELECT `value` FROM `qing_config` [ RunTime:0.000231s ]
[2024-05-30T15:14:18+08:00][sql] SHOW FULL COLUMNS FROM `qing_search` [ RunTime:0.000709s ]
[2024-05-30T15:14:18+08:00][sql] SELECT * FROM `qing_search` ORDER BY `id` DESC LIMIT 10 [ RunTime:0.000236s ]
[2024-05-30T15:14:18+08:00][sql] SHOW FULL COLUMNS FROM `qing_cart` [ RunTime:0.000539s ]
[2024-05-30T15:14:18+08:00][sql] SELECT COUNT(*) AS think_count FROM `qing_cart` WHERE  `user_id` = 2 [ RunTime:0.000289s ]
[2024-05-30T15:14:18+08:00][sql] SHOW FULL COLUMNS FROM `qing_merchant` [ RunTime:0.000843s ]
[2024-05-30T15:14:18+08:00][sql] SELECT COUNT(*) AS think_count FROM `qing_merchant` `a` WHERE  `a`.`store_name` LIKE '%%'  AND `user_id` = 2 [ RunTime:0.000259s ]
[2024-05-30T15:14:18+08:00][sql] SELECT * FROM `qing_merchant` `a` WHERE  `a`.`store_name` LIKE '%%'  AND `user_id` = 2 ORDER BY `add_time` DESC LIMIT 0,10 [ RunTime:0.000356s ]
[2024-05-30T15:14:18+08:00][sql] SHOW FULL COLUMNS FROM `qing_user` [ RunTime:0.001209s ]
[2024-05-30T15:14:18+08:00][sql] SELECT * FROM `qing_user` WHERE  `recommender` = 'YJ1596269352'  AND `mer_count` >= 0 [ RunTime:0.000403s ]
[2024-05-30T15:14:18+08:00][sql] SELECT * FROM `qing_user` WHERE  `recommender` = 'YJ1596269352'  AND `mer_count` > 0 [ RunTime:0.000290s ]
[2024-05-30T15:14:19+08:00][sql] CONNECT:[ UseTime:0.000854s ] mysql:host=127.0.0.1;port=3306;dbname=code0921;charset=utf8
[2024-05-30T15:14:19+08:00][sql] SHOW FULL COLUMNS FROM `qing_config` [ RunTime:0.000721s ]
[2024-05-30T15:14:19+08:00][sql] SELECT `value` FROM `qing_config` [ RunTime:0.000214s ]
[2024-05-30T15:14:19+08:00][sql] SHOW FULL COLUMNS FROM `qing_search` [ RunTime:0.000599s ]
[2024-05-30T15:14:19+08:00][sql] SELECT * FROM `qing_search` ORDER BY `id` DESC LIMIT 10 [ RunTime:0.000229s ]
[2024-05-30T15:14:19+08:00][sql] SHOW FULL COLUMNS FROM `qing_cart` [ RunTime:0.000537s ]
[2024-05-30T15:14:19+08:00][sql] SELECT COUNT(*) AS think_count FROM `qing_cart` WHERE  `user_id` = 2 [ RunTime:0.000242s ]
[2024-05-30T15:14:19+08:00][sql] SHOW FULL COLUMNS FROM `qing_merchant` [ RunTime:0.000613s ]
[2024-05-30T15:14:19+08:00][sql] SELECT COUNT(*) AS think_count FROM `qing_merchant` `a` WHERE  `a`.`store_name` LIKE '%%'  AND `user_id` = 2 [ RunTime:0.000246s ]
[2024-05-30T15:14:19+08:00][sql] SELECT * FROM `qing_merchant` `a` WHERE  `a`.`store_name` LIKE '%%'  AND `user_id` = 2 ORDER BY `add_time` DESC LIMIT 0,10 [ RunTime:0.000353s ]
[2024-05-30T15:14:19+08:00][sql] SHOW FULL COLUMNS FROM `qing_user` [ RunTime:0.000691s ]
[2024-05-30T15:14:19+08:00][sql] SELECT * FROM `qing_user` WHERE  `recommender` = 'YJ1596269352'  AND `mer_count` >= 0 [ RunTime:0.000327s ]
[2024-05-30T15:14:19+08:00][sql] SELECT * FROM `qing_user` WHERE  `recommender` = 'YJ1596269352'  AND `mer_count` > 0 [ RunTime:0.000284s ]
[2024-05-30T15:14:20+08:00][sql] CONNECT:[ UseTime:0.000897s ] mysql:host=127.0.0.1;port=3306;dbname=code0921;charset=utf8
[2024-05-30T15:14:20+08:00][sql] SHOW FULL COLUMNS FROM `qing_config` [ RunTime:0.000777s ]
[2024-05-30T15:14:20+08:00][sql] SELECT `value` FROM `qing_config` [ RunTime:0.000219s ]
[2024-05-30T15:14:20+08:00][sql] SHOW FULL COLUMNS FROM `qing_search` [ RunTime:0.000587s ]
[2024-05-30T15:14:20+08:00][sql] SELECT * FROM `qing_search` ORDER BY `id` DESC LIMIT 10 [ RunTime:0.000231s ]
[2024-05-30T15:14:20+08:00][sql] SHOW FULL COLUMNS FROM `qing_cart` [ RunTime:0.000541s ]
[2024-05-30T15:14:20+08:00][sql] SELECT COUNT(*) AS think_count FROM `qing_cart` WHERE  `user_id` = 2 [ RunTime:0.000224s ]
[2024-05-30T15:14:20+08:00][sql] SHOW FULL COLUMNS FROM `qing_merchant` [ RunTime:0.000601s ]
[2024-05-30T15:14:20+08:00][sql] SELECT COUNT(*) AS think_count FROM `qing_merchant` `a` WHERE  `a`.`store_name` LIKE '%%'  AND `user_id` = 2 [ RunTime:0.000258s ]
[2024-05-30T15:14:20+08:00][sql] SELECT * FROM `qing_merchant` `a` WHERE  `a`.`store_name` LIKE '%%'  AND `user_id` = 2 ORDER BY `add_time` DESC LIMIT 0,10 [ RunTime:0.000365s ]
[2024-05-30T15:14:20+08:00][sql] SHOW FULL COLUMNS FROM `qing_user` [ RunTime:0.000750s ]
[2024-05-30T15:14:20+08:00][sql] SELECT * FROM `qing_user` WHERE  `recommender` = 'YJ1596269352'  AND `mer_count` >= 0 [ RunTime:0.000329s ]
[2024-05-30T15:14:20+08:00][sql] SELECT * FROM `qing_user` WHERE  `recommender` = 'YJ1596269352'  AND `mer_count` > 0 [ RunTime:0.000440s ]
[2024-05-30T15:14:20+08:00][sql] CONNECT:[ UseTime:0.000886s ] mysql:host=127.0.0.1;port=3306;dbname=code0921;charset=utf8
[2024-05-30T15:14:20+08:00][sql] SHOW FULL COLUMNS FROM `qing_config` [ RunTime:0.001017s ]
[2024-05-30T15:14:20+08:00][sql] SELECT `value` FROM `qing_config` [ RunTime:0.000298s ]
[2024-05-30T15:14:20+08:00][sql] SHOW FULL COLUMNS FROM `qing_search` [ RunTime:0.000631s ]
[2024-05-30T15:14:20+08:00][sql] SELECT * FROM `qing_search` ORDER BY `id` DESC LIMIT 10 [ RunTime:0.000265s ]
[2024-05-30T15:14:20+08:00][sql] SHOW FULL COLUMNS FROM `qing_cart` [ RunTime:0.000539s ]
[2024-05-30T15:14:20+08:00][sql] SELECT COUNT(*) AS think_count FROM `qing_cart` WHERE  `user_id` = 2 [ RunTime:0.000217s ]
[2024-05-30T15:14:20+08:00][sql] SHOW FULL COLUMNS FROM `qing_merchant` [ RunTime:0.000610s ]
[2024-05-30T15:14:20+08:00][sql] SELECT COUNT(*) AS think_count FROM `qing_merchant` `a` WHERE  `a`.`store_name` LIKE '%%'  AND `user_id` = 2 [ RunTime:0.000253s ]
[2024-05-30T15:14:20+08:00][sql] SELECT * FROM `qing_merchant` `a` WHERE  `a`.`store_name` LIKE '%%'  AND `user_id` = 2 ORDER BY `add_time` DESC LIMIT 0,10 [ RunTime:0.000425s ]
[2024-05-30T15:14:20+08:00][sql] SHOW FULL COLUMNS FROM `qing_user` [ RunTime:0.000953s ]
[2024-05-30T15:14:20+08:00][sql] SELECT * FROM `qing_user` WHERE  `recommender` = 'YJ1596269352'  AND `mer_count` >= 0 [ RunTime:0.000666s ]
[2024-05-30T15:14:20+08:00][sql] SELECT * FROM `qing_user` WHERE  `recommender` = 'YJ1596269352'  AND `mer_count` > 0 [ RunTime:0.000437s ]
[2024-05-30T15:14:21+08:00][sql] CONNECT:[ UseTime:0.000860s ] mysql:host=127.0.0.1;port=3306;dbname=code0921;charset=utf8
[2024-05-30T15:14:21+08:00][sql] SHOW FULL COLUMNS FROM `qing_config` [ RunTime:0.000719s ]
[2024-05-30T15:14:21+08:00][sql] SELECT `value` FROM `qing_config` [ RunTime:0.000216s ]
[2024-05-30T15:14:21+08:00][sql] SHOW FULL COLUMNS FROM `qing_search` [ RunTime:0.000608s ]
[2024-05-30T15:14:21+08:00][sql] SELECT * FROM `qing_search` ORDER BY `id` DESC LIMIT 10 [ RunTime:0.000249s ]
[2024-05-30T15:14:21+08:00][sql] SHOW FULL COLUMNS FROM `qing_cart` [ RunTime:0.000540s ]
[2024-05-30T15:14:21+08:00][sql] SELECT COUNT(*) AS think_count FROM `qing_cart` WHERE  `user_id` = 2 [ RunTime:0.000225s ]
[2024-05-30T15:14:21+08:00][sql] SELECT * FROM `qing_cart` WHERE  `user_id` = 2 ORDER BY `id` DESC [ RunTime:0.000245s ]
[2024-05-30T15:14:21+08:00][sql] SHOW FULL COLUMNS FROM `qing_standard_value` [ RunTime:0.000680s ]
[2024-05-30T15:14:21+08:00][sql] SELECT `standard_value` FROM `qing_standard_value` WHERE  `id` = 7 LIMIT 1 [ RunTime:0.000319s ]
[2024-05-30T15:14:21+08:00][sql] SELECT `standard_value` FROM `qing_standard_value` WHERE  `id` = 14 LIMIT 1 [ RunTime:0.000266s ]
[2024-05-30T15:14:21+08:00][sql] SHOW FULL COLUMNS FROM `qing_goods` [ RunTime:0.000802s ]
[2024-05-30T15:14:21+08:00][sql] SELECT * FROM `qing_goods` WHERE  `goods_id` = 10 LIMIT 1 [ RunTime:0.000326s ]
[2024-05-30T15:14:21+08:00][sql] SHOW FULL COLUMNS FROM `qing_goods_standard` [ RunTime:0.000594s ]
[2024-05-30T15:14:21+08:00][sql] SELECT `goods_price` FROM `qing_goods_standard` WHERE  `goods_id` = 10  AND `sku` = '7,14' LIMIT 1 [ RunTime:0.000300s ]
[2024-05-30T15:14:22+08:00][sql] CONNECT:[ UseTime:0.000941s ] mysql:host=127.0.0.1;port=3306;dbname=code0921;charset=utf8
[2024-05-30T15:14:22+08:00][sql] SHOW FULL COLUMNS FROM `qing_config` [ RunTime:0.000762s ]
[2024-05-30T15:14:22+08:00][sql] SELECT `value` FROM `qing_config` [ RunTime:0.000270s ]
[2024-05-30T15:14:22+08:00][sql] SHOW FULL COLUMNS FROM `qing_search` [ RunTime:0.000689s ]
[2024-05-30T15:14:22+08:00][sql] SELECT * FROM `qing_search` ORDER BY `id` DESC LIMIT 10 [ RunTime:0.000238s ]
[2024-05-30T15:14:22+08:00][sql] SHOW FULL COLUMNS FROM `qing_cart` [ RunTime:0.000547s ]
[2024-05-30T15:14:22+08:00][sql] SELECT COUNT(*) AS think_count FROM `qing_cart` WHERE  `user_id` = 2 [ RunTime:0.000221s ]
[2024-05-30T15:14:22+08:00][sql] SHOW FULL COLUMNS FROM `qing_address` [ RunTime:0.000654s ]
[2024-05-30T15:14:22+08:00][sql] SELECT * FROM `qing_address` WHERE  `user_id` = 2  AND `isdefault` = 1 LIMIT 1 [ RunTime:0.000269s ]
[2024-05-30T15:14:22+08:00][sql] SELECT * FROM `qing_address` WHERE  `user_id` = 2  AND `isdefault` = 0 ORDER BY `id` DESC LIMIT 3 [ RunTime:0.000262s ]
[2024-05-30T15:14:22+08:00][sql] SELECT * FROM `qing_cart` WHERE  `user_id` = 2  AND `status` = 1 ORDER BY `id` DESC [ RunTime:0.000250s ]
[2024-05-30T15:14:22+08:00][sql] SHOW FULL COLUMNS FROM `qing_standard_value` [ RunTime:0.000686s ]
[2024-05-30T15:14:22+08:00][sql] SELECT `standard_value` FROM `qing_standard_value` WHERE  `id` = 7 LIMIT 1 [ RunTime:0.000302s ]
[2024-05-30T15:14:22+08:00][sql] SELECT `standard_value` FROM `qing_standard_value` WHERE  `id` = 14 LIMIT 1 [ RunTime:0.000207s ]
[2024-05-30T15:14:22+08:00][sql] SHOW FULL COLUMNS FROM `qing_goods` [ RunTime:0.000746s ]
[2024-05-30T15:14:22+08:00][sql] SELECT * FROM `qing_goods` WHERE  `goods_id` = 10 LIMIT 1 [ RunTime:0.000333s ]
[2024-05-30T15:14:22+08:00][sql] SHOW FULL COLUMNS FROM `qing_goods_standard` [ RunTime:0.000589s ]
[2024-05-30T15:14:22+08:00][sql] SELECT `goods_price` FROM `qing_goods_standard` WHERE  `goods_id` = 10  AND `sku` = '7,14' LIMIT 1 [ RunTime:0.000234s ]
[2024-05-30T15:14:26+08:00][sql] CONNECT:[ UseTime:0.000965s ] mysql:host=127.0.0.1;port=3306;dbname=code0921;charset=utf8
[2024-05-30T15:14:26+08:00][sql] SHOW FULL COLUMNS FROM `qing_config` [ RunTime:0.000869s ]
[2024-05-30T15:14:26+08:00][sql] SELECT `value` FROM `qing_config` [ RunTime:0.000227s ]
[2024-05-30T15:14:26+08:00][sql] SHOW FULL COLUMNS FROM `qing_search` [ RunTime:0.000592s ]
[2024-05-30T15:14:26+08:00][sql] SELECT * FROM `qing_search` ORDER BY `id` DESC LIMIT 10 [ RunTime:0.000225s ]
[2024-05-30T15:14:26+08:00][sql] SHOW FULL COLUMNS FROM `qing_cart` [ RunTime:0.000538s ]
[2024-05-30T15:14:26+08:00][sql] SELECT COUNT(*) AS think_count FROM `qing_cart` WHERE  `user_id` = 2 [ RunTime:0.000228s ]
[2024-05-30T15:14:26+08:00][sql] SHOW FULL COLUMNS FROM `qing_merchant` [ RunTime:0.000594s ]
[2024-05-30T15:14:26+08:00][sql] SELECT COUNT(*) AS think_count FROM `qing_merchant` `a` WHERE  `a`.`store_name` LIKE '%%'  AND `user_id` = 2 [ RunTime:0.000240s ]
[2024-05-30T15:14:26+08:00][sql] SELECT * FROM `qing_merchant` `a` WHERE  `a`.`store_name` LIKE '%%'  AND `user_id` = 2 ORDER BY `add_time` DESC LIMIT 0,10 [ RunTime:0.000398s ]
[2024-05-30T15:14:26+08:00][sql] SHOW FULL COLUMNS FROM `qing_user` [ RunTime:0.000693s ]
[2024-05-30T15:14:26+08:00][sql] SELECT * FROM `qing_user` WHERE  `recommender` = 'YJ1596269352'  AND `mer_count` >= 0 [ RunTime:0.000329s ]
[2024-05-30T15:14:26+08:00][sql] SELECT * FROM `qing_user` WHERE  `recommender` = 'YJ1596269352'  AND `mer_count` > 0 [ RunTime:0.000290s ]
[2024-05-30T15:15:27+08:00][sql] CONNECT:[ UseTime:0.000970s ] mysql:host=127.0.0.1;port=3306;dbname=code0921;charset=utf8
[2024-05-30T15:15:27+08:00][sql] SHOW FULL COLUMNS FROM `qing_config` [ RunTime:0.000774s ]
[2024-05-30T15:15:27+08:00][sql] SELECT `value` FROM `qing_config` [ RunTime:0.000413s ]
[2024-05-30T15:15:27+08:00][sql] SHOW FULL COLUMNS FROM `qing_search` [ RunTime:0.000733s ]
[2024-05-30T15:15:27+08:00][sql] SELECT * FROM `qing_search` ORDER BY `id` DESC LIMIT 10 [ RunTime:0.000240s ]
[2024-05-30T15:15:27+08:00][sql] SHOW FULL COLUMNS FROM `qing_cart` [ RunTime:0.000549s ]
[2024-05-30T15:15:27+08:00][sql] SELECT COUNT(*) AS think_count FROM `qing_cart` WHERE  `user_id` = 2 [ RunTime:0.000233s ]
[2024-05-30T15:15:27+08:00][sql] SHOW FULL COLUMNS FROM `qing_merchant` [ RunTime:0.000688s ]
[2024-05-30T15:15:27+08:00][sql] SELECT COUNT(*) AS think_count FROM `qing_merchant` `a` WHERE  `a`.`store_name` LIKE '%%'  AND `user_id` = 2 [ RunTime:0.000264s ]
[2024-05-30T15:15:27+08:00][sql] SELECT * FROM `qing_merchant` `a` WHERE  `a`.`store_name` LIKE '%%'  AND `user_id` = 2 ORDER BY `add_time` DESC LIMIT 0,10 [ RunTime:0.000384s ]
[2024-05-30T15:15:27+08:00][sql] SHOW FULL COLUMNS FROM `qing_user` [ RunTime:0.000726s ]
[2024-05-30T15:15:27+08:00][sql] SELECT * FROM `qing_user` WHERE  `recommender` = 'YJ1596269352'  AND `mer_count` >= 0 [ RunTime:0.000378s ]
[2024-05-30T15:15:27+08:00][sql] SELECT * FROM `qing_user` WHERE  `recommender` = 'YJ1596269352'  AND `mer_count` > 0 [ RunTime:0.000313s ]
[2024-05-30T15:15:44+08:00][sql] CONNECT:[ UseTime:0.000846s ] mysql:host=127.0.0.1;port=3306;dbname=code0921;charset=utf8
[2024-05-30T15:15:44+08:00][sql] SHOW FULL COLUMNS FROM `qing_config` [ RunTime:0.000723s ]
[2024-05-30T15:15:44+08:00][sql] SELECT `value` FROM `qing_config` [ RunTime:0.000212s ]
[2024-05-30T15:15:44+08:00][sql] SHOW FULL COLUMNS FROM `qing_search` [ RunTime:0.000689s ]
[2024-05-30T15:15:44+08:00][sql] SELECT * FROM `qing_search` ORDER BY `id` DESC LIMIT 10 [ RunTime:0.000277s ]
[2024-05-30T15:15:44+08:00][sql] SHOW FULL COLUMNS FROM `qing_cart` [ RunTime:0.000659s ]
[2024-05-30T15:15:44+08:00][sql] SELECT COUNT(*) AS think_count FROM `qing_cart` WHERE  `user_id` = 2 [ RunTime:0.000300s ]
[2024-05-30T15:15:51+08:00][sql] CONNECT:[ UseTime:0.000886s ] mysql:host=127.0.0.1;port=3306;dbname=code0921;charset=utf8
[2024-05-30T15:15:51+08:00][sql] SHOW FULL COLUMNS FROM `qing_config` [ RunTime:0.000752s ]
[2024-05-30T15:15:51+08:00][sql] SELECT `value` FROM `qing_config` [ RunTime:0.000214s ]
[2024-05-30T15:15:51+08:00][sql] SHOW FULL COLUMNS FROM `qing_search` [ RunTime:0.000632s ]
[2024-05-30T15:15:51+08:00][sql] SELECT * FROM `qing_search` ORDER BY `id` DESC LIMIT 10 [ RunTime:0.000229s ]
[2024-05-30T15:15:51+08:00][sql] SHOW FULL COLUMNS FROM `qing_cart` [ RunTime:0.000535s ]
[2024-05-30T15:15:51+08:00][sql] SELECT COUNT(*) AS think_count FROM `qing_cart` WHERE  `user_id` = 2 [ RunTime:0.000222s ]
[2024-05-30T15:16:21+08:00][sql] CONNECT:[ UseTime:0.000896s ] mysql:host=127.0.0.1;port=3306;dbname=code0921;charset=utf8
[2024-05-30T15:16:21+08:00][sql] SHOW FULL COLUMNS FROM `qing_config` [ RunTime:0.000733s ]
[2024-05-30T15:16:21+08:00][sql] SELECT `value` FROM `qing_config` [ RunTime:0.000261s ]
[2024-05-30T15:16:21+08:00][sql] SHOW FULL COLUMNS FROM `qing_search` [ RunTime:0.000824s ]
[2024-05-30T15:16:21+08:00][sql] SELECT * FROM `qing_search` ORDER BY `id` DESC LIMIT 10 [ RunTime:0.000249s ]
[2024-05-30T15:16:21+08:00][sql] SHOW FULL COLUMNS FROM `qing_cart` [ RunTime:0.000544s ]
[2024-05-30T15:16:21+08:00][sql] SELECT COUNT(*) AS think_count FROM `qing_cart` WHERE  `user_id` = 2 [ RunTime:0.000221s ]
[2024-05-30T15:16:21+08:00][sql] SHOW FULL COLUMNS FROM `qing_merchant` [ RunTime:0.000592s ]
[2024-05-30T15:16:21+08:00][sql] SELECT COUNT(*) AS think_count FROM `qing_merchant` `a` WHERE  `a`.`store_name` LIKE '%%'  AND `user_id` = 2 [ RunTime:0.000246s ]
[2024-05-30T15:16:21+08:00][sql] SELECT * FROM `qing_merchant` `a` WHERE  `a`.`store_name` LIKE '%%'  AND `user_id` = 2 ORDER BY `add_time` DESC LIMIT 0,10 [ RunTime:0.000351s ]
[2024-05-30T15:16:21+08:00][sql] SHOW FULL COLUMNS FROM `qing_user` [ RunTime:0.000836s ]
[2024-05-30T15:16:21+08:00][sql] SELECT * FROM `qing_user` WHERE  `recommender` = 'YJ1596269352'  AND `mer_count` >= 0 [ RunTime:0.000400s ]
[2024-05-30T15:16:21+08:00][sql] SELECT * FROM `qing_user` WHERE  `recommender` = 'YJ1596269352'  AND `mer_count` > 0 [ RunTime:0.000292s ]
[2024-05-30T15:17:05+08:00][sql] CONNECT:[ UseTime:0.000873s ] mysql:host=127.0.0.1;port=3306;dbname=code0921;charset=utf8
[2024-05-30T15:17:05+08:00][sql] SHOW FULL COLUMNS FROM `qing_config` [ RunTime:0.000809s ]
[2024-05-30T15:17:05+08:00][sql] SELECT `value` FROM `qing_config` [ RunTime:0.000215s ]
[2024-05-30T15:17:05+08:00][sql] SHOW FULL COLUMNS FROM `qing_search` [ RunTime:0.000684s ]
[2024-05-30T15:17:05+08:00][sql] SELECT * FROM `qing_search` ORDER BY `id` DESC LIMIT 10 [ RunTime:0.000220s ]
[2024-05-30T15:17:05+08:00][sql] SHOW FULL COLUMNS FROM `qing_cart` [ RunTime:0.000541s ]
[2024-05-30T15:17:05+08:00][sql] SELECT COUNT(*) AS think_count FROM `qing_cart` WHERE  `user_id` = 2 [ RunTime:0.000223s ]
[2024-05-30T15:17:21+08:00][sql] CONNECT:[ UseTime:0.000866s ] mysql:host=127.0.0.1;port=3306;dbname=code0921;charset=utf8
[2024-05-30T15:17:21+08:00][sql] SHOW FULL COLUMNS FROM `qing_config` [ RunTime:0.000727s ]
[2024-05-30T15:17:21+08:00][sql] SELECT `value` FROM `qing_config` [ RunTime:0.000219s ]
[2024-05-30T15:17:21+08:00][sql] SHOW FULL COLUMNS FROM `qing_search` [ RunTime:0.000586s ]
[2024-05-30T15:17:21+08:00][sql] SELECT * FROM `qing_search` ORDER BY `id` DESC LIMIT 10 [ RunTime:0.000224s ]
[2024-05-30T15:17:21+08:00][sql] SHOW FULL COLUMNS FROM `qing_cart` [ RunTime:0.000617s ]
[2024-05-30T15:17:21+08:00][sql] SELECT COUNT(*) AS think_count FROM `qing_cart` WHERE  `user_id` = 2 [ RunTime:0.000221s ]
[2024-05-30T15:20:07+08:00][sql] CONNECT:[ UseTime:0.011000s ] mysql:host=127.0.0.1;port=3306;dbname=code0921;charset=utf8
[2024-05-30T15:20:07+08:00][sql] SHOW FULL COLUMNS FROM `qing_config` [ RunTime:0.000900s ]
[2024-05-30T15:20:07+08:00][sql] SELECT `value` FROM `qing_config` [ RunTime:0.000238s ]
[2024-05-30T15:20:07+08:00][sql] SHOW FULL COLUMNS FROM `qing_search` [ RunTime:0.000667s ]
[2024-05-30T15:20:07+08:00][sql] SELECT * FROM `qing_search` ORDER BY `id` DESC LIMIT 10 [ RunTime:0.000237s ]
[2024-05-30T15:20:07+08:00][sql] SHOW FULL COLUMNS FROM `qing_cart` [ RunTime:0.000557s ]
[2024-05-30T15:20:07+08:00][sql] SELECT COUNT(*) AS think_count FROM `qing_cart` WHERE  `user_id` = 2 [ RunTime:0.000251s ]
[2024-05-30T15:20:07+08:00][sql] SHOW FULL COLUMNS FROM `qing_merchant` [ RunTime:0.000781s ]
[2024-05-30T15:20:07+08:00][sql] SELECT COUNT(*) AS think_count FROM `qing_merchant` `a` WHERE  `a`.`store_name` LIKE '%%'  AND `user_id` = 2 [ RunTime:0.000373s ]
[2024-05-30T15:20:07+08:00][sql] SELECT * FROM `qing_merchant` `a` WHERE  `a`.`store_name` LIKE '%%'  AND `user_id` = 2 ORDER BY `add_time` DESC LIMIT 0,10 [ RunTime:0.000374s ]
[2024-05-30T15:20:07+08:00][sql] SHOW FULL COLUMNS FROM `qing_user` [ RunTime:0.000793s ]
[2024-05-30T15:20:07+08:00][sql] SELECT * FROM `qing_user` WHERE  `recommender` = 'YJ1596269352'  AND `mer_count` >= 0 [ RunTime:0.000453s ]
[2024-05-30T15:20:07+08:00][sql] SELECT * FROM `qing_user` WHERE  `recommender` = 'YJ1596269352'  AND `mer_count` > 0 [ RunTime:0.000332s ]
[2024-05-30T15:20:08+08:00][sql] CONNECT:[ UseTime:0.010701s ] mysql:host=127.0.0.1;port=3306;dbname=code0921;charset=utf8
[2024-05-30T15:20:08+08:00][sql] SHOW FULL COLUMNS FROM `qing_config` [ RunTime:0.001594s ]
[2024-05-30T15:20:08+08:00][sql] SELECT `value` FROM `qing_config` [ RunTime:0.000344s ]
[2024-05-30T15:20:08+08:00][sql] SHOW FULL COLUMNS FROM `qing_search` [ RunTime:0.000676s ]
[2024-05-30T15:20:08+08:00][sql] SELECT * FROM `qing_search` ORDER BY `id` DESC LIMIT 10 [ RunTime:0.000236s ]
[2024-05-30T15:20:08+08:00][sql] SHOW FULL COLUMNS FROM `qing_cart` [ RunTime:0.000542s ]
[2024-05-30T15:20:08+08:00][sql] SELECT COUNT(*) AS think_count FROM `qing_cart` WHERE  `user_id` = 2 [ RunTime:0.000223s ]
[2024-05-30T15:20:08+08:00][sql] SHOW FULL COLUMNS FROM `qing_user` [ RunTime:0.003295s ]
[2024-05-30T15:20:08+08:00][sql] SELECT * FROM `qing_user` WHERE  `id` = 2 LIMIT 1 [ RunTime:0.000367s ]
[2024-05-30T15:20:20+08:00][sql] CONNECT:[ UseTime:0.000865s ] mysql:host=127.0.0.1;port=3306;dbname=code0921;charset=utf8
[2024-05-30T15:20:20+08:00][sql] SHOW FULL COLUMNS FROM `qing_config` [ RunTime:0.000716s ]
[2024-05-30T15:20:20+08:00][sql] SELECT `value` FROM `qing_config` [ RunTime:0.000240s ]
[2024-05-30T15:20:20+08:00][sql] SHOW FULL COLUMNS FROM `qing_search` [ RunTime:0.000593s ]
[2024-05-30T15:20:20+08:00][sql] SELECT * FROM `qing_search` ORDER BY `id` DESC LIMIT 10 [ RunTime:0.000259s ]
[2024-05-30T15:20:20+08:00][sql] SHOW FULL COLUMNS FROM `qing_cart` [ RunTime:0.000548s ]
[2024-05-30T15:20:20+08:00][sql] SELECT COUNT(*) AS think_count FROM `qing_cart` WHERE  `user_id` = 2 [ RunTime:0.000227s ]
[2024-05-30T15:20:20+08:00][sql] SHOW FULL COLUMNS FROM `qing_merchant` [ RunTime:0.000595s ]
[2024-05-30T15:20:20+08:00][sql] SELECT COUNT(*) AS think_count FROM `qing_merchant` `a` WHERE  `a`.`store_name` LIKE '%%'  AND `user_id` = 2 [ RunTime:0.000250s ]
[2024-05-30T15:20:20+08:00][sql] SELECT * FROM `qing_merchant` `a` WHERE  `a`.`store_name` LIKE '%%'  AND `user_id` = 2 ORDER BY `add_time` DESC LIMIT 0,10 [ RunTime:0.000427s ]
[2024-05-30T15:20:20+08:00][sql] SHOW FULL COLUMNS FROM `qing_user` [ RunTime:0.001444s ]
[2024-05-30T15:20:20+08:00][sql] SELECT * FROM `qing_user` WHERE  `recommender` = 'YJ1596269352'  AND `mer_count` >= 0 [ RunTime:0.000432s ]
[2024-05-30T15:20:20+08:00][sql] SELECT * FROM `qing_user` WHERE  `recommender` = 'YJ1596269352'  AND `mer_count` > 0 [ RunTime:0.000328s ]
[2024-05-30T15:20:36+08:00][sql] CONNECT:[ UseTime:0.000893s ] mysql:host=127.0.0.1;port=3306;dbname=code0921;charset=utf8
[2024-05-30T15:20:36+08:00][sql] SHOW FULL COLUMNS FROM `qing_config` [ RunTime:0.000795s ]
[2024-05-30T15:20:36+08:00][sql] SELECT `value` FROM `qing_config` [ RunTime:0.000216s ]
[2024-05-30T15:20:36+08:00][sql] SHOW FULL COLUMNS FROM `qing_search` [ RunTime:0.000700s ]
[2024-05-30T15:20:36+08:00][sql] SELECT * FROM `qing_search` ORDER BY `id` DESC LIMIT 10 [ RunTime:0.000240s ]
[2024-05-30T15:20:36+08:00][sql] SHOW FULL COLUMNS FROM `qing_cart` [ RunTime:0.000582s ]
[2024-05-30T15:20:36+08:00][sql] SELECT COUNT(*) AS think_count FROM `qing_cart` WHERE  `user_id` = 2 [ RunTime:0.000279s ]
[2024-05-30T15:20:36+08:00][sql] SHOW FULL COLUMNS FROM `qing_merchant` [ RunTime:0.000608s ]
[2024-05-30T15:20:36+08:00][sql] SELECT COUNT(*) AS think_count FROM `qing_merchant` `a` WHERE  `a`.`store_name` LIKE '%%'  AND `user_id` = 2 [ RunTime:0.000263s ]
[2024-05-30T15:20:36+08:00][sql] SELECT * FROM `qing_merchant` `a` WHERE  `a`.`store_name` LIKE '%%'  AND `user_id` = 2 ORDER BY `add_time` DESC LIMIT 0,10 [ RunTime:0.000354s ]
[2024-05-30T15:20:36+08:00][sql] SHOW FULL COLUMNS FROM `qing_user` [ RunTime:0.000713s ]
[2024-05-30T15:20:36+08:00][sql] SELECT * FROM `qing_user` WHERE  `recommender` = 'YJ1596269352'  AND `mer_count` >= 0 [ RunTime:0.000522s ]
[2024-05-30T15:20:36+08:00][sql] SELECT * FROM `qing_user` WHERE  `recommender` = 'YJ1596269352'  AND `mer_count` > 0 [ RunTime:0.000692s ]
[2024-05-30T15:20:39+08:00][sql] CONNECT:[ UseTime:0.000894s ] mysql:host=127.0.0.1;port=3306;dbname=code0921;charset=utf8
[2024-05-30T15:20:39+08:00][sql] SHOW FULL COLUMNS FROM `qing_config` [ RunTime:0.000774s ]
[2024-05-30T15:20:39+08:00][sql] SELECT `value` FROM `qing_config` [ RunTime:0.000215s ]
[2024-05-30T15:20:39+08:00][sql] SHOW FULL COLUMNS FROM `qing_search` [ RunTime:0.000674s ]
[2024-05-30T15:20:39+08:00][sql] SELECT * FROM `qing_search` ORDER BY `id` DESC LIMIT 10 [ RunTime:0.000242s ]
[2024-05-30T15:20:39+08:00][sql] SHOW FULL COLUMNS FROM `qing_cart` [ RunTime:0.000565s ]
[2024-05-30T15:20:39+08:00][sql] SELECT COUNT(*) AS think_count FROM `qing_cart` WHERE  `user_id` = 2 [ RunTime:0.000227s ]
[2024-05-30T15:20:39+08:00][sql] SHOW FULL COLUMNS FROM `qing_ad` [ RunTime:0.003693s ]
[2024-05-30T15:20:39+08:00][sql] SELECT * FROM `qing_ad` WHERE  `type_id` = 1 [ RunTime:0.000335s ]
[2024-05-30T15:20:39+08:00][sql] SHOW FULL COLUMNS FROM `qing_goods` [ RunTime:0.003189s ]
[2024-05-30T15:20:39+08:00][sql] SELECT * FROM `qing_goods` WHERE  `ishot` = 1  AND `goods_status` = 1 ORDER BY `goods_id` DESC,`listorder` ASC LIMIT 8 [ RunTime:0.000422s ]
[2024-05-30T15:20:39+08:00][sql] SHOW FULL COLUMNS FROM `qing_category` [ RunTime:0.000884s ]
[2024-05-30T15:20:39+08:00][sql] SELECT `id`,`parent_id`,`cate_name` FROM `qing_category` ORDER BY `listorder` ASC [ RunTime:0.000425s ]
[2024-05-30T15:22:36+08:00][sql] CONNECT:[ UseTime:0.000970s ] mysql:host=127.0.0.1;port=3306;dbname=code0921;charset=utf8
[2024-05-30T15:22:36+08:00][sql] SHOW FULL COLUMNS FROM `qing_config` [ RunTime:0.000779s ]
[2024-05-30T15:22:36+08:00][sql] SELECT `value` FROM `qing_config` [ RunTime:0.000284s ]
[2024-05-30T15:22:36+08:00][sql] SHOW FULL COLUMNS FROM `qing_search` [ RunTime:0.000713s ]
[2024-05-30T15:22:36+08:00][sql] SELECT * FROM `qing_search` ORDER BY `id` DESC LIMIT 10 [ RunTime:0.000234s ]
[2024-05-30T15:22:36+08:00][sql] SHOW FULL COLUMNS FROM `qing_cart` [ RunTime:0.000563s ]
[2024-05-30T15:22:36+08:00][sql] SELECT COUNT(*) AS think_count FROM `qing_cart` WHERE  `user_id` = 2 [ RunTime:0.000277s ]
[2024-05-30T15:22:36+08:00][sql] SHOW FULL COLUMNS FROM `qing_merchant` [ RunTime:0.000715s ]
[2024-05-30T15:22:36+08:00][sql] SELECT COUNT(*) AS think_count FROM `qing_merchant` `a` WHERE  `a`.`store_name` LIKE '%%'  AND `user_id` = 2 [ RunTime:0.000333s ]
[2024-05-30T15:22:36+08:00][sql] SELECT * FROM `qing_merchant` `a` WHERE  `a`.`store_name` LIKE '%%'  AND `user_id` = 2 ORDER BY `add_time` DESC LIMIT 0,10 [ RunTime:0.000399s ]
[2024-05-30T15:22:36+08:00][sql] SHOW FULL COLUMNS FROM `qing_user` [ RunTime:0.000771s ]
[2024-05-30T15:22:36+08:00][sql] SELECT * FROM `qing_user` WHERE  `recommender` = 'YJ1596269352'  AND `mer_count` >= 0 [ RunTime:0.000365s ]
[2024-05-30T15:22:36+08:00][sql] SELECT * FROM `qing_user` WHERE  `recommender` = 'YJ1596269352'  AND `mer_count` > 0 [ RunTime:0.000294s ]
[2024-05-30T15:22:41+08:00][sql] CONNECT:[ UseTime:0.000871s ] mysql:host=127.0.0.1;port=3306;dbname=code0921;charset=utf8
[2024-05-30T15:22:41+08:00][sql] SHOW FULL COLUMNS FROM `qing_config` [ RunTime:0.000731s ]
[2024-05-30T15:22:41+08:00][sql] SELECT `value` FROM `qing_config` [ RunTime:0.000246s ]
[2024-05-30T15:22:41+08:00][sql] SHOW FULL COLUMNS FROM `qing_search` [ RunTime:0.000626s ]
[2024-05-30T15:22:41+08:00][sql] SELECT * FROM `qing_search` ORDER BY `id` DESC LIMIT 10 [ RunTime:0.000230s ]
[2024-05-30T15:22:41+08:00][sql] SHOW FULL COLUMNS FROM `qing_cart` [ RunTime:0.000529s ]
[2024-05-30T15:22:41+08:00][sql] SELECT COUNT(*) AS think_count FROM `qing_cart` WHERE  `user_id` = 2 [ RunTime:0.000222s ]
[2024-05-30T15:22:41+08:00][sql] SHOW FULL COLUMNS FROM `qing_merchant` [ RunTime:0.000604s ]
[2024-05-30T15:22:41+08:00][sql] SELECT COUNT(*) AS think_count FROM `qing_merchant` `a` WHERE  `a`.`store_name` LIKE '%%'  AND `user_id` = 2 [ RunTime:0.000270s ]
[2024-05-30T15:22:41+08:00][sql] SELECT * FROM `qing_merchant` `a` WHERE  `a`.`store_name` LIKE '%%'  AND `user_id` = 2 ORDER BY `add_time` DESC LIMIT 0,10 [ RunTime:0.000376s ]
[2024-05-30T15:22:41+08:00][sql] SHOW FULL COLUMNS FROM `qing_user` [ RunTime:0.000755s ]
[2024-05-30T15:22:41+08:00][sql] SELECT * FROM `qing_user` WHERE  `recommender` = 'YJ1596269352'  AND `mer_count` >= 0 [ RunTime:0.000505s ]
[2024-05-30T15:22:41+08:00][sql] SELECT * FROM `qing_user` WHERE  `recommender` = 'YJ1596269352'  AND `mer_count` > 0 [ RunTime:0.000467s ]
[2024-05-30T15:22:42+08:00][sql] CONNECT:[ UseTime:0.000922s ] mysql:host=127.0.0.1;port=3306;dbname=code0921;charset=utf8
[2024-05-30T15:22:42+08:00][sql] SHOW FULL COLUMNS FROM `qing_config` [ RunTime:0.000749s ]
[2024-05-30T15:22:42+08:00][sql] SELECT `value` FROM `qing_config` [ RunTime:0.000231s ]
[2024-05-30T15:22:42+08:00][sql] SHOW FULL COLUMNS FROM `qing_search` [ RunTime:0.000605s ]
[2024-05-30T15:22:42+08:00][sql] SELECT * FROM `qing_search` ORDER BY `id` DESC LIMIT 10 [ RunTime:0.000220s ]
[2024-05-30T15:22:42+08:00][sql] SHOW FULL COLUMNS FROM `qing_cart` [ RunTime:0.000535s ]
[2024-05-30T15:22:42+08:00][sql] SELECT COUNT(*) AS think_count FROM `qing_cart` WHERE  `user_id` = 2 [ RunTime:0.000227s ]
[2024-05-30T15:22:42+08:00][sql] SHOW FULL COLUMNS FROM `qing_merchant` [ RunTime:0.000623s ]
[2024-05-30T15:22:42+08:00][sql] SELECT COUNT(*) AS think_count FROM `qing_merchant` `a` WHERE  `a`.`store_name` LIKE '%%'  AND `user_id` = 2 [ RunTime:0.000250s ]
[2024-05-30T15:22:42+08:00][sql] SELECT * FROM `qing_merchant` `a` WHERE  `a`.`store_name` LIKE '%%'  AND `user_id` = 2 ORDER BY `add_time` DESC LIMIT 0,10 [ RunTime:0.000359s ]
[2024-05-30T15:22:42+08:00][sql] SHOW FULL COLUMNS FROM `qing_user` [ RunTime:0.000711s ]
[2024-05-30T15:22:42+08:00][sql] SELECT * FROM `qing_user` WHERE  `recommender` = 'YJ1596269352'  AND `mer_count` >= 0 [ RunTime:0.000330s ]
[2024-05-30T15:22:42+08:00][sql] SELECT * FROM `qing_user` WHERE  `recommender` = 'YJ1596269352'  AND `mer_count` > 0 [ RunTime:0.000289s ]
[2024-05-30T15:22:43+08:00][sql] CONNECT:[ UseTime:0.000857s ] mysql:host=127.0.0.1;port=3306;dbname=code0921;charset=utf8
[2024-05-30T15:22:43+08:00][sql] SHOW FULL COLUMNS FROM `qing_config` [ RunTime:0.000789s ]
[2024-05-30T15:22:43+08:00][sql] SELECT `value` FROM `qing_config` [ RunTime:0.000214s ]
[2024-05-30T15:22:43+08:00][sql] SHOW FULL COLUMNS FROM `qing_search` [ RunTime:0.000634s ]
[2024-05-30T15:22:43+08:00][sql] SELECT * FROM `qing_search` ORDER BY `id` DESC LIMIT 10 [ RunTime:0.000284s ]
[2024-05-30T15:22:43+08:00][sql] SHOW FULL COLUMNS FROM `qing_cart` [ RunTime:0.000576s ]
[2024-05-30T15:22:43+08:00][sql] SELECT COUNT(*) AS think_count FROM `qing_cart` WHERE  `user_id` = 2 [ RunTime:0.000245s ]
[2024-05-30T15:22:43+08:00][sql] SHOW FULL COLUMNS FROM `qing_merchant` [ RunTime:0.000623s ]
[2024-05-30T15:22:43+08:00][sql] SELECT COUNT(*) AS think_count FROM `qing_merchant` `a` WHERE  `a`.`store_name` LIKE '%%'  AND `user_id` = 2 [ RunTime:0.000242s ]
[2024-05-30T15:22:43+08:00][sql] SELECT * FROM `qing_merchant` `a` WHERE  `a`.`store_name` LIKE '%%'  AND `user_id` = 2 ORDER BY `add_time` DESC LIMIT 0,10 [ RunTime:0.000587s ]
[2024-05-30T15:22:43+08:00][sql] SHOW FULL COLUMNS FROM `qing_user` [ RunTime:0.000854s ]
[2024-05-30T15:22:43+08:00][sql] SELECT * FROM `qing_user` WHERE  `recommender` = 'YJ1596269352'  AND `mer_count` >= 0 [ RunTime:0.000355s ]
[2024-05-30T15:22:43+08:00][sql] SELECT * FROM `qing_user` WHERE  `recommender` = 'YJ1596269352'  AND `mer_count` > 0 [ RunTime:0.000342s ]
[2024-05-30T15:22:43+08:00][sql] CONNECT:[ UseTime:0.000944s ] mysql:host=127.0.0.1;port=3306;dbname=code0921;charset=utf8
[2024-05-30T15:22:43+08:00][sql] SHOW FULL COLUMNS FROM `qing_config` [ RunTime:0.000733s ]
[2024-05-30T15:22:43+08:00][sql] SELECT `value` FROM `qing_config` [ RunTime:0.000215s ]
[2024-05-30T15:22:43+08:00][sql] SHOW FULL COLUMNS FROM `qing_search` [ RunTime:0.000619s ]
[2024-05-30T15:22:43+08:00][sql] SELECT * FROM `qing_search` ORDER BY `id` DESC LIMIT 10 [ RunTime:0.000223s ]
[2024-05-30T15:22:43+08:00][sql] SHOW FULL COLUMNS FROM `qing_cart` [ RunTime:0.000537s ]
[2024-05-30T15:22:43+08:00][sql] SELECT COUNT(*) AS think_count FROM `qing_cart` WHERE  `user_id` = 2 [ RunTime:0.000219s ]
[2024-05-30T15:22:43+08:00][sql] SHOW FULL COLUMNS FROM `qing_merchant` [ RunTime:0.000608s ]
[2024-05-30T15:22:43+08:00][sql] SELECT COUNT(*) AS think_count FROM `qing_merchant` `a` WHERE  `a`.`store_name` LIKE '%%'  AND `user_id` = 2 [ RunTime:0.000258s ]
[2024-05-30T15:22:43+08:00][sql] SELECT * FROM `qing_merchant` `a` WHERE  `a`.`store_name` LIKE '%%'  AND `user_id` = 2 ORDER BY `add_time` DESC LIMIT 0,10 [ RunTime:0.000347s ]
[2024-05-30T15:22:43+08:00][sql] SHOW FULL COLUMNS FROM `qing_user` [ RunTime:0.000701s ]
[2024-05-30T15:22:43+08:00][sql] SELECT * FROM `qing_user` WHERE  `recommender` = 'YJ1596269352'  AND `mer_count` >= 0 [ RunTime:0.000843s ]
[2024-05-30T15:22:43+08:00][sql] SELECT * FROM `qing_user` WHERE  `recommender` = 'YJ1596269352'  AND `mer_count` > 0 [ RunTime:0.000473s ]
