[2024-08-13T11:45:50+08:00][sql] CONNECT:[ UseTime:0.001466s ] mysql:host=127.0.0.1;port=3306;dbname=code0921;charset=utf8
[2024-08-13T11:45:50+08:00][sql] SHOW FULL COLUMNS FROM `qing_config` [ RunTime:0.001943s ]
[2024-08-13T11:45:50+08:00][sql] SELECT `value` FROM `qing_config` [ RunTime:0.000411s ]
[2024-08-13T11:45:50+08:00][sql] SHOW FULL COLUMNS FROM `qing_search` [ RunTime:0.000913s ]
[2024-08-13T11:45:50+08:00][sql] SELECT * FROM `qing_search` ORDER BY `id` DESC LIMIT 10 [ RunTime:0.000311s ]
[2024-08-13T11:45:50+08:00][sql] SHOW FULL COLUMNS FROM `qing_cart` [ RunTime:0.000609s ]
[2024-08-13T11:45:50+08:00][sql] SELECT COUNT(*) AS think_count FROM `qing_cart` WHERE  `user_id` IS NULL [ RunTime:0.000194s ]
[2024-08-13T11:45:50+08:00][sql] SHOW FULL COLUMNS FROM `qing_user` [ RunTime:0.003864s ]
[2024-08-13T11:45:50+08:00][sql] SELECT * FROM `qing_user` WHERE  `username` = 'admin@gmail.com' LIMIT 1 [ RunTime:0.000740s ]
[2024-08-13T11:45:50+08:00][sql] UPDATE `qing_user`  SET `last_login_time` = 1723520750  WHERE  `id` = 39 [ RunTime:0.002723s ]
[2024-08-13T11:48:56+08:00][sql] CONNECT:[ UseTime:0.001983s ] mysql:host=127.0.0.1;port=3306;dbname=code0921;charset=utf8
[2024-08-13T11:48:56+08:00][sql] SHOW FULL COLUMNS FROM `qing_config` [ RunTime:0.001656s ]
[2024-08-13T11:48:56+08:00][sql] SELECT `value` FROM `qing_config` [ RunTime:0.000363s ]
[2024-08-13T11:48:56+08:00][sql] SHOW FULL COLUMNS FROM `qing_search` [ RunTime:0.000836s ]
[2024-08-13T11:48:56+08:00][sql] SELECT * FROM `qing_search` ORDER BY `id` DESC LIMIT 10 [ RunTime:0.000297s ]
[2024-08-13T11:48:56+08:00][sql] SHOW FULL COLUMNS FROM `qing_cart` [ RunTime:0.000658s ]
[2024-08-13T11:48:56+08:00][sql] SELECT COUNT(*) AS think_count FROM `qing_cart` WHERE  `user_id` = 39 [ RunTime:0.000408s ]
[2024-08-13T11:48:56+08:00][sql] SHOW FULL COLUMNS FROM `qing_address` [ RunTime:0.003174s ]
[2024-08-13T11:48:56+08:00][sql] SELECT * FROM `qing_address` WHERE  `user_id` = 39 ORDER BY `id` DESC LIMIT 3 [ RunTime:0.000349s ]
[2024-08-13T12:04:31+08:00][sql] CONNECT:[ UseTime:0.001139s ] mysql:host=127.0.0.1;port=3306;dbname=code0921;charset=utf8
[2024-08-13T12:04:31+08:00][sql] SHOW FULL COLUMNS FROM `qing_config` [ RunTime:0.000969s ]
[2024-08-13T12:04:31+08:00][sql] SELECT `value` FROM `qing_config` [ RunTime:0.000303s ]
[2024-08-13T12:04:31+08:00][sql] SHOW FULL COLUMNS FROM `qing_search` [ RunTime:0.000614s ]
[2024-08-13T12:04:31+08:00][sql] SELECT * FROM `qing_search` ORDER BY `id` DESC LIMIT 10 [ RunTime:0.000265s ]
[2024-08-13T12:04:31+08:00][sql] SHOW FULL COLUMNS FROM `qing_cart` [ RunTime:0.000558s ]
[2024-08-13T12:04:31+08:00][sql] SELECT COUNT(*) AS think_count FROM `qing_cart` WHERE  `user_id` = 39 [ RunTime:0.000258s ]
[2024-08-13T12:04:31+08:00][sql] SHOW FULL COLUMNS FROM `qing_address` [ RunTime:0.001046s ]
[2024-08-13T12:04:31+08:00][sql] SELECT * FROM `qing_address` WHERE  `user_id` = 39 ORDER BY `id` DESC LIMIT 3 [ RunTime:0.000316s ]
[2024-08-13T14:06:06+08:00][sql] CONNECT:[ UseTime:0.011354s ] mysql:host=127.0.0.1;port=3306;dbname=code0921;charset=utf8
[2024-08-13T14:06:06+08:00][sql] SHOW FULL COLUMNS FROM `qing_config` [ RunTime:0.002838s ]
[2024-08-13T14:06:06+08:00][sql] SELECT `value` FROM `qing_config` [ RunTime:0.000393s ]
[2024-08-13T14:06:06+08:00][sql] SHOW FULL COLUMNS FROM `qing_search` [ RunTime:0.001136s ]
[2024-08-13T14:06:06+08:00][sql] SELECT * FROM `qing_search` ORDER BY `id` DESC LIMIT 10 [ RunTime:0.000650s ]
[2024-08-13T14:06:06+08:00][sql] SHOW FULL COLUMNS FROM `qing_cart` [ RunTime:0.001156s ]
[2024-08-13T14:06:06+08:00][sql] SELECT COUNT(*) AS think_count FROM `qing_cart` WHERE  `user_id` IS NULL [ RunTime:0.000440s ]
[2024-08-13T14:06:06+08:00][sql] CONNECT:[ UseTime:0.001111s ] mysql:host=127.0.0.1;port=3306;dbname=code0921;charset=utf8
[2024-08-13T14:06:06+08:00][sql] SHOW FULL COLUMNS FROM `qing_config` [ RunTime:0.001012s ]
[2024-08-13T14:06:06+08:00][sql] SELECT `value` FROM `qing_config` [ RunTime:0.000245s ]
[2024-08-13T14:06:06+08:00][sql] SHOW FULL COLUMNS FROM `qing_search` [ RunTime:0.001459s ]
[2024-08-13T14:06:06+08:00][sql] SELECT * FROM `qing_search` ORDER BY `id` DESC LIMIT 10 [ RunTime:0.000317s ]
[2024-08-13T14:06:06+08:00][sql] SHOW FULL COLUMNS FROM `qing_cart` [ RunTime:0.000902s ]
[2024-08-13T14:06:06+08:00][sql] SELECT COUNT(*) AS think_count FROM `qing_cart` WHERE  `user_id` IS NULL [ RunTime:0.000249s ]
[2024-08-13T14:06:06+08:00][error] [8]未定义数组索引: username
[2024-08-13T14:06:29+08:00][sql] CONNECT:[ UseTime:0.001371s ] mysql:host=127.0.0.1;port=3306;dbname=code0921;charset=utf8
[2024-08-13T14:06:29+08:00][sql] SHOW FULL COLUMNS FROM `qing_config` [ RunTime:0.001160s ]
[2024-08-13T14:06:29+08:00][sql] SELECT `value` FROM `qing_config` [ RunTime:0.000422s ]
[2024-08-13T14:06:29+08:00][sql] SHOW FULL COLUMNS FROM `qing_search` [ RunTime:0.001130s ]
[2024-08-13T14:06:29+08:00][sql] SELECT * FROM `qing_search` ORDER BY `id` DESC LIMIT 10 [ RunTime:0.000412s ]
[2024-08-13T14:06:29+08:00][sql] SHOW FULL COLUMNS FROM `qing_cart` [ RunTime:0.000912s ]
[2024-08-13T14:06:29+08:00][sql] SELECT COUNT(*) AS think_count FROM `qing_cart` WHERE  `user_id` IS NULL [ RunTime:0.000256s ]
[2024-08-13T14:06:30+08:00][sql] CONNECT:[ UseTime:0.001545s ] mysql:host=127.0.0.1;port=3306;dbname=code0921;charset=utf8
[2024-08-13T14:06:30+08:00][sql] SHOW FULL COLUMNS FROM `qing_config` [ RunTime:0.001184s ]
[2024-08-13T14:06:30+08:00][sql] SELECT `value` FROM `qing_config` [ RunTime:0.000411s ]
[2024-08-13T14:06:30+08:00][sql] SHOW FULL COLUMNS FROM `qing_search` [ RunTime:0.000874s ]
[2024-08-13T14:06:30+08:00][sql] SELECT * FROM `qing_search` ORDER BY `id` DESC LIMIT 10 [ RunTime:0.000279s ]
[2024-08-13T14:06:30+08:00][sql] SHOW FULL COLUMNS FROM `qing_cart` [ RunTime:0.000612s ]
[2024-08-13T14:06:30+08:00][sql] SELECT COUNT(*) AS think_count FROM `qing_cart` WHERE  `user_id` IS NULL [ RunTime:0.000205s ]
[2024-08-13T14:06:30+08:00][error] [8]未定义数组索引: username
[2024-08-13T14:06:31+08:00][sql] CONNECT:[ UseTime:0.001359s ] mysql:host=127.0.0.1;port=3306;dbname=code0921;charset=utf8
[2024-08-13T14:06:31+08:00][sql] SHOW FULL COLUMNS FROM `qing_config` [ RunTime:0.001292s ]
[2024-08-13T14:06:31+08:00][sql] SELECT `value` FROM `qing_config` [ RunTime:0.000353s ]
[2024-08-13T14:06:31+08:00][sql] SHOW FULL COLUMNS FROM `qing_search` [ RunTime:0.000908s ]
[2024-08-13T14:06:31+08:00][sql] SELECT * FROM `qing_search` ORDER BY `id` DESC LIMIT 10 [ RunTime:0.000365s ]
[2024-08-13T14:06:31+08:00][sql] SHOW FULL COLUMNS FROM `qing_cart` [ RunTime:0.000847s ]
[2024-08-13T14:06:31+08:00][sql] SELECT COUNT(*) AS think_count FROM `qing_cart` WHERE  `user_id` IS NULL [ RunTime:0.000241s ]
[2024-08-13T14:06:31+08:00][sql] CONNECT:[ UseTime:0.001299s ] mysql:host=127.0.0.1;port=3306;dbname=code0921;charset=utf8
[2024-08-13T14:06:31+08:00][sql] SHOW FULL COLUMNS FROM `qing_config` [ RunTime:0.001060s ]
[2024-08-13T14:06:31+08:00][sql] SELECT `value` FROM `qing_config` [ RunTime:0.000365s ]
[2024-08-13T14:06:31+08:00][sql] SHOW FULL COLUMNS FROM `qing_search` [ RunTime:0.000975s ]
[2024-08-13T14:06:31+08:00][sql] SELECT * FROM `qing_search` ORDER BY `id` DESC LIMIT 10 [ RunTime:0.000390s ]
[2024-08-13T14:06:31+08:00][sql] SHOW FULL COLUMNS FROM `qing_cart` [ RunTime:0.000929s ]
[2024-08-13T14:06:31+08:00][sql] SELECT COUNT(*) AS think_count FROM `qing_cart` WHERE  `user_id` IS NULL [ RunTime:0.000360s ]
[2024-08-13T14:06:31+08:00][error] [8]未定义数组索引: username
[2024-08-13T14:06:42+08:00][sql] CONNECT:[ UseTime:0.001288s ] mysql:host=127.0.0.1;port=3306;dbname=code0921;charset=utf8
[2024-08-13T14:06:42+08:00][sql] SHOW FULL COLUMNS FROM `qing_config` [ RunTime:0.001119s ]
[2024-08-13T14:06:42+08:00][sql] SELECT `value` FROM `qing_config` [ RunTime:0.000353s ]
[2024-08-13T14:06:42+08:00][sql] SHOW FULL COLUMNS FROM `qing_search` [ RunTime:0.000805s ]
[2024-08-13T14:06:42+08:00][sql] SELECT * FROM `qing_search` ORDER BY `id` DESC LIMIT 10 [ RunTime:0.000285s ]
[2024-08-13T14:06:42+08:00][sql] SHOW FULL COLUMNS FROM `qing_cart` [ RunTime:0.000636s ]
[2024-08-13T14:06:42+08:00][sql] SELECT COUNT(*) AS think_count FROM `qing_cart` WHERE  `user_id` IS NULL [ RunTime:0.000200s ]
[2024-08-13T14:06:42+08:00][sql] CONNECT:[ UseTime:0.001679s ] mysql:host=127.0.0.1;port=3306;dbname=code0921;charset=utf8
[2024-08-13T14:06:42+08:00][sql] SHOW FULL COLUMNS FROM `qing_config` [ RunTime:0.001039s ]
[2024-08-13T14:06:42+08:00][sql] SELECT `value` FROM `qing_config` [ RunTime:0.000246s ]
[2024-08-13T14:06:42+08:00][sql] SHOW FULL COLUMNS FROM `qing_search` [ RunTime:0.000639s ]
[2024-08-13T14:06:42+08:00][sql] SELECT * FROM `qing_search` ORDER BY `id` DESC LIMIT 10 [ RunTime:0.000261s ]
[2024-08-13T14:06:42+08:00][sql] SHOW FULL COLUMNS FROM `qing_cart` [ RunTime:0.000585s ]
[2024-08-13T14:06:42+08:00][sql] SELECT COUNT(*) AS think_count FROM `qing_cart` WHERE  `user_id` IS NULL [ RunTime:0.000230s ]
[2024-08-13T14:06:42+08:00][error] [8]未定义数组索引: username
[2024-08-13T14:07:10+08:00][sql] CONNECT:[ UseTime:0.001331s ] mysql:host=127.0.0.1;port=3306;dbname=code0921;charset=utf8
[2024-08-13T14:07:10+08:00][sql] SHOW FULL COLUMNS FROM `qing_config` [ RunTime:0.001300s ]
[2024-08-13T14:07:10+08:00][sql] SELECT `value` FROM `qing_config` [ RunTime:0.000311s ]
[2024-08-13T14:07:10+08:00][sql] SHOW FULL COLUMNS FROM `qing_search` [ RunTime:0.000798s ]
[2024-08-13T14:07:10+08:00][sql] SELECT * FROM `qing_search` ORDER BY `id` DESC LIMIT 10 [ RunTime:0.000269s ]
[2024-08-13T14:07:10+08:00][sql] SHOW FULL COLUMNS FROM `qing_cart` [ RunTime:0.000638s ]
[2024-08-13T14:07:10+08:00][sql] SELECT COUNT(*) AS think_count FROM `qing_cart` WHERE  `user_id` IS NULL [ RunTime:0.000205s ]
[2024-08-13T14:07:14+08:00][sql] CONNECT:[ UseTime:0.001356s ] mysql:host=127.0.0.1;port=3306;dbname=code0921;charset=utf8
[2024-08-13T14:07:14+08:00][sql] SHOW FULL COLUMNS FROM `qing_config` [ RunTime:0.001168s ]
[2024-08-13T14:07:14+08:00][sql] SELECT `value` FROM `qing_config` [ RunTime:0.000299s ]
[2024-08-13T14:07:14+08:00][sql] SHOW FULL COLUMNS FROM `qing_search` [ RunTime:0.001139s ]
[2024-08-13T14:07:14+08:00][sql] SELECT * FROM `qing_search` ORDER BY `id` DESC LIMIT 10 [ RunTime:0.000281s ]
[2024-08-13T14:07:14+08:00][sql] SHOW FULL COLUMNS FROM `qing_cart` [ RunTime:0.000680s ]
[2024-08-13T14:07:14+08:00][sql] SELECT COUNT(*) AS think_count FROM `qing_cart` WHERE  `user_id` IS NULL [ RunTime:0.000242s ]
[2024-08-13T14:07:14+08:00][sql] CONNECT:[ UseTime:0.001177s ] mysql:host=127.0.0.1;port=3306;dbname=code0921;charset=utf8
[2024-08-13T14:07:14+08:00][sql] SHOW FULL COLUMNS FROM `qing_config` [ RunTime:0.001191s ]
[2024-08-13T14:07:14+08:00][sql] SELECT `value` FROM `qing_config` [ RunTime:0.000315s ]
[2024-08-13T14:07:14+08:00][sql] SHOW FULL COLUMNS FROM `qing_search` [ RunTime:0.001031s ]
[2024-08-13T14:07:14+08:00][sql] SELECT * FROM `qing_search` ORDER BY `id` DESC LIMIT 10 [ RunTime:0.000428s ]
[2024-08-13T14:07:14+08:00][sql] SHOW FULL COLUMNS FROM `qing_cart` [ RunTime:0.000859s ]
[2024-08-13T14:07:14+08:00][sql] SELECT COUNT(*) AS think_count FROM `qing_cart` WHERE  `user_id` IS NULL [ RunTime:0.000287s ]
[2024-08-13T14:07:14+08:00][error] [8]未定义数组索引: username
[2024-08-13T14:07:25+08:00][sql] CONNECT:[ UseTime:0.002085s ] mysql:host=127.0.0.1;port=3306;dbname=code0921;charset=utf8
[2024-08-13T14:07:25+08:00][sql] SHOW FULL COLUMNS FROM `qing_config` [ RunTime:0.001534s ]
[2024-08-13T14:07:25+08:00][sql] SELECT `value` FROM `qing_config` [ RunTime:0.000249s ]
[2024-08-13T14:07:25+08:00][sql] SHOW FULL COLUMNS FROM `qing_search` [ RunTime:0.000867s ]
[2024-08-13T14:07:25+08:00][sql] SELECT * FROM `qing_search` ORDER BY `id` DESC LIMIT 10 [ RunTime:0.000835s ]
[2024-08-13T14:07:25+08:00][sql] SHOW FULL COLUMNS FROM `qing_cart` [ RunTime:0.001052s ]
[2024-08-13T14:07:25+08:00][sql] SELECT COUNT(*) AS think_count FROM `qing_cart` WHERE  `user_id` IS NULL [ RunTime:0.000268s ]
[2024-08-13T14:07:25+08:00][sql] CONNECT:[ UseTime:0.001146s ] mysql:host=127.0.0.1;port=3306;dbname=code0921;charset=utf8
[2024-08-13T14:07:25+08:00][sql] SHOW FULL COLUMNS FROM `qing_config` [ RunTime:0.001538s ]
[2024-08-13T14:07:25+08:00][sql] SELECT `value` FROM `qing_config` [ RunTime:0.000304s ]
[2024-08-13T14:07:25+08:00][sql] SHOW FULL COLUMNS FROM `qing_search` [ RunTime:0.001095s ]
[2024-08-13T14:07:25+08:00][sql] SELECT * FROM `qing_search` ORDER BY `id` DESC LIMIT 10 [ RunTime:0.000475s ]
[2024-08-13T14:07:25+08:00][sql] SHOW FULL COLUMNS FROM `qing_cart` [ RunTime:0.000748s ]
[2024-08-13T14:07:25+08:00][sql] SELECT COUNT(*) AS think_count FROM `qing_cart` WHERE  `user_id` IS NULL [ RunTime:0.000224s ]
[2024-08-13T14:07:25+08:00][sql] SHOW FULL COLUMNS FROM `qing_user` [ RunTime:0.000917s ]
[2024-08-13T14:07:25+08:00][sql] SELECT * FROM `qing_user` WHERE  `username` = 'admin@gmail.com' LIMIT 1 [ RunTime:0.000630s ]
[2024-08-13T14:07:25+08:00][error] [8]未定义数组索引: password
[2024-08-13T14:09:26+08:00][sql] CONNECT:[ UseTime:0.001174s ] mysql:host=127.0.0.1;port=3306;dbname=code0921;charset=utf8
[2024-08-13T14:09:26+08:00][sql] SHOW FULL COLUMNS FROM `qing_config` [ RunTime:0.000920s ]
[2024-08-13T14:09:26+08:00][sql] SELECT `value` FROM `qing_config` [ RunTime:0.000284s ]
[2024-08-13T14:09:26+08:00][sql] SHOW FULL COLUMNS FROM `qing_search` [ RunTime:0.001417s ]
[2024-08-13T14:09:26+08:00][sql] SELECT * FROM `qing_search` ORDER BY `id` DESC LIMIT 10 [ RunTime:0.000324s ]
[2024-08-13T14:09:26+08:00][sql] SHOW FULL COLUMNS FROM `qing_cart` [ RunTime:0.000656s ]
[2024-08-13T14:09:26+08:00][sql] SELECT COUNT(*) AS think_count FROM `qing_cart` WHERE  `user_id` IS NULL [ RunTime:0.000308s ]
[2024-08-13T14:09:26+08:00][sql] CONNECT:[ UseTime:0.001352s ] mysql:host=127.0.0.1;port=3306;dbname=code0921;charset=utf8
[2024-08-13T14:09:26+08:00][sql] SHOW FULL COLUMNS FROM `qing_config` [ RunTime:0.000964s ]
[2024-08-13T14:09:26+08:00][sql] SELECT `value` FROM `qing_config` [ RunTime:0.000364s ]
[2024-08-13T14:09:26+08:00][sql] SHOW FULL COLUMNS FROM `qing_search` [ RunTime:0.000791s ]
[2024-08-13T14:09:26+08:00][sql] SELECT * FROM `qing_search` ORDER BY `id` DESC LIMIT 10 [ RunTime:0.000316s ]
[2024-08-13T14:09:26+08:00][sql] SHOW FULL COLUMNS FROM `qing_cart` [ RunTime:0.000586s ]
[2024-08-13T14:09:26+08:00][sql] SELECT COUNT(*) AS think_count FROM `qing_cart` WHERE  `user_id` IS NULL [ RunTime:0.000190s ]
[2024-08-13T14:09:26+08:00][sql] SHOW FULL COLUMNS FROM `qing_user` [ RunTime:0.000880s ]
[2024-08-13T14:09:26+08:00][sql] SELECT * FROM `qing_user` WHERE  `username` = 'admin@gmail.com' LIMIT 1 [ RunTime:0.000468s ]
[2024-08-13T14:09:26+08:00][error] [8]未定义数组索引: password
[2024-08-13T14:09:51+08:00][sql] CONNECT:[ UseTime:0.001028s ] mysql:host=127.0.0.1;port=3306;dbname=code0921;charset=utf8
[2024-08-13T14:09:51+08:00][sql] SHOW FULL COLUMNS FROM `qing_config` [ RunTime:0.000798s ]
[2024-08-13T14:09:51+08:00][sql] SELECT `value` FROM `qing_config` [ RunTime:0.000227s ]
[2024-08-13T14:09:51+08:00][sql] SHOW FULL COLUMNS FROM `qing_search` [ RunTime:0.000656s ]
[2024-08-13T14:09:51+08:00][sql] SELECT * FROM `qing_search` ORDER BY `id` DESC LIMIT 10 [ RunTime:0.000246s ]
[2024-08-13T14:09:51+08:00][sql] SHOW FULL COLUMNS FROM `qing_cart` [ RunTime:0.000572s ]
[2024-08-13T14:09:51+08:00][sql] SELECT COUNT(*) AS think_count FROM `qing_cart` WHERE  `user_id` IS NULL [ RunTime:0.000183s ]
[2024-08-13T14:09:51+08:00][sql] CONNECT:[ UseTime:0.001021s ] mysql:host=127.0.0.1;port=3306;dbname=code0921;charset=utf8
[2024-08-13T14:09:51+08:00][sql] SHOW FULL COLUMNS FROM `qing_config` [ RunTime:0.000823s ]
[2024-08-13T14:09:51+08:00][sql] SELECT `value` FROM `qing_config` [ RunTime:0.000234s ]
[2024-08-13T14:09:51+08:00][sql] SHOW FULL COLUMNS FROM `qing_search` [ RunTime:0.000677s ]
[2024-08-13T14:09:51+08:00][sql] SELECT * FROM `qing_search` ORDER BY `id` DESC LIMIT 10 [ RunTime:0.000245s ]
[2024-08-13T14:09:51+08:00][sql] SHOW FULL COLUMNS FROM `qing_cart` [ RunTime:0.000569s ]
[2024-08-13T14:09:51+08:00][sql] SELECT COUNT(*) AS think_count FROM `qing_cart` WHERE  `user_id` IS NULL [ RunTime:0.000225s ]
[2024-08-13T14:09:51+08:00][sql] SHOW FULL COLUMNS FROM `qing_user` [ RunTime:0.003556s ]
[2024-08-13T14:09:51+08:00][sql] SELECT * FROM `qing_user` WHERE  `username` = 'admin@gmail.com' LIMIT 1 [ RunTime:0.000617s ]
[2024-08-13T14:09:51+08:00][error] [8]未定义数组索引: password
[2024-08-13T14:10:22+08:00][sql] CONNECT:[ UseTime:0.001130s ] mysql:host=127.0.0.1;port=3306;dbname=code0921;charset=utf8
[2024-08-13T14:10:22+08:00][sql] SHOW FULL COLUMNS FROM `qing_config` [ RunTime:0.001072s ]
[2024-08-13T14:10:22+08:00][sql] SELECT `value` FROM `qing_config` [ RunTime:0.000327s ]
[2024-08-13T14:10:22+08:00][sql] SHOW FULL COLUMNS FROM `qing_search` [ RunTime:0.000714s ]
[2024-08-13T14:10:22+08:00][sql] SELECT * FROM `qing_search` ORDER BY `id` DESC LIMIT 10 [ RunTime:0.001448s ]
[2024-08-13T14:10:22+08:00][sql] SHOW FULL COLUMNS FROM `qing_cart` [ RunTime:0.000644s ]
[2024-08-13T14:10:22+08:00][sql] SELECT COUNT(*) AS think_count FROM `qing_cart` WHERE  `user_id` IS NULL [ RunTime:0.000198s ]
[2024-08-13T14:10:22+08:00][sql] CONNECT:[ UseTime:0.000984s ] mysql:host=127.0.0.1;port=3306;dbname=code0921;charset=utf8
[2024-08-13T14:10:22+08:00][sql] SHOW FULL COLUMNS FROM `qing_config` [ RunTime:0.000817s ]
[2024-08-13T14:10:22+08:00][sql] SELECT `value` FROM `qing_config` [ RunTime:0.000245s ]
[2024-08-13T14:10:22+08:00][sql] SHOW FULL COLUMNS FROM `qing_search` [ RunTime:0.000739s ]
[2024-08-13T14:10:22+08:00][sql] SELECT * FROM `qing_search` ORDER BY `id` DESC LIMIT 10 [ RunTime:0.000280s ]
[2024-08-13T14:10:22+08:00][sql] SHOW FULL COLUMNS FROM `qing_cart` [ RunTime:0.000665s ]
[2024-08-13T14:10:22+08:00][sql] SELECT COUNT(*) AS think_count FROM `qing_cart` WHERE  `user_id` IS NULL [ RunTime:0.000198s ]
[2024-08-13T14:10:22+08:00][sql] SHOW FULL COLUMNS FROM `qing_user` [ RunTime:0.003842s ]
[2024-08-13T14:10:22+08:00][sql] SELECT * FROM `qing_user` WHERE  `username` = 'admin@gmail.com' LIMIT 1 [ RunTime:0.000605s ]
[2024-08-13T14:10:22+08:00][error] [8]未定义数组索引: password
[2024-08-13T14:10:51+08:00][sql] CONNECT:[ UseTime:0.001009s ] mysql:host=127.0.0.1;port=3306;dbname=code0921;charset=utf8
[2024-08-13T14:10:51+08:00][sql] SHOW FULL COLUMNS FROM `qing_config` [ RunTime:0.000884s ]
[2024-08-13T14:10:51+08:00][sql] SELECT `value` FROM `qing_config` [ RunTime:0.000238s ]
[2024-08-13T14:10:51+08:00][sql] SHOW FULL COLUMNS FROM `qing_search` [ RunTime:0.000725s ]
[2024-08-13T14:10:51+08:00][sql] SELECT * FROM `qing_search` ORDER BY `id` DESC LIMIT 10 [ RunTime:0.000235s ]
[2024-08-13T14:10:51+08:00][sql] SHOW FULL COLUMNS FROM `qing_cart` [ RunTime:0.000578s ]
[2024-08-13T14:10:51+08:00][sql] SELECT COUNT(*) AS think_count FROM `qing_cart` WHERE  `user_id` IS NULL [ RunTime:0.000180s ]
[2024-08-13T14:10:51+08:00][sql] CONNECT:[ UseTime:0.001026s ] mysql:host=127.0.0.1;port=3306;dbname=code0921;charset=utf8
[2024-08-13T14:10:51+08:00][sql] SHOW FULL COLUMNS FROM `qing_config` [ RunTime:0.000836s ]
[2024-08-13T14:10:51+08:00][sql] SELECT `value` FROM `qing_config` [ RunTime:0.000265s ]
[2024-08-13T14:10:51+08:00][sql] SHOW FULL COLUMNS FROM `qing_search` [ RunTime:0.000636s ]
[2024-08-13T14:10:51+08:00][sql] SELECT * FROM `qing_search` ORDER BY `id` DESC LIMIT 10 [ RunTime:0.000235s ]
[2024-08-13T14:10:51+08:00][sql] SHOW FULL COLUMNS FROM `qing_cart` [ RunTime:0.000544s ]
[2024-08-13T14:10:51+08:00][sql] SELECT COUNT(*) AS think_count FROM `qing_cart` WHERE  `user_id` IS NULL [ RunTime:0.000183s ]
[2024-08-13T14:18:12+08:00][sql] CONNECT:[ UseTime:0.001260s ] mysql:host=127.0.0.1;port=3306;dbname=code0921;charset=utf8
[2024-08-13T14:18:12+08:00][sql] SHOW FULL COLUMNS FROM `qing_config` [ RunTime:0.001010s ]
[2024-08-13T14:18:12+08:00][sql] SELECT `value` FROM `qing_config` [ RunTime:0.000244s ]
[2024-08-13T14:18:12+08:00][sql] SHOW FULL COLUMNS FROM `qing_search` [ RunTime:0.000635s ]
[2024-08-13T14:18:12+08:00][sql] SELECT * FROM `qing_search` ORDER BY `id` DESC LIMIT 10 [ RunTime:0.000289s ]
[2024-08-13T14:18:12+08:00][sql] SHOW FULL COLUMNS FROM `qing_cart` [ RunTime:0.000678s ]
[2024-08-13T14:18:12+08:00][sql] SELECT COUNT(*) AS think_count FROM `qing_cart` WHERE  `user_id` IS NULL [ RunTime:0.000199s ]
[2024-08-13T14:18:12+08:00][sql] CONNECT:[ UseTime:0.001098s ] mysql:host=127.0.0.1;port=3306;dbname=code0921;charset=utf8
[2024-08-13T14:18:12+08:00][sql] SHOW FULL COLUMNS FROM `qing_config` [ RunTime:0.000788s ]
[2024-08-13T14:18:12+08:00][sql] SELECT `value` FROM `qing_config` [ RunTime:0.000282s ]
[2024-08-13T14:18:12+08:00][sql] SHOW FULL COLUMNS FROM `qing_search` [ RunTime:0.000617s ]
[2024-08-13T14:18:12+08:00][sql] SELECT * FROM `qing_search` ORDER BY `id` DESC LIMIT 10 [ RunTime:0.000232s ]
[2024-08-13T14:18:12+08:00][sql] SHOW FULL COLUMNS FROM `qing_cart` [ RunTime:0.000575s ]
[2024-08-13T14:18:12+08:00][sql] SELECT COUNT(*) AS think_count FROM `qing_cart` WHERE  `user_id` IS NULL [ RunTime:0.000200s ]
[2024-08-13T14:18:27+08:00][sql] CONNECT:[ UseTime:0.001241s ] mysql:host=127.0.0.1;port=3306;dbname=code0921;charset=utf8
[2024-08-13T14:18:27+08:00][sql] SHOW FULL COLUMNS FROM `qing_config` [ RunTime:0.001078s ]
[2024-08-13T14:18:27+08:00][sql] SELECT `value` FROM `qing_config` [ RunTime:0.000322s ]
[2024-08-13T14:18:27+08:00][sql] SHOW FULL COLUMNS FROM `qing_search` [ RunTime:0.000746s ]
[2024-08-13T14:18:27+08:00][sql] SELECT * FROM `qing_search` ORDER BY `id` DESC LIMIT 10 [ RunTime:0.000333s ]
[2024-08-13T14:18:27+08:00][sql] SHOW FULL COLUMNS FROM `qing_cart` [ RunTime:0.000698s ]
[2024-08-13T14:18:27+08:00][sql] SELECT COUNT(*) AS think_count FROM `qing_cart` WHERE  `user_id` IS NULL [ RunTime:0.000222s ]
[2024-08-13T14:18:28+08:00][sql] CONNECT:[ UseTime:0.001033s ] mysql:host=127.0.0.1;port=3306;dbname=code0921;charset=utf8
[2024-08-13T14:18:28+08:00][sql] SHOW FULL COLUMNS FROM `qing_config` [ RunTime:0.000849s ]
[2024-08-13T14:18:28+08:00][sql] SELECT `value` FROM `qing_config` [ RunTime:0.000264s ]
[2024-08-13T14:18:28+08:00][sql] SHOW FULL COLUMNS FROM `qing_search` [ RunTime:0.000663s ]
[2024-08-13T14:18:28+08:00][sql] SELECT * FROM `qing_search` ORDER BY `id` DESC LIMIT 10 [ RunTime:0.000256s ]
[2024-08-13T14:18:28+08:00][sql] SHOW FULL COLUMNS FROM `qing_cart` [ RunTime:0.000594s ]
[2024-08-13T14:18:28+08:00][sql] SELECT COUNT(*) AS think_count FROM `qing_cart` WHERE  `user_id` IS NULL [ RunTime:0.000186s ]
[2024-08-13T14:18:55+08:00][sql] CONNECT:[ UseTime:0.001051s ] mysql:host=127.0.0.1;port=3306;dbname=code0921;charset=utf8
[2024-08-13T14:18:55+08:00][sql] SHOW FULL COLUMNS FROM `qing_config` [ RunTime:0.000856s ]
[2024-08-13T14:18:55+08:00][sql] SELECT `value` FROM `qing_config` [ RunTime:0.000253s ]
[2024-08-13T14:18:55+08:00][sql] SHOW FULL COLUMNS FROM `qing_search` [ RunTime:0.000675s ]
[2024-08-13T14:18:55+08:00][sql] SELECT * FROM `qing_search` ORDER BY `id` DESC LIMIT 10 [ RunTime:0.000284s ]
[2024-08-13T14:18:55+08:00][sql] SHOW FULL COLUMNS FROM `qing_cart` [ RunTime:0.000799s ]
[2024-08-13T14:18:55+08:00][sql] SELECT COUNT(*) AS think_count FROM `qing_cart` WHERE  `user_id` IS NULL [ RunTime:0.000321s ]
[2024-08-13T14:19:23+08:00][sql] CONNECT:[ UseTime:0.001046s ] mysql:host=127.0.0.1;port=3306;dbname=code0921;charset=utf8
[2024-08-13T14:19:23+08:00][sql] SHOW FULL COLUMNS FROM `qing_config` [ RunTime:0.000839s ]
[2024-08-13T14:19:23+08:00][sql] SELECT `value` FROM `qing_config` [ RunTime:0.000225s ]
[2024-08-13T14:19:23+08:00][sql] SHOW FULL COLUMNS FROM `qing_search` [ RunTime:0.000866s ]
[2024-08-13T14:19:23+08:00][sql] SELECT * FROM `qing_search` ORDER BY `id` DESC LIMIT 10 [ RunTime:0.000278s ]
[2024-08-13T14:19:23+08:00][sql] SHOW FULL COLUMNS FROM `qing_cart` [ RunTime:0.000823s ]
[2024-08-13T14:19:23+08:00][sql] SELECT COUNT(*) AS think_count FROM `qing_cart` WHERE  `user_id` IS NULL [ RunTime:0.000245s ]
[2024-08-13T14:20:58+08:00][sql] CONNECT:[ UseTime:0.000973s ] mysql:host=127.0.0.1;port=3306;dbname=code0921;charset=utf8
[2024-08-13T14:20:58+08:00][sql] SHOW FULL COLUMNS FROM `qing_config` [ RunTime:0.002162s ]
[2024-08-13T14:20:58+08:00][sql] SELECT `value` FROM `qing_config` [ RunTime:0.000447s ]
[2024-08-13T14:20:58+08:00][sql] SHOW FULL COLUMNS FROM `qing_search` [ RunTime:0.000837s ]
[2024-08-13T14:20:58+08:00][sql] SELECT * FROM `qing_search` ORDER BY `id` DESC LIMIT 10 [ RunTime:0.000280s ]
[2024-08-13T14:20:58+08:00][sql] SHOW FULL COLUMNS FROM `qing_cart` [ RunTime:0.000615s ]
[2024-08-13T14:20:58+08:00][sql] SELECT COUNT(*) AS think_count FROM `qing_cart` WHERE  `user_id` IS NULL [ RunTime:0.000196s ]
[2024-08-13T14:21:15+08:00][sql] CONNECT:[ UseTime:0.001008s ] mysql:host=127.0.0.1;port=3306;dbname=code0921;charset=utf8
[2024-08-13T14:21:15+08:00][sql] SHOW FULL COLUMNS FROM `qing_config` [ RunTime:0.001124s ]
[2024-08-13T14:21:15+08:00][sql] SELECT `value` FROM `qing_config` [ RunTime:0.000269s ]
[2024-08-13T14:21:15+08:00][sql] SHOW FULL COLUMNS FROM `qing_search` [ RunTime:0.000807s ]
[2024-08-13T14:21:15+08:00][sql] SELECT * FROM `qing_search` ORDER BY `id` DESC LIMIT 10 [ RunTime:0.000272s ]
[2024-08-13T14:21:15+08:00][sql] SHOW FULL COLUMNS FROM `qing_cart` [ RunTime:0.000574s ]
[2024-08-13T14:21:15+08:00][sql] SELECT COUNT(*) AS think_count FROM `qing_cart` WHERE  `user_id` IS NULL [ RunTime:0.000185s ]
[2024-08-13T14:21:28+08:00][sql] CONNECT:[ UseTime:0.001036s ] mysql:host=127.0.0.1;port=3306;dbname=code0921;charset=utf8
[2024-08-13T14:21:28+08:00][sql] SHOW FULL COLUMNS FROM `qing_config` [ RunTime:0.000811s ]
[2024-08-13T14:21:28+08:00][sql] SELECT `value` FROM `qing_config` [ RunTime:0.000250s ]
[2024-08-13T14:21:28+08:00][sql] SHOW FULL COLUMNS FROM `qing_search` [ RunTime:0.000818s ]
[2024-08-13T14:21:28+08:00][sql] SELECT * FROM `qing_search` ORDER BY `id` DESC LIMIT 10 [ RunTime:0.000256s ]
[2024-08-13T14:21:28+08:00][sql] SHOW FULL COLUMNS FROM `qing_cart` [ RunTime:0.000677s ]
[2024-08-13T14:21:28+08:00][sql] SELECT COUNT(*) AS think_count FROM `qing_cart` WHERE  `user_id` IS NULL [ RunTime:0.000215s ]
[2024-08-13T14:21:28+08:00][error] [8]未定义数组索引: username
[2024-08-13T14:22:00+08:00][sql] CONNECT:[ UseTime:0.001145s ] mysql:host=127.0.0.1;port=3306;dbname=code0921;charset=utf8
[2024-08-13T14:22:00+08:00][sql] SHOW FULL COLUMNS FROM `qing_config` [ RunTime:0.000960s ]
[2024-08-13T14:22:00+08:00][sql] SELECT `value` FROM `qing_config` [ RunTime:0.000270s ]
[2024-08-13T14:22:00+08:00][sql] SHOW FULL COLUMNS FROM `qing_search` [ RunTime:0.001066s ]
[2024-08-13T14:22:00+08:00][sql] SELECT * FROM `qing_search` ORDER BY `id` DESC LIMIT 10 [ RunTime:0.000293s ]
[2024-08-13T14:22:00+08:00][sql] SHOW FULL COLUMNS FROM `qing_cart` [ RunTime:0.000627s ]
[2024-08-13T14:22:00+08:00][sql] SELECT COUNT(*) AS think_count FROM `qing_cart` WHERE  `user_id` IS NULL [ RunTime:0.001369s ]
[2024-08-13T14:22:00+08:00][sql] SHOW FULL COLUMNS FROM `qing_user` [ RunTime:0.001119s ]
[2024-08-13T14:22:00+08:00][sql] SELECT * FROM `qing_user` WHERE  `username` = 'admin@gmail.com' LIMIT 1 [ RunTime:0.000556s ]
[2024-08-13T14:22:00+08:00][sql] UPDATE `qing_user`  SET `last_login_time` = 1723530120  WHERE  `id` = 39 [ RunTime:0.002643s ]
[2024-08-13T14:24:04+08:00][sql] CONNECT:[ UseTime:0.011232s ] mysql:host=127.0.0.1;port=3306;dbname=code0921;charset=utf8
[2024-08-13T14:24:04+08:00][sql] SHOW FULL COLUMNS FROM `qing_config` [ RunTime:0.000950s ]
[2024-08-13T14:24:04+08:00][sql] SELECT `value` FROM `qing_config` [ RunTime:0.000268s ]
[2024-08-13T14:24:04+08:00][sql] SHOW FULL COLUMNS FROM `qing_search` [ RunTime:0.001891s ]
[2024-08-13T14:24:04+08:00][sql] SELECT * FROM `qing_search` ORDER BY `id` DESC LIMIT 10 [ RunTime:0.000330s ]
[2024-08-13T14:24:04+08:00][sql] SHOW FULL COLUMNS FROM `qing_cart` [ RunTime:0.000694s ]
[2024-08-13T14:24:04+08:00][sql] SELECT COUNT(*) AS think_count FROM `qing_cart` WHERE  `user_id` = 39 [ RunTime:0.000310s ]
[2024-08-13T14:24:04+08:00][sql] SHOW FULL COLUMNS FROM `qing_address` [ RunTime:0.002904s ]
[2024-08-13T14:24:04+08:00][sql] SELECT * FROM `qing_address` WHERE  `user_id` = 39 ORDER BY `id` DESC LIMIT 3 [ RunTime:0.000333s ]
[2024-08-13T14:26:47+08:00][sql] CONNECT:[ UseTime:0.010602s ] mysql:host=127.0.0.1;port=3306;dbname=code0921;charset=utf8
[2024-08-13T14:26:47+08:00][sql] SHOW FULL COLUMNS FROM `qing_config` [ RunTime:0.000889s ]
[2024-08-13T14:26:47+08:00][sql] SELECT `value` FROM `qing_config` [ RunTime:0.000232s ]
[2024-08-13T14:26:47+08:00][sql] SHOW FULL COLUMNS FROM `qing_search` [ RunTime:0.000601s ]
[2024-08-13T14:26:47+08:00][sql] SELECT * FROM `qing_search` ORDER BY `id` DESC LIMIT 10 [ RunTime:0.000305s ]
[2024-08-13T14:26:47+08:00][sql] SHOW FULL COLUMNS FROM `qing_cart` [ RunTime:0.000691s ]
[2024-08-13T14:26:47+08:00][sql] SELECT COUNT(*) AS think_count FROM `qing_cart` WHERE  `user_id` = 39 [ RunTime:0.000499s ]
[2024-08-13T14:26:47+08:00][error] [0]Class 'app\mobile\controller\Validate' not found
[2024-08-13T14:31:35+08:00][sql] CONNECT:[ UseTime:0.001047s ] mysql:host=127.0.0.1;port=3306;dbname=code0921;charset=utf8
[2024-08-13T14:31:35+08:00][sql] SHOW FULL COLUMNS FROM `qing_config` [ RunTime:0.001066s ]
[2024-08-13T14:31:35+08:00][sql] SELECT `value` FROM `qing_config` [ RunTime:0.000317s ]
[2024-08-13T14:31:35+08:00][sql] SHOW FULL COLUMNS FROM `qing_search` [ RunTime:0.002565s ]
[2024-08-13T14:31:35+08:00][sql] SELECT * FROM `qing_search` ORDER BY `id` DESC LIMIT 10 [ RunTime:0.000258s ]
[2024-08-13T14:31:35+08:00][sql] SHOW FULL COLUMNS FROM `qing_cart` [ RunTime:0.000686s ]
[2024-08-13T14:31:35+08:00][sql] SELECT COUNT(*) AS think_count FROM `qing_cart` WHERE  `user_id` = 39 [ RunTime:0.000372s ]
[2024-08-13T14:31:35+08:00][sql] SHOW FULL COLUMNS FROM `qing_address` [ RunTime:0.001099s ]
[2024-08-13T14:31:35+08:00][sql] INSERT INTO `qing_address` SET `shou_name` = '李四' , `shou_address` = '山东青岛沙滩村' , `shou_mobile` = '13433226868' , `province` = '山东省' , `city` = '青岛市' , `district` = '沙滩村' , `user_id` = 39 [ RunTime:0.000413s ]
[2024-08-13T14:32:58+08:00][sql] CONNECT:[ UseTime:0.001072s ] mysql:host=127.0.0.1;port=3306;dbname=code0921;charset=utf8
[2024-08-13T14:32:58+08:00][sql] SHOW FULL COLUMNS FROM `qing_config` [ RunTime:0.000900s ]
[2024-08-13T14:32:58+08:00][sql] SELECT `value` FROM `qing_config` [ RunTime:0.000240s ]
[2024-08-13T14:32:58+08:00][sql] SHOW FULL COLUMNS FROM `qing_search` [ RunTime:0.000899s ]
[2024-08-13T14:32:58+08:00][sql] SELECT * FROM `qing_search` ORDER BY `id` DESC LIMIT 10 [ RunTime:0.000387s ]
[2024-08-13T14:32:58+08:00][sql] SHOW FULL COLUMNS FROM `qing_cart` [ RunTime:0.000768s ]
[2024-08-13T14:32:58+08:00][sql] SELECT COUNT(*) AS think_count FROM `qing_cart` WHERE  `user_id` = 39 [ RunTime:0.000285s ]
[2024-08-13T14:32:58+08:00][sql] SHOW FULL COLUMNS FROM `qing_address` [ RunTime:0.005951s ]
[2024-08-13T14:32:58+08:00][sql] INSERT INTO `qing_address` SET `shou_name` = '李四' , `shou_address` = '山东青岛沙滩村' , `shou_mobile` = '13433226868' , `province` = '山东省' , `city` = '青岛市' , `district` = '沙滩村' , `user_id` = 39 , `create_at` = 1723530778 , `update_at` = 1723530778 [ RunTime:0.000345s ]
[2024-08-13T15:55:33+08:00][sql] CONNECT:[ UseTime:0.003930s ] mysql:host=127.0.0.1;port=3306;dbname=code0921;charset=utf8
[2024-08-13T15:55:33+08:00][sql] SHOW FULL COLUMNS FROM `qing_config` [ RunTime:0.002766s ]
[2024-08-13T15:55:33+08:00][sql] SELECT `value` FROM `qing_config` [ RunTime:0.000348s ]
[2024-08-13T15:55:33+08:00][sql] SHOW FULL COLUMNS FROM `qing_search` [ RunTime:0.000981s ]
[2024-08-13T15:55:33+08:00][sql] SELECT * FROM `qing_search` ORDER BY `id` DESC LIMIT 10 [ RunTime:0.000463s ]
[2024-08-13T15:55:33+08:00][sql] SHOW FULL COLUMNS FROM `qing_cart` [ RunTime:0.000767s ]
[2024-08-13T15:55:33+08:00][sql] SELECT COUNT(*) AS think_count FROM `qing_cart` WHERE  `user_id` IS NULL [ RunTime:0.000230s ]
[2024-08-13T15:55:33+08:00][sql] CONNECT:[ UseTime:0.001220s ] mysql:host=127.0.0.1;port=3306;dbname=code0921;charset=utf8
[2024-08-13T15:55:33+08:00][sql] SHOW FULL COLUMNS FROM `qing_config` [ RunTime:0.001032s ]
[2024-08-13T15:55:33+08:00][sql] SELECT `value` FROM `qing_config` [ RunTime:0.000248s ]
[2024-08-13T15:55:33+08:00][sql] SHOW FULL COLUMNS FROM `qing_search` [ RunTime:0.000621s ]
[2024-08-13T15:55:33+08:00][sql] SELECT * FROM `qing_search` ORDER BY `id` DESC LIMIT 10 [ RunTime:0.000264s ]
[2024-08-13T15:55:33+08:00][sql] SHOW FULL COLUMNS FROM `qing_cart` [ RunTime:0.000662s ]
[2024-08-13T15:55:33+08:00][sql] SELECT COUNT(*) AS think_count FROM `qing_cart` WHERE  `user_id` IS NULL [ RunTime:0.000213s ]
[2024-08-13T15:55:33+08:00][error] [8]未定义数组索引: username
[2024-08-13T15:55:59+08:00][sql] CONNECT:[ UseTime:0.001070s ] mysql:host=127.0.0.1;port=3306;dbname=code0921;charset=utf8
[2024-08-13T15:55:59+08:00][sql] SHOW FULL COLUMNS FROM `qing_config` [ RunTime:0.001148s ]
[2024-08-13T15:55:59+08:00][sql] SELECT `value` FROM `qing_config` [ RunTime:0.000414s ]
[2024-08-13T15:55:59+08:00][sql] SHOW FULL COLUMNS FROM `qing_search` [ RunTime:0.001046s ]
[2024-08-13T15:55:59+08:00][sql] SELECT * FROM `qing_search` ORDER BY `id` DESC LIMIT 10 [ RunTime:0.000329s ]
[2024-08-13T15:55:59+08:00][sql] SHOW FULL COLUMNS FROM `qing_cart` [ RunTime:0.000728s ]
[2024-08-13T15:55:59+08:00][sql] SELECT COUNT(*) AS think_count FROM `qing_cart` WHERE  `user_id` IS NULL [ RunTime:0.000206s ]
[2024-08-13T15:56:00+08:00][sql] CONNECT:[ UseTime:0.001095s ] mysql:host=127.0.0.1;port=3306;dbname=code0921;charset=utf8
[2024-08-13T15:56:00+08:00][sql] SHOW FULL COLUMNS FROM `qing_config` [ RunTime:0.001225s ]
[2024-08-13T15:56:00+08:00][sql] SELECT `value` FROM `qing_config` [ RunTime:0.000251s ]
[2024-08-13T15:56:00+08:00][sql] SHOW FULL COLUMNS FROM `qing_search` [ RunTime:0.000828s ]
[2024-08-13T15:56:00+08:00][sql] SELECT * FROM `qing_search` ORDER BY `id` DESC LIMIT 10 [ RunTime:0.000239s ]
[2024-08-13T15:56:00+08:00][sql] SHOW FULL COLUMNS FROM `qing_cart` [ RunTime:0.000640s ]
[2024-08-13T15:56:00+08:00][sql] SELECT COUNT(*) AS think_count FROM `qing_cart` WHERE  `user_id` IS NULL [ RunTime:0.000187s ]
[2024-08-13T15:56:00+08:00][error] [8]未定义数组索引: username
[2024-08-13T15:56:10+08:00][sql] CONNECT:[ UseTime:0.001127s ] mysql:host=127.0.0.1;port=3306;dbname=code0921;charset=utf8
[2024-08-13T15:56:10+08:00][sql] SHOW FULL COLUMNS FROM `qing_config` [ RunTime:0.000982s ]
[2024-08-13T15:56:10+08:00][sql] SELECT `value` FROM `qing_config` [ RunTime:0.001397s ]
[2024-08-13T15:56:10+08:00][sql] SHOW FULL COLUMNS FROM `qing_search` [ RunTime:0.001138s ]
[2024-08-13T15:56:10+08:00][sql] SELECT * FROM `qing_search` ORDER BY `id` DESC LIMIT 10 [ RunTime:0.000530s ]
[2024-08-13T15:56:10+08:00][sql] SHOW FULL COLUMNS FROM `qing_cart` [ RunTime:0.001069s ]
[2024-08-13T15:56:10+08:00][sql] SELECT COUNT(*) AS think_count FROM `qing_cart` WHERE  `user_id` IS NULL [ RunTime:0.000246s ]
[2024-08-13T15:56:10+08:00][sql] SHOW FULL COLUMNS FROM `qing_user` [ RunTime:0.001354s ]
[2024-08-13T15:56:10+08:00][sql] SELECT * FROM `qing_user` WHERE  `username` = 'admin@gmail.com' LIMIT 1 [ RunTime:0.000708s ]
[2024-08-13T15:56:10+08:00][sql] UPDATE `qing_user`  SET `last_login_time` = 1723535770  WHERE  `id` = 39 [ RunTime:0.003436s ]
[2024-08-13T15:56:20+08:00][sql] CONNECT:[ UseTime:0.001596s ] mysql:host=127.0.0.1;port=3306;dbname=code0921;charset=utf8
[2024-08-13T15:56:20+08:00][sql] SHOW FULL COLUMNS FROM `qing_config` [ RunTime:0.000945s ]
[2024-08-13T15:56:20+08:00][sql] SELECT `value` FROM `qing_config` [ RunTime:0.000447s ]
[2024-08-13T15:56:20+08:00][sql] SHOW FULL COLUMNS FROM `qing_search` [ RunTime:0.000821s ]
[2024-08-13T15:56:20+08:00][sql] SELECT * FROM `qing_search` ORDER BY `id` DESC LIMIT 10 [ RunTime:0.000258s ]
[2024-08-13T15:56:20+08:00][sql] SHOW FULL COLUMNS FROM `qing_cart` [ RunTime:0.000664s ]
[2024-08-13T15:56:20+08:00][sql] SELECT COUNT(*) AS think_count FROM `qing_cart` WHERE  `user_id` = 39 [ RunTime:0.000339s ]
[2024-08-13T15:56:20+08:00][sql] SHOW FULL COLUMNS FROM `qing_address` [ RunTime:0.001752s ]
[2024-08-13T15:56:20+08:00][sql] INSERT INTO `qing_address` SET `shou_name` = '王五' , `shou_address` = '山东青岛沙滩村' , `shou_mobile` = '13433226868' , `province` = '山东省' , `city` = '青岛市' , `district` = '沙滩村' , `user_id` = 39 , `create_at` = 1723535780 , `update_at` = 1723535780 [ RunTime:0.001055s ]
[2024-08-13T15:56:58+08:00][sql] CONNECT:[ UseTime:0.000994s ] mysql:host=127.0.0.1;port=3306;dbname=code0921;charset=utf8
[2024-08-13T15:56:58+08:00][sql] SHOW FULL COLUMNS FROM `qing_config` [ RunTime:0.001036s ]
[2024-08-13T15:56:58+08:00][sql] SELECT `value` FROM `qing_config` [ RunTime:0.000247s ]
[2024-08-13T15:56:58+08:00][sql] SHOW FULL COLUMNS FROM `qing_search` [ RunTime:0.000766s ]
[2024-08-13T15:56:58+08:00][sql] SELECT * FROM `qing_search` ORDER BY `id` DESC LIMIT 10 [ RunTime:0.000254s ]
[2024-08-13T15:56:58+08:00][sql] SHOW FULL COLUMNS FROM `qing_cart` [ RunTime:0.000590s ]
[2024-08-13T15:56:58+08:00][sql] SELECT COUNT(*) AS think_count FROM `qing_cart` WHERE  `user_id` = 39 [ RunTime:0.000250s ]
[2024-08-13T16:01:42+08:00][sql] CONNECT:[ UseTime:0.001992s ] mysql:host=127.0.0.1;port=3306;dbname=code0921;charset=utf8
[2024-08-13T16:01:42+08:00][sql] SHOW FULL COLUMNS FROM `qing_config` [ RunTime:0.001130s ]
[2024-08-13T16:01:42+08:00][sql] SELECT `value` FROM `qing_config` [ RunTime:0.000289s ]
[2024-08-13T16:01:42+08:00][sql] SHOW FULL COLUMNS FROM `qing_search` [ RunTime:0.000656s ]
[2024-08-13T16:01:42+08:00][sql] SELECT * FROM `qing_search` ORDER BY `id` DESC LIMIT 10 [ RunTime:0.000249s ]
[2024-08-13T16:01:42+08:00][sql] SHOW FULL COLUMNS FROM `qing_cart` [ RunTime:0.000548s ]
[2024-08-13T16:01:42+08:00][sql] SELECT COUNT(*) AS think_count FROM `qing_cart` WHERE  `user_id` = 39 [ RunTime:0.000335s ]
[2024-08-13T16:05:03+08:00][sql] CONNECT:[ UseTime:0.010559s ] mysql:host=127.0.0.1;port=3306;dbname=code0921;charset=utf8
[2024-08-13T16:05:03+08:00][sql] SHOW FULL COLUMNS FROM `qing_config` [ RunTime:0.001068s ]
[2024-08-13T16:05:03+08:00][sql] SELECT `value` FROM `qing_config` [ RunTime:0.000264s ]
[2024-08-13T16:05:03+08:00][sql] SHOW FULL COLUMNS FROM `qing_search` [ RunTime:0.000828s ]
[2024-08-13T16:05:03+08:00][sql] SELECT * FROM `qing_search` ORDER BY `id` DESC LIMIT 10 [ RunTime:0.000305s ]
[2024-08-13T16:05:03+08:00][sql] SHOW FULL COLUMNS FROM `qing_cart` [ RunTime:0.000757s ]
[2024-08-13T16:05:03+08:00][sql] SELECT COUNT(*) AS think_count FROM `qing_cart` WHERE  `user_id` = 39 [ RunTime:0.000438s ]
[2024-08-13T16:08:01+08:00][sql] CONNECT:[ UseTime:0.010583s ] mysql:host=127.0.0.1;port=3306;dbname=code0921;charset=utf8
[2024-08-13T16:08:01+08:00][sql] SHOW FULL COLUMNS FROM `qing_config` [ RunTime:0.002120s ]
[2024-08-13T16:08:01+08:00][sql] SELECT `value` FROM `qing_config` [ RunTime:0.000235s ]
[2024-08-13T16:08:01+08:00][sql] SHOW FULL COLUMNS FROM `qing_search` [ RunTime:0.000827s ]
[2024-08-13T16:08:01+08:00][sql] SELECT * FROM `qing_search` ORDER BY `id` DESC LIMIT 10 [ RunTime:0.000389s ]
[2024-08-13T16:08:01+08:00][sql] SHOW FULL COLUMNS FROM `qing_cart` [ RunTime:0.000846s ]
[2024-08-13T16:08:01+08:00][sql] SELECT COUNT(*) AS think_count FROM `qing_cart` WHERE  `user_id` = 39 [ RunTime:0.000302s ]
[2024-08-13T16:10:03+08:00][sql] CONNECT:[ UseTime:0.000924s ] mysql:host=127.0.0.1;port=3306;dbname=code0921;charset=utf8
[2024-08-13T16:10:03+08:00][sql] SHOW FULL COLUMNS FROM `qing_config` [ RunTime:0.001009s ]
[2024-08-13T16:10:03+08:00][sql] SELECT `value` FROM `qing_config` [ RunTime:0.000349s ]
[2024-08-13T16:10:03+08:00][sql] SHOW FULL COLUMNS FROM `qing_search` [ RunTime:0.000759s ]
[2024-08-13T16:10:03+08:00][sql] SELECT * FROM `qing_search` ORDER BY `id` DESC LIMIT 10 [ RunTime:0.000245s ]
[2024-08-13T16:10:03+08:00][sql] SHOW FULL COLUMNS FROM `qing_cart` [ RunTime:0.000634s ]
[2024-08-13T16:10:03+08:00][sql] SELECT COUNT(*) AS think_count FROM `qing_cart` WHERE  `user_id` = 39 [ RunTime:0.000315s ]
[2024-08-13T16:40:02+08:00][sql] CONNECT:[ UseTime:0.001265s ] mysql:host=127.0.0.1;port=3306;dbname=code0921;charset=utf8
[2024-08-13T16:40:02+08:00][sql] SHOW FULL COLUMNS FROM `qing_config` [ RunTime:0.001230s ]
[2024-08-13T16:40:02+08:00][sql] SELECT `value` FROM `qing_config` [ RunTime:0.000265s ]
[2024-08-13T16:40:02+08:00][sql] SHOW FULL COLUMNS FROM `qing_search` [ RunTime:0.000731s ]
[2024-08-13T16:40:02+08:00][sql] SELECT * FROM `qing_search` ORDER BY `id` DESC LIMIT 10 [ RunTime:0.000264s ]
[2024-08-13T16:40:02+08:00][sql] SHOW FULL COLUMNS FROM `qing_cart` [ RunTime:0.001248s ]
[2024-08-13T16:40:02+08:00][sql] SELECT COUNT(*) AS think_count FROM `qing_cart` WHERE  `user_id` = 39 [ RunTime:0.000464s ]
[2024-08-13T16:40:11+08:00][sql] CONNECT:[ UseTime:0.001006s ] mysql:host=127.0.0.1;port=3306;dbname=code0921;charset=utf8
[2024-08-13T16:40:11+08:00][sql] SHOW FULL COLUMNS FROM `qing_config` [ RunTime:0.001607s ]
[2024-08-13T16:40:11+08:00][sql] SELECT `value` FROM `qing_config` [ RunTime:0.000311s ]
[2024-08-13T16:40:11+08:00][sql] SHOW FULL COLUMNS FROM `qing_search` [ RunTime:0.000800s ]
[2024-08-13T16:40:11+08:00][sql] SELECT * FROM `qing_search` ORDER BY `id` DESC LIMIT 10 [ RunTime:0.000298s ]
[2024-08-13T16:40:11+08:00][sql] SHOW FULL COLUMNS FROM `qing_cart` [ RunTime:0.000627s ]
[2024-08-13T16:40:11+08:00][sql] SELECT COUNT(*) AS think_count FROM `qing_cart` WHERE  `user_id` = 39 [ RunTime:0.000335s ]
[2024-08-13T16:40:13+08:00][sql] CONNECT:[ UseTime:0.000904s ] mysql:host=127.0.0.1;port=3306;dbname=code0921;charset=utf8
[2024-08-13T16:40:13+08:00][sql] SHOW FULL COLUMNS FROM `qing_config` [ RunTime:0.000781s ]
[2024-08-13T16:40:13+08:00][sql] SELECT `value` FROM `qing_config` [ RunTime:0.000231s ]
[2024-08-13T16:40:13+08:00][sql] SHOW FULL COLUMNS FROM `qing_search` [ RunTime:0.001031s ]
[2024-08-13T16:40:13+08:00][sql] SELECT * FROM `qing_search` ORDER BY `id` DESC LIMIT 10 [ RunTime:0.000253s ]
[2024-08-13T16:40:13+08:00][sql] SHOW FULL COLUMNS FROM `qing_cart` [ RunTime:0.000593s ]
[2024-08-13T16:40:13+08:00][sql] SELECT COUNT(*) AS think_count FROM `qing_cart` WHERE  `user_id` = 39 [ RunTime:0.000230s ]
[2024-08-13T16:41:19+08:00][sql] CONNECT:[ UseTime:0.000974s ] mysql:host=127.0.0.1;port=3306;dbname=code0921;charset=utf8
[2024-08-13T16:41:19+08:00][sql] SHOW FULL COLUMNS FROM `qing_config` [ RunTime:0.002516s ]
[2024-08-13T16:41:19+08:00][sql] SELECT `value` FROM `qing_config` [ RunTime:0.000254s ]
[2024-08-13T16:41:19+08:00][sql] SHOW FULL COLUMNS FROM `qing_search` [ RunTime:0.000804s ]
[2024-08-13T16:41:19+08:00][sql] SELECT * FROM `qing_search` ORDER BY `id` DESC LIMIT 10 [ RunTime:0.000352s ]
[2024-08-13T16:41:19+08:00][sql] SHOW FULL COLUMNS FROM `qing_cart` [ RunTime:0.000712s ]
[2024-08-13T16:41:19+08:00][sql] SELECT COUNT(*) AS think_count FROM `qing_cart` WHERE  `user_id` = 39 [ RunTime:0.000287s ]
[2024-08-13T16:41:19+08:00][sql] SHOW FULL COLUMNS FROM `qing_address` [ RunTime:0.003750s ]
[2024-08-13T16:41:19+08:00][sql] SELECT * FROM `qing_address` WHERE  `user_id` = 39 ORDER BY `id` DESC LIMIT 3 [ RunTime:0.000857s ]
[2024-08-13T16:51:56+08:00][sql] CONNECT:[ UseTime:0.010814s ] mysql:host=127.0.0.1;port=3306;dbname=code0921;charset=utf8
[2024-08-13T16:51:56+08:00][sql] SHOW FULL COLUMNS FROM `qing_config` [ RunTime:0.001132s ]
[2024-08-13T16:51:56+08:00][sql] SELECT `value` FROM `qing_config` [ RunTime:0.000236s ]
[2024-08-13T16:51:56+08:00][sql] SHOW FULL COLUMNS FROM `qing_search` [ RunTime:0.000588s ]
[2024-08-13T16:51:56+08:00][sql] SELECT * FROM `qing_search` ORDER BY `id` DESC LIMIT 10 [ RunTime:0.000262s ]
[2024-08-13T16:51:56+08:00][sql] SHOW FULL COLUMNS FROM `qing_cart` [ RunTime:0.000798s ]
[2024-08-13T16:51:56+08:00][sql] SELECT COUNT(*) AS think_count FROM `qing_cart` WHERE  `user_id` = 39 [ RunTime:0.000456s ]
[2024-08-13T16:51:56+08:00][sql] SHOW FULL COLUMNS FROM `qing_address` [ RunTime:0.002435s ]
[2024-08-13T16:51:56+08:00][sql] UPDATE `qing_address`  SET `id` = 9 , `shou_name` = '老刘' , `shou_address` = '山东青岛市' , `shou_mobile` = '13555112828' , `province` = '山东省' , `city` = '青岛市' , `district` = '沙滩村'  WHERE  `id` = 9  AND `user_id` = 39 [ RunTime:0.000485s ]
[2024-08-13T16:52:20+08:00][sql] CONNECT:[ UseTime:0.001205s ] mysql:host=127.0.0.1;port=3306;dbname=code0921;charset=utf8
[2024-08-13T16:52:20+08:00][sql] SHOW FULL COLUMNS FROM `qing_config` [ RunTime:0.001958s ]
[2024-08-13T16:52:20+08:00][sql] SELECT `value` FROM `qing_config` [ RunTime:0.000254s ]
[2024-08-13T16:52:20+08:00][sql] SHOW FULL COLUMNS FROM `qing_search` [ RunTime:0.000741s ]
[2024-08-13T16:52:20+08:00][sql] SELECT * FROM `qing_search` ORDER BY `id` DESC LIMIT 10 [ RunTime:0.000358s ]
[2024-08-13T16:52:20+08:00][sql] SHOW FULL COLUMNS FROM `qing_cart` [ RunTime:0.000732s ]
[2024-08-13T16:52:20+08:00][sql] SELECT COUNT(*) AS think_count FROM `qing_cart` WHERE  `user_id` = 39 [ RunTime:0.000257s ]
[2024-08-13T16:52:20+08:00][sql] SHOW FULL COLUMNS FROM `qing_address` [ RunTime:0.000789s ]
[2024-08-13T16:52:20+08:00][sql] UPDATE `qing_address`  SET `id` = 9 , `shou_name` = '老刘' , `shou_address` = '山东青岛市' , `shou_mobile` = '13555112828' , `province` = '' , `city` = '青岛市' , `district` = '沙滩村'  WHERE  `id` = 9  AND `user_id` = 39 [ RunTime:0.000372s ]
[2024-08-13T16:52:46+08:00][sql] CONNECT:[ UseTime:0.001065s ] mysql:host=127.0.0.1;port=3306;dbname=code0921;charset=utf8
[2024-08-13T16:52:46+08:00][sql] SHOW FULL COLUMNS FROM `qing_config` [ RunTime:0.000945s ]
[2024-08-13T16:52:46+08:00][sql] SELECT `value` FROM `qing_config` [ RunTime:0.000237s ]
[2024-08-13T16:52:46+08:00][sql] SHOW FULL COLUMNS FROM `qing_search` [ RunTime:0.000699s ]
[2024-08-13T16:52:46+08:00][sql] SELECT * FROM `qing_search` ORDER BY `id` DESC LIMIT 10 [ RunTime:0.000331s ]
[2024-08-13T16:52:46+08:00][sql] SHOW FULL COLUMNS FROM `qing_cart` [ RunTime:0.000673s ]
[2024-08-13T16:52:46+08:00][sql] SELECT COUNT(*) AS think_count FROM `qing_cart` WHERE  `user_id` = 39 [ RunTime:0.000260s ]
[2024-08-13T16:57:10+08:00][sql] CONNECT:[ UseTime:0.001138s ] mysql:host=127.0.0.1;port=3306;dbname=code0921;charset=utf8
[2024-08-13T16:57:10+08:00][sql] SHOW FULL COLUMNS FROM `qing_config` [ RunTime:0.000978s ]
[2024-08-13T16:57:10+08:00][sql] SELECT `value` FROM `qing_config` [ RunTime:0.000234s ]
[2024-08-13T16:57:10+08:00][sql] SHOW FULL COLUMNS FROM `qing_search` [ RunTime:0.000704s ]
[2024-08-13T16:57:10+08:00][sql] SELECT * FROM `qing_search` ORDER BY `id` DESC LIMIT 10 [ RunTime:0.000281s ]
[2024-08-13T16:57:10+08:00][sql] SHOW FULL COLUMNS FROM `qing_cart` [ RunTime:0.000572s ]
[2024-08-13T16:57:10+08:00][sql] SELECT COUNT(*) AS think_count FROM `qing_cart` WHERE  `user_id` = 39 [ RunTime:0.000239s ]
[2024-08-13T16:57:23+08:00][sql] CONNECT:[ UseTime:0.000911s ] mysql:host=127.0.0.1;port=3306;dbname=code0921;charset=utf8
[2024-08-13T16:57:23+08:00][sql] SHOW FULL COLUMNS FROM `qing_config` [ RunTime:0.000843s ]
[2024-08-13T16:57:23+08:00][sql] SELECT `value` FROM `qing_config` [ RunTime:0.000310s ]
[2024-08-13T16:57:23+08:00][sql] SHOW FULL COLUMNS FROM `qing_search` [ RunTime:0.000688s ]
[2024-08-13T16:57:23+08:00][sql] SELECT * FROM `qing_search` ORDER BY `id` DESC LIMIT 10 [ RunTime:0.000231s ]
[2024-08-13T16:57:23+08:00][sql] SHOW FULL COLUMNS FROM `qing_cart` [ RunTime:0.000562s ]
[2024-08-13T16:57:23+08:00][sql] SELECT COUNT(*) AS think_count FROM `qing_cart` WHERE  `user_id` = 39 [ RunTime:0.000231s ]
[2024-08-13T16:57:23+08:00][sql] SHOW FULL COLUMNS FROM `qing_address` [ RunTime:0.002178s ]
[2024-08-13T16:57:23+08:00][sql] UPDATE `qing_address`  SET `id` = 9 , `shou_name` = '老刘' , `shou_address` = '山东青岛市' , `shou_mobile` = '13433552828' , `province` = '' , `city` = '青岛市' , `district` = '沙滩村'  WHERE  `id` = 9  AND `user_id` = 39 [ RunTime:0.000536s ]
[2024-08-13T16:59:35+08:00][sql] CONNECT:[ UseTime:0.001738s ] mysql:host=127.0.0.1;port=3306;dbname=code0921;charset=utf8
[2024-08-13T16:59:35+08:00][sql] SHOW FULL COLUMNS FROM `qing_config` [ RunTime:0.001190s ]
[2024-08-13T16:59:35+08:00][sql] SELECT `value` FROM `qing_config` [ RunTime:0.000253s ]
[2024-08-13T16:59:35+08:00][sql] SHOW FULL COLUMNS FROM `qing_search` [ RunTime:0.000632s ]
[2024-08-13T16:59:35+08:00][sql] SELECT * FROM `qing_search` ORDER BY `id` DESC LIMIT 10 [ RunTime:0.000238s ]
[2024-08-13T16:59:35+08:00][sql] SHOW FULL COLUMNS FROM `qing_cart` [ RunTime:0.000556s ]
[2024-08-13T16:59:35+08:00][sql] SELECT COUNT(*) AS think_count FROM `qing_cart` WHERE  `user_id` = 39 [ RunTime:0.000266s ]
[2024-08-13T17:00:16+08:00][sql] CONNECT:[ UseTime:0.001254s ] mysql:host=127.0.0.1;port=3306;dbname=code0921;charset=utf8
[2024-08-13T17:00:16+08:00][sql] SHOW FULL COLUMNS FROM `qing_config` [ RunTime:0.000935s ]
[2024-08-13T17:00:16+08:00][sql] SELECT `value` FROM `qing_config` [ RunTime:0.000341s ]
[2024-08-13T17:00:16+08:00][sql] SHOW FULL COLUMNS FROM `qing_search` [ RunTime:0.001063s ]
[2024-08-13T17:00:16+08:00][sql] SELECT * FROM `qing_search` ORDER BY `id` DESC LIMIT 10 [ RunTime:0.000329s ]
[2024-08-13T17:00:16+08:00][sql] SHOW FULL COLUMNS FROM `qing_cart` [ RunTime:0.000715s ]
[2024-08-13T17:00:16+08:00][sql] SELECT COUNT(*) AS think_count FROM `qing_cart` WHERE  `user_id` = 39 [ RunTime:0.000241s ]
[2024-08-13T17:00:30+08:00][sql] CONNECT:[ UseTime:0.001767s ] mysql:host=127.0.0.1;port=3306;dbname=code0921;charset=utf8
[2024-08-13T17:00:30+08:00][sql] SHOW FULL COLUMNS FROM `qing_config` [ RunTime:0.000946s ]
[2024-08-13T17:00:30+08:00][sql] SELECT `value` FROM `qing_config` [ RunTime:0.000330s ]
[2024-08-13T17:00:30+08:00][sql] SHOW FULL COLUMNS FROM `qing_search` [ RunTime:0.000751s ]
[2024-08-13T17:00:30+08:00][sql] SELECT * FROM `qing_search` ORDER BY `id` DESC LIMIT 10 [ RunTime:0.000262s ]
[2024-08-13T17:00:30+08:00][sql] SHOW FULL COLUMNS FROM `qing_cart` [ RunTime:0.000605s ]
[2024-08-13T17:00:30+08:00][sql] SELECT COUNT(*) AS think_count FROM `qing_cart` WHERE  `user_id` = 39 [ RunTime:0.000257s ]
[2024-08-13T17:00:37+08:00][sql] CONNECT:[ UseTime:0.001006s ] mysql:host=127.0.0.1;port=3306;dbname=code0921;charset=utf8
[2024-08-13T17:00:37+08:00][sql] SHOW FULL COLUMNS FROM `qing_config` [ RunTime:0.000775s ]
[2024-08-13T17:00:37+08:00][sql] SELECT `value` FROM `qing_config` [ RunTime:0.000222s ]
[2024-08-13T17:00:37+08:00][sql] SHOW FULL COLUMNS FROM `qing_search` [ RunTime:0.000798s ]
[2024-08-13T17:00:37+08:00][sql] SELECT * FROM `qing_search` ORDER BY `id` DESC LIMIT 10 [ RunTime:0.000281s ]
[2024-08-13T17:00:37+08:00][sql] SHOW FULL COLUMNS FROM `qing_cart` [ RunTime:0.000597s ]
[2024-08-13T17:00:37+08:00][sql] SELECT COUNT(*) AS think_count FROM `qing_cart` WHERE  `user_id` = 39 [ RunTime:0.000281s ]
[2024-08-13T17:00:37+08:00][sql] SHOW FULL COLUMNS FROM `qing_address` [ RunTime:0.000688s ]
[2024-08-13T17:00:37+08:00][sql] UPDATE `qing_address`  SET `id` = 9 , `shou_name` = '老刘' , `shou_address` = '山东青岛市' , `shou_mobile` = '13433552828' , `province` = '山东省' , `city` = '青岛市' , `district` = '沙滩村'  WHERE  `id` = 9  AND `user_id` = 39 [ RunTime:0.000361s ]
[2024-08-13T17:01:19+08:00][sql] CONNECT:[ UseTime:0.000901s ] mysql:host=127.0.0.1;port=3306;dbname=code0921;charset=utf8
[2024-08-13T17:01:19+08:00][sql] SHOW FULL COLUMNS FROM `qing_config` [ RunTime:0.000784s ]
[2024-08-13T17:01:19+08:00][sql] SELECT `value` FROM `qing_config` [ RunTime:0.000213s ]
[2024-08-13T17:01:19+08:00][sql] SHOW FULL COLUMNS FROM `qing_search` [ RunTime:0.000583s ]
[2024-08-13T17:01:19+08:00][sql] SELECT * FROM `qing_search` ORDER BY `id` DESC LIMIT 10 [ RunTime:0.000217s ]
[2024-08-13T17:01:19+08:00][sql] SHOW FULL COLUMNS FROM `qing_cart` [ RunTime:0.000549s ]
[2024-08-13T17:01:19+08:00][sql] SELECT COUNT(*) AS think_count FROM `qing_cart` WHERE  `user_id` = 39 [ RunTime:0.000218s ]
[2024-08-13T17:01:19+08:00][sql] SHOW FULL COLUMNS FROM `qing_address` [ RunTime:0.000674s ]
[2024-08-13T17:01:19+08:00][sql] DELETE FROM `qing_address` WHERE  `id` IS NULL [ RunTime:0.000197s ]
[2024-08-13T17:01:31+08:00][sql] CONNECT:[ UseTime:0.000978s ] mysql:host=127.0.0.1;port=3306;dbname=code0921;charset=utf8
[2024-08-13T17:01:31+08:00][sql] SHOW FULL COLUMNS FROM `qing_config` [ RunTime:0.000833s ]
[2024-08-13T17:01:31+08:00][sql] SELECT `value` FROM `qing_config` [ RunTime:0.000217s ]
[2024-08-13T17:01:31+08:00][sql] SHOW FULL COLUMNS FROM `qing_search` [ RunTime:0.001271s ]
[2024-08-13T17:01:31+08:00][sql] SELECT * FROM `qing_search` ORDER BY `id` DESC LIMIT 10 [ RunTime:0.000345s ]
[2024-08-13T17:01:31+08:00][sql] SHOW FULL COLUMNS FROM `qing_cart` [ RunTime:0.000680s ]
[2024-08-13T17:01:31+08:00][sql] SELECT COUNT(*) AS think_count FROM `qing_cart` WHERE  `user_id` = 39 [ RunTime:0.000266s ]
[2024-08-13T17:01:31+08:00][sql] SHOW FULL COLUMNS FROM `qing_address` [ RunTime:0.000863s ]
[2024-08-13T17:01:31+08:00][sql] DELETE FROM `qing_address` WHERE  `id` = 9 [ RunTime:0.000384s ]
[2024-08-13T18:44:10+08:00][sql] CONNECT:[ UseTime:0.003056s ] mysql:host=127.0.0.1;port=3306;dbname=code0921;charset=utf8
[2024-08-13T18:44:10+08:00][sql] SHOW FULL COLUMNS FROM `qing_config` [ RunTime:0.004176s ]
[2024-08-13T18:44:10+08:00][sql] SELECT `value` FROM `qing_config` [ RunTime:0.000552s ]
[2024-08-13T18:44:10+08:00][sql] SHOW FULL COLUMNS FROM `qing_search` [ RunTime:0.000819s ]
[2024-08-13T18:44:10+08:00][sql] SELECT * FROM `qing_search` ORDER BY `id` DESC LIMIT 10 [ RunTime:0.000461s ]
[2024-08-13T18:44:10+08:00][sql] SHOW FULL COLUMNS FROM `qing_cart` [ RunTime:0.000763s ]
[2024-08-13T18:44:10+08:00][sql] SELECT COUNT(*) AS think_count FROM `qing_cart` WHERE  `user_id` IS NULL [ RunTime:0.000201s ]
[2024-08-13T18:44:10+08:00][sql] SHOW FULL COLUMNS FROM `qing_user` [ RunTime:0.001013s ]
[2024-08-13T18:44:10+08:00][sql] SELECT * FROM `qing_user` WHERE  `username` = 'admin@gmail.com' LIMIT 1 [ RunTime:0.000803s ]
[2024-08-13T18:44:10+08:00][sql] UPDATE `qing_user`  SET `last_login_time` = 1723545850  WHERE  `id` = 39 [ RunTime:0.002782s ]
[2024-08-13T18:49:16+08:00][sql] CONNECT:[ UseTime:0.001637s ] mysql:host=127.0.0.1;port=3306;dbname=code0921;charset=utf8
[2024-08-13T18:49:16+08:00][sql] SHOW FULL COLUMNS FROM `qing_config` [ RunTime:0.001425s ]
[2024-08-13T18:49:16+08:00][sql] SELECT `value` FROM `qing_config` [ RunTime:0.000287s ]
[2024-08-13T18:49:16+08:00][sql] SHOW FULL COLUMNS FROM `qing_search` [ RunTime:0.000888s ]
[2024-08-13T18:49:16+08:00][sql] SELECT * FROM `qing_search` ORDER BY `id` DESC LIMIT 10 [ RunTime:0.001554s ]
[2024-08-13T18:49:16+08:00][sql] SHOW FULL COLUMNS FROM `qing_cart` [ RunTime:0.000752s ]
[2024-08-13T18:49:16+08:00][sql] SELECT COUNT(*) AS think_count FROM `qing_cart` WHERE  `user_id` = 39 [ RunTime:0.000363s ]
[2024-08-13T18:49:16+08:00][sql] SELECT * FROM `qing_cart` WHERE  `user_id` = 39 ORDER BY `id` DESC [ RunTime:0.000284s ]
