[2024-09-02T15:53:52+08:00][sql] CONNECT:[ UseTime:0.001256s ] mysql:host=127.0.0.1;port=3306;dbname=code0921;charset=utf8
[2024-09-02T15:53:52+08:00][sql] SHOW FULL COLUMNS FROM `qing_config` [ RunTime:0.003185s ]
[2024-09-02T15:53:52+08:00][sql] SELECT `value` FROM `qing_config` [ RunTime:0.000408s ]
[2024-09-02T15:53:52+08:00][sql] SHOW FULL COLUMNS FROM `qing_search` [ RunTime:0.001962s ]
[2024-09-02T15:53:52+08:00][sql] SELECT * FROM `qing_search` ORDER BY `id` DESC LIMIT 10 [ RunTime:0.000427s ]
[2024-09-02T15:53:52+08:00][sql] SHOW FULL COLUMNS FROM `qing_cart` [ RunTime:0.001782s ]
[2024-09-02T15:53:52+08:00][sql] SELECT COUNT(*) AS think_count FROM `qing_cart` WHERE  `user_id` IS NULL LIMIT 1 [ RunTime:0.000299s ]
[2024-09-02T15:53:52+08:00][sql] SHOW FULL COLUMNS FROM `qing_user` [ RunTime:0.008209s ]
[2024-09-02T15:53:52+08:00][sql] SELECT * FROM `qing_user` WHERE  `username` = 'admin@gmail.com' LIMIT 1 [ RunTime:0.001268s ]
[2024-09-02T15:53:52+08:00][sql] UPDATE `qing_user`  SET `last_login_time` = 1725263632  WHERE  `id` = 47 [ RunTime:0.002588s ]
[2024-09-02T15:54:07+08:00][sql] CONNECT:[ UseTime:0.000982s ] mysql:host=127.0.0.1;port=3306;dbname=code0921;charset=utf8
[2024-09-02T15:54:07+08:00][sql] SHOW FULL COLUMNS FROM `qing_config` [ RunTime:0.000954s ]
[2024-09-02T15:54:07+08:00][sql] SELECT `value` FROM `qing_config` [ RunTime:0.000220s ]
[2024-09-02T15:54:07+08:00][sql] SHOW FULL COLUMNS FROM `qing_search` [ RunTime:0.000824s ]
[2024-09-02T15:54:07+08:00][sql] SELECT * FROM `qing_search` ORDER BY `id` DESC LIMIT 10 [ RunTime:0.000229s ]
[2024-09-02T15:54:07+08:00][sql] SHOW FULL COLUMNS FROM `qing_cart` [ RunTime:0.000753s ]
[2024-09-02T15:54:07+08:00][sql] SELECT COUNT(*) AS think_count FROM `qing_cart` WHERE  `user_id` = 47 LIMIT 1 [ RunTime:0.000284s ]
[2024-09-02T15:54:07+08:00][error] [8]未定义数组索引: name
[2024-09-02T15:54:58+08:00][sql] CONNECT:[ UseTime:0.001753s ] mysql:host=127.0.0.1;port=3306;dbname=code0921;charset=utf8
[2024-09-02T15:54:58+08:00][sql] SHOW FULL COLUMNS FROM `qing_config` [ RunTime:0.001053s ]
[2024-09-02T15:54:58+08:00][sql] SELECT `value` FROM `qing_config` [ RunTime:0.000226s ]
[2024-09-02T15:54:58+08:00][sql] SHOW FULL COLUMNS FROM `qing_search` [ RunTime:0.000822s ]
[2024-09-02T15:54:58+08:00][sql] SELECT * FROM `qing_search` ORDER BY `id` DESC LIMIT 10 [ RunTime:0.000247s ]
[2024-09-02T15:54:58+08:00][sql] SHOW FULL COLUMNS FROM `qing_cart` [ RunTime:0.000903s ]
[2024-09-02T15:54:58+08:00][sql] SELECT COUNT(*) AS think_count FROM `qing_cart` WHERE  `user_id` = 47 LIMIT 1 [ RunTime:0.000256s ]
[2024-09-02T15:54:58+08:00][sql] SHOW FULL COLUMNS FROM `qing_address` [ RunTime:0.000818s ]
[2024-09-02T15:54:58+08:00][sql] SELECT * FROM `qing_address` WHERE  `user_id` = 47 ORDER BY `id` DESC LIMIT 3 [ RunTime:0.000351s ]
[2024-09-02T15:58:58+08:00][sql] CONNECT:[ UseTime:0.001138s ] mysql:host=127.0.0.1;port=3306;dbname=code0921;charset=utf8
[2024-09-02T15:58:58+08:00][sql] SHOW FULL COLUMNS FROM `qing_config` [ RunTime:0.001123s ]
[2024-09-02T15:58:58+08:00][sql] SELECT `value` FROM `qing_config` [ RunTime:0.000243s ]
[2024-09-02T15:58:58+08:00][sql] SHOW FULL COLUMNS FROM `qing_search` [ RunTime:0.000813s ]
[2024-09-02T15:58:58+08:00][sql] SELECT * FROM `qing_search` ORDER BY `id` DESC LIMIT 10 [ RunTime:0.000233s ]
[2024-09-02T15:58:58+08:00][sql] SHOW FULL COLUMNS FROM `qing_cart` [ RunTime:0.000845s ]
[2024-09-02T15:58:58+08:00][sql] SELECT COUNT(*) AS think_count FROM `qing_cart` WHERE  `user_id` = 47 LIMIT 1 [ RunTime:0.000286s ]
[2024-09-02T15:58:58+08:00][sql] SHOW FULL COLUMNS FROM `qing_address` [ RunTime:0.000811s ]
[2024-09-02T15:58:58+08:00][sql] SELECT * FROM `qing_address` WHERE  `user_id` = 47 ORDER BY `isdefault` DESC LIMIT 3 [ RunTime:0.000309s ]
