[2024-08-03T14:27:08+08:00][sql] CONNECT:[ UseTime:0.002319s ] mysql:host=127.0.0.1;port=3306;dbname=code0921;charset=utf8
[2024-08-03T14:27:08+08:00][sql] SHOW FULL COLUMNS FROM `qing_config` [ RunTime:0.000880s ]
[2024-08-03T14:27:08+08:00][sql] SELECT `value` FROM `qing_config` [ RunTime:0.000229s ]
[2024-08-03T14:27:08+08:00][sql] SHOW FULL COLUMNS FROM `qing_search` [ RunTime:0.000774s ]
[2024-08-03T14:27:08+08:00][sql] SELECT * FROM `qing_search` ORDER BY `id` DESC LIMIT 10 [ RunTime:0.000232s ]
[2024-08-03T14:27:08+08:00][sql] SHOW FULL COLUMNS FROM `qing_cart` [ RunTime:0.000692s ]
[2024-08-03T14:27:08+08:00][sql] SELECT COUNT(*) AS think_count FROM `qing_cart` WHERE  `user_id` IS NULL [ RunTime:0.000178s ]
[2024-08-03T14:27:08+08:00][sql] SHOW FULL COLUMNS FROM `qing_ad` [ RunTime:0.003666s ]
[2024-08-03T14:27:08+08:00][sql] SELECT * FROM `qing_ad` WHERE  `type_id` = 1 [ RunTime:0.000279s ]
[2024-08-03T14:27:08+08:00][sql] SHOW FULL COLUMNS FROM `qing_goods` [ RunTime:0.003742s ]
[2024-08-03T14:27:08+08:00][sql] SELECT * FROM `qing_goods` WHERE  `ishot` = 1  AND `goods_status` = 1 ORDER BY `goods_id` DESC,`listorder` ASC LIMIT 8 [ RunTime:0.000500s ]
[2024-08-03T14:27:08+08:00][sql] SHOW FULL COLUMNS FROM `qing_category` [ RunTime:0.003509s ]
[2024-08-03T14:27:08+08:00][sql] SELECT `id`,`parent_id`,`cate_name` FROM `qing_category` ORDER BY `listorder` ASC [ RunTime:0.000475s ]
[2024-08-03T14:27:32+08:00][sql] CONNECT:[ UseTime:0.001535s ] mysql:host=127.0.0.1;port=3306;dbname=code0921;charset=utf8
[2024-08-03T14:27:32+08:00][sql] SHOW FULL COLUMNS FROM `qing_config` [ RunTime:0.001476s ]
[2024-08-03T14:27:32+08:00][sql] SELECT `value` FROM `qing_config` [ RunTime:0.000252s ]
[2024-08-03T14:27:32+08:00][sql] SHOW FULL COLUMNS FROM `qing_search` [ RunTime:0.000930s ]
[2024-08-03T14:27:32+08:00][sql] SELECT * FROM `qing_search` ORDER BY `id` DESC LIMIT 10 [ RunTime:0.000269s ]
[2024-08-03T14:27:32+08:00][sql] SHOW FULL COLUMNS FROM `qing_cart` [ RunTime:0.000734s ]
[2024-08-03T14:27:32+08:00][sql] SELECT COUNT(*) AS think_count FROM `qing_cart` WHERE  `user_id` IS NULL [ RunTime:0.000193s ]
[2024-08-03T14:27:32+08:00][sql] SHOW FULL COLUMNS FROM `qing_goods` [ RunTime:0.012077s ]
[2024-08-03T14:27:32+08:00][sql] SELECT * FROM `qing_goods` WHERE  `goods_id` = 11 LIMIT 1 [ RunTime:0.003262s ]
[2024-08-03T14:27:32+08:00][sql] UPDATE `qing_goods`  SET `click` = 19  WHERE  `goods_id` = 11 [ RunTime:0.020462s ]
[2024-08-03T14:27:32+08:00][sql] SHOW FULL COLUMNS FROM `qing_goods_img` [ RunTime:0.027502s ]
[2024-08-03T14:27:32+08:00][sql] SELECT * FROM `qing_goods_img` WHERE  `goods_id` = 11 [ RunTime:0.002347s ]
[2024-08-03T14:27:32+08:00][sql] SHOW FULL COLUMNS FROM `qing_goods_content` [ RunTime:0.005315s ]
[2024-08-03T14:27:32+08:00][sql] SELECT * FROM `qing_goods_content` WHERE  `goods_id` = 11 LIMIT 1 [ RunTime:0.003773s ]
[2024-08-03T14:27:32+08:00][sql] SHOW FULL COLUMNS FROM `qing_category` [ RunTime:0.002143s ]
[2024-08-03T14:27:32+08:00][sql] SELECT * FROM `qing_category` WHERE  ( id=76 ) LIMIT 1 [ RunTime:0.003722s ]
[2024-08-03T14:27:32+08:00][sql] SELECT * FROM `qing_category` WHERE  ( id=63 ) LIMIT 1 [ RunTime:0.000264s ]
[2024-08-03T14:27:32+08:00][sql] SELECT * FROM `qing_category` WHERE  ( id=1 ) LIMIT 1 [ RunTime:0.000205s ]
[2024-08-03T14:27:32+08:00][sql] SHOW FULL COLUMNS FROM `qing_goods_standard` [ RunTime:0.006215s ]
[2024-08-03T14:27:32+08:00][sql] SELECT `sku` FROM `qing_goods_standard` WHERE  `goods_id` = 11 [ RunTime:0.000668s ]
[2024-08-03T14:27:32+08:00][sql] SHOW FULL COLUMNS FROM `qing_standard_value` [ RunTime:0.013205s ]
[2024-08-03T14:27:32+08:00][sql] SELECT `standard_value` FROM `qing_standard_value` WHERE  `id` = 26 LIMIT 1 [ RunTime:0.000641s ]
[2024-08-03T14:27:32+08:00][sql] SELECT `standard_value` FROM `qing_standard_value` WHERE  `id` = 14 LIMIT 1 [ RunTime:0.000200s ]
[2024-08-03T14:27:32+08:00][sql] SELECT `a`.`standard_id`,`a`.`standard_value`,`a`.`id`,`b`.`name` FROM `qing_standard_value` `a` INNER JOIN `qing_standard` `b` ON `a`.`standard_id`=`b`.`id` WHERE  `a`.`id` = '26'  AND `a`.`id` = '26' LIMIT 1 [ RunTime:0.010990s ]
[2024-08-03T14:27:32+08:00][sql] SELECT `a`.`standard_id`,`a`.`standard_value`,`a`.`id`,`b`.`name` FROM `qing_standard_value` `a` INNER JOIN `qing_standard` `b` ON `a`.`standard_id`=`b`.`id` WHERE  `a`.`id` = '14'  AND `a`.`id` = '14' LIMIT 1 [ RunTime:0.000256s ]
[2024-08-03T14:27:32+08:00][sql] SELECT `a`.`standard_id`,`a`.`standard_value`,`a`.`id`,`b`.`name` FROM `qing_standard_value` `a` INNER JOIN `qing_standard` `b` ON `a`.`standard_id`=`b`.`id` WHERE  `a`.`id` = '7'  AND `a`.`id` = '7' LIMIT 1 [ RunTime:0.000207s ]
[2024-08-03T14:27:32+08:00][sql] SELECT `a`.`standard_id`,`a`.`standard_value`,`a`.`id`,`b`.`name` FROM `qing_standard_value` `a` INNER JOIN `qing_standard` `b` ON `a`.`standard_id`=`b`.`id` WHERE  `a`.`id` = '25'  AND `a`.`id` = '25' LIMIT 1 [ RunTime:0.000205s ]
[2024-08-03T14:27:32+08:00][sql] SHOW FULL COLUMNS FROM `qing_collect` [ RunTime:0.004693s ]
[2024-08-03T14:27:32+08:00][sql] SELECT * FROM `qing_collect` WHERE  `goods_id` = 11  AND `user_id` IS NULL LIMIT 1 [ RunTime:0.000253s ]
[2024-08-03T14:27:37+08:00][sql] CONNECT:[ UseTime:0.001121s ] mysql:host=127.0.0.1;port=3306;dbname=code0921;charset=utf8
[2024-08-03T14:27:37+08:00][sql] SHOW FULL COLUMNS FROM `qing_config` [ RunTime:0.004008s ]
[2024-08-03T14:27:37+08:00][sql] SELECT `value` FROM `qing_config` [ RunTime:0.000351s ]
[2024-08-03T14:27:37+08:00][sql] SHOW FULL COLUMNS FROM `qing_search` [ RunTime:0.001204s ]
[2024-08-03T14:27:37+08:00][sql] SELECT * FROM `qing_search` ORDER BY `id` DESC LIMIT 10 [ RunTime:0.000302s ]
[2024-08-03T14:27:37+08:00][sql] SHOW FULL COLUMNS FROM `qing_cart` [ RunTime:0.002001s ]
[2024-08-03T14:27:37+08:00][sql] SELECT COUNT(*) AS think_count FROM `qing_cart` WHERE  `user_id` IS NULL [ RunTime:0.000217s ]
[2024-08-03T14:27:37+08:00][sql] SHOW FULL COLUMNS FROM `qing_goods_standard` [ RunTime:0.001986s ]
[2024-08-03T14:27:37+08:00][sql] SELECT * FROM `qing_goods_standard` WHERE  `goods_id` = 11  AND `sku` = '26,14' LIMIT 1 [ RunTime:0.000350s ]
[2024-08-03T14:30:57+08:00][sql] CONNECT:[ UseTime:0.011022s ] mysql:host=127.0.0.1;port=3306;dbname=code0921;charset=utf8
[2024-08-03T14:30:57+08:00][sql] SHOW FULL COLUMNS FROM `qing_config` [ RunTime:0.001873s ]
[2024-08-03T14:30:57+08:00][sql] SELECT `value` FROM `qing_config` [ RunTime:0.000239s ]
[2024-08-03T14:30:57+08:00][sql] SHOW FULL COLUMNS FROM `qing_search` [ RunTime:0.001165s ]
[2024-08-03T14:30:57+08:00][sql] SELECT * FROM `qing_search` ORDER BY `id` DESC LIMIT 10 [ RunTime:0.000501s ]
[2024-08-03T14:30:57+08:00][sql] SHOW FULL COLUMNS FROM `qing_cart` [ RunTime:0.001092s ]
[2024-08-03T14:30:57+08:00][sql] SELECT COUNT(*) AS think_count FROM `qing_cart` WHERE  `user_id` IS NULL [ RunTime:0.000205s ]
[2024-08-03T14:30:57+08:00][sql] SHOW FULL COLUMNS FROM `qing_ad` [ RunTime:0.003287s ]
[2024-08-03T14:30:57+08:00][sql] SELECT * FROM `qing_ad` WHERE  `type_id` = 1 [ RunTime:0.000377s ]
[2024-08-03T14:30:57+08:00][sql] SHOW FULL COLUMNS FROM `qing_goods` [ RunTime:0.003792s ]
[2024-08-03T14:30:57+08:00][sql] SELECT * FROM `qing_goods` WHERE  `ishot` = 1  AND `goods_status` = 1 ORDER BY `goods_id` DESC,`listorder` ASC LIMIT 8 [ RunTime:0.001716s ]
[2024-08-03T14:30:57+08:00][sql] SHOW FULL COLUMNS FROM `qing_category` [ RunTime:0.001029s ]
[2024-08-03T14:30:57+08:00][sql] SELECT `id`,`parent_id`,`cate_name` FROM `qing_category` ORDER BY `listorder` ASC [ RunTime:0.000407s ]
[2024-08-03T14:30:57+08:00][error] [8]Use of undefined constant indexCate - assumed 'indexCate'
[2024-08-03T15:21:39+08:00][sql] CONNECT:[ UseTime:0.002705s ] mysql:host=127.0.0.1;port=3306;dbname=code0921;charset=utf8
[2024-08-03T15:21:39+08:00][sql] SHOW FULL COLUMNS FROM `qing_config` [ RunTime:0.001625s ]
[2024-08-03T15:21:39+08:00][sql] SELECT `value` FROM `qing_config` [ RunTime:0.000263s ]
[2024-08-03T15:21:39+08:00][sql] SHOW FULL COLUMNS FROM `qing_search` [ RunTime:0.000983s ]
[2024-08-03T15:21:39+08:00][sql] SELECT * FROM `qing_search` ORDER BY `id` DESC LIMIT 10 [ RunTime:0.000266s ]
[2024-08-03T15:21:39+08:00][sql] SHOW FULL COLUMNS FROM `qing_cart` [ RunTime:0.000656s ]
[2024-08-03T15:21:39+08:00][sql] SELECT COUNT(*) AS think_count FROM `qing_cart` WHERE  `user_id` IS NULL [ RunTime:0.000193s ]
[2024-08-03T15:21:39+08:00][sql] SHOW FULL COLUMNS FROM `qing_ad` [ RunTime:0.003097s ]
[2024-08-03T15:21:39+08:00][sql] SELECT * FROM `qing_ad` WHERE  `type_id` = 1 [ RunTime:0.000285s ]
[2024-08-03T15:21:39+08:00][sql] SHOW FULL COLUMNS FROM `qing_goods` [ RunTime:0.003294s ]
[2024-08-03T15:21:39+08:00][sql] SELECT * FROM `qing_goods` WHERE  `ishot` = 1  AND `goods_status` = 1 ORDER BY `goods_id` DESC,`listorder` ASC LIMIT 8 [ RunTime:0.000634s ]
[2024-08-03T15:21:39+08:00][sql] SHOW FULL COLUMNS FROM `qing_category` [ RunTime:0.001515s ]
[2024-08-03T15:21:39+08:00][sql] SELECT `id`,`parent_id`,`cate_name` FROM `qing_category` ORDER BY `listorder` ASC [ RunTime:0.000508s ]
[2024-08-03T15:21:39+08:00][error] [8]Array to string conversion
[2024-08-03T17:26:10+08:00][sql] CONNECT:[ UseTime:0.002167s ] mysql:host=127.0.0.1;port=3306;dbname=code0921;charset=utf8
[2024-08-03T17:26:10+08:00][sql] SHOW FULL COLUMNS FROM `qing_config` [ RunTime:0.003119s ]
[2024-08-03T17:26:10+08:00][sql] SELECT `value` FROM `qing_config` [ RunTime:0.000256s ]
[2024-08-03T17:26:10+08:00][sql] SHOW FULL COLUMNS FROM `qing_search` [ RunTime:0.000850s ]
[2024-08-03T17:26:10+08:00][sql] SELECT * FROM `qing_search` ORDER BY `id` DESC LIMIT 10 [ RunTime:0.000311s ]
[2024-08-03T17:26:10+08:00][sql] SHOW FULL COLUMNS FROM `qing_cart` [ RunTime:0.000732s ]
[2024-08-03T17:26:10+08:00][sql] SELECT COUNT(*) AS think_count FROM `qing_cart` WHERE  `user_id` IS NULL [ RunTime:0.000195s ]
[2024-08-03T17:26:10+08:00][sql] SHOW FULL COLUMNS FROM `qing_ad` [ RunTime:0.000774s ]
[2024-08-03T17:26:10+08:00][sql] SELECT * FROM `qing_ad` WHERE  `type_id` = 1 [ RunTime:0.000293s ]
[2024-08-03T17:26:10+08:00][sql] SHOW FULL COLUMNS FROM `qing_goods` [ RunTime:0.003228s ]
[2024-08-03T17:26:10+08:00][sql] SELECT `goods_id` FROM `qing_goods` [ RunTime:0.000525s ]
[2024-08-03T17:27:45+08:00][sql] CONNECT:[ UseTime:0.001134s ] mysql:host=127.0.0.1;port=3306;dbname=code0921;charset=utf8
[2024-08-03T17:27:45+08:00][sql] SHOW FULL COLUMNS FROM `qing_config` [ RunTime:0.001528s ]
[2024-08-03T17:27:45+08:00][sql] SELECT `value` FROM `qing_config` [ RunTime:0.000245s ]
[2024-08-03T17:27:45+08:00][sql] SHOW FULL COLUMNS FROM `qing_search` [ RunTime:0.000826s ]
[2024-08-03T17:27:45+08:00][sql] SELECT * FROM `qing_search` ORDER BY `id` DESC LIMIT 10 [ RunTime:0.000310s ]
[2024-08-03T17:27:45+08:00][sql] SHOW FULL COLUMNS FROM `qing_cart` [ RunTime:0.000739s ]
[2024-08-03T17:27:45+08:00][sql] SELECT COUNT(*) AS think_count FROM `qing_cart` WHERE  `user_id` IS NULL [ RunTime:0.000184s ]
[2024-08-03T17:27:45+08:00][sql] SHOW FULL COLUMNS FROM `qing_ad` [ RunTime:0.003199s ]
[2024-08-03T17:27:45+08:00][sql] SELECT * FROM `qing_ad` WHERE  `type_id` = 1 [ RunTime:0.000272s ]
[2024-08-03T17:27:45+08:00][sql] SHOW FULL COLUMNS FROM `qing_goods` [ RunTime:0.005443s ]
[2024-08-03T17:27:45+08:00][sql] SELECT `goods_id`,`goods_name`,`goods_price`,`stock`,`selnumber`,`goods_thumb`,`description`,`collects_count`,`cover_url` FROM `qing_goods` [ RunTime:0.000473s ]
[2024-08-03T17:46:36+08:00][sql] CONNECT:[ UseTime:0.001143s ] mysql:host=127.0.0.1;port=3306;dbname=code0921;charset=utf8
[2024-08-03T17:46:36+08:00][sql] SHOW FULL COLUMNS FROM `qing_config` [ RunTime:0.001155s ]
[2024-08-03T17:46:36+08:00][sql] SELECT `value` FROM `qing_config` [ RunTime:0.000295s ]
[2024-08-03T17:46:36+08:00][sql] SHOW FULL COLUMNS FROM `qing_search` [ RunTime:0.001208s ]
[2024-08-03T17:46:36+08:00][sql] SELECT * FROM `qing_search` ORDER BY `id` DESC LIMIT 10 [ RunTime:0.000391s ]
[2024-08-03T17:46:36+08:00][sql] SHOW FULL COLUMNS FROM `qing_cart` [ RunTime:0.000829s ]
[2024-08-03T17:46:36+08:00][sql] SELECT COUNT(*) AS think_count FROM `qing_cart` WHERE  `user_id` IS NULL [ RunTime:0.000224s ]
[2024-08-03T17:46:36+08:00][sql] SHOW FULL COLUMNS FROM `qing_ad` [ RunTime:0.003230s ]
[2024-08-03T17:46:36+08:00][sql] SELECT * FROM `qing_ad` WHERE  `type_id` = 1 [ RunTime:0.000309s ]
[2024-08-03T17:46:36+08:00][sql] SHOW FULL COLUMNS FROM `qing_goods` [ RunTime:0.004378s ]
[2024-08-03T17:46:36+08:00][sql] SELECT `goods_id`,`goods_name`,`goods_price`,`stock`,`selnumber`,`goods_thumb`,`description`,`collects_count`,`cover_url` FROM `qing_goods` [ RunTime:0.000274s ]
[2024-08-03T17:46:36+08:00][error] [10501]SQLSTATE[42S22]: Column not found: 1054 Unknown column 'id' in 'field list'
[2024-08-03T17:46:56+08:00][sql] CONNECT:[ UseTime:0.001143s ] mysql:host=127.0.0.1;port=3306;dbname=code0921;charset=utf8
[2024-08-03T17:46:56+08:00][sql] SHOW FULL COLUMNS FROM `qing_config` [ RunTime:0.001447s ]
[2024-08-03T17:46:56+08:00][sql] SELECT `value` FROM `qing_config` [ RunTime:0.000315s ]
[2024-08-03T17:46:56+08:00][sql] SHOW FULL COLUMNS FROM `qing_search` [ RunTime:0.000748s ]
[2024-08-03T17:46:56+08:00][sql] SELECT * FROM `qing_search` ORDER BY `id` DESC LIMIT 10 [ RunTime:0.000275s ]
[2024-08-03T17:46:56+08:00][sql] SHOW FULL COLUMNS FROM `qing_cart` [ RunTime:0.000704s ]
[2024-08-03T17:46:56+08:00][sql] SELECT COUNT(*) AS think_count FROM `qing_cart` WHERE  `user_id` IS NULL [ RunTime:0.000178s ]
[2024-08-03T17:46:56+08:00][sql] SHOW FULL COLUMNS FROM `qing_ad` [ RunTime:0.003265s ]
[2024-08-03T17:46:56+08:00][sql] SELECT * FROM `qing_ad` WHERE  `type_id` = 1 [ RunTime:0.000303s ]
[2024-08-03T17:46:56+08:00][sql] SHOW FULL COLUMNS FROM `qing_goods` [ RunTime:0.003224s ]
[2024-08-03T17:46:56+08:00][sql] SELECT `goods_id`,`goods_name`,`goods_price`,`stock`,`selnumber`,`goods_thumb`,`description`,`collects_count`,`cover_url` FROM `qing_goods` [ RunTime:0.000271s ]
[2024-08-03T17:46:56+08:00][sql] SELECT `id`,`title`,`url`,`thumb`,`status`,`seq`,`created_at`,`updated_at`,`img_url` FROM `qing_ad` [ RunTime:0.000187s ]
[2024-08-03T17:52:26+08:00][sql] CONNECT:[ UseTime:0.001254s ] mysql:host=127.0.0.1;port=3306;dbname=code0921;charset=utf8
[2024-08-03T17:52:26+08:00][sql] SHOW FULL COLUMNS FROM `qing_config` [ RunTime:0.001076s ]
[2024-08-03T17:52:26+08:00][sql] SELECT `value` FROM `qing_config` [ RunTime:0.000262s ]
[2024-08-03T17:52:26+08:00][sql] SHOW FULL COLUMNS FROM `qing_search` [ RunTime:0.000884s ]
[2024-08-03T17:52:26+08:00][sql] SELECT * FROM `qing_search` ORDER BY `id` DESC LIMIT 10 [ RunTime:0.000253s ]
[2024-08-03T17:52:26+08:00][sql] SHOW FULL COLUMNS FROM `qing_cart` [ RunTime:0.000610s ]
[2024-08-03T17:52:26+08:00][sql] SELECT COUNT(*) AS think_count FROM `qing_cart` WHERE  `user_id` IS NULL [ RunTime:0.000174s ]
[2024-08-03T17:52:26+08:00][sql] SHOW FULL COLUMNS FROM `qing_ad` [ RunTime:0.009672s ]
[2024-08-03T17:52:26+08:00][sql] SELECT * FROM `qing_ad` WHERE  `type_id` = 1 [ RunTime:0.000344s ]
[2024-08-03T17:52:26+08:00][sql] SHOW FULL COLUMNS FROM `qing_goods` [ RunTime:0.000788s ]
[2024-08-03T17:52:26+08:00][sql] SELECT `goods_id`,`goods_name`,`goods_price`,`stock`,`selnumber`,`goods_thumb`,`description`,`collects_count`,`cover_url` FROM `qing_goods` [ RunTime:0.000308s ]
[2024-08-03T17:52:26+08:00][sql] SELECT `id`,`title`,`url`,`thumb`,`status`,`seq`,`created_at`,`updated_at`,`img_url` FROM `qing_ad` [ RunTime:0.000194s ]
[2024-08-03T17:52:26+08:00][error] [0]Class 'app\mobile\controller\Request' not found
[2024-08-03T17:52:56+08:00][sql] CONNECT:[ UseTime:0.001058s ] mysql:host=127.0.0.1;port=3306;dbname=code0921;charset=utf8
[2024-08-03T17:52:56+08:00][sql] SHOW FULL COLUMNS FROM `qing_config` [ RunTime:0.000944s ]
[2024-08-03T17:52:56+08:00][sql] SELECT `value` FROM `qing_config` [ RunTime:0.001247s ]
[2024-08-03T17:52:56+08:00][sql] SHOW FULL COLUMNS FROM `qing_search` [ RunTime:0.000808s ]
[2024-08-03T17:52:56+08:00][sql] SELECT * FROM `qing_search` ORDER BY `id` DESC LIMIT 10 [ RunTime:0.000274s ]
[2024-08-03T17:52:56+08:00][sql] SHOW FULL COLUMNS FROM `qing_cart` [ RunTime:0.000663s ]
[2024-08-03T17:52:56+08:00][sql] SELECT COUNT(*) AS think_count FROM `qing_cart` WHERE  `user_id` IS NULL [ RunTime:0.000245s ]
[2024-08-03T17:52:56+08:00][sql] SHOW FULL COLUMNS FROM `qing_ad` [ RunTime:0.003882s ]
[2024-08-03T17:52:56+08:00][sql] SELECT * FROM `qing_ad` WHERE  `type_id` = 1 [ RunTime:0.000326s ]
[2024-08-03T17:52:56+08:00][sql] SHOW FULL COLUMNS FROM `qing_goods` [ RunTime:0.000846s ]
[2024-08-03T17:52:56+08:00][sql] SELECT `goods_id`,`goods_name`,`goods_price`,`stock`,`selnumber`,`goods_thumb`,`description`,`collects_count`,`cover_url` FROM `qing_goods` [ RunTime:0.000282s ]
[2024-08-03T17:52:56+08:00][sql] SELECT `id`,`title`,`url`,`thumb`,`status`,`seq`,`created_at`,`updated_at`,`img_url` FROM `qing_ad` [ RunTime:0.000201s ]
[2024-08-03T17:52:56+08:00][error] [8192]Non-static method think\Request::domain() should not be called statically
[2024-08-03T18:05:07+08:00][sql] CONNECT:[ UseTime:0.001158s ] mysql:host=127.0.0.1;port=3306;dbname=code0921;charset=utf8
[2024-08-03T18:05:07+08:00][sql] SHOW FULL COLUMNS FROM `qing_config` [ RunTime:0.001191s ]
[2024-08-03T18:05:07+08:00][sql] SELECT `value` FROM `qing_config` [ RunTime:0.000277s ]
[2024-08-03T18:05:07+08:00][sql] SHOW FULL COLUMNS FROM `qing_search` [ RunTime:0.000798s ]
[2024-08-03T18:05:07+08:00][sql] SELECT * FROM `qing_search` ORDER BY `id` DESC LIMIT 10 [ RunTime:0.000259s ]
[2024-08-03T18:05:07+08:00][sql] SHOW FULL COLUMNS FROM `qing_cart` [ RunTime:0.000633s ]
[2024-08-03T18:05:07+08:00][sql] SELECT COUNT(*) AS think_count FROM `qing_cart` WHERE  `user_id` IS NULL [ RunTime:0.000198s ]
[2024-08-03T18:05:07+08:00][sql] SHOW FULL COLUMNS FROM `qing_ad` [ RunTime:0.003942s ]
[2024-08-03T18:05:07+08:00][sql] SELECT * FROM `qing_ad` WHERE  `type_id` = 1 [ RunTime:0.000367s ]
[2024-08-03T18:05:07+08:00][sql] SHOW FULL COLUMNS FROM `qing_goods` [ RunTime:0.000820s ]
[2024-08-03T18:05:07+08:00][sql] SELECT `goods_id`,`goods_name`,`goods_price`,`stock`,`selnumber`,`goods_thumb`,`description`,`collects_count`,`cover_url` FROM `qing_goods` [ RunTime:0.000284s ]
[2024-08-03T18:05:07+08:00][sql] SELECT `id`,`title`,`url`,`thumb`,`status`,`seq`,`created_at`,`updated_at`,`img_url` FROM `qing_ad` [ RunTime:0.000215s ]
[2024-08-03T18:08:32+08:00][sql] CONNECT:[ UseTime:0.011306s ] mysql:host=127.0.0.1;port=3306;dbname=code0921;charset=utf8
[2024-08-03T18:08:32+08:00][sql] SHOW FULL COLUMNS FROM `qing_config` [ RunTime:0.001453s ]
[2024-08-03T18:08:32+08:00][sql] SELECT `value` FROM `qing_config` [ RunTime:0.000358s ]
[2024-08-03T18:08:32+08:00][sql] SHOW FULL COLUMNS FROM `qing_search` [ RunTime:0.000924s ]
[2024-08-03T18:08:32+08:00][sql] SELECT * FROM `qing_search` ORDER BY `id` DESC LIMIT 10 [ RunTime:0.000344s ]
[2024-08-03T18:08:32+08:00][sql] SHOW FULL COLUMNS FROM `qing_cart` [ RunTime:0.000967s ]
[2024-08-03T18:08:32+08:00][sql] SELECT COUNT(*) AS think_count FROM `qing_cart` WHERE  `user_id` IS NULL [ RunTime:0.000260s ]
[2024-08-03T18:08:32+08:00][sql] SHOW FULL COLUMNS FROM `qing_ad` [ RunTime:0.003373s ]
[2024-08-03T18:08:32+08:00][sql] SELECT * FROM `qing_ad` WHERE  `type_id` = 1 [ RunTime:0.000336s ]
[2024-08-03T18:08:32+08:00][sql] SHOW FULL COLUMNS FROM `qing_goods` [ RunTime:0.000859s ]
[2024-08-03T18:08:32+08:00][sql] SELECT `goods_id`,`goods_name`,`goods_price`,`stock`,`selnumber`,`goods_thumb`,`description`,`collects_count`,`cover_url` FROM `qing_goods` [ RunTime:0.000289s ]
[2024-08-03T18:08:32+08:00][sql] SELECT `id`,`title`,`url`,`thumb`,`status`,`seq`,`created_at`,`updated_at`,`img_url` FROM `qing_ad` [ RunTime:0.000197s ]
[2024-08-03T18:08:32+08:00][error] [2]Illegal offset type
[2024-08-03T18:09:30+08:00][sql] CONNECT:[ UseTime:0.010549s ] mysql:host=127.0.0.1;port=3306;dbname=code0921;charset=utf8
[2024-08-03T18:09:30+08:00][sql] SHOW FULL COLUMNS FROM `qing_config` [ RunTime:0.001391s ]
[2024-08-03T18:09:30+08:00][sql] SELECT `value` FROM `qing_config` [ RunTime:0.000295s ]
[2024-08-03T18:09:30+08:00][sql] SHOW FULL COLUMNS FROM `qing_search` [ RunTime:0.000724s ]
[2024-08-03T18:09:30+08:00][sql] SELECT * FROM `qing_search` ORDER BY `id` DESC LIMIT 10 [ RunTime:0.000225s ]
[2024-08-03T18:09:30+08:00][sql] SHOW FULL COLUMNS FROM `qing_cart` [ RunTime:0.000613s ]
[2024-08-03T18:09:30+08:00][sql] SELECT COUNT(*) AS think_count FROM `qing_cart` WHERE  `user_id` IS NULL [ RunTime:0.000169s ]
[2024-08-03T18:09:30+08:00][sql] SHOW FULL COLUMNS FROM `qing_ad` [ RunTime:0.003036s ]
[2024-08-03T18:09:30+08:00][sql] SELECT * FROM `qing_ad` WHERE  `type_id` = 1 [ RunTime:0.000306s ]
[2024-08-03T18:09:30+08:00][sql] SHOW FULL COLUMNS FROM `qing_goods` [ RunTime:0.000783s ]
[2024-08-03T18:09:30+08:00][sql] SELECT `goods_id`,`goods_name`,`goods_price`,`stock`,`selnumber`,`goods_thumb`,`description`,`collects_count`,`cover_url` FROM `qing_goods` [ RunTime:0.000260s ]
[2024-08-03T18:09:30+08:00][sql] SELECT `id`,`title`,`url`,`thumb`,`status`,`seq`,`created_at`,`updated_at`,`img_url` FROM `qing_ad` [ RunTime:0.000187s ]
[2024-08-03T18:09:30+08:00][error] [2]Illegal offset type
[2024-08-03T18:09:31+08:00][sql] CONNECT:[ UseTime:0.001980s ] mysql:host=127.0.0.1;port=3306;dbname=code0921;charset=utf8
[2024-08-03T18:09:31+08:00][sql] SHOW FULL COLUMNS FROM `qing_config` [ RunTime:0.000860s ]
[2024-08-03T18:09:31+08:00][sql] SELECT `value` FROM `qing_config` [ RunTime:0.000223s ]
[2024-08-03T18:09:31+08:00][sql] SHOW FULL COLUMNS FROM `qing_search` [ RunTime:0.000718s ]
[2024-08-03T18:09:31+08:00][sql] SELECT * FROM `qing_search` ORDER BY `id` DESC LIMIT 10 [ RunTime:0.000229s ]
[2024-08-03T18:09:31+08:00][sql] SHOW FULL COLUMNS FROM `qing_cart` [ RunTime:0.000657s ]
[2024-08-03T18:09:31+08:00][sql] SELECT COUNT(*) AS think_count FROM `qing_cart` WHERE  `user_id` IS NULL [ RunTime:0.000244s ]
[2024-08-03T18:09:31+08:00][sql] SHOW FULL COLUMNS FROM `qing_ad` [ RunTime:0.003837s ]
[2024-08-03T18:09:31+08:00][sql] SELECT * FROM `qing_ad` WHERE  `type_id` = 1 [ RunTime:0.000384s ]
[2024-08-03T18:09:31+08:00][sql] SHOW FULL COLUMNS FROM `qing_goods` [ RunTime:0.003458s ]
[2024-08-03T18:09:31+08:00][sql] SELECT `goods_id`,`goods_name`,`goods_price`,`stock`,`selnumber`,`goods_thumb`,`description`,`collects_count`,`cover_url` FROM `qing_goods` [ RunTime:0.000319s ]
[2024-08-03T18:09:31+08:00][sql] SELECT `id`,`title`,`url`,`thumb`,`status`,`seq`,`created_at`,`updated_at`,`img_url` FROM `qing_ad` [ RunTime:0.000195s ]
[2024-08-03T18:09:31+08:00][error] [2]Illegal offset type
[2024-08-03T18:09:31+08:00][sql] CONNECT:[ UseTime:0.000891s ] mysql:host=127.0.0.1;port=3306;dbname=code0921;charset=utf8
[2024-08-03T18:09:31+08:00][sql] SHOW FULL COLUMNS FROM `qing_config` [ RunTime:0.001046s ]
[2024-08-03T18:09:31+08:00][sql] SELECT `value` FROM `qing_config` [ RunTime:0.000309s ]
[2024-08-03T18:09:31+08:00][sql] SHOW FULL COLUMNS FROM `qing_search` [ RunTime:0.000764s ]
[2024-08-03T18:09:31+08:00][sql] SELECT * FROM `qing_search` ORDER BY `id` DESC LIMIT 10 [ RunTime:0.000244s ]
[2024-08-03T18:09:31+08:00][sql] SHOW FULL COLUMNS FROM `qing_cart` [ RunTime:0.000622s ]
[2024-08-03T18:09:31+08:00][sql] SELECT COUNT(*) AS think_count FROM `qing_cart` WHERE  `user_id` IS NULL [ RunTime:0.000190s ]
[2024-08-03T18:09:31+08:00][sql] SHOW FULL COLUMNS FROM `qing_ad` [ RunTime:0.003020s ]
[2024-08-03T18:09:31+08:00][sql] SELECT * FROM `qing_ad` WHERE  `type_id` = 1 [ RunTime:0.000283s ]
[2024-08-03T18:09:31+08:00][sql] SHOW FULL COLUMNS FROM `qing_goods` [ RunTime:0.008179s ]
[2024-08-03T18:09:31+08:00][sql] SELECT `goods_id`,`goods_name`,`goods_price`,`stock`,`selnumber`,`goods_thumb`,`description`,`collects_count`,`cover_url` FROM `qing_goods` [ RunTime:0.000342s ]
[2024-08-03T18:09:31+08:00][sql] SELECT `id`,`title`,`url`,`thumb`,`status`,`seq`,`created_at`,`updated_at`,`img_url` FROM `qing_ad` [ RunTime:0.000198s ]
[2024-08-03T18:09:31+08:00][error] [2]Illegal offset type
[2024-08-03T18:09:31+08:00][sql] CONNECT:[ UseTime:0.000933s ] mysql:host=127.0.0.1;port=3306;dbname=code0921;charset=utf8
[2024-08-03T18:09:31+08:00][sql] SHOW FULL COLUMNS FROM `qing_config` [ RunTime:0.000868s ]
[2024-08-03T18:09:31+08:00][sql] SELECT `value` FROM `qing_config` [ RunTime:0.000243s ]
[2024-08-03T18:09:31+08:00][sql] SHOW FULL COLUMNS FROM `qing_search` [ RunTime:0.000694s ]
[2024-08-03T18:09:31+08:00][sql] SELECT * FROM `qing_search` ORDER BY `id` DESC LIMIT 10 [ RunTime:0.000234s ]
[2024-08-03T18:09:31+08:00][sql] SHOW FULL COLUMNS FROM `qing_cart` [ RunTime:0.000637s ]
[2024-08-03T18:09:31+08:00][sql] SELECT COUNT(*) AS think_count FROM `qing_cart` WHERE  `user_id` IS NULL [ RunTime:0.000214s ]
[2024-08-03T18:09:31+08:00][sql] SHOW FULL COLUMNS FROM `qing_ad` [ RunTime:0.008899s ]
[2024-08-03T18:09:31+08:00][sql] SELECT * FROM `qing_ad` WHERE  `type_id` = 1 [ RunTime:0.000309s ]
[2024-08-03T18:09:31+08:00][sql] SHOW FULL COLUMNS FROM `qing_goods` [ RunTime:0.003504s ]
[2024-08-03T18:09:31+08:00][sql] SELECT `goods_id`,`goods_name`,`goods_price`,`stock`,`selnumber`,`goods_thumb`,`description`,`collects_count`,`cover_url` FROM `qing_goods` [ RunTime:0.000331s ]
[2024-08-03T18:09:31+08:00][sql] SELECT `id`,`title`,`url`,`thumb`,`status`,`seq`,`created_at`,`updated_at`,`img_url` FROM `qing_ad` [ RunTime:0.000198s ]
[2024-08-03T18:09:31+08:00][error] [2]Illegal offset type
[2024-08-03T18:09:31+08:00][sql] CONNECT:[ UseTime:0.000907s ] mysql:host=127.0.0.1;port=3306;dbname=code0921;charset=utf8
[2024-08-03T18:09:31+08:00][sql] SHOW FULL COLUMNS FROM `qing_config` [ RunTime:0.000868s ]
[2024-08-03T18:09:31+08:00][sql] SELECT `value` FROM `qing_config` [ RunTime:0.000224s ]
[2024-08-03T18:09:31+08:00][sql] SHOW FULL COLUMNS FROM `qing_search` [ RunTime:0.000684s ]
[2024-08-03T18:09:31+08:00][sql] SELECT * FROM `qing_search` ORDER BY `id` DESC LIMIT 10 [ RunTime:0.000233s ]
[2024-08-03T18:09:31+08:00][sql] SHOW FULL COLUMNS FROM `qing_cart` [ RunTime:0.000653s ]
[2024-08-03T18:09:31+08:00][sql] SELECT COUNT(*) AS think_count FROM `qing_cart` WHERE  `user_id` IS NULL [ RunTime:0.000176s ]
[2024-08-03T18:09:31+08:00][sql] SHOW FULL COLUMNS FROM `qing_ad` [ RunTime:0.000645s ]
[2024-08-03T18:09:31+08:00][sql] SELECT * FROM `qing_ad` WHERE  `type_id` = 1 [ RunTime:0.000264s ]
[2024-08-03T18:09:31+08:00][sql] SHOW FULL COLUMNS FROM `qing_goods` [ RunTime:0.003046s ]
[2024-08-03T18:09:31+08:00][sql] SELECT `goods_id`,`goods_name`,`goods_price`,`stock`,`selnumber`,`goods_thumb`,`description`,`collects_count`,`cover_url` FROM `qing_goods` [ RunTime:0.000262s ]
[2024-08-03T18:09:31+08:00][sql] SELECT `id`,`title`,`url`,`thumb`,`status`,`seq`,`created_at`,`updated_at`,`img_url` FROM `qing_ad` [ RunTime:0.000189s ]
[2024-08-03T18:09:31+08:00][error] [2]Illegal offset type
[2024-08-03T18:46:23+08:00][sql] CONNECT:[ UseTime:0.001257s ] mysql:host=127.0.0.1;port=3306;dbname=code0921;charset=utf8
[2024-08-03T18:46:23+08:00][sql] SHOW FULL COLUMNS FROM `qing_config` [ RunTime:0.001155s ]
[2024-08-03T18:46:23+08:00][sql] SELECT `value` FROM `qing_config` [ RunTime:0.000292s ]
[2024-08-03T18:46:23+08:00][sql] SHOW FULL COLUMNS FROM `qing_search` [ RunTime:0.000764s ]
[2024-08-03T18:46:23+08:00][sql] SELECT * FROM `qing_search` ORDER BY `id` DESC LIMIT 10 [ RunTime:0.000247s ]
[2024-08-03T18:46:23+08:00][sql] SHOW FULL COLUMNS FROM `qing_cart` [ RunTime:0.000647s ]
[2024-08-03T18:46:23+08:00][sql] SELECT COUNT(*) AS think_count FROM `qing_cart` WHERE  `user_id` IS NULL [ RunTime:0.000189s ]
[2024-08-03T18:46:23+08:00][sql] SHOW FULL COLUMNS FROM `qing_ad` [ RunTime:0.000668s ]
[2024-08-03T18:46:23+08:00][sql] SELECT * FROM `qing_ad` WHERE  `type_id` = 1 [ RunTime:0.000307s ]
[2024-08-03T18:46:23+08:00][sql] SHOW FULL COLUMNS FROM `qing_goods` [ RunTime:0.000747s ]
[2024-08-03T18:46:23+08:00][sql] SELECT `goods_id`,`goods_name`,`goods_price`,`stock`,`selnumber`,`goods_thumb`,`description`,`collects_count`,`cover_url` FROM `qing_goods` [ RunTime:0.000290s ]
[2024-08-03T18:46:23+08:00][sql] SELECT `id`,`title`,`url`,`thumb`,`status`,`seq`,`created_at`,`updated_at`,`img_url` FROM `qing_ad` [ RunTime:0.000202s ]
[2024-08-03T18:46:23+08:00][error] [2]Illegal offset type
[2024-08-03T19:02:19+08:00][sql] CONNECT:[ UseTime:0.000944s ] mysql:host=127.0.0.1;port=3306;dbname=code0921;charset=utf8
[2024-08-03T19:02:19+08:00][sql] SHOW FULL COLUMNS FROM `qing_config` [ RunTime:0.000895s ]
[2024-08-03T19:02:19+08:00][sql] SELECT `value` FROM `qing_config` [ RunTime:0.000231s ]
[2024-08-03T19:02:19+08:00][sql] SHOW FULL COLUMNS FROM `qing_search` [ RunTime:0.000684s ]
[2024-08-03T19:02:19+08:00][sql] SELECT * FROM `qing_search` ORDER BY `id` DESC LIMIT 10 [ RunTime:0.000244s ]
[2024-08-03T19:02:19+08:00][sql] SHOW FULL COLUMNS FROM `qing_cart` [ RunTime:0.000701s ]
[2024-08-03T19:02:19+08:00][sql] SELECT COUNT(*) AS think_count FROM `qing_cart` WHERE  `user_id` IS NULL [ RunTime:0.000207s ]
[2024-08-03T19:02:19+08:00][sql] SHOW FULL COLUMNS FROM `qing_ad` [ RunTime:0.000681s ]
[2024-08-03T19:02:19+08:00][sql] SELECT * FROM `qing_ad` WHERE  `type_id` = 1 [ RunTime:0.000322s ]
[2024-08-03T19:02:19+08:00][sql] SHOW FULL COLUMNS FROM `qing_goods` [ RunTime:0.000867s ]
[2024-08-03T19:02:19+08:00][sql] SELECT `goods_id`,`goods_name`,`goods_price`,`stock`,`selnumber`,`goods_thumb`,`description`,`collects_count`,`cover_url` FROM `qing_goods` [ RunTime:0.000259s ]
[2024-08-03T19:02:19+08:00][sql] SELECT `id`,`title`,`url`,`thumb`,`status`,`seq`,`created_at`,`updated_at`,`img_url` FROM `qing_ad` [ RunTime:0.000413s ]
[2024-08-03T19:02:19+08:00][error] [2]Illegal offset type
