[2024-08-11T13:02:52+08:00][sql] CONNECT:[ UseTime:0.001493s ] mysql:host=127.0.0.1;port=3306;dbname=code0921;charset=utf8
[2024-08-11T13:02:52+08:00][sql] SHOW FULL COLUMNS FROM `qing_config` [ RunTime:0.001245s ]
[2024-08-11T13:02:52+08:00][sql] SELECT `value` FROM `qing_config` [ RunTime:0.000288s ]
[2024-08-11T13:02:52+08:00][sql] SHOW FULL COLUMNS FROM `qing_search` [ RunTime:0.001811s ]
[2024-08-11T13:02:52+08:00][sql] SELECT * FROM `qing_search` ORDER BY `id` DESC LIMIT 10 [ RunTime:0.000326s ]
[2024-08-11T13:02:52+08:00][sql] SHOW FULL COLUMNS FROM `qing_cart` [ RunTime:0.000740s ]
[2024-08-11T13:02:52+08:00][sql] SELECT COUNT(*) AS think_count FROM `qing_cart` WHERE  `user_id` IS NULL [ RunTime:0.000238s ]
[2024-08-11T13:02:52+08:00][sql] SHOW FULL COLUMNS FROM `qing_goods` [ RunTime:0.000788s ]
[2024-08-11T13:02:52+08:00][sql] SELECT * FROM `qing_goods` WHERE  `goods_id` = 9 LIMIT 1 [ RunTime:0.000492s ]
[2024-08-11T13:02:52+08:00][sql] UPDATE `qing_goods`  SET `click` = 67  WHERE  `goods_id` = 9 [ RunTime:0.002374s ]
[2024-08-11T13:02:52+08:00][sql] SHOW FULL COLUMNS FROM `qing_goods_img` [ RunTime:0.001806s ]
[2024-08-11T13:02:52+08:00][sql] SELECT * FROM `qing_goods_img` WHERE  `goods_id` = 9 [ RunTime:0.000562s ]
[2024-08-11T13:02:52+08:00][error] [10501]SQLSTATE[42000]: Syntax error or access violation: 1064 You have an error in your SQL syntax; check the manual that corresponds to your MySQL server version for the right syntax to use near 'COUNT(c.id) as collects_count, p.stock, p.selnumber,p.goods_cate_id, p.goods_thu' at line 1
[2024-08-11T13:08:35+08:00][sql] CONNECT:[ UseTime:0.001434s ] mysql:host=127.0.0.1;port=3306;dbname=code0921;charset=utf8
[2024-08-11T13:08:35+08:00][sql] SHOW FULL COLUMNS FROM `qing_config` [ RunTime:0.001105s ]
[2024-08-11T13:08:35+08:00][sql] SELECT `value` FROM `qing_config` [ RunTime:0.000269s ]
[2024-08-11T13:08:35+08:00][sql] SHOW FULL COLUMNS FROM `qing_search` [ RunTime:0.000749s ]
[2024-08-11T13:08:35+08:00][sql] SELECT * FROM `qing_search` ORDER BY `id` DESC LIMIT 10 [ RunTime:0.000277s ]
[2024-08-11T13:08:35+08:00][sql] SHOW FULL COLUMNS FROM `qing_cart` [ RunTime:0.000634s ]
[2024-08-11T13:08:35+08:00][sql] SELECT COUNT(*) AS think_count FROM `qing_cart` WHERE  `user_id` IS NULL [ RunTime:0.000211s ]
[2024-08-11T13:08:35+08:00][sql] SHOW FULL COLUMNS FROM `qing_goods` [ RunTime:0.000752s ]
[2024-08-11T13:08:35+08:00][sql] SELECT * FROM `qing_goods` WHERE  `goods_id` = 9 LIMIT 1 [ RunTime:0.000395s ]
[2024-08-11T13:08:35+08:00][sql] UPDATE `qing_goods`  SET `click` = 68  WHERE  `goods_id` = 9 [ RunTime:0.002229s ]
[2024-08-11T13:08:35+08:00][sql] SHOW FULL COLUMNS FROM `qing_goods_img` [ RunTime:0.000950s ]
[2024-08-11T13:08:35+08:00][sql] SELECT * FROM `qing_goods_img` WHERE  `goods_id` = 9 [ RunTime:0.000344s ]
[2024-08-11T13:08:35+08:00][error] [10501]SQLSTATE[42000]: Syntax error or access violation: 1064 You have an error in your SQL syntax; check the manual that corresponds to your MySQL server version for the right syntax to use near 'COUNT(c.id) as collects_count, p.stock, p.selnumber,p.goods_cate_id, p.goods_thu' at line 1
[2024-08-11T13:08:42+08:00][sql] CONNECT:[ UseTime:0.001138s ] mysql:host=127.0.0.1;port=3306;dbname=code0921;charset=utf8
[2024-08-11T13:08:42+08:00][sql] SHOW FULL COLUMNS FROM `qing_config` [ RunTime:0.000970s ]
[2024-08-11T13:08:42+08:00][sql] SELECT `value` FROM `qing_config` [ RunTime:0.000330s ]
[2024-08-11T13:08:42+08:00][sql] SHOW FULL COLUMNS FROM `qing_search` [ RunTime:0.001430s ]
[2024-08-11T13:08:42+08:00][sql] SELECT * FROM `qing_search` ORDER BY `id` DESC LIMIT 10 [ RunTime:0.000330s ]
[2024-08-11T13:08:42+08:00][sql] SHOW FULL COLUMNS FROM `qing_cart` [ RunTime:0.000994s ]
[2024-08-11T13:08:42+08:00][sql] SELECT COUNT(*) AS think_count FROM `qing_cart` WHERE  `user_id` IS NULL [ RunTime:0.000338s ]
[2024-08-11T13:08:42+08:00][sql] SHOW FULL COLUMNS FROM `qing_goods` [ RunTime:0.000905s ]
[2024-08-11T13:08:42+08:00][sql] SELECT * FROM `qing_goods` WHERE  `goods_id` = 9 LIMIT 1 [ RunTime:0.000423s ]
[2024-08-11T13:08:42+08:00][sql] UPDATE `qing_goods`  SET `click` = 69  WHERE  `goods_id` = 9 [ RunTime:0.001452s ]
[2024-08-11T13:08:42+08:00][sql] SHOW FULL COLUMNS FROM `qing_goods_img` [ RunTime:0.000714s ]
[2024-08-11T13:08:42+08:00][sql] SELECT * FROM `qing_goods_img` WHERE  `goods_id` = 9 [ RunTime:0.000344s ]
[2024-08-11T13:08:42+08:00][error] [10501]SQLSTATE[42000]: Syntax error or access violation: 1064 You have an error in your SQL syntax; check the manual that corresponds to your MySQL server version for the right syntax to use near 'COUNT(c.id) as collects_count, p.stock, p.selnumber,p.goods_cate_id, p.goods_thu' at line 1
[2024-08-11T18:44:09+08:00][sql] CONNECT:[ UseTime:0.003375s ] mysql:host=127.0.0.1;port=3306;dbname=code0921;charset=utf8
[2024-08-11T18:44:09+08:00][sql] SHOW FULL COLUMNS FROM `qing_config` [ RunTime:0.004905s ]
[2024-08-11T18:44:09+08:00][sql] SELECT `value` FROM `qing_config` [ RunTime:0.000497s ]
[2024-08-11T18:44:09+08:00][sql] SHOW FULL COLUMNS FROM `qing_search` [ RunTime:0.001132s ]
[2024-08-11T18:44:09+08:00][sql] SELECT * FROM `qing_search` ORDER BY `id` DESC LIMIT 10 [ RunTime:0.000561s ]
[2024-08-11T18:44:09+08:00][sql] SHOW FULL COLUMNS FROM `qing_cart` [ RunTime:0.000883s ]
[2024-08-11T18:44:09+08:00][sql] SELECT COUNT(*) AS think_count FROM `qing_cart` WHERE  `user_id` IS NULL [ RunTime:0.000318s ]
[2024-08-11T18:44:09+08:00][sql] SHOW FULL COLUMNS FROM `qing_goods` [ RunTime:0.001879s ]
[2024-08-11T18:44:09+08:00][sql] SELECT * FROM `qing_goods` WHERE  `goods_id` = 9 LIMIT 1 [ RunTime:0.000534s ]
[2024-08-11T18:44:09+08:00][sql] UPDATE `qing_goods`  SET `click` = 70  WHERE  `goods_id` = 9 [ RunTime:0.002430s ]
[2024-08-11T18:44:09+08:00][sql] SHOW FULL COLUMNS FROM `qing_goods_img` [ RunTime:0.001759s ]
[2024-08-11T18:44:09+08:00][sql] SELECT * FROM `qing_goods_img` WHERE  `goods_id` = 9 [ RunTime:0.000869s ]
[2024-08-11T18:44:09+08:00][error] [10501]SQLSTATE[42000]: Syntax error or access violation: 1064 You have an error in your SQL syntax; check the manual that corresponds to your MySQL server version for the right syntax to use near 'COUNT(c.id) as collects_count, p.stock, p.selnumber,p.goods_cate_id, p.goods_thu' at line 1
[2024-08-11T18:47:45+08:00][sql] CONNECT:[ UseTime:0.001193s ] mysql:host=127.0.0.1;port=3306;dbname=code0921;charset=utf8
[2024-08-11T18:47:45+08:00][sql] SHOW FULL COLUMNS FROM `qing_config` [ RunTime:0.001969s ]
[2024-08-11T18:47:45+08:00][sql] SELECT `value` FROM `qing_config` [ RunTime:0.000379s ]
[2024-08-11T18:47:45+08:00][sql] SHOW FULL COLUMNS FROM `qing_search` [ RunTime:0.000822s ]
[2024-08-11T18:47:45+08:00][sql] SELECT * FROM `qing_search` ORDER BY `id` DESC LIMIT 10 [ RunTime:0.000278s ]
[2024-08-11T18:47:45+08:00][sql] SHOW FULL COLUMNS FROM `qing_cart` [ RunTime:0.000644s ]
[2024-08-11T18:47:45+08:00][sql] SELECT COUNT(*) AS think_count FROM `qing_cart` WHERE  `user_id` IS NULL [ RunTime:0.000193s ]
