[2024-08-18T10:31:12+08:00][sql] CONNECT:[ UseTime:0.013552s ] mysql:host=127.0.0.1;port=3306;dbname=code0921;charset=utf8
[2024-08-18T10:31:12+08:00][sql] SHOW FULL COLUMNS FROM `qing_config` [ RunTime:0.013857s ]
[2024-08-18T10:31:12+08:00][sql] SELECT `value` FROM `qing_config` [ RunTime:0.002333s ]
[2024-08-18T10:31:12+08:00][sql] SHOW FULL COLUMNS FROM `qing_search` [ RunTime:0.003607s ]
[2024-08-18T10:31:12+08:00][sql] SELECT * FROM `qing_search` ORDER BY `id` DESC LIMIT 10 [ RunTime:0.003254s ]
[2024-08-18T10:31:12+08:00][sql] SHOW FULL COLUMNS FROM `qing_cart` [ RunTime:0.003963s ]
[2024-08-18T10:31:12+08:00][sql] SELECT COUNT(*) AS think_count FROM `qing_cart` WHERE  `user_id` IS NULL [ RunTime:0.001931s ]
[2024-08-18T10:33:54+08:00][sql] CONNECT:[ UseTime:0.006535s ] mysql:host=127.0.0.1;port=3306;dbname=code0921;charset=utf8
[2024-08-18T10:33:54+08:00][sql] SHOW FULL COLUMNS FROM `qing_config` [ RunTime:0.004518s ]
[2024-08-18T10:33:54+08:00][sql] SELECT `value` FROM `qing_config` [ RunTime:0.001506s ]
[2024-08-18T10:33:54+08:00][sql] SHOW FULL COLUMNS FROM `qing_search` [ RunTime:0.002203s ]
[2024-08-18T10:33:54+08:00][sql] SELECT * FROM `qing_search` ORDER BY `id` DESC LIMIT 10 [ RunTime:0.002501s ]
[2024-08-18T10:33:54+08:00][sql] SHOW FULL COLUMNS FROM `qing_cart` [ RunTime:0.002436s ]
[2024-08-18T10:33:54+08:00][sql] SELECT COUNT(*) AS think_count FROM `qing_cart` WHERE  `user_id` IS NULL [ RunTime:0.000677s ]
[2024-08-18T10:33:54+08:00][sql] SHOW FULL COLUMNS FROM `qing_user` [ RunTime:0.004724s ]
[2024-08-18T10:33:54+08:00][sql] SELECT * FROM `qing_user` WHERE  `username` = 'admin@gmail.com' LIMIT 1 [ RunTime:0.003287s ]
[2024-08-18T10:33:54+08:00][sql] UPDATE `qing_user`  SET `last_login_time` = 1723948434  WHERE  `id` = 47 [ RunTime:0.015153s ]
[2024-08-18T10:34:02+08:00][sql] CONNECT:[ UseTime:0.002450s ] mysql:host=127.0.0.1;port=3306;dbname=code0921;charset=utf8
[2024-08-18T10:34:02+08:00][sql] SHOW FULL COLUMNS FROM `qing_config` [ RunTime:0.003344s ]
[2024-08-18T10:34:02+08:00][sql] SELECT `value` FROM `qing_config` [ RunTime:0.000649s ]
[2024-08-18T10:34:02+08:00][sql] SHOW FULL COLUMNS FROM `qing_search` [ RunTime:0.002036s ]
[2024-08-18T10:34:02+08:00][sql] SELECT * FROM `qing_search` ORDER BY `id` DESC LIMIT 10 [ RunTime:0.000717s ]
[2024-08-18T10:34:02+08:00][sql] SHOW FULL COLUMNS FROM `qing_cart` [ RunTime:0.002153s ]
[2024-08-18T10:34:02+08:00][sql] SELECT COUNT(*) AS think_count FROM `qing_cart` WHERE  `user_id` = 47 [ RunTime:0.012902s ]
[2024-08-18T10:37:23+08:00][sql] CONNECT:[ UseTime:0.011129s ] mysql:host=127.0.0.1;port=3306;dbname=code0921;charset=utf8
[2024-08-18T10:37:23+08:00][sql] SHOW FULL COLUMNS FROM `qing_config` [ RunTime:0.005975s ]
[2024-08-18T10:37:23+08:00][sql] SELECT `value` FROM `qing_config` [ RunTime:0.002040s ]
[2024-08-18T10:37:23+08:00][sql] SHOW FULL COLUMNS FROM `qing_search` [ RunTime:0.002427s ]
[2024-08-18T10:37:23+08:00][sql] SELECT * FROM `qing_search` ORDER BY `id` DESC LIMIT 10 [ RunTime:0.001265s ]
[2024-08-18T10:37:23+08:00][sql] SHOW FULL COLUMNS FROM `qing_cart` [ RunTime:0.003291s ]
[2024-08-18T10:37:23+08:00][sql] SELECT COUNT(*) AS think_count FROM `qing_cart` WHERE  `user_id` IS NULL [ RunTime:0.001203s ]
[2024-08-18T10:37:23+08:00][sql] SHOW FULL COLUMNS FROM `qing_user` [ RunTime:0.004423s ]
[2024-08-18T10:37:23+08:00][sql] SELECT * FROM `qing_user` WHERE  `username` = 'admin@gmail.com' LIMIT 1 [ RunTime:0.001036s ]
[2024-08-18T10:37:23+08:00][sql] UPDATE `qing_user`  SET `last_login_time` = 1723948643  WHERE  `id` = 47 [ RunTime:0.003626s ]
[2024-08-18T10:38:23+08:00][sql] CONNECT:[ UseTime:0.011388s ] mysql:host=127.0.0.1;port=3306;dbname=code0921;charset=utf8
[2024-08-18T10:38:23+08:00][sql] SHOW FULL COLUMNS FROM `qing_config` [ RunTime:0.003226s ]
[2024-08-18T10:38:23+08:00][sql] SELECT `value` FROM `qing_config` [ RunTime:0.000702s ]
[2024-08-18T10:38:23+08:00][sql] SHOW FULL COLUMNS FROM `qing_search` [ RunTime:0.002256s ]
[2024-08-18T10:38:23+08:00][sql] SELECT * FROM `qing_search` ORDER BY `id` DESC LIMIT 10 [ RunTime:0.000692s ]
[2024-08-18T10:38:23+08:00][sql] SHOW FULL COLUMNS FROM `qing_cart` [ RunTime:0.002895s ]
[2024-08-18T10:38:23+08:00][sql] SELECT COUNT(*) AS think_count FROM `qing_cart` WHERE  `user_id` = 47 [ RunTime:0.000905s ]
[2024-08-18T10:40:34+08:00][sql] CONNECT:[ UseTime:0.012019s ] mysql:host=127.0.0.1;port=3306;dbname=code0921;charset=utf8
[2024-08-18T10:40:34+08:00][sql] SHOW FULL COLUMNS FROM `qing_config` [ RunTime:0.005241s ]
[2024-08-18T10:40:34+08:00][sql] SELECT `value` FROM `qing_config` [ RunTime:0.000710s ]
[2024-08-18T10:40:34+08:00][sql] SHOW FULL COLUMNS FROM `qing_search` [ RunTime:0.002483s ]
[2024-08-18T10:40:34+08:00][sql] SELECT * FROM `qing_search` ORDER BY `id` DESC LIMIT 10 [ RunTime:0.000757s ]
[2024-08-18T10:40:34+08:00][sql] SHOW FULL COLUMNS FROM `qing_cart` [ RunTime:0.002730s ]
[2024-08-18T10:40:34+08:00][sql] SELECT COUNT(*) AS think_count FROM `qing_cart` WHERE  `user_id` IS NULL [ RunTime:0.000604s ]
[2024-08-18T10:41:53+08:00][sql] CONNECT:[ UseTime:0.003598s ] mysql:host=127.0.0.1;port=3306;dbname=code0921;charset=utf8
[2024-08-18T10:41:53+08:00][sql] SHOW FULL COLUMNS FROM `qing_config` [ RunTime:0.004769s ]
[2024-08-18T10:41:53+08:00][sql] SELECT `value` FROM `qing_config` [ RunTime:0.000776s ]
[2024-08-18T10:41:53+08:00][sql] SHOW FULL COLUMNS FROM `qing_search` [ RunTime:0.002639s ]
[2024-08-18T10:41:53+08:00][sql] SELECT * FROM `qing_search` ORDER BY `id` DESC LIMIT 10 [ RunTime:0.000977s ]
[2024-08-18T10:41:53+08:00][sql] SHOW FULL COLUMNS FROM `qing_cart` [ RunTime:0.002570s ]
[2024-08-18T10:41:53+08:00][sql] SELECT COUNT(*) AS think_count FROM `qing_cart` WHERE  `user_id` IS NULL [ RunTime:0.000641s ]
[2024-08-18T10:41:53+08:00][sql] SHOW FULL COLUMNS FROM `qing_user` [ RunTime:0.004037s ]
[2024-08-18T10:41:53+08:00][sql] SELECT * FROM `qing_user` WHERE  `username` = 'admin@gmail.com' LIMIT 1 [ RunTime:0.001960s ]
[2024-08-18T10:41:53+08:00][sql] UPDATE `qing_user`  SET `last_login_time` = 1723948913  WHERE  `id` = 47 [ RunTime:0.004336s ]
[2024-08-18T10:41:53+08:00][sql] CONNECT:[ UseTime:0.010988s ] mysql:host=127.0.0.1;port=3306;dbname=code0921;charset=utf8
[2024-08-18T10:41:53+08:00][sql] SHOW FULL COLUMNS FROM `qing_config` [ RunTime:0.004932s ]
[2024-08-18T10:41:53+08:00][sql] SELECT `value` FROM `qing_config` [ RunTime:0.000633s ]
[2024-08-18T10:41:53+08:00][sql] SHOW FULL COLUMNS FROM `qing_search` [ RunTime:0.002088s ]
[2024-08-18T10:41:53+08:00][sql] SELECT * FROM `qing_search` ORDER BY `id` DESC LIMIT 10 [ RunTime:0.002315s ]
[2024-08-18T10:41:53+08:00][sql] SHOW FULL COLUMNS FROM `qing_cart` [ RunTime:0.002321s ]
[2024-08-18T10:41:53+08:00][sql] SELECT COUNT(*) AS think_count FROM `qing_cart` WHERE  `user_id` IS NULL [ RunTime:0.000737s ]
[2024-08-18T10:41:53+08:00][sql] CONNECT:[ UseTime:0.011693s ] mysql:host=127.0.0.1;port=3306;dbname=code0921;charset=utf8
[2024-08-18T10:41:53+08:00][sql] SHOW FULL COLUMNS FROM `qing_config` [ RunTime:0.002092s ]
[2024-08-18T10:41:53+08:00][sql] SELECT `value` FROM `qing_config` [ RunTime:0.000667s ]
[2024-08-18T10:41:53+08:00][sql] SHOW FULL COLUMNS FROM `qing_search` [ RunTime:0.002082s ]
[2024-08-18T10:41:53+08:00][sql] SELECT * FROM `qing_search` ORDER BY `id` DESC LIMIT 10 [ RunTime:0.000728s ]
[2024-08-18T10:41:53+08:00][sql] SHOW FULL COLUMNS FROM `qing_cart` [ RunTime:0.002044s ]
[2024-08-18T10:41:53+08:00][sql] SELECT COUNT(*) AS think_count FROM `qing_cart` WHERE  `user_id` IS NULL [ RunTime:0.000596s ]
[2024-08-18T10:51:18+08:00][sql] CONNECT:[ UseTime:0.004324s ] mysql:host=127.0.0.1;port=3306;dbname=code0921;charset=utf8
[2024-08-18T10:51:18+08:00][sql] SHOW FULL COLUMNS FROM `qing_config` [ RunTime:0.005605s ]
[2024-08-18T10:51:18+08:00][sql] SELECT `value` FROM `qing_config` [ RunTime:0.001072s ]
[2024-08-18T10:51:18+08:00][sql] SHOW FULL COLUMNS FROM `qing_search` [ RunTime:0.002708s ]
[2024-08-18T10:51:18+08:00][sql] SELECT * FROM `qing_search` ORDER BY `id` DESC LIMIT 10 [ RunTime:0.000861s ]
[2024-08-18T10:51:18+08:00][sql] SHOW FULL COLUMNS FROM `qing_cart` [ RunTime:0.002229s ]
[2024-08-18T10:51:18+08:00][sql] SELECT COUNT(*) AS think_count FROM `qing_cart` WHERE  `user_id` IS NULL [ RunTime:0.000617s ]
[2024-08-18T10:51:24+08:00][sql] CONNECT:[ UseTime:0.011633s ] mysql:host=127.0.0.1;port=3306;dbname=code0921;charset=utf8
[2024-08-18T10:51:24+08:00][sql] SHOW FULL COLUMNS FROM `qing_config` [ RunTime:0.002756s ]
[2024-08-18T10:51:24+08:00][sql] SELECT `value` FROM `qing_config` [ RunTime:0.000697s ]
[2024-08-18T10:51:24+08:00][sql] SHOW FULL COLUMNS FROM `qing_search` [ RunTime:0.002033s ]
[2024-08-18T10:51:24+08:00][sql] SELECT * FROM `qing_search` ORDER BY `id` DESC LIMIT 10 [ RunTime:0.000839s ]
[2024-08-18T10:51:24+08:00][sql] SHOW FULL COLUMNS FROM `qing_cart` [ RunTime:0.001983s ]
[2024-08-18T10:51:24+08:00][sql] SELECT COUNT(*) AS think_count FROM `qing_cart` WHERE  `user_id` IS NULL [ RunTime:0.000659s ]
[2024-08-18T10:51:24+08:00][sql] SHOW FULL COLUMNS FROM `qing_user` [ RunTime:0.003813s ]
[2024-08-18T10:51:24+08:00][sql] SELECT * FROM `qing_user` WHERE  `username` = 'admin@gmail.com' LIMIT 1 [ RunTime:0.000892s ]
[2024-08-18T10:51:24+08:00][sql] UPDATE `qing_user`  SET `last_login_time` = 1723949484  WHERE  `id` = 47 [ RunTime:0.004594s ]
[2024-08-18T10:51:24+08:00][sql] CONNECT:[ UseTime:0.011850s ] mysql:host=127.0.0.1;port=3306;dbname=code0921;charset=utf8
[2024-08-18T10:51:24+08:00][sql] SHOW FULL COLUMNS FROM `qing_config` [ RunTime:0.002643s ]
[2024-08-18T10:51:24+08:00][sql] SELECT `value` FROM `qing_config` [ RunTime:0.000704s ]
[2024-08-18T10:51:24+08:00][sql] SHOW FULL COLUMNS FROM `qing_search` [ RunTime:0.002117s ]
[2024-08-18T10:51:24+08:00][sql] SELECT * FROM `qing_search` ORDER BY `id` DESC LIMIT 10 [ RunTime:0.000717s ]
[2024-08-18T10:51:24+08:00][sql] SHOW FULL COLUMNS FROM `qing_cart` [ RunTime:0.001896s ]
[2024-08-18T10:51:24+08:00][sql] SELECT COUNT(*) AS think_count FROM `qing_cart` WHERE  `user_id` = 47 [ RunTime:0.000766s ]
[2024-08-18T10:51:24+08:00][sql] SHOW FULL COLUMNS FROM `qing_user` [ RunTime:0.004216s ]
[2024-08-18T10:51:24+08:00][sql] SELECT * FROM `qing_user` WHERE  `recommender` = 'YJ1723885529'  AND `mer_count` >= 0 [ RunTime:0.001022s ]
[2024-08-18T10:51:24+08:00][sql] SELECT * FROM `qing_user` WHERE  `recommender` = 'YJ1723885529'  AND `mer_count` > 0 [ RunTime:0.001009s ]
[2024-08-18T10:51:24+08:00][sql] SELECT `id`,`username`,`name`,`email`,`phone`,`avatar`,`status`,`unum`,`total`,`created_at`,`updated_at`,`last_login_time` FROM `qing_user` WHERE  `id` = 47 LIMIT 1 [ RunTime:0.000793s ]
[2024-08-18T10:51:46+08:00][sql] CONNECT:[ UseTime:0.002948s ] mysql:host=127.0.0.1;port=3306;dbname=code0921;charset=utf8
[2024-08-18T10:51:46+08:00][sql] SHOW FULL COLUMNS FROM `qing_config` [ RunTime:0.007738s ]
[2024-08-18T10:51:46+08:00][sql] SELECT `value` FROM `qing_config` [ RunTime:0.000685s ]
[2024-08-18T10:51:46+08:00][sql] SHOW FULL COLUMNS FROM `qing_search` [ RunTime:0.008021s ]
[2024-08-18T10:51:46+08:00][sql] SELECT * FROM `qing_search` ORDER BY `id` DESC LIMIT 10 [ RunTime:0.000722s ]
[2024-08-18T10:51:46+08:00][sql] SHOW FULL COLUMNS FROM `qing_cart` [ RunTime:0.004076s ]
[2024-08-18T10:51:46+08:00][sql] SELECT COUNT(*) AS think_count FROM `qing_cart` WHERE  `user_id` = 47 [ RunTime:0.000790s ]
[2024-08-18T10:51:46+08:00][sql] CONNECT:[ UseTime:0.011156s ] mysql:host=127.0.0.1;port=3306;dbname=code0921;charset=utf8
[2024-08-18T10:51:46+08:00][sql] SHOW FULL COLUMNS FROM `qing_config` [ RunTime:0.002057s ]
[2024-08-18T10:51:46+08:00][sql] SELECT `value` FROM `qing_config` [ RunTime:0.000660s ]
[2024-08-18T10:51:46+08:00][sql] SHOW FULL COLUMNS FROM `qing_search` [ RunTime:0.002284s ]
[2024-08-18T10:51:46+08:00][sql] SELECT * FROM `qing_search` ORDER BY `id` DESC LIMIT 10 [ RunTime:0.000783s ]
[2024-08-18T10:51:46+08:00][sql] SHOW FULL COLUMNS FROM `qing_cart` [ RunTime:0.002739s ]
[2024-08-18T10:51:46+08:00][sql] SELECT COUNT(*) AS think_count FROM `qing_cart` WHERE  `user_id` = 47 [ RunTime:0.000853s ]
[2024-08-18T10:51:46+08:00][sql] SHOW FULL COLUMNS FROM `qing_user` [ RunTime:0.001924s ]
[2024-08-18T10:51:46+08:00][sql] SELECT * FROM `qing_user` WHERE  `recommender` = 'YJ1723885529'  AND `mer_count` >= 0 [ RunTime:0.001058s ]
[2024-08-18T10:51:46+08:00][sql] SELECT * FROM `qing_user` WHERE  `recommender` = 'YJ1723885529'  AND `mer_count` > 0 [ RunTime:0.000906s ]
[2024-08-18T10:51:46+08:00][sql] SELECT `id`,`username`,`name`,`email`,`phone`,`avatar`,`status`,`unum`,`total`,`created_at`,`updated_at`,`last_login_time` FROM `qing_user` WHERE  `id` = 47 LIMIT 1 [ RunTime:0.000732s ]
[2024-08-18T10:53:17+08:00][sql] CONNECT:[ UseTime:0.010510s ] mysql:host=127.0.0.1;port=3306;dbname=code0921;charset=utf8
[2024-08-18T10:53:17+08:00][sql] SHOW FULL COLUMNS FROM `qing_config` [ RunTime:0.007114s ]
[2024-08-18T10:53:17+08:00][sql] SELECT `value` FROM `qing_config` [ RunTime:0.000800s ]
[2024-08-18T10:53:17+08:00][sql] SHOW FULL COLUMNS FROM `qing_search` [ RunTime:0.001622s ]
[2024-08-18T10:53:17+08:00][sql] SELECT * FROM `qing_search` ORDER BY `id` DESC LIMIT 10 [ RunTime:0.000700s ]
[2024-08-18T10:53:17+08:00][sql] SHOW FULL COLUMNS FROM `qing_cart` [ RunTime:0.001344s ]
[2024-08-18T10:53:17+08:00][sql] SELECT COUNT(*) AS think_count FROM `qing_cart` WHERE  `user_id` IS NULL [ RunTime:0.000607s ]
[2024-08-18T10:53:33+08:00][sql] CONNECT:[ UseTime:0.011473s ] mysql:host=127.0.0.1;port=3306;dbname=code0921;charset=utf8
[2024-08-18T10:53:33+08:00][sql] SHOW FULL COLUMNS FROM `qing_config` [ RunTime:0.001521s ]
[2024-08-18T10:53:33+08:00][sql] SELECT `value` FROM `qing_config` [ RunTime:0.000668s ]
[2024-08-18T10:53:33+08:00][sql] SHOW FULL COLUMNS FROM `qing_search` [ RunTime:0.001394s ]
[2024-08-18T10:53:33+08:00][sql] SELECT * FROM `qing_search` ORDER BY `id` DESC LIMIT 10 [ RunTime:0.000683s ]
[2024-08-18T10:53:33+08:00][sql] SHOW FULL COLUMNS FROM `qing_cart` [ RunTime:0.001352s ]
[2024-08-18T10:53:33+08:00][sql] SELECT COUNT(*) AS think_count FROM `qing_cart` WHERE  `user_id` IS NULL [ RunTime:0.000551s ]
[2024-08-18T10:53:33+08:00][sql] SHOW FULL COLUMNS FROM `qing_user` [ RunTime:0.001563s ]
[2024-08-18T10:53:33+08:00][sql] SELECT * FROM `qing_user` WHERE  `username` = 'admin@gmail.com' LIMIT 1 [ RunTime:0.000889s ]
[2024-08-18T10:53:33+08:00][sql] UPDATE `qing_user`  SET `last_login_time` = 1723949613  WHERE  `id` = 47 [ RunTime:0.003894s ]
[2024-08-18T10:53:34+08:00][sql] CONNECT:[ UseTime:0.010561s ] mysql:host=127.0.0.1;port=3306;dbname=code0921;charset=utf8
[2024-08-18T10:53:34+08:00][sql] SHOW FULL COLUMNS FROM `qing_config` [ RunTime:0.001416s ]
[2024-08-18T10:53:34+08:00][sql] SELECT `value` FROM `qing_config` [ RunTime:0.000691s ]
[2024-08-18T10:53:34+08:00][sql] SHOW FULL COLUMNS FROM `qing_search` [ RunTime:0.001330s ]
[2024-08-18T10:53:34+08:00][sql] SELECT * FROM `qing_search` ORDER BY `id` DESC LIMIT 10 [ RunTime:0.000702s ]
[2024-08-18T10:53:34+08:00][sql] SHOW FULL COLUMNS FROM `qing_cart` [ RunTime:0.001422s ]
[2024-08-18T10:53:34+08:00][sql] SELECT COUNT(*) AS think_count FROM `qing_cart` WHERE  `user_id` IS NULL [ RunTime:0.000637s ]
[2024-08-18T10:53:34+08:00][sql] CONNECT:[ UseTime:0.011201s ] mysql:host=127.0.0.1;port=3306;dbname=code0921;charset=utf8
[2024-08-18T10:53:34+08:00][sql] SHOW FULL COLUMNS FROM `qing_config` [ RunTime:0.001469s ]
[2024-08-18T10:53:34+08:00][sql] SELECT `value` FROM `qing_config` [ RunTime:0.000639s ]
[2024-08-18T10:53:34+08:00][sql] SHOW FULL COLUMNS FROM `qing_search` [ RunTime:0.001387s ]
[2024-08-18T10:53:34+08:00][sql] SELECT * FROM `qing_search` ORDER BY `id` DESC LIMIT 10 [ RunTime:0.000675s ]
[2024-08-18T10:53:34+08:00][sql] SHOW FULL COLUMNS FROM `qing_cart` [ RunTime:0.001367s ]
[2024-08-18T10:53:34+08:00][sql] SELECT COUNT(*) AS think_count FROM `qing_cart` WHERE  `user_id` IS NULL [ RunTime:0.000610s ]
[2024-08-18T10:54:02+08:00][sql] CONNECT:[ UseTime:0.010528s ] mysql:host=127.0.0.1;port=3306;dbname=code0921;charset=utf8
[2024-08-18T10:54:02+08:00][sql] SHOW FULL COLUMNS FROM `qing_config` [ RunTime:0.001500s ]
[2024-08-18T10:54:02+08:00][sql] SELECT `value` FROM `qing_config` [ RunTime:0.005391s ]
[2024-08-18T10:54:02+08:00][sql] SHOW FULL COLUMNS FROM `qing_search` [ RunTime:0.002123s ]
[2024-08-18T10:54:02+08:00][sql] SELECT * FROM `qing_search` ORDER BY `id` DESC LIMIT 10 [ RunTime:0.001349s ]
[2024-08-18T10:54:02+08:00][sql] SHOW FULL COLUMNS FROM `qing_cart` [ RunTime:0.002707s ]
[2024-08-18T10:54:02+08:00][sql] SELECT COUNT(*) AS think_count FROM `qing_cart` WHERE  `user_id` IS NULL [ RunTime:0.001010s ]
[2024-08-18T10:54:19+08:00][sql] CONNECT:[ UseTime:0.008023s ] mysql:host=127.0.0.1;port=3306;dbname=code0921;charset=utf8
[2024-08-18T10:54:19+08:00][sql] SHOW FULL COLUMNS FROM `qing_config` [ RunTime:0.002060s ]
[2024-08-18T10:54:19+08:00][sql] SELECT `value` FROM `qing_config` [ RunTime:0.000768s ]
[2024-08-18T10:54:19+08:00][sql] SHOW FULL COLUMNS FROM `qing_search` [ RunTime:0.001693s ]
[2024-08-18T10:54:19+08:00][sql] SELECT * FROM `qing_search` ORDER BY `id` DESC LIMIT 10 [ RunTime:0.000740s ]
[2024-08-18T10:54:19+08:00][sql] SHOW FULL COLUMNS FROM `qing_cart` [ RunTime:0.001611s ]
[2024-08-18T10:54:19+08:00][sql] SELECT COUNT(*) AS think_count FROM `qing_cart` WHERE  `user_id` IS NULL [ RunTime:0.000622s ]
[2024-08-18T10:54:32+08:00][sql] CONNECT:[ UseTime:0.010711s ] mysql:host=127.0.0.1;port=3306;dbname=code0921;charset=utf8
[2024-08-18T10:54:32+08:00][sql] SHOW FULL COLUMNS FROM `qing_config` [ RunTime:0.001477s ]
[2024-08-18T10:54:32+08:00][sql] SELECT `value` FROM `qing_config` [ RunTime:0.000656s ]
[2024-08-18T10:54:32+08:00][sql] SHOW FULL COLUMNS FROM `qing_search` [ RunTime:0.001303s ]
[2024-08-18T10:54:32+08:00][sql] SELECT * FROM `qing_search` ORDER BY `id` DESC LIMIT 10 [ RunTime:0.004689s ]
[2024-08-18T10:54:32+08:00][sql] SHOW FULL COLUMNS FROM `qing_cart` [ RunTime:0.001555s ]
[2024-08-18T10:54:32+08:00][sql] SELECT COUNT(*) AS think_count FROM `qing_cart` WHERE  `user_id` IS NULL [ RunTime:0.000626s ]
[2024-08-18T10:54:32+08:00][sql] SHOW FULL COLUMNS FROM `qing_user` [ RunTime:0.003558s ]
[2024-08-18T10:54:32+08:00][sql] SELECT * FROM `qing_user` WHERE  `username` = 'admin@gmail.com' LIMIT 1 [ RunTime:0.000978s ]
[2024-08-18T10:54:32+08:00][sql] UPDATE `qing_user`  SET `last_login_time` = 1723949672  WHERE  `id` = 47 [ RunTime:0.004933s ]
[2024-08-18T10:54:32+08:00][sql] CONNECT:[ UseTime:0.010868s ] mysql:host=127.0.0.1;port=3306;dbname=code0921;charset=utf8
[2024-08-18T10:54:32+08:00][sql] SHOW FULL COLUMNS FROM `qing_config` [ RunTime:0.003630s ]
[2024-08-18T10:54:32+08:00][sql] SELECT `value` FROM `qing_config` [ RunTime:0.000708s ]
[2024-08-18T10:54:32+08:00][sql] SHOW FULL COLUMNS FROM `qing_search` [ RunTime:0.001314s ]
[2024-08-18T10:54:32+08:00][sql] SELECT * FROM `qing_search` ORDER BY `id` DESC LIMIT 10 [ RunTime:0.000663s ]
[2024-08-18T10:54:32+08:00][sql] SHOW FULL COLUMNS FROM `qing_cart` [ RunTime:0.001377s ]
[2024-08-18T10:54:32+08:00][sql] SELECT COUNT(*) AS think_count FROM `qing_cart` WHERE  `user_id` IS NULL [ RunTime:0.000615s ]
[2024-08-18T10:54:32+08:00][sql] CONNECT:[ UseTime:0.010962s ] mysql:host=127.0.0.1;port=3306;dbname=code0921;charset=utf8
[2024-08-18T10:54:32+08:00][sql] SHOW FULL COLUMNS FROM `qing_config` [ RunTime:0.001439s ]
[2024-08-18T10:54:32+08:00][sql] SELECT `value` FROM `qing_config` [ RunTime:0.000702s ]
[2024-08-18T10:54:32+08:00][sql] SHOW FULL COLUMNS FROM `qing_search` [ RunTime:0.001341s ]
[2024-08-18T10:54:32+08:00][sql] SELECT * FROM `qing_search` ORDER BY `id` DESC LIMIT 10 [ RunTime:0.000693s ]
[2024-08-18T10:54:32+08:00][sql] SHOW FULL COLUMNS FROM `qing_cart` [ RunTime:0.001374s ]
[2024-08-18T10:54:32+08:00][sql] SELECT COUNT(*) AS think_count FROM `qing_cart` WHERE  `user_id` IS NULL [ RunTime:0.000612s ]
