[2024-07-12T15:57:11+08:00][sql] CONNECT:[ UseTime:0.001016s ] mysql:host=127.0.0.1;port=3306;dbname=code0921;charset=utf8
[2024-07-12T15:57:11+08:00][sql] SHOW FULL COLUMNS FROM `qing_config` [ RunTime:0.001143s ]
[2024-07-12T15:57:11+08:00][sql] SELECT `value` FROM `qing_config` [ RunTime:0.000321s ]
[2024-07-12T15:57:11+08:00][sql] SHOW FULL COLUMNS FROM `qing_search` [ RunTime:0.001280s ]
[2024-07-12T15:57:11+08:00][sql] SELECT * FROM `qing_search` ORDER BY `id` DESC LIMIT 10 [ RunTime:0.000370s ]
[2024-07-12T15:57:11+08:00][sql] SHOW FULL COLUMNS FROM `qing_cart` [ RunTime:0.001348s ]
[2024-07-12T15:57:11+08:00][sql] SELECT COUNT(*) AS think_count FROM `qing_cart` WHERE  `user_id` IS NULL [ RunTime:0.000341s ]
[2024-07-12T15:57:11+08:00][sql] SHOW FULL COLUMNS FROM `qing_ad` [ RunTime:0.004525s ]
[2024-07-12T15:57:11+08:00][sql] SELECT * FROM `qing_ad` WHERE  `type_id` = 1 [ RunTime:0.000416s ]
[2024-07-12T15:57:11+08:00][sql] SHOW FULL COLUMNS FROM `qing_goods` [ RunTime:0.003977s ]
[2024-07-12T15:57:11+08:00][sql] SELECT * FROM `qing_goods` WHERE  `ishot` = 1  AND `goods_status` = 1 ORDER BY `goods_id` DESC,`listorder` ASC LIMIT 8 [ RunTime:0.000603s ]
[2024-07-12T15:57:11+08:00][sql] SHOW FULL COLUMNS FROM `qing_category` [ RunTime:0.001187s ]
[2024-07-12T15:57:11+08:00][sql] SELECT `id`,`parent_id`,`cate_name` FROM `qing_category` ORDER BY `listorder` ASC [ RunTime:0.000486s ]
[2024-07-12T16:21:16+08:00][sql] CONNECT:[ UseTime:0.001239s ] mysql:host=127.0.0.1;port=3306;dbname=code0921;charset=utf8
[2024-07-12T16:21:16+08:00][sql] SHOW FULL COLUMNS FROM `qing_config` [ RunTime:0.001294s ]
[2024-07-12T16:21:16+08:00][sql] SELECT `value` FROM `qing_config` [ RunTime:0.000250s ]
[2024-07-12T16:21:16+08:00][sql] SHOW FULL COLUMNS FROM `qing_search` [ RunTime:0.000838s ]
[2024-07-12T16:21:16+08:00][sql] SELECT * FROM `qing_search` ORDER BY `id` DESC LIMIT 10 [ RunTime:0.000415s ]
[2024-07-12T16:21:16+08:00][sql] SHOW FULL COLUMNS FROM `qing_cart` [ RunTime:0.002214s ]
[2024-07-12T16:21:16+08:00][sql] SELECT COUNT(*) AS think_count FROM `qing_cart` WHERE  `user_id` IS NULL [ RunTime:0.000334s ]
[2024-07-12T16:21:16+08:00][sql] CONNECT:[ UseTime:0.000894s ] mysql:host=127.0.0.1;port=3306;dbname=code0921;charset=utf8
[2024-07-12T16:21:16+08:00][sql] SHOW FULL COLUMNS FROM `qing_config` [ RunTime:0.000920s ]
[2024-07-12T16:21:16+08:00][sql] SELECT `value` FROM `qing_config` [ RunTime:0.000217s ]
[2024-07-12T16:21:16+08:00][sql] SHOW FULL COLUMNS FROM `qing_search` [ RunTime:0.000889s ]
[2024-07-12T16:21:16+08:00][sql] SELECT * FROM `qing_search` ORDER BY `id` DESC LIMIT 10 [ RunTime:0.000230s ]
[2024-07-12T16:21:16+08:00][sql] SHOW FULL COLUMNS FROM `qing_cart` [ RunTime:0.000745s ]
[2024-07-12T16:21:16+08:00][sql] SELECT COUNT(*) AS think_count FROM `qing_cart` WHERE  `user_id` IS NULL [ RunTime:0.000167s ]
[2024-07-12T16:21:21+08:00][sql] CONNECT:[ UseTime:0.000884s ] mysql:host=127.0.0.1;port=3306;dbname=code0921;charset=utf8
[2024-07-12T16:21:21+08:00][sql] SHOW FULL COLUMNS FROM `qing_config` [ RunTime:0.001004s ]
[2024-07-12T16:21:21+08:00][sql] SELECT `value` FROM `qing_config` [ RunTime:0.000293s ]
[2024-07-12T16:21:21+08:00][sql] SHOW FULL COLUMNS FROM `qing_search` [ RunTime:0.001881s ]
[2024-07-12T16:21:21+08:00][sql] SELECT * FROM `qing_search` ORDER BY `id` DESC LIMIT 10 [ RunTime:0.000614s ]
[2024-07-12T16:21:21+08:00][sql] SHOW FULL COLUMNS FROM `qing_cart` [ RunTime:0.001078s ]
[2024-07-12T16:21:21+08:00][sql] SELECT COUNT(*) AS think_count FROM `qing_cart` WHERE  `user_id` IS NULL [ RunTime:0.000276s ]
[2024-07-12T16:21:21+08:00][sql] CONNECT:[ UseTime:0.000862s ] mysql:host=127.0.0.1;port=3306;dbname=code0921;charset=utf8
[2024-07-12T16:21:21+08:00][sql] SHOW FULL COLUMNS FROM `qing_config` [ RunTime:0.000961s ]
[2024-07-12T16:21:21+08:00][sql] SELECT `value` FROM `qing_config` [ RunTime:0.000247s ]
[2024-07-12T16:21:21+08:00][sql] SHOW FULL COLUMNS FROM `qing_search` [ RunTime:0.000915s ]
[2024-07-12T16:21:21+08:00][sql] SELECT * FROM `qing_search` ORDER BY `id` DESC LIMIT 10 [ RunTime:0.000244s ]
[2024-07-12T16:21:21+08:00][sql] SHOW FULL COLUMNS FROM `qing_cart` [ RunTime:0.000996s ]
[2024-07-12T16:21:21+08:00][sql] SELECT COUNT(*) AS think_count FROM `qing_cart` WHERE  `user_id` IS NULL [ RunTime:0.000182s ]
[2024-07-12T16:22:57+08:00][sql] CONNECT:[ UseTime:0.000994s ] mysql:host=127.0.0.1;port=3306;dbname=code0921;charset=utf8
[2024-07-12T16:22:57+08:00][sql] SHOW FULL COLUMNS FROM `qing_config` [ RunTime:0.001000s ]
[2024-07-12T16:22:57+08:00][sql] SELECT `value` FROM `qing_config` [ RunTime:0.000225s ]
[2024-07-12T16:22:57+08:00][sql] SHOW FULL COLUMNS FROM `qing_search` [ RunTime:0.001392s ]
[2024-07-12T16:22:57+08:00][sql] SELECT * FROM `qing_search` ORDER BY `id` DESC LIMIT 10 [ RunTime:0.000274s ]
[2024-07-12T16:22:57+08:00][sql] SHOW FULL COLUMNS FROM `qing_cart` [ RunTime:0.000902s ]
[2024-07-12T16:22:57+08:00][sql] SELECT COUNT(*) AS think_count FROM `qing_cart` WHERE  `user_id` IS NULL [ RunTime:0.000190s ]
[2024-07-12T16:22:57+08:00][sql] SHOW FULL COLUMNS FROM `qing_user` [ RunTime:0.005967s ]
[2024-07-12T16:22:57+08:00][sql] SELECT * FROM `qing_user` WHERE  `username` = 'admin123456' LIMIT 1 [ RunTime:0.000468s ]
[2024-07-12T16:22:57+08:00][sql] UPDATE `qing_user`  SET `last_login_time` = 1720772577  WHERE  `id` = 2 [ RunTime:0.003909s ]
[2024-07-12T16:23:00+08:00][sql] CONNECT:[ UseTime:0.001443s ] mysql:host=127.0.0.1;port=3306;dbname=code0921;charset=utf8
[2024-07-12T16:23:00+08:00][sql] SHOW FULL COLUMNS FROM `qing_config` [ RunTime:0.001206s ]
[2024-07-12T16:23:00+08:00][sql] SELECT `value` FROM `qing_config` [ RunTime:0.000262s ]
[2024-07-12T16:23:00+08:00][sql] SHOW FULL COLUMNS FROM `qing_search` [ RunTime:0.000917s ]
[2024-07-12T16:23:00+08:00][sql] SELECT * FROM `qing_search` ORDER BY `id` DESC LIMIT 10 [ RunTime:0.000252s ]
[2024-07-12T16:23:00+08:00][sql] SHOW FULL COLUMNS FROM `qing_cart` [ RunTime:0.000753s ]
[2024-07-12T16:23:00+08:00][sql] SELECT COUNT(*) AS think_count FROM `qing_cart` WHERE  `user_id` = 2 [ RunTime:0.000357s ]
[2024-07-12T16:23:00+08:00][sql] SHOW FULL COLUMNS FROM `qing_merchant` [ RunTime:0.003197s ]
[2024-07-12T16:23:00+08:00][sql] SELECT COUNT(*) AS think_count FROM `qing_merchant` `a` WHERE  `a`.`store_name` LIKE '%%'  AND `user_id` = 2 [ RunTime:0.001405s ]
[2024-07-12T16:23:00+08:00][sql] SELECT * FROM `qing_merchant` `a` WHERE  `a`.`store_name` LIKE '%%'  AND `user_id` = 2 ORDER BY `add_time` DESC LIMIT 0,10 [ RunTime:0.000434s ]
[2024-07-12T16:23:00+08:00][sql] SHOW FULL COLUMNS FROM `qing_user` [ RunTime:0.004322s ]
[2024-07-12T16:23:00+08:00][sql] SELECT * FROM `qing_user` WHERE  `recommender` = 'YJ1596269352'  AND `mer_count` >= 0 [ RunTime:0.000406s ]
[2024-07-12T16:23:00+08:00][sql] SELECT * FROM `qing_user` WHERE  `recommender` = 'YJ1596269352'  AND `mer_count` > 0 [ RunTime:0.000290s ]
[2024-07-12T16:23:13+08:00][sql] CONNECT:[ UseTime:0.003007s ] mysql:host=127.0.0.1;port=3306;dbname=code0921;charset=utf8
[2024-07-12T16:23:13+08:00][sql] SHOW FULL COLUMNS FROM `qing_config` [ RunTime:0.001166s ]
[2024-07-12T16:23:13+08:00][sql] SELECT `value` FROM `qing_config` [ RunTime:0.000239s ]
[2024-07-12T16:23:13+08:00][sql] SHOW FULL COLUMNS FROM `qing_search` [ RunTime:0.000823s ]
[2024-07-12T16:23:13+08:00][sql] SELECT * FROM `qing_search` ORDER BY `id` DESC LIMIT 10 [ RunTime:0.000231s ]
[2024-07-12T16:23:13+08:00][sql] SHOW FULL COLUMNS FROM `qing_cart` [ RunTime:0.000750s ]
[2024-07-12T16:23:13+08:00][sql] SELECT COUNT(*) AS think_count FROM `qing_cart` WHERE  `user_id` = 2 [ RunTime:0.000226s ]
[2024-07-12T16:23:13+08:00][sql] SHOW FULL COLUMNS FROM `qing_ad` [ RunTime:0.003276s ]
[2024-07-12T16:23:13+08:00][sql] SELECT * FROM `qing_ad` WHERE  `type_id` = 1 [ RunTime:0.000306s ]
[2024-07-12T16:23:13+08:00][sql] SHOW FULL COLUMNS FROM `qing_goods` [ RunTime:0.004526s ]
[2024-07-12T16:23:13+08:00][sql] SELECT * FROM `qing_goods` WHERE  `ishot` = 1  AND `goods_status` = 1 ORDER BY `goods_id` DESC,`listorder` ASC LIMIT 8 [ RunTime:0.000540s ]
[2024-07-12T16:23:13+08:00][sql] SHOW FULL COLUMNS FROM `qing_category` [ RunTime:0.000902s ]
[2024-07-12T16:23:13+08:00][sql] SELECT `id`,`parent_id`,`cate_name` FROM `qing_category` ORDER BY `listorder` ASC [ RunTime:0.000349s ]
[2024-07-12T16:23:14+08:00][sql] CONNECT:[ UseTime:0.000906s ] mysql:host=127.0.0.1;port=3306;dbname=code0921;charset=utf8
[2024-07-12T16:23:14+08:00][sql] SHOW FULL COLUMNS FROM `qing_config` [ RunTime:0.000932s ]
[2024-07-12T16:23:14+08:00][sql] SELECT `value` FROM `qing_config` [ RunTime:0.000219s ]
[2024-07-12T16:23:14+08:00][sql] SHOW FULL COLUMNS FROM `qing_search` [ RunTime:0.001190s ]
[2024-07-12T16:23:14+08:00][sql] SELECT * FROM `qing_search` ORDER BY `id` DESC LIMIT 10 [ RunTime:0.000789s ]
[2024-07-12T16:23:14+08:00][sql] SHOW FULL COLUMNS FROM `qing_cart` [ RunTime:0.002137s ]
[2024-07-12T16:23:14+08:00][sql] SELECT COUNT(*) AS think_count FROM `qing_cart` WHERE  `user_id` = 2 [ RunTime:0.000342s ]
[2024-07-12T16:23:14+08:00][sql] SHOW FULL COLUMNS FROM `qing_merchant` [ RunTime:0.001032s ]
[2024-07-12T16:23:14+08:00][sql] SELECT COUNT(*) AS think_count FROM `qing_merchant` `a` WHERE  `a`.`store_name` LIKE '%%'  AND `user_id` = 2 [ RunTime:0.000306s ]
[2024-07-12T16:23:14+08:00][sql] SELECT * FROM `qing_merchant` `a` WHERE  `a`.`store_name` LIKE '%%'  AND `user_id` = 2 ORDER BY `add_time` DESC LIMIT 0,10 [ RunTime:0.000375s ]
[2024-07-12T16:23:14+08:00][sql] SHOW FULL COLUMNS FROM `qing_user` [ RunTime:0.003355s ]
[2024-07-12T16:23:14+08:00][sql] SELECT * FROM `qing_user` WHERE  `recommender` = 'YJ1596269352'  AND `mer_count` >= 0 [ RunTime:0.000398s ]
[2024-07-12T16:23:14+08:00][sql] SELECT * FROM `qing_user` WHERE  `recommender` = 'YJ1596269352'  AND `mer_count` > 0 [ RunTime:0.000287s ]
[2024-07-12T16:24:22+08:00][sql] CONNECT:[ UseTime:0.000919s ] mysql:host=127.0.0.1;port=3306;dbname=code0921;charset=utf8
[2024-07-12T16:24:22+08:00][sql] SHOW FULL COLUMNS FROM `qing_config` [ RunTime:0.002320s ]
[2024-07-12T16:24:22+08:00][sql] SELECT `value` FROM `qing_config` [ RunTime:0.000756s ]
[2024-07-12T16:24:22+08:00][sql] SHOW FULL COLUMNS FROM `qing_search` [ RunTime:0.000985s ]
[2024-07-12T16:24:22+08:00][sql] SELECT * FROM `qing_search` ORDER BY `id` DESC LIMIT 10 [ RunTime:0.000272s ]
[2024-07-12T16:24:22+08:00][sql] SHOW FULL COLUMNS FROM `qing_cart` [ RunTime:0.000919s ]
[2024-07-12T16:24:22+08:00][sql] SELECT COUNT(*) AS think_count FROM `qing_cart` WHERE  `user_id` = 2 [ RunTime:0.000234s ]
[2024-07-12T16:27:40+08:00][sql] CONNECT:[ UseTime:0.001045s ] mysql:host=127.0.0.1;port=3306;dbname=code0921;charset=utf8
[2024-07-12T16:27:40+08:00][sql] SHOW FULL COLUMNS FROM `qing_config` [ RunTime:0.001271s ]
[2024-07-12T16:27:40+08:00][sql] SELECT `value` FROM `qing_config` [ RunTime:0.000288s ]
[2024-07-12T16:27:40+08:00][sql] SHOW FULL COLUMNS FROM `qing_search` [ RunTime:0.001225s ]
[2024-07-12T16:27:40+08:00][sql] SELECT * FROM `qing_search` ORDER BY `id` DESC LIMIT 10 [ RunTime:0.000440s ]
[2024-07-12T16:27:40+08:00][sql] SHOW FULL COLUMNS FROM `qing_cart` [ RunTime:0.001211s ]
[2024-07-12T16:27:40+08:00][sql] SELECT COUNT(*) AS think_count FROM `qing_cart` WHERE  `user_id` IS NULL [ RunTime:0.000297s ]
[2024-07-12T16:27:40+08:00][sql] CONNECT:[ UseTime:0.000830s ] mysql:host=127.0.0.1;port=3306;dbname=code0921;charset=utf8
[2024-07-12T16:27:40+08:00][sql] SHOW FULL COLUMNS FROM `qing_config` [ RunTime:0.000760s ]
[2024-07-12T16:27:40+08:00][sql] SELECT `value` FROM `qing_config` [ RunTime:0.000226s ]
[2024-07-12T16:27:40+08:00][sql] SHOW FULL COLUMNS FROM `qing_search` [ RunTime:0.000607s ]
[2024-07-12T16:27:40+08:00][sql] SELECT * FROM `qing_search` ORDER BY `id` DESC LIMIT 10 [ RunTime:0.000229s ]
[2024-07-12T16:27:40+08:00][sql] SHOW FULL COLUMNS FROM `qing_cart` [ RunTime:0.000535s ]
[2024-07-12T16:27:40+08:00][sql] SELECT COUNT(*) AS think_count FROM `qing_cart` WHERE  `user_id` IS NULL [ RunTime:0.000187s ]
[2024-07-12T16:27:57+08:00][sql] CONNECT:[ UseTime:0.000889s ] mysql:host=127.0.0.1;port=3306;dbname=code0921;charset=utf8
[2024-07-12T16:27:57+08:00][sql] SHOW FULL COLUMNS FROM `qing_config` [ RunTime:0.000742s ]
[2024-07-12T16:27:57+08:00][sql] SELECT `value` FROM `qing_config` [ RunTime:0.000213s ]
[2024-07-12T16:27:57+08:00][sql] SHOW FULL COLUMNS FROM `qing_search` [ RunTime:0.000574s ]
[2024-07-12T16:27:57+08:00][sql] SELECT * FROM `qing_search` ORDER BY `id` DESC LIMIT 10 [ RunTime:0.000222s ]
[2024-07-12T16:27:57+08:00][sql] SHOW FULL COLUMNS FROM `qing_cart` [ RunTime:0.000535s ]
[2024-07-12T16:27:57+08:00][sql] SELECT COUNT(*) AS think_count FROM `qing_cart` WHERE  `user_id` IS NULL [ RunTime:0.000176s ]
[2024-07-12T16:27:57+08:00][sql] SHOW FULL COLUMNS FROM `qing_user` [ RunTime:0.003541s ]
[2024-07-12T16:27:57+08:00][sql] SELECT * FROM `qing_user` WHERE  `username` = 'admin123456' LIMIT 1 [ RunTime:0.000406s ]
[2024-07-12T16:27:57+08:00][sql] UPDATE `qing_user`  SET `last_login_time` = 1720772877  WHERE  `id` = 2 [ RunTime:0.002588s ]
[2024-07-12T16:27:59+08:00][sql] CONNECT:[ UseTime:0.001002s ] mysql:host=127.0.0.1;port=3306;dbname=code0921;charset=utf8
[2024-07-12T16:27:59+08:00][sql] SHOW FULL COLUMNS FROM `qing_config` [ RunTime:0.001007s ]
[2024-07-12T16:27:59+08:00][sql] SELECT `value` FROM `qing_config` [ RunTime:0.000246s ]
[2024-07-12T16:27:59+08:00][sql] SHOW FULL COLUMNS FROM `qing_search` [ RunTime:0.001025s ]
[2024-07-12T16:27:59+08:00][sql] SELECT * FROM `qing_search` ORDER BY `id` DESC LIMIT 10 [ RunTime:0.000257s ]
[2024-07-12T16:27:59+08:00][sql] SHOW FULL COLUMNS FROM `qing_cart` [ RunTime:0.000720s ]
[2024-07-12T16:27:59+08:00][sql] SELECT COUNT(*) AS think_count FROM `qing_cart` WHERE  `user_id` = 2 [ RunTime:0.000248s ]
[2024-07-12T16:27:59+08:00][sql] SHOW FULL COLUMNS FROM `qing_merchant` [ RunTime:0.000833s ]
[2024-07-12T16:27:59+08:00][sql] SELECT COUNT(*) AS think_count FROM `qing_merchant` `a` WHERE  `a`.`store_name` LIKE '%%'  AND `user_id` = 2 [ RunTime:0.000268s ]
[2024-07-12T16:27:59+08:00][sql] SELECT * FROM `qing_merchant` `a` WHERE  `a`.`store_name` LIKE '%%'  AND `user_id` = 2 ORDER BY `add_time` DESC LIMIT 0,10 [ RunTime:0.000366s ]
[2024-07-12T16:27:59+08:00][sql] SHOW FULL COLUMNS FROM `qing_user` [ RunTime:0.003972s ]
[2024-07-12T16:27:59+08:00][sql] SELECT * FROM `qing_user` WHERE  `recommender` = 'YJ1596269352'  AND `mer_count` >= 0 [ RunTime:0.000512s ]
[2024-07-12T16:27:59+08:00][sql] SELECT * FROM `qing_user` WHERE  `recommender` = 'YJ1596269352'  AND `mer_count` > 0 [ RunTime:0.000308s ]
