[2024-08-10T16:54:14+08:00][sql] CONNECT:[ UseTime:0.005111s ] mysql:host=127.0.0.1;port=3306;dbname=code0921;charset=utf8
[2024-08-10T16:54:14+08:00][sql] SHOW FULL COLUMNS FROM `qing_config` [ RunTime:0.007509s ]
[2024-08-10T16:54:14+08:00][sql] SELECT `value` FROM `qing_config` [ RunTime:0.003427s ]
[2024-08-10T16:54:14+08:00][sql] SHOW FULL COLUMNS FROM `qing_search` [ RunTime:0.000857s ]
[2024-08-10T16:54:14+08:00][sql] SELECT * FROM `qing_search` ORDER BY `id` DESC LIMIT 10 [ RunTime:0.000893s ]
[2024-08-10T16:54:14+08:00][sql] SHOW FULL COLUMNS FROM `qing_cart` [ RunTime:0.000745s ]
[2024-08-10T16:54:14+08:00][sql] SELECT COUNT(*) AS think_count FROM `qing_cart` WHERE  `user_id` IS NULL [ RunTime:0.001958s ]
[2024-08-10T16:54:14+08:00][sql] SHOW FULL COLUMNS FROM `qing_user` [ RunTime:0.004096s ]
[2024-08-10T16:54:14+08:00][sql] SELECT * FROM `qing_user` WHERE  `username` = 'admin@gmail.com' LIMIT 1 [ RunTime:0.001356s ]
[2024-08-10T16:54:14+08:00][sql] UPDATE `qing_user`  SET `last_login_time` = 1723280054  WHERE  `id` = 39 [ RunTime:0.012025s ]
[2024-08-10T16:54:19+08:00][sql] CONNECT:[ UseTime:0.001207s ] mysql:host=127.0.0.1;port=3306;dbname=code0921;charset=utf8
[2024-08-10T16:54:19+08:00][sql] SHOW FULL COLUMNS FROM `qing_config` [ RunTime:0.002166s ]
[2024-08-10T16:54:19+08:00][sql] SELECT `value` FROM `qing_config` [ RunTime:0.000258s ]
[2024-08-10T16:54:19+08:00][sql] SHOW FULL COLUMNS FROM `qing_search` [ RunTime:0.000667s ]
[2024-08-10T16:54:19+08:00][sql] SELECT * FROM `qing_search` ORDER BY `id` DESC LIMIT 10 [ RunTime:0.000492s ]
[2024-08-10T16:54:19+08:00][sql] SHOW FULL COLUMNS FROM `qing_cart` [ RunTime:0.001998s ]
[2024-08-10T16:54:19+08:00][sql] SELECT COUNT(*) AS think_count FROM `qing_cart` WHERE  `user_id` = 39 [ RunTime:0.002637s ]
[2024-08-10T16:54:19+08:00][sql] SHOW FULL COLUMNS FROM `qing_goods` [ RunTime:0.001107s ]
[2024-08-10T16:54:19+08:00][sql] SELECT * FROM `qing_goods` WHERE  `goods_id` = 9 LIMIT 1 [ RunTime:0.000856s ]
[2024-08-10T16:54:19+08:00][sql] UPDATE `qing_goods`  SET `click` = 65  WHERE  `goods_id` = 9 [ RunTime:0.002063s ]
[2024-08-10T16:54:19+08:00][sql] SHOW FULL COLUMNS FROM `qing_goods_img` [ RunTime:0.000774s ]
[2024-08-10T16:54:19+08:00][sql] SELECT * FROM `qing_goods_img` WHERE  `goods_id` = 9 [ RunTime:0.002373s ]
[2024-08-10T16:54:19+08:00][error] [10501]SQLSTATE[42000]: Syntax error or access violation: 1064 You have an error in your SQL syntax; check the manual that corresponds to your MySQL server version for the right syntax to use near 'COUNT(c.goods_id) as collects_count, p.stock, p.selnumber,p.goods_cate_id, p.goo' at line 1
[2024-08-10T16:54:30+08:00][sql] CONNECT:[ UseTime:0.002048s ] mysql:host=127.0.0.1;port=3306;dbname=code0921;charset=utf8
[2024-08-10T16:54:30+08:00][sql] SHOW FULL COLUMNS FROM `qing_config` [ RunTime:0.001121s ]
[2024-08-10T16:54:30+08:00][sql] SELECT `value` FROM `qing_config` [ RunTime:0.001046s ]
[2024-08-10T16:54:30+08:00][sql] SHOW FULL COLUMNS FROM `qing_search` [ RunTime:0.001750s ]
[2024-08-10T16:54:30+08:00][sql] SELECT * FROM `qing_search` ORDER BY `id` DESC LIMIT 10 [ RunTime:0.000556s ]
[2024-08-10T16:54:30+08:00][sql] SHOW FULL COLUMNS FROM `qing_cart` [ RunTime:0.000955s ]
[2024-08-10T16:54:30+08:00][sql] SELECT COUNT(*) AS think_count FROM `qing_cart` WHERE  `user_id` = 39 [ RunTime:0.000353s ]
[2024-08-10T16:54:30+08:00][sql] SHOW FULL COLUMNS FROM `qing_goods` [ RunTime:0.001472s ]
[2024-08-10T16:54:30+08:00][sql] SELECT * FROM `qing_goods` WHERE  `goods_id` = 9 LIMIT 1 [ RunTime:0.000392s ]
[2024-08-10T16:54:30+08:00][sql] UPDATE `qing_goods`  SET `click` = 66  WHERE  `goods_id` = 9 [ RunTime:0.002004s ]
[2024-08-10T16:54:30+08:00][sql] SHOW FULL COLUMNS FROM `qing_goods_img` [ RunTime:0.000674s ]
[2024-08-10T16:54:30+08:00][sql] SELECT * FROM `qing_goods_img` WHERE  `goods_id` = 9 [ RunTime:0.000318s ]
[2024-08-10T16:54:30+08:00][error] [10501]SQLSTATE[42000]: Syntax error or access violation: 1064 You have an error in your SQL syntax; check the manual that corresponds to your MySQL server version for the right syntax to use near 'COUNT(c.goods_id) as collects_count, p.stock, p.selnumber,p.goods_cate_id, p.goo' at line 1
