[2024-07-08T16:51:40+08:00][sql] CONNECT:[ UseTime:0.000813s ] mysql:host=127.0.0.1;port=3306;dbname=code0921;charset=utf8
[2024-07-08T16:51:40+08:00][sql] SHOW FULL COLUMNS FROM `qing_config` [ RunTime:0.000939s ]
[2024-07-08T16:51:40+08:00][sql] SELECT `value` FROM `qing_config` [ RunTime:0.000217s ]
[2024-07-08T16:51:40+08:00][sql] SHOW FULL COLUMNS FROM `qing_search` [ RunTime:0.000847s ]
[2024-07-08T16:51:40+08:00][sql] SELECT * FROM `qing_search` ORDER BY `id` DESC LIMIT 10 [ RunTime:0.000229s ]
[2024-07-08T16:51:40+08:00][sql] SHOW FULL COLUMNS FROM `qing_cart` [ RunTime:0.000763s ]
[2024-07-08T16:51:40+08:00][sql] SELECT COUNT(*) AS think_count FROM `qing_cart` WHERE  `user_id` IS NULL [ RunTime:0.000165s ]
[2024-07-08T16:51:40+08:00][sql] SHOW FULL COLUMNS FROM `qing_ad` [ RunTime:0.004770s ]
[2024-07-08T16:51:40+08:00][sql] SELECT * FROM `qing_ad` WHERE  `type_id` = 1 [ RunTime:0.000322s ]
[2024-07-08T16:51:40+08:00][sql] SHOW FULL COLUMNS FROM `qing_goods` [ RunTime:0.004338s ]
[2024-07-08T16:51:40+08:00][sql] SELECT * FROM `qing_goods` WHERE  `ishot` = 1  AND `goods_status` = 1 ORDER BY `goods_id` DESC,`listorder` ASC LIMIT 8 [ RunTime:0.000441s ]
[2024-07-08T16:51:40+08:00][sql] SHOW FULL COLUMNS FROM `qing_category` [ RunTime:0.000894s ]
[2024-07-08T16:51:40+08:00][sql] SELECT `id`,`parent_id`,`cate_name` FROM `qing_category` ORDER BY `listorder` ASC [ RunTime:0.000340s ]
[2024-07-08T16:52:06+08:00][sql] CONNECT:[ UseTime:0.001031s ] mysql:host=127.0.0.1;port=3306;dbname=code0921;charset=utf8
[2024-07-08T16:52:06+08:00][sql] SHOW FULL COLUMNS FROM `qing_config` [ RunTime:0.001065s ]
[2024-07-08T16:52:06+08:00][sql] SELECT `value` FROM `qing_config` [ RunTime:0.000232s ]
[2024-07-08T16:52:06+08:00][sql] SHOW FULL COLUMNS FROM `qing_search` [ RunTime:0.000841s ]
[2024-07-08T16:52:06+08:00][sql] SELECT * FROM `qing_search` ORDER BY `id` DESC LIMIT 10 [ RunTime:0.000219s ]
[2024-07-08T16:52:06+08:00][sql] SHOW FULL COLUMNS FROM `qing_cart` [ RunTime:0.000797s ]
[2024-07-08T16:52:06+08:00][sql] SELECT COUNT(*) AS think_count FROM `qing_cart` WHERE  `user_id` IS NULL [ RunTime:0.000191s ]
[2024-07-08T16:52:06+08:00][sql] CONNECT:[ UseTime:0.000920s ] mysql:host=127.0.0.1;port=3306;dbname=code0921;charset=utf8
[2024-07-08T16:52:06+08:00][sql] SHOW FULL COLUMNS FROM `qing_config` [ RunTime:0.001124s ]
[2024-07-08T16:52:06+08:00][sql] SELECT `value` FROM `qing_config` [ RunTime:0.000245s ]
[2024-07-08T16:52:06+08:00][sql] SHOW FULL COLUMNS FROM `qing_search` [ RunTime:0.001427s ]
[2024-07-08T16:52:06+08:00][sql] SELECT * FROM `qing_search` ORDER BY `id` DESC LIMIT 10 [ RunTime:0.000313s ]
[2024-07-08T16:52:06+08:00][sql] SHOW FULL COLUMNS FROM `qing_cart` [ RunTime:0.000936s ]
[2024-07-08T16:52:06+08:00][sql] SELECT COUNT(*) AS think_count FROM `qing_cart` WHERE  `user_id` IS NULL [ RunTime:0.000180s ]
[2024-07-08T16:52:48+08:00][sql] CONNECT:[ UseTime:0.000885s ] mysql:host=127.0.0.1;port=3306;dbname=code0921;charset=utf8
[2024-07-08T16:52:48+08:00][sql] SHOW FULL COLUMNS FROM `qing_config` [ RunTime:0.000974s ]
[2024-07-08T16:52:48+08:00][sql] SELECT `value` FROM `qing_config` [ RunTime:0.000244s ]
[2024-07-08T16:52:48+08:00][sql] SHOW FULL COLUMNS FROM `qing_search` [ RunTime:0.000920s ]
[2024-07-08T16:52:48+08:00][sql] SELECT * FROM `qing_search` ORDER BY `id` DESC LIMIT 10 [ RunTime:0.000225s ]
[2024-07-08T16:52:48+08:00][sql] SHOW FULL COLUMNS FROM `qing_cart` [ RunTime:0.000967s ]
[2024-07-08T16:52:48+08:00][sql] SELECT COUNT(*) AS think_count FROM `qing_cart` WHERE  `user_id` IS NULL [ RunTime:0.000196s ]
[2024-07-08T16:52:48+08:00][sql] SHOW FULL COLUMNS FROM `qing_goods` [ RunTime:0.005086s ]
[2024-07-08T16:52:48+08:00][sql] SELECT * FROM `qing_goods` WHERE  `goods_id` = 6 LIMIT 1 [ RunTime:0.002902s ]
[2024-07-08T16:52:48+08:00][sql] UPDATE `qing_goods`  SET `click` = 64  WHERE  `goods_id` = 6 [ RunTime:0.020065s ]
[2024-07-08T16:52:48+08:00][sql] SHOW FULL COLUMNS FROM `qing_goods_img` [ RunTime:0.011167s ]
[2024-07-08T16:52:48+08:00][sql] SELECT * FROM `qing_goods_img` WHERE  `goods_id` = 6 [ RunTime:0.001819s ]
[2024-07-08T16:52:48+08:00][sql] SHOW FULL COLUMNS FROM `qing_goods_content` [ RunTime:0.005333s ]
[2024-07-08T16:52:48+08:00][sql] SELECT * FROM `qing_goods_content` WHERE  `goods_id` = 6 LIMIT 1 [ RunTime:0.002859s ]
[2024-07-08T16:52:48+08:00][sql] SHOW FULL COLUMNS FROM `qing_category` [ RunTime:0.001429s ]
[2024-07-08T16:52:48+08:00][sql] SELECT * FROM `qing_category` WHERE  ( id=16 ) LIMIT 1 [ RunTime:0.001001s ]
[2024-07-08T16:52:48+08:00][sql] SELECT * FROM `qing_category` WHERE  ( id=18 ) LIMIT 1 [ RunTime:0.000204s ]
[2024-07-08T16:52:48+08:00][sql] SELECT * FROM `qing_category` WHERE  ( id=14 ) LIMIT 1 [ RunTime:0.000194s ]
[2024-07-08T16:52:48+08:00][sql] SHOW FULL COLUMNS FROM `qing_goods_standard` [ RunTime:0.003406s ]
[2024-07-08T16:52:48+08:00][sql] SELECT `sku` FROM `qing_goods_standard` WHERE  `goods_id` = 6 [ RunTime:0.000494s ]
[2024-07-08T16:52:48+08:00][sql] SHOW FULL COLUMNS FROM `qing_standard_value` [ RunTime:0.008673s ]
[2024-07-08T16:52:48+08:00][sql] SELECT `standard_value` FROM `qing_standard_value` WHERE  `id` = 3 LIMIT 1 [ RunTime:0.000659s ]
[2024-07-08T16:52:48+08:00][sql] SELECT `standard_value` FROM `qing_standard_value` WHERE  `id` = 6 LIMIT 1 [ RunTime:0.000321s ]
[2024-07-08T16:52:48+08:00][sql] SELECT `standard_value` FROM `qing_standard_value` WHERE  `id` = 23 LIMIT 1 [ RunTime:0.000178s ]
[2024-07-08T16:52:48+08:00][sql] SELECT `a`.`standard_id`,`a`.`standard_value`,`a`.`id`,`b`.`name` FROM `qing_standard_value` `a` INNER JOIN `qing_standard` `b` ON `a`.`standard_id`=`b`.`id` WHERE  `a`.`id` = '3'  AND `a`.`id` = '3' LIMIT 1 [ RunTime:0.013372s ]
[2024-07-08T16:52:48+08:00][sql] SELECT `a`.`standard_id`,`a`.`standard_value`,`a`.`id`,`b`.`name` FROM `qing_standard_value` `a` INNER JOIN `qing_standard` `b` ON `a`.`standard_id`=`b`.`id` WHERE  `a`.`id` = '6'  AND `a`.`id` = '6' LIMIT 1 [ RunTime:0.000250s ]
[2024-07-08T16:52:48+08:00][sql] SELECT `a`.`standard_id`,`a`.`standard_value`,`a`.`id`,`b`.`name` FROM `qing_standard_value` `a` INNER JOIN `qing_standard` `b` ON `a`.`standard_id`=`b`.`id` WHERE  `a`.`id` = '23'  AND `a`.`id` = '23' LIMIT 1 [ RunTime:0.000226s ]
[2024-07-08T16:52:48+08:00][sql] SELECT `a`.`standard_id`,`a`.`standard_value`,`a`.`id`,`b`.`name` FROM `qing_standard_value` `a` INNER JOIN `qing_standard` `b` ON `a`.`standard_id`=`b`.`id` WHERE  `a`.`id` = '5'  AND `a`.`id` = '5' LIMIT 1 [ RunTime:0.000207s ]
[2024-07-08T16:52:48+08:00][sql] SELECT `a`.`standard_id`,`a`.`standard_value`,`a`.`id`,`b`.`name` FROM `qing_standard_value` `a` INNER JOIN `qing_standard` `b` ON `a`.`standard_id`=`b`.`id` WHERE  `a`.`id` = '2'  AND `a`.`id` = '2' LIMIT 1 [ RunTime:0.000199s ]
[2024-07-08T16:52:48+08:00][sql] SHOW FULL COLUMNS FROM `qing_collect` [ RunTime:0.003532s ]
[2024-07-08T16:52:48+08:00][sql] SELECT * FROM `qing_collect` WHERE  `goods_id` = 6  AND `user_id` IS NULL LIMIT 1 [ RunTime:0.000236s ]
[2024-07-08T16:52:49+08:00][sql] CONNECT:[ UseTime:0.001041s ] mysql:host=127.0.0.1;port=3306;dbname=code0921;charset=utf8
[2024-07-08T16:52:49+08:00][sql] SHOW FULL COLUMNS FROM `qing_config` [ RunTime:0.001213s ]
[2024-07-08T16:52:49+08:00][sql] SELECT `value` FROM `qing_config` [ RunTime:0.000287s ]
[2024-07-08T16:52:49+08:00][sql] SHOW FULL COLUMNS FROM `qing_search` [ RunTime:0.001071s ]
[2024-07-08T16:52:49+08:00][sql] SELECT * FROM `qing_search` ORDER BY `id` DESC LIMIT 10 [ RunTime:0.000321s ]
[2024-07-08T16:52:49+08:00][sql] SHOW FULL COLUMNS FROM `qing_cart` [ RunTime:0.000996s ]
[2024-07-08T16:52:49+08:00][sql] SELECT COUNT(*) AS think_count FROM `qing_cart` WHERE  `user_id` IS NULL [ RunTime:0.000333s ]
[2024-07-08T16:52:49+08:00][sql] SHOW FULL COLUMNS FROM `qing_goods_standard` [ RunTime:0.001309s ]
[2024-07-08T16:52:49+08:00][sql] SELECT * FROM `qing_goods_standard` WHERE  `goods_id` = 6  AND `sku` = '3,6,23' LIMIT 1 [ RunTime:0.000459s ]
[2024-07-08T16:52:50+08:00][sql] CONNECT:[ UseTime:0.001001s ] mysql:host=127.0.0.1;port=3306;dbname=code0921;charset=utf8
[2024-07-08T16:52:50+08:00][sql] SHOW FULL COLUMNS FROM `qing_config` [ RunTime:0.001571s ]
[2024-07-08T16:52:50+08:00][sql] SELECT `value` FROM `qing_config` [ RunTime:0.001110s ]
[2024-07-08T16:52:50+08:00][sql] SHOW FULL COLUMNS FROM `qing_search` [ RunTime:0.001232s ]
[2024-07-08T16:52:50+08:00][sql] SELECT * FROM `qing_search` ORDER BY `id` DESC LIMIT 10 [ RunTime:0.000332s ]
[2024-07-08T16:52:50+08:00][sql] SHOW FULL COLUMNS FROM `qing_cart` [ RunTime:0.001234s ]
[2024-07-08T16:52:50+08:00][sql] SELECT COUNT(*) AS think_count FROM `qing_cart` WHERE  `user_id` IS NULL [ RunTime:0.000358s ]
[2024-07-08T16:52:50+08:00][sql] SHOW FULL COLUMNS FROM `qing_goods_standard` [ RunTime:0.001072s ]
[2024-07-08T16:52:50+08:00][sql] SELECT * FROM `qing_goods_standard` WHERE  `goods_id` = 6  AND `sku` = '3,6,23' LIMIT 1 [ RunTime:0.000313s ]
[2024-07-08T17:06:55+08:00][sql] CONNECT:[ UseTime:0.000937s ] mysql:host=127.0.0.1;port=3306;dbname=code0921;charset=utf8
[2024-07-08T17:06:55+08:00][sql] SHOW FULL COLUMNS FROM `qing_config` [ RunTime:0.000803s ]
[2024-07-08T17:06:55+08:00][sql] SELECT `value` FROM `qing_config` [ RunTime:0.000223s ]
[2024-07-08T17:06:55+08:00][sql] SHOW FULL COLUMNS FROM `qing_search` [ RunTime:0.000734s ]
[2024-07-08T17:06:55+08:00][sql] SELECT * FROM `qing_search` ORDER BY `id` DESC LIMIT 10 [ RunTime:0.000250s ]
[2024-07-08T17:06:55+08:00][sql] SHOW FULL COLUMNS FROM `qing_cart` [ RunTime:0.000561s ]
[2024-07-08T17:06:55+08:00][sql] SELECT COUNT(*) AS think_count FROM `qing_cart` WHERE  `user_id` IS NULL [ RunTime:0.000166s ]
[2024-07-08T17:06:55+08:00][sql] SHOW FULL COLUMNS FROM `qing_ad` [ RunTime:0.004514s ]
[2024-07-08T17:06:55+08:00][sql] SELECT * FROM `qing_ad` WHERE  `type_id` = 1 [ RunTime:0.000273s ]
[2024-07-08T17:06:55+08:00][sql] SHOW FULL COLUMNS FROM `qing_goods` [ RunTime:0.004474s ]
[2024-07-08T17:06:55+08:00][sql] SELECT * FROM `qing_goods` WHERE  `ishot` = 1  AND `goods_status` = 1 ORDER BY `goods_id` DESC,`listorder` ASC LIMIT 8 [ RunTime:0.000409s ]
[2024-07-08T17:06:55+08:00][sql] SHOW FULL COLUMNS FROM `qing_category` [ RunTime:0.000908s ]
[2024-07-08T17:06:55+08:00][sql] SELECT `id`,`parent_id`,`cate_name` FROM `qing_category` ORDER BY `listorder` ASC [ RunTime:0.000340s ]
[2024-07-08T17:09:22+08:00][sql] CONNECT:[ UseTime:0.011127s ] mysql:host=127.0.0.1;port=3306;dbname=code0921;charset=utf8
[2024-07-08T17:09:22+08:00][sql] SHOW FULL COLUMNS FROM `qing_config` [ RunTime:0.000818s ]
[2024-07-08T17:09:22+08:00][sql] SELECT `value` FROM `qing_config` [ RunTime:0.000225s ]
[2024-07-08T17:09:22+08:00][sql] SHOW FULL COLUMNS FROM `qing_search` [ RunTime:0.000647s ]
[2024-07-08T17:09:22+08:00][sql] SELECT * FROM `qing_search` ORDER BY `id` DESC LIMIT 10 [ RunTime:0.000235s ]
[2024-07-08T17:09:22+08:00][sql] SHOW FULL COLUMNS FROM `qing_cart` [ RunTime:0.000529s ]
[2024-07-08T17:09:22+08:00][sql] SELECT COUNT(*) AS think_count FROM `qing_cart` WHERE  `user_id` IS NULL [ RunTime:0.000170s ]
[2024-07-08T17:09:23+08:00][sql] CONNECT:[ UseTime:0.011346s ] mysql:host=127.0.0.1;port=3306;dbname=code0921;charset=utf8
[2024-07-08T17:09:23+08:00][sql] SHOW FULL COLUMNS FROM `qing_config` [ RunTime:0.000779s ]
[2024-07-08T17:09:23+08:00][sql] SELECT `value` FROM `qing_config` [ RunTime:0.000210s ]
[2024-07-08T17:09:23+08:00][sql] SHOW FULL COLUMNS FROM `qing_search` [ RunTime:0.000623s ]
[2024-07-08T17:09:23+08:00][sql] SELECT * FROM `qing_search` ORDER BY `id` DESC LIMIT 10 [ RunTime:0.000208s ]
[2024-07-08T17:09:23+08:00][sql] SHOW FULL COLUMNS FROM `qing_cart` [ RunTime:0.000540s ]
[2024-07-08T17:09:23+08:00][sql] SELECT COUNT(*) AS think_count FROM `qing_cart` WHERE  `user_id` IS NULL [ RunTime:0.000160s ]
[2024-07-08T17:09:48+08:00][sql] CONNECT:[ UseTime:0.000844s ] mysql:host=127.0.0.1;port=3306;dbname=code0921;charset=utf8
[2024-07-08T17:09:48+08:00][sql] SHOW FULL COLUMNS FROM `qing_config` [ RunTime:0.000739s ]
[2024-07-08T17:09:48+08:00][sql] SELECT `value` FROM `qing_config` [ RunTime:0.000214s ]
[2024-07-08T17:09:48+08:00][sql] SHOW FULL COLUMNS FROM `qing_search` [ RunTime:0.000585s ]
[2024-07-08T17:09:48+08:00][sql] SELECT * FROM `qing_search` ORDER BY `id` DESC LIMIT 10 [ RunTime:0.000212s ]
[2024-07-08T17:09:48+08:00][sql] SHOW FULL COLUMNS FROM `qing_cart` [ RunTime:0.000530s ]
[2024-07-08T17:09:48+08:00][sql] SELECT COUNT(*) AS think_count FROM `qing_cart` WHERE  `user_id` IS NULL [ RunTime:0.000162s ]
[2024-07-08T17:09:48+08:00][sql] SHOW FULL COLUMNS FROM `qing_user` [ RunTime:0.004442s ]
[2024-07-08T17:09:48+08:00][sql] SELECT * FROM `qing_user` WHERE  `username` = '15100000009' LIMIT 1 [ RunTime:0.000509s ]
[2024-07-08T17:09:50+08:00][sql] CONNECT:[ UseTime:0.001083s ] mysql:host=127.0.0.1;port=3306;dbname=code0921;charset=utf8
[2024-07-08T17:09:50+08:00][sql] SHOW FULL COLUMNS FROM `qing_config` [ RunTime:0.000781s ]
[2024-07-08T17:09:50+08:00][sql] SELECT `value` FROM `qing_config` [ RunTime:0.000214s ]
[2024-07-08T17:09:50+08:00][sql] SHOW FULL COLUMNS FROM `qing_search` [ RunTime:0.000598s ]
[2024-07-08T17:09:50+08:00][sql] SELECT * FROM `qing_search` ORDER BY `id` DESC LIMIT 10 [ RunTime:0.000213s ]
[2024-07-08T17:09:50+08:00][sql] SHOW FULL COLUMNS FROM `qing_cart` [ RunTime:0.000524s ]
[2024-07-08T17:09:50+08:00][sql] SELECT COUNT(*) AS think_count FROM `qing_cart` WHERE  `user_id` IS NULL [ RunTime:0.000183s ]
[2024-07-08T17:10:05+08:00][sql] CONNECT:[ UseTime:0.000891s ] mysql:host=127.0.0.1;port=3306;dbname=code0921;charset=utf8
[2024-07-08T17:10:05+08:00][sql] SHOW FULL COLUMNS FROM `qing_config` [ RunTime:0.000741s ]
[2024-07-08T17:10:05+08:00][sql] SELECT `value` FROM `qing_config` [ RunTime:0.000204s ]
[2024-07-08T17:10:05+08:00][sql] SHOW FULL COLUMNS FROM `qing_search` [ RunTime:0.000583s ]
[2024-07-08T17:10:05+08:00][sql] SELECT * FROM `qing_search` ORDER BY `id` DESC LIMIT 10 [ RunTime:0.000210s ]
[2024-07-08T17:10:05+08:00][sql] SHOW FULL COLUMNS FROM `qing_cart` [ RunTime:0.000525s ]
[2024-07-08T17:10:05+08:00][sql] SELECT COUNT(*) AS think_count FROM `qing_cart` WHERE  `user_id` IS NULL [ RunTime:0.000159s ]
[2024-07-08T17:10:05+08:00][sql] SHOW FULL COLUMNS FROM `qing_user` [ RunTime:0.004404s ]
[2024-07-08T17:10:05+08:00][sql] SELECT * FROM `qing_user` WHERE  `username` = 'admin' LIMIT 1 [ RunTime:0.000448s ]
[2024-07-08T17:10:07+08:00][sql] CONNECT:[ UseTime:0.000860s ] mysql:host=127.0.0.1;port=3306;dbname=code0921;charset=utf8
[2024-07-08T17:10:07+08:00][sql] SHOW FULL COLUMNS FROM `qing_config` [ RunTime:0.000806s ]
[2024-07-08T17:10:07+08:00][sql] SELECT `value` FROM `qing_config` [ RunTime:0.000237s ]
[2024-07-08T17:10:07+08:00][sql] SHOW FULL COLUMNS FROM `qing_search` [ RunTime:0.000688s ]
[2024-07-08T17:10:07+08:00][sql] SELECT * FROM `qing_search` ORDER BY `id` DESC LIMIT 10 [ RunTime:0.000229s ]
[2024-07-08T17:10:07+08:00][sql] SHOW FULL COLUMNS FROM `qing_cart` [ RunTime:0.000569s ]
[2024-07-08T17:10:07+08:00][sql] SELECT COUNT(*) AS think_count FROM `qing_cart` WHERE  `user_id` IS NULL [ RunTime:0.000175s ]
[2024-07-08T17:10:46+08:00][sql] CONNECT:[ UseTime:0.000867s ] mysql:host=127.0.0.1;port=3306;dbname=code0921;charset=utf8
[2024-07-08T17:10:46+08:00][sql] SHOW FULL COLUMNS FROM `qing_config` [ RunTime:0.000713s ]
[2024-07-08T17:10:46+08:00][sql] SELECT `value` FROM `qing_config` [ RunTime:0.000208s ]
[2024-07-08T17:10:46+08:00][sql] SHOW FULL COLUMNS FROM `qing_search` [ RunTime:0.000618s ]
[2024-07-08T17:10:46+08:00][sql] SELECT * FROM `qing_search` ORDER BY `id` DESC LIMIT 10 [ RunTime:0.000227s ]
[2024-07-08T17:10:46+08:00][sql] SHOW FULL COLUMNS FROM `qing_cart` [ RunTime:0.000539s ]
[2024-07-08T17:10:46+08:00][sql] SELECT COUNT(*) AS think_count FROM `qing_cart` WHERE  `user_id` IS NULL [ RunTime:0.000161s ]
[2024-07-08T17:10:46+08:00][sql] SHOW FULL COLUMNS FROM `qing_user` [ RunTime:0.004984s ]
[2024-07-08T17:10:46+08:00][sql] SELECT * FROM `qing_user` WHERE  `username` = '15100000011' LIMIT 1 [ RunTime:0.000388s ]
[2024-07-08T17:10:46+08:00][sql] UPDATE `qing_user`  SET `last_login_time` = 1720429846  WHERE  `id` = 33 [ RunTime:0.002070s ]
[2024-07-08T17:10:48+08:00][sql] CONNECT:[ UseTime:0.000853s ] mysql:host=127.0.0.1;port=3306;dbname=code0921;charset=utf8
[2024-07-08T17:10:48+08:00][sql] SHOW FULL COLUMNS FROM `qing_config` [ RunTime:0.001055s ]
[2024-07-08T17:10:48+08:00][sql] SELECT `value` FROM `qing_config` [ RunTime:0.000417s ]
[2024-07-08T17:10:48+08:00][sql] SHOW FULL COLUMNS FROM `qing_search` [ RunTime:0.000837s ]
[2024-07-08T17:10:48+08:00][sql] SELECT * FROM `qing_search` ORDER BY `id` DESC LIMIT 10 [ RunTime:0.000473s ]
[2024-07-08T17:10:48+08:00][sql] SHOW FULL COLUMNS FROM `qing_cart` [ RunTime:0.000912s ]
[2024-07-08T17:10:48+08:00][sql] SELECT COUNT(*) AS think_count FROM `qing_cart` WHERE  `user_id` = 33 [ RunTime:0.003534s ]
[2024-07-08T17:10:48+08:00][sql] SHOW FULL COLUMNS FROM `qing_merchant` [ RunTime:0.002672s ]
[2024-07-08T17:10:48+08:00][sql] SELECT COUNT(*) AS think_count FROM `qing_merchant` `a` WHERE  `a`.`store_name` LIKE '%%'  AND `user_id` = 33 [ RunTime:0.002401s ]
[2024-07-08T17:10:48+08:00][sql] SELECT * FROM `qing_merchant` `a` WHERE  `a`.`store_name` LIKE '%%'  AND `user_id` = 33 ORDER BY `add_time` DESC LIMIT 0,10 [ RunTime:0.000474s ]
[2024-07-08T17:10:48+08:00][sql] SHOW FULL COLUMNS FROM `qing_user` [ RunTime:0.005649s ]
[2024-07-08T17:10:48+08:00][sql] SELECT * FROM `qing_user` WHERE  `recommender` = 'YJ1596275434'  AND `mer_count` >= 0 [ RunTime:0.000915s ]
[2024-07-08T17:10:48+08:00][sql] SELECT * FROM `qing_user` WHERE  `recommender` = 'YJ1596275434'  AND `mer_count` > 0 [ RunTime:0.000301s ]
[2024-07-08T17:10:57+08:00][sql] CONNECT:[ UseTime:0.000849s ] mysql:host=127.0.0.1;port=3306;dbname=code0921;charset=utf8
[2024-07-08T17:10:57+08:00][sql] SHOW FULL COLUMNS FROM `qing_config` [ RunTime:0.000988s ]
[2024-07-08T17:10:57+08:00][sql] SELECT `value` FROM `qing_config` [ RunTime:0.000223s ]
[2024-07-08T17:10:57+08:00][sql] SHOW FULL COLUMNS FROM `qing_search` [ RunTime:0.001267s ]
[2024-07-08T17:10:57+08:00][sql] SELECT * FROM `qing_search` ORDER BY `id` DESC LIMIT 10 [ RunTime:0.000318s ]
[2024-07-08T17:10:57+08:00][sql] SHOW FULL COLUMNS FROM `qing_cart` [ RunTime:0.000938s ]
[2024-07-08T17:10:57+08:00][sql] SELECT COUNT(*) AS think_count FROM `qing_cart` WHERE  `user_id` = 33 [ RunTime:0.000239s ]
[2024-07-08T17:10:57+08:00][sql] SHOW FULL COLUMNS FROM `qing_merchant` [ RunTime:0.000957s ]
[2024-07-08T17:10:57+08:00][sql] SELECT COUNT(*) AS think_count FROM `qing_merchant` `a` WHERE  `a`.`store_name` LIKE '%%'  AND `user_id` = 33 [ RunTime:0.000269s ]
[2024-07-08T17:10:57+08:00][sql] SELECT * FROM `qing_merchant` `a` WHERE  `a`.`store_name` LIKE '%%'  AND `user_id` = 33 ORDER BY `add_time` DESC LIMIT 0,10 [ RunTime:0.000295s ]
[2024-07-08T17:10:57+08:00][sql] SHOW FULL COLUMNS FROM `qing_user` [ RunTime:0.004607s ]
[2024-07-08T17:10:57+08:00][sql] SELECT * FROM `qing_user` WHERE  `recommender` = 'YJ1596275434'  AND `mer_count` >= 0 [ RunTime:0.000372s ]
[2024-07-08T17:10:57+08:00][sql] SELECT * FROM `qing_user` WHERE  `recommender` = 'YJ1596275434'  AND `mer_count` > 0 [ RunTime:0.000321s ]
[2024-07-08T17:11:02+08:00][sql] CONNECT:[ UseTime:0.000974s ] mysql:host=127.0.0.1;port=3306;dbname=code0921;charset=utf8
[2024-07-08T17:11:02+08:00][sql] SHOW FULL COLUMNS FROM `qing_config` [ RunTime:0.001195s ]
[2024-07-08T17:11:02+08:00][sql] SELECT `value` FROM `qing_config` [ RunTime:0.000314s ]
[2024-07-08T17:11:02+08:00][sql] SHOW FULL COLUMNS FROM `qing_search` [ RunTime:0.001107s ]
[2024-07-08T17:11:02+08:00][sql] SELECT * FROM `qing_search` ORDER BY `id` DESC LIMIT 10 [ RunTime:0.000304s ]
[2024-07-08T17:11:02+08:00][sql] SHOW FULL COLUMNS FROM `qing_cart` [ RunTime:0.001084s ]
[2024-07-08T17:11:02+08:00][sql] SELECT COUNT(*) AS think_count FROM `qing_cart` WHERE  `user_id` = 33 [ RunTime:0.000320s ]
[2024-07-08T17:11:02+08:00][sql] SHOW FULL COLUMNS FROM `qing_ad` [ RunTime:0.005087s ]
[2024-07-08T17:11:02+08:00][sql] SELECT * FROM `qing_ad` WHERE  `type_id` = 1 [ RunTime:0.000384s ]
[2024-07-08T17:11:02+08:00][sql] SHOW FULL COLUMNS FROM `qing_goods` [ RunTime:0.004513s ]
[2024-07-08T17:11:02+08:00][sql] SELECT * FROM `qing_goods` WHERE  `ishot` = 1  AND `goods_status` = 1 ORDER BY `goods_id` DESC,`listorder` ASC LIMIT 8 [ RunTime:0.000613s ]
[2024-07-08T17:11:02+08:00][sql] SHOW FULL COLUMNS FROM `qing_category` [ RunTime:0.001251s ]
[2024-07-08T17:11:02+08:00][sql] SELECT `id`,`parent_id`,`cate_name` FROM `qing_category` ORDER BY `listorder` ASC [ RunTime:0.000467s ]
[2024-07-08T17:11:04+08:00][sql] CONNECT:[ UseTime:0.000878s ] mysql:host=127.0.0.1;port=3306;dbname=code0921;charset=utf8
[2024-07-08T17:11:04+08:00][sql] SHOW FULL COLUMNS FROM `qing_config` [ RunTime:0.001213s ]
[2024-07-08T17:11:04+08:00][sql] SELECT `value` FROM `qing_config` [ RunTime:0.000267s ]
[2024-07-08T17:11:04+08:00][sql] SHOW FULL COLUMNS FROM `qing_search` [ RunTime:0.001291s ]
[2024-07-08T17:11:04+08:00][sql] SELECT * FROM `qing_search` ORDER BY `id` DESC LIMIT 10 [ RunTime:0.000325s ]
[2024-07-08T17:11:04+08:00][sql] SHOW FULL COLUMNS FROM `qing_cart` [ RunTime:0.000977s ]
[2024-07-08T17:11:04+08:00][sql] SELECT COUNT(*) AS think_count FROM `qing_cart` WHERE  `user_id` = 33 [ RunTime:0.000251s ]
[2024-07-08T17:11:04+08:00][sql] SHOW FULL COLUMNS FROM `qing_category` [ RunTime:0.001119s ]
[2024-07-08T17:11:04+08:00][sql] SELECT `id`,`cate_name`,`thumb` FROM `qing_category` WHERE  `parent_id` = 0  AND `status` = 1 [ RunTime:0.000372s ]
[2024-07-08T17:11:04+08:00][sql] SELECT `id`,`cate_name`,`thumb` FROM `qing_category` WHERE  `parent_id` = 1  AND `status` = 1 [ RunTime:0.000326s ]
[2024-07-08T17:11:04+08:00][sql] SELECT `id`,`cate_name`,`thumb` FROM `qing_category` WHERE  `parent_id` = 3  AND `status` = 1 [ RunTime:0.000433s ]
[2024-07-08T17:11:04+08:00][sql] SELECT `id`,`cate_name`,`thumb` FROM `qing_category` WHERE  `parent_id` = 4  AND `status` = 1 [ RunTime:0.000430s ]
[2024-07-08T17:11:04+08:00][sql] SELECT `id`,`cate_name`,`thumb` FROM `qing_category` WHERE  `parent_id` = 10  AND `status` = 1 [ RunTime:0.000345s ]
[2024-07-08T17:11:04+08:00][sql] SELECT `id`,`cate_name`,`thumb` FROM `qing_category` WHERE  `parent_id` = 11  AND `status` = 1 [ RunTime:0.000256s ]
[2024-07-08T17:11:04+08:00][sql] SELECT `id`,`cate_name`,`thumb` FROM `qing_category` WHERE  `parent_id` = 12  AND `status` = 1 [ RunTime:0.000233s ]
[2024-07-08T17:11:04+08:00][sql] SELECT `id`,`cate_name`,`thumb` FROM `qing_category` WHERE  `parent_id` = 13  AND `status` = 1 [ RunTime:0.000268s ]
[2024-07-08T17:11:04+08:00][sql] SELECT `id`,`cate_name`,`thumb` FROM `qing_category` WHERE  `parent_id` = 14  AND `status` = 1 [ RunTime:0.000232s ]
[2024-07-08T17:11:04+08:00][sql] SELECT `id`,`cate_name`,`thumb` FROM `qing_category` WHERE  `parent_id` = 15  AND `status` = 1 [ RunTime:0.000228s ]
[2024-07-08T17:11:07+08:00][sql] CONNECT:[ UseTime:0.000879s ] mysql:host=127.0.0.1;port=3306;dbname=code0921;charset=utf8
[2024-07-08T17:11:07+08:00][sql] SHOW FULL COLUMNS FROM `qing_config` [ RunTime:0.000995s ]
[2024-07-08T17:11:07+08:00][sql] SELECT `value` FROM `qing_config` [ RunTime:0.000221s ]
[2024-07-08T17:11:07+08:00][sql] SHOW FULL COLUMNS FROM `qing_search` [ RunTime:0.000885s ]
[2024-07-08T17:11:07+08:00][sql] SELECT * FROM `qing_search` ORDER BY `id` DESC LIMIT 10 [ RunTime:0.000246s ]
[2024-07-08T17:11:07+08:00][sql] SHOW FULL COLUMNS FROM `qing_cart` [ RunTime:0.000791s ]
[2024-07-08T17:11:07+08:00][sql] SELECT COUNT(*) AS think_count FROM `qing_cart` WHERE  `user_id` = 33 [ RunTime:0.000227s ]
[2024-07-08T17:11:07+08:00][sql] SELECT * FROM `qing_cart` WHERE  `user_id` = 33 ORDER BY `id` DESC [ RunTime:0.000293s ]
[2024-07-08T17:11:07+08:00][sql] SHOW FULL COLUMNS FROM `qing_standard_value` [ RunTime:0.004764s ]
[2024-07-08T17:11:07+08:00][sql] SELECT `standard_value` FROM `qing_standard_value` WHERE  `id` = 26 LIMIT 1 [ RunTime:0.000274s ]
[2024-07-08T17:11:07+08:00][sql] SELECT `standard_value` FROM `qing_standard_value` WHERE  `id` = 14 LIMIT 1 [ RunTime:0.000175s ]
[2024-07-08T17:11:07+08:00][sql] SHOW FULL COLUMNS FROM `qing_goods` [ RunTime:0.003906s ]
[2024-07-08T17:11:07+08:00][sql] SELECT * FROM `qing_goods` WHERE  `goods_id` = 11 LIMIT 1 [ RunTime:0.000318s ]
[2024-07-08T17:11:07+08:00][sql] SHOW FULL COLUMNS FROM `qing_goods_standard` [ RunTime:0.000805s ]
[2024-07-08T17:11:07+08:00][sql] SELECT `goods_price` FROM `qing_goods_standard` WHERE  `goods_id` = 11  AND `sku` = '26,14' LIMIT 1 [ RunTime:0.000233s ]
[2024-07-08T17:11:07+08:00][sql] SELECT `standard_value` FROM `qing_standard_value` WHERE  `id` = 2 LIMIT 1 [ RunTime:0.000177s ]
[2024-07-08T17:11:07+08:00][sql] SELECT `standard_value` FROM `qing_standard_value` WHERE  `id` = 6 LIMIT 1 [ RunTime:0.000167s ]
[2024-07-08T17:11:07+08:00][sql] SELECT `standard_value` FROM `qing_standard_value` WHERE  `id` = 24 LIMIT 1 [ RunTime:0.000161s ]
[2024-07-08T17:11:07+08:00][sql] SELECT * FROM `qing_goods` WHERE  `goods_id` = 3 LIMIT 1 [ RunTime:0.000229s ]
[2024-07-08T17:11:07+08:00][sql] SELECT `goods_price` FROM `qing_goods_standard` WHERE  `goods_id` = 3  AND `sku` = '2,6,24' LIMIT 1 [ RunTime:0.000244s ]
[2024-07-08T17:11:17+08:00][sql] CONNECT:[ UseTime:0.000865s ] mysql:host=127.0.0.1;port=3306;dbname=code0921;charset=utf8
[2024-07-08T17:11:17+08:00][sql] SHOW FULL COLUMNS FROM `qing_config` [ RunTime:0.000849s ]
[2024-07-08T17:11:17+08:00][sql] SELECT `value` FROM `qing_config` [ RunTime:0.000214s ]
[2024-07-08T17:11:17+08:00][sql] SHOW FULL COLUMNS FROM `qing_search` [ RunTime:0.000618s ]
[2024-07-08T17:11:17+08:00][sql] SELECT * FROM `qing_search` ORDER BY `id` DESC LIMIT 10 [ RunTime:0.000217s ]
[2024-07-08T17:11:17+08:00][sql] SHOW FULL COLUMNS FROM `qing_cart` [ RunTime:0.000526s ]
[2024-07-08T17:11:17+08:00][sql] SELECT COUNT(*) AS think_count FROM `qing_cart` WHERE  `user_id` = 33 [ RunTime:0.000220s ]
[2024-07-08T17:11:17+08:00][sql] SHOW FULL COLUMNS FROM `qing_merchant` [ RunTime:0.000906s ]
[2024-07-08T17:11:17+08:00][sql] SELECT COUNT(*) AS think_count FROM `qing_merchant` `a` WHERE  `a`.`store_name` LIKE '%%'  AND `user_id` = 33 [ RunTime:0.000254s ]
[2024-07-08T17:11:17+08:00][sql] SELECT * FROM `qing_merchant` `a` WHERE  `a`.`store_name` LIKE '%%'  AND `user_id` = 33 ORDER BY `add_time` DESC LIMIT 0,10 [ RunTime:0.000271s ]
[2024-07-08T17:11:17+08:00][sql] SHOW FULL COLUMNS FROM `qing_user` [ RunTime:0.004250s ]
[2024-07-08T17:11:17+08:00][sql] SELECT * FROM `qing_user` WHERE  `recommender` = 'YJ1596275434'  AND `mer_count` >= 0 [ RunTime:0.000372s ]
[2024-07-08T17:11:17+08:00][sql] SELECT * FROM `qing_user` WHERE  `recommender` = 'YJ1596275434'  AND `mer_count` > 0 [ RunTime:0.000306s ]
[2024-07-08T17:12:38+08:00][sql] CONNECT:[ UseTime:0.000821s ] mysql:host=127.0.0.1;port=3306;dbname=code0921;charset=utf8
[2024-07-08T17:12:38+08:00][sql] SHOW FULL COLUMNS FROM `qing_config` [ RunTime:0.000727s ]
[2024-07-08T17:12:38+08:00][sql] SELECT `value` FROM `qing_config` [ RunTime:0.000208s ]
[2024-07-08T17:12:38+08:00][sql] SHOW FULL COLUMNS FROM `qing_search` [ RunTime:0.001020s ]
[2024-07-08T17:12:38+08:00][sql] SELECT * FROM `qing_search` ORDER BY `id` DESC LIMIT 10 [ RunTime:0.000332s ]
[2024-07-08T17:12:38+08:00][sql] SHOW FULL COLUMNS FROM `qing_cart` [ RunTime:0.000690s ]
[2024-07-08T17:12:38+08:00][sql] SELECT COUNT(*) AS think_count FROM `qing_cart` WHERE  `user_id` = 33 [ RunTime:0.000266s ]
[2024-07-08T17:12:38+08:00][sql] SHOW FULL COLUMNS FROM `qing_category` [ RunTime:0.000586s ]
[2024-07-08T17:12:38+08:00][sql] SELECT `id`,`cate_name`,`thumb` FROM `qing_category` WHERE  `parent_id` = 0  AND `status` = 1 [ RunTime:0.000269s ]
[2024-07-08T17:12:38+08:00][sql] SELECT `id`,`cate_name`,`thumb` FROM `qing_category` WHERE  `parent_id` = 1  AND `status` = 1 [ RunTime:0.000238s ]
[2024-07-08T17:12:38+08:00][sql] SELECT `id`,`cate_name`,`thumb` FROM `qing_category` WHERE  `parent_id` = 3  AND `status` = 1 [ RunTime:0.000235s ]
[2024-07-08T17:12:38+08:00][sql] SELECT `id`,`cate_name`,`thumb` FROM `qing_category` WHERE  `parent_id` = 4  AND `status` = 1 [ RunTime:0.000234s ]
[2024-07-08T17:12:38+08:00][sql] SELECT `id`,`cate_name`,`thumb` FROM `qing_category` WHERE  `parent_id` = 10  AND `status` = 1 [ RunTime:0.000216s ]
[2024-07-08T17:12:38+08:00][sql] SELECT `id`,`cate_name`,`thumb` FROM `qing_category` WHERE  `parent_id` = 11  AND `status` = 1 [ RunTime:0.000222s ]
[2024-07-08T17:12:38+08:00][sql] SELECT `id`,`cate_name`,`thumb` FROM `qing_category` WHERE  `parent_id` = 12  AND `status` = 1 [ RunTime:0.000219s ]
[2024-07-08T17:12:38+08:00][sql] SELECT `id`,`cate_name`,`thumb` FROM `qing_category` WHERE  `parent_id` = 13  AND `status` = 1 [ RunTime:0.000223s ]
[2024-07-08T17:12:38+08:00][sql] SELECT `id`,`cate_name`,`thumb` FROM `qing_category` WHERE  `parent_id` = 14  AND `status` = 1 [ RunTime:0.000237s ]
[2024-07-08T17:12:38+08:00][sql] SELECT `id`,`cate_name`,`thumb` FROM `qing_category` WHERE  `parent_id` = 15  AND `status` = 1 [ RunTime:0.000223s ]
[2024-07-08T17:12:39+08:00][sql] CONNECT:[ UseTime:0.000838s ] mysql:host=127.0.0.1;port=3306;dbname=code0921;charset=utf8
[2024-07-08T17:12:39+08:00][sql] SHOW FULL COLUMNS FROM `qing_config` [ RunTime:0.001098s ]
[2024-07-08T17:12:39+08:00][sql] SELECT `value` FROM `qing_config` [ RunTime:0.000293s ]
[2024-07-08T17:12:39+08:00][sql] SHOW FULL COLUMNS FROM `qing_search` [ RunTime:0.000666s ]
[2024-07-08T17:12:39+08:00][sql] SELECT * FROM `qing_search` ORDER BY `id` DESC LIMIT 10 [ RunTime:0.000226s ]
[2024-07-08T17:12:39+08:00][sql] SHOW FULL COLUMNS FROM `qing_cart` [ RunTime:0.000543s ]
[2024-07-08T17:12:39+08:00][sql] SELECT COUNT(*) AS think_count FROM `qing_cart` WHERE  `user_id` = 33 [ RunTime:0.000229s ]
[2024-07-08T17:12:39+08:00][sql] SELECT * FROM `qing_cart` WHERE  `user_id` = 33 ORDER BY `id` DESC [ RunTime:0.000256s ]
[2024-07-08T17:12:39+08:00][sql] SHOW FULL COLUMNS FROM `qing_standard_value` [ RunTime:0.003959s ]
[2024-07-08T17:12:39+08:00][sql] SELECT `standard_value` FROM `qing_standard_value` WHERE  `id` = 26 LIMIT 1 [ RunTime:0.000234s ]
[2024-07-08T17:12:39+08:00][sql] SELECT `standard_value` FROM `qing_standard_value` WHERE  `id` = 14 LIMIT 1 [ RunTime:0.000177s ]
[2024-07-08T17:12:39+08:00][sql] SHOW FULL COLUMNS FROM `qing_goods` [ RunTime:0.003970s ]
[2024-07-08T17:12:39+08:00][sql] SELECT * FROM `qing_goods` WHERE  `goods_id` = 11 LIMIT 1 [ RunTime:0.000328s ]
[2024-07-08T17:12:39+08:00][sql] SHOW FULL COLUMNS FROM `qing_goods_standard` [ RunTime:0.001198s ]
[2024-07-08T17:12:39+08:00][sql] SELECT `goods_price` FROM `qing_goods_standard` WHERE  `goods_id` = 11  AND `sku` = '26,14' LIMIT 1 [ RunTime:0.000431s ]
[2024-07-08T17:12:39+08:00][sql] SELECT `standard_value` FROM `qing_standard_value` WHERE  `id` = 2 LIMIT 1 [ RunTime:0.000210s ]
[2024-07-08T17:12:39+08:00][sql] SELECT `standard_value` FROM `qing_standard_value` WHERE  `id` = 6 LIMIT 1 [ RunTime:0.000170s ]
[2024-07-08T17:12:39+08:00][sql] SELECT `standard_value` FROM `qing_standard_value` WHERE  `id` = 24 LIMIT 1 [ RunTime:0.000165s ]
[2024-07-08T17:12:39+08:00][sql] SELECT * FROM `qing_goods` WHERE  `goods_id` = 3 LIMIT 1 [ RunTime:0.000244s ]
[2024-07-08T17:12:39+08:00][sql] SELECT `goods_price` FROM `qing_goods_standard` WHERE  `goods_id` = 3  AND `sku` = '2,6,24' LIMIT 1 [ RunTime:0.000205s ]
[2024-07-08T17:12:42+08:00][sql] CONNECT:[ UseTime:0.000820s ] mysql:host=127.0.0.1;port=3306;dbname=code0921;charset=utf8
[2024-07-08T17:12:42+08:00][sql] SHOW FULL COLUMNS FROM `qing_config` [ RunTime:0.000709s ]
[2024-07-08T17:12:42+08:00][sql] SELECT `value` FROM `qing_config` [ RunTime:0.000205s ]
[2024-07-08T17:12:42+08:00][sql] SHOW FULL COLUMNS FROM `qing_search` [ RunTime:0.000611s ]
[2024-07-08T17:12:42+08:00][sql] SELECT * FROM `qing_search` ORDER BY `id` DESC LIMIT 10 [ RunTime:0.000213s ]
[2024-07-08T17:12:42+08:00][sql] SHOW FULL COLUMNS FROM `qing_cart` [ RunTime:0.000630s ]
[2024-07-08T17:12:42+08:00][sql] SELECT COUNT(*) AS think_count FROM `qing_cart` WHERE  `user_id` = 33 [ RunTime:0.000337s ]
[2024-07-08T17:12:42+08:00][sql] SHOW FULL COLUMNS FROM `qing_address` [ RunTime:0.002265s ]
[2024-07-08T17:12:42+08:00][sql] SELECT * FROM `qing_address` WHERE  `user_id` = 33  AND `isdefault` = 1 LIMIT 1 [ RunTime:0.000303s ]
[2024-07-08T17:12:42+08:00][sql] SELECT * FROM `qing_address` WHERE  `user_id` = 33  AND `isdefault` = 0 ORDER BY `id` DESC LIMIT 3 [ RunTime:0.000262s ]
[2024-07-08T17:12:42+08:00][sql] SELECT * FROM `qing_cart` WHERE  `user_id` = 33  AND `status` = 1 ORDER BY `id` DESC [ RunTime:0.000261s ]
[2024-07-08T17:12:42+08:00][sql] SHOW FULL COLUMNS FROM `qing_standard_value` [ RunTime:0.003881s ]
[2024-07-08T17:12:42+08:00][sql] SELECT `standard_value` FROM `qing_standard_value` WHERE  `id` = 26 LIMIT 1 [ RunTime:0.000230s ]
[2024-07-08T17:12:42+08:00][sql] SELECT `standard_value` FROM `qing_standard_value` WHERE  `id` = 14 LIMIT 1 [ RunTime:0.000169s ]
[2024-07-08T17:12:42+08:00][sql] SHOW FULL COLUMNS FROM `qing_goods` [ RunTime:0.000654s ]
[2024-07-08T17:12:42+08:00][sql] SELECT * FROM `qing_goods` WHERE  `goods_id` = 11 LIMIT 1 [ RunTime:0.000291s ]
[2024-07-08T17:12:42+08:00][sql] SHOW FULL COLUMNS FROM `qing_goods_standard` [ RunTime:0.000774s ]
[2024-07-08T17:12:42+08:00][sql] SELECT `goods_price` FROM `qing_goods_standard` WHERE  `goods_id` = 11  AND `sku` = '26,14' LIMIT 1 [ RunTime:0.000222s ]
[2024-07-08T17:12:42+08:00][sql] SELECT `standard_value` FROM `qing_standard_value` WHERE  `id` = 2 LIMIT 1 [ RunTime:0.000172s ]
[2024-07-08T17:12:42+08:00][sql] SELECT `standard_value` FROM `qing_standard_value` WHERE  `id` = 6 LIMIT 1 [ RunTime:0.000165s ]
[2024-07-08T17:12:42+08:00][sql] SELECT `standard_value` FROM `qing_standard_value` WHERE  `id` = 24 LIMIT 1 [ RunTime:0.000161s ]
[2024-07-08T17:12:42+08:00][sql] SELECT * FROM `qing_goods` WHERE  `goods_id` = 3 LIMIT 1 [ RunTime:0.000228s ]
[2024-07-08T17:12:42+08:00][sql] SELECT `goods_price` FROM `qing_goods_standard` WHERE  `goods_id` = 3  AND `sku` = '2,6,24' LIMIT 1 [ RunTime:0.000189s ]
[2024-07-08T17:13:09+08:00][sql] CONNECT:[ UseTime:0.000801s ] mysql:host=127.0.0.1;port=3306;dbname=code0921;charset=utf8
[2024-07-08T17:13:09+08:00][sql] SHOW FULL COLUMNS FROM `qing_config` [ RunTime:0.000732s ]
[2024-07-08T17:13:09+08:00][sql] SELECT `value` FROM `qing_config` [ RunTime:0.000282s ]
[2024-07-08T17:13:09+08:00][sql] SHOW FULL COLUMNS FROM `qing_search` [ RunTime:0.000730s ]
[2024-07-08T17:13:09+08:00][sql] SELECT * FROM `qing_search` ORDER BY `id` DESC LIMIT 10 [ RunTime:0.000217s ]
[2024-07-08T17:13:09+08:00][sql] SHOW FULL COLUMNS FROM `qing_cart` [ RunTime:0.000533s ]
[2024-07-08T17:13:09+08:00][sql] SELECT COUNT(*) AS think_count FROM `qing_cart` WHERE  `user_id` = 33 [ RunTime:0.000217s ]
[2024-07-08T17:13:09+08:00][sql] SHOW FULL COLUMNS FROM `qing_address` [ RunTime:0.000821s ]
[2024-07-08T17:13:09+08:00][sql] SELECT * FROM `qing_address` WHERE  `user_id` = 33  AND `isdefault` = 1 LIMIT 1 [ RunTime:0.000259s ]
[2024-07-08T17:13:09+08:00][sql] SELECT * FROM `qing_address` WHERE  `user_id` = 33  AND `isdefault` = 0 ORDER BY `id` DESC LIMIT 3 [ RunTime:0.000248s ]
[2024-07-08T17:13:09+08:00][sql] SELECT * FROM `qing_cart` WHERE  `user_id` = 33  AND `status` = 1 ORDER BY `id` DESC [ RunTime:0.000253s ]
[2024-07-08T17:13:09+08:00][sql] SHOW FULL COLUMNS FROM `qing_standard_value` [ RunTime:0.000531s ]
[2024-07-08T17:13:09+08:00][sql] SELECT `standard_value` FROM `qing_standard_value` WHERE  `id` = 26 LIMIT 1 [ RunTime:0.000199s ]
[2024-07-08T17:13:09+08:00][sql] SELECT `standard_value` FROM `qing_standard_value` WHERE  `id` = 14 LIMIT 1 [ RunTime:0.000182s ]
[2024-07-08T17:13:09+08:00][sql] SHOW FULL COLUMNS FROM `qing_goods` [ RunTime:0.000610s ]
[2024-07-08T17:13:09+08:00][sql] SELECT * FROM `qing_goods` WHERE  `goods_id` = 11 LIMIT 1 [ RunTime:0.000475s ]
[2024-07-08T17:13:09+08:00][sql] SHOW FULL COLUMNS FROM `qing_goods_standard` [ RunTime:0.000671s ]
[2024-07-08T17:13:09+08:00][sql] SELECT `goods_price` FROM `qing_goods_standard` WHERE  `goods_id` = 11  AND `sku` = '26,14' LIMIT 1 [ RunTime:0.000230s ]
[2024-07-08T17:13:09+08:00][sql] SELECT `standard_value` FROM `qing_standard_value` WHERE  `id` = 2 LIMIT 1 [ RunTime:0.000182s ]
[2024-07-08T17:13:09+08:00][sql] SELECT `standard_value` FROM `qing_standard_value` WHERE  `id` = 6 LIMIT 1 [ RunTime:0.000166s ]
[2024-07-08T17:13:09+08:00][sql] SELECT `standard_value` FROM `qing_standard_value` WHERE  `id` = 24 LIMIT 1 [ RunTime:0.000160s ]
[2024-07-08T17:13:09+08:00][sql] SELECT * FROM `qing_goods` WHERE  `goods_id` = 3 LIMIT 1 [ RunTime:0.000233s ]
[2024-07-08T17:13:09+08:00][sql] SELECT `goods_price` FROM `qing_goods_standard` WHERE  `goods_id` = 3  AND `sku` = '2,6,24' LIMIT 1 [ RunTime:0.000192s ]
[2024-07-08T17:13:40+08:00][sql] CONNECT:[ UseTime:0.000904s ] mysql:host=127.0.0.1;port=3306;dbname=code0921;charset=utf8
[2024-07-08T17:13:40+08:00][sql] SHOW FULL COLUMNS FROM `qing_config` [ RunTime:0.000886s ]
[2024-07-08T17:13:40+08:00][sql] SELECT `value` FROM `qing_config` [ RunTime:0.000259s ]
[2024-07-08T17:13:40+08:00][sql] SHOW FULL COLUMNS FROM `qing_search` [ RunTime:0.000641s ]
[2024-07-08T17:13:40+08:00][sql] SELECT * FROM `qing_search` ORDER BY `id` DESC LIMIT 10 [ RunTime:0.000227s ]
[2024-07-08T17:13:40+08:00][sql] SHOW FULL COLUMNS FROM `qing_cart` [ RunTime:0.000629s ]
[2024-07-08T17:13:40+08:00][sql] SELECT COUNT(*) AS think_count FROM `qing_cart` WHERE  `user_id` = 33 [ RunTime:0.000341s ]
[2024-07-08T17:13:40+08:00][sql] SHOW FULL COLUMNS FROM `qing_goods` [ RunTime:0.004342s ]
[2024-07-08T17:13:40+08:00][sql] SELECT * FROM `qing_goods` WHERE  `goods_id` = 7 LIMIT 1 [ RunTime:0.000456s ]
[2024-07-08T17:13:40+08:00][sql] UPDATE `qing_goods`  SET `click` = 20  WHERE  `goods_id` = 7 [ RunTime:0.002493s ]
[2024-07-08T17:13:40+08:00][sql] SHOW FULL COLUMNS FROM `qing_goods_img` [ RunTime:0.003952s ]
[2024-07-08T17:13:40+08:00][sql] SELECT * FROM `qing_goods_img` WHERE  `goods_id` = 7 [ RunTime:0.000314s ]
[2024-07-08T17:13:40+08:00][sql] SHOW FULL COLUMNS FROM `qing_goods_content` [ RunTime:0.004031s ]
[2024-07-08T17:13:40+08:00][sql] SELECT * FROM `qing_goods_content` WHERE  `goods_id` = 7 LIMIT 1 [ RunTime:0.000281s ]
[2024-07-08T17:13:40+08:00][sql] SHOW FULL COLUMNS FROM `qing_category` [ RunTime:0.000873s ]
[2024-07-08T17:13:40+08:00][sql] SELECT * FROM `qing_category` WHERE  ( id=33 ) LIMIT 1 [ RunTime:0.000249s ]
[2024-07-08T17:13:40+08:00][sql] SELECT * FROM `qing_category` WHERE  ( id=30 ) LIMIT 1 [ RunTime:0.000202s ]
[2024-07-08T17:13:40+08:00][sql] SELECT * FROM `qing_category` WHERE  ( id=14 ) LIMIT 1 [ RunTime:0.000192s ]
[2024-07-08T17:13:40+08:00][sql] SHOW FULL COLUMNS FROM `qing_goods_standard` [ RunTime:0.000522s ]
[2024-07-08T17:13:40+08:00][sql] SELECT `sku` FROM `qing_goods_standard` WHERE  `goods_id` = 7 [ RunTime:0.000202s ]
[2024-07-08T17:13:40+08:00][sql] SHOW FULL COLUMNS FROM `qing_collect` [ RunTime:0.000757s ]
[2024-07-08T17:13:40+08:00][sql] SELECT * FROM `qing_collect` WHERE  `goods_id` = 7  AND `user_id` = 33 LIMIT 1 [ RunTime:0.000273s ]
[2024-07-08T17:13:40+08:00][sql] SHOW FULL COLUMNS FROM `qing_user_trace` [ RunTime:0.002528s ]
[2024-07-08T17:13:40+08:00][sql] SELECT COUNT(*) AS think_count FROM `qing_user_trace` WHERE  `user_id` = 33 [ RunTime:0.000254s ]
[2024-07-08T17:13:40+08:00][sql] SELECT * FROM `qing_user_trace` WHERE  `user_id` = 33  AND `goods_id` = 7 LIMIT 1 [ RunTime:0.000214s ]
[2024-07-08T17:13:40+08:00][sql] SELECT * FROM `qing_user_trace` WHERE  `user_id` = 33 ORDER BY `time` ASC LIMIT 1 [ RunTime:0.000234s ]
[2024-07-08T17:13:40+08:00][sql] DELETE FROM `qing_user_trace` WHERE  `id` = 41 [ RunTime:0.010792s ]
[2024-07-08T17:13:40+08:00][sql] INSERT INTO `qing_user_trace` SET `user_id` = 33 , `goods_id` = 7 , `time` = 1720430020 [ RunTime:0.003425s ]
[2024-07-08T17:13:44+08:00][sql] CONNECT:[ UseTime:0.000866s ] mysql:host=127.0.0.1;port=3306;dbname=code0921;charset=utf8
[2024-07-08T17:13:44+08:00][sql] SHOW FULL COLUMNS FROM `qing_config` [ RunTime:0.000726s ]
[2024-07-08T17:13:44+08:00][sql] SELECT `value` FROM `qing_config` [ RunTime:0.000204s ]
[2024-07-08T17:13:44+08:00][sql] SHOW FULL COLUMNS FROM `qing_search` [ RunTime:0.000680s ]
[2024-07-08T17:13:44+08:00][sql] SELECT * FROM `qing_search` ORDER BY `id` DESC LIMIT 10 [ RunTime:0.000215s ]
[2024-07-08T17:13:44+08:00][sql] SHOW FULL COLUMNS FROM `qing_cart` [ RunTime:0.000542s ]
[2024-07-08T17:13:44+08:00][sql] SELECT COUNT(*) AS think_count FROM `qing_cart` WHERE  `user_id` = 33 [ RunTime:0.000277s ]
[2024-07-08T17:13:44+08:00][sql] SELECT * FROM `qing_cart` WHERE  `user_id` = 33 ORDER BY `id` DESC [ RunTime:0.000589s ]
[2024-07-08T17:13:44+08:00][sql] SHOW FULL COLUMNS FROM `qing_goods` [ RunTime:0.004121s ]
[2024-07-08T17:13:44+08:00][sql] SELECT * FROM `qing_goods` WHERE  `goods_id` = 7 LIMIT 1 [ RunTime:0.000332s ]
[2024-07-08T17:13:44+08:00][sql] SHOW FULL COLUMNS FROM `qing_standard_value` [ RunTime:0.003617s ]
[2024-07-08T17:13:44+08:00][sql] SELECT `standard_value` FROM `qing_standard_value` WHERE  `id` = 26 LIMIT 1 [ RunTime:0.000211s ]
[2024-07-08T17:13:44+08:00][sql] SELECT `standard_value` FROM `qing_standard_value` WHERE  `id` = 14 LIMIT 1 [ RunTime:0.000173s ]
[2024-07-08T17:13:44+08:00][sql] SELECT * FROM `qing_goods` WHERE  `goods_id` = 11 LIMIT 1 [ RunTime:0.000234s ]
[2024-07-08T17:13:44+08:00][sql] SHOW FULL COLUMNS FROM `qing_goods_standard` [ RunTime:0.000546s ]
[2024-07-08T17:13:44+08:00][sql] SELECT `goods_price` FROM `qing_goods_standard` WHERE  `goods_id` = 11  AND `sku` = '26,14' LIMIT 1 [ RunTime:0.000215s ]
[2024-07-08T17:13:44+08:00][sql] SELECT `standard_value` FROM `qing_standard_value` WHERE  `id` = 2 LIMIT 1 [ RunTime:0.000176s ]
[2024-07-08T17:13:44+08:00][sql] SELECT `standard_value` FROM `qing_standard_value` WHERE  `id` = 6 LIMIT 1 [ RunTime:0.000165s ]
[2024-07-08T17:13:44+08:00][sql] SELECT `standard_value` FROM `qing_standard_value` WHERE  `id` = 24 LIMIT 1 [ RunTime:0.000159s ]
[2024-07-08T17:13:44+08:00][sql] SELECT * FROM `qing_goods` WHERE  `goods_id` = 3 LIMIT 1 [ RunTime:0.000234s ]
[2024-07-08T17:13:44+08:00][sql] SELECT `goods_price` FROM `qing_goods_standard` WHERE  `goods_id` = 3  AND `sku` = '2,6,24' LIMIT 1 [ RunTime:0.000188s ]
[2024-07-08T17:13:46+08:00][sql] CONNECT:[ UseTime:0.010898s ] mysql:host=127.0.0.1;port=3306;dbname=code0921;charset=utf8
[2024-07-08T17:13:46+08:00][sql] SHOW FULL COLUMNS FROM `qing_config` [ RunTime:0.000773s ]
[2024-07-08T17:13:46+08:00][sql] SELECT `value` FROM `qing_config` [ RunTime:0.000211s ]
[2024-07-08T17:13:46+08:00][sql] SHOW FULL COLUMNS FROM `qing_search` [ RunTime:0.000694s ]
[2024-07-08T17:13:46+08:00][sql] SELECT * FROM `qing_search` ORDER BY `id` DESC LIMIT 10 [ RunTime:0.000231s ]
[2024-07-08T17:13:46+08:00][sql] SHOW FULL COLUMNS FROM `qing_cart` [ RunTime:0.000662s ]
[2024-07-08T17:13:46+08:00][sql] SELECT COUNT(*) AS think_count FROM `qing_cart` WHERE  `user_id` = 33 [ RunTime:0.000319s ]
[2024-07-08T17:13:46+08:00][sql] SHOW FULL COLUMNS FROM `qing_address` [ RunTime:0.001120s ]
[2024-07-08T17:13:46+08:00][sql] SELECT * FROM `qing_address` WHERE  `user_id` = 33  AND `isdefault` = 1 LIMIT 1 [ RunTime:0.000356s ]
[2024-07-08T17:13:46+08:00][sql] SELECT * FROM `qing_address` WHERE  `user_id` = 33  AND `isdefault` = 0 ORDER BY `id` DESC LIMIT 3 [ RunTime:0.000265s ]
[2024-07-08T17:13:46+08:00][sql] SELECT * FROM `qing_cart` WHERE  `user_id` = 33  AND `status` = 1 ORDER BY `id` DESC [ RunTime:0.000269s ]
[2024-07-08T17:13:46+08:00][sql] SHOW FULL COLUMNS FROM `qing_goods` [ RunTime:0.004391s ]
[2024-07-08T17:13:46+08:00][sql] SELECT * FROM `qing_goods` WHERE  `goods_id` = 7 LIMIT 1 [ RunTime:0.000356s ]
[2024-07-08T17:13:46+08:00][sql] SHOW FULL COLUMNS FROM `qing_standard_value` [ RunTime:0.003763s ]
[2024-07-08T17:13:46+08:00][sql] SELECT `standard_value` FROM `qing_standard_value` WHERE  `id` = 26 LIMIT 1 [ RunTime:0.000218s ]
[2024-07-08T17:13:46+08:00][sql] SELECT `standard_value` FROM `qing_standard_value` WHERE  `id` = 14 LIMIT 1 [ RunTime:0.000173s ]
[2024-07-08T17:13:46+08:00][sql] SELECT * FROM `qing_goods` WHERE  `goods_id` = 11 LIMIT 1 [ RunTime:0.000233s ]
[2024-07-08T17:13:46+08:00][sql] SHOW FULL COLUMNS FROM `qing_goods_standard` [ RunTime:0.000789s ]
[2024-07-08T17:13:46+08:00][sql] SELECT `goods_price` FROM `qing_goods_standard` WHERE  `goods_id` = 11  AND `sku` = '26,14' LIMIT 1 [ RunTime:0.000233s ]
[2024-07-08T17:13:46+08:00][sql] SELECT `standard_value` FROM `qing_standard_value` WHERE  `id` = 2 LIMIT 1 [ RunTime:0.000191s ]
[2024-07-08T17:13:46+08:00][sql] SELECT `standard_value` FROM `qing_standard_value` WHERE  `id` = 6 LIMIT 1 [ RunTime:0.000221s ]
[2024-07-08T17:13:46+08:00][sql] SELECT `standard_value` FROM `qing_standard_value` WHERE  `id` = 24 LIMIT 1 [ RunTime:0.000170s ]
[2024-07-08T17:13:46+08:00][sql] SELECT * FROM `qing_goods` WHERE  `goods_id` = 3 LIMIT 1 [ RunTime:0.000236s ]
[2024-07-08T17:13:46+08:00][sql] SELECT `goods_price` FROM `qing_goods_standard` WHERE  `goods_id` = 3  AND `sku` = '2,6,24' LIMIT 1 [ RunTime:0.000202s ]
[2024-07-08T17:18:01+08:00][sql] CONNECT:[ UseTime:0.011287s ] mysql:host=127.0.0.1;port=3306;dbname=code0921;charset=utf8
[2024-07-08T17:18:01+08:00][sql] SHOW FULL COLUMNS FROM `qing_config` [ RunTime:0.000748s ]
[2024-07-08T17:18:01+08:00][sql] SELECT `value` FROM `qing_config` [ RunTime:0.000208s ]
[2024-07-08T17:18:01+08:00][sql] SHOW FULL COLUMNS FROM `qing_search` [ RunTime:0.000600s ]
[2024-07-08T17:18:01+08:00][sql] SELECT * FROM `qing_search` ORDER BY `id` DESC LIMIT 10 [ RunTime:0.000213s ]
[2024-07-08T17:18:01+08:00][sql] SHOW FULL COLUMNS FROM `qing_cart` [ RunTime:0.000531s ]
[2024-07-08T17:18:01+08:00][sql] SELECT COUNT(*) AS think_count FROM `qing_cart` WHERE  `user_id` = 33 [ RunTime:0.000223s ]
[2024-07-08T17:18:01+08:00][sql] DELETE FROM `qing_cart` WHERE  ( id=49 and user_id=33 ) [ RunTime:0.000305s ]
[2024-07-08T17:18:01+08:00][sql] CONNECT:[ UseTime:0.000834s ] mysql:host=127.0.0.1;port=3306;dbname=code0921;charset=utf8
[2024-07-08T17:18:01+08:00][sql] SHOW FULL COLUMNS FROM `qing_config` [ RunTime:0.000731s ]
[2024-07-08T17:18:01+08:00][sql] SELECT `value` FROM `qing_config` [ RunTime:0.000212s ]
[2024-07-08T17:18:01+08:00][sql] SHOW FULL COLUMNS FROM `qing_search` [ RunTime:0.000589s ]
[2024-07-08T17:18:01+08:00][sql] SELECT * FROM `qing_search` ORDER BY `id` DESC LIMIT 10 [ RunTime:0.000212s ]
[2024-07-08T17:18:01+08:00][sql] SHOW FULL COLUMNS FROM `qing_cart` [ RunTime:0.000522s ]
[2024-07-08T17:18:01+08:00][sql] SELECT COUNT(*) AS think_count FROM `qing_cart` WHERE  `user_id` = 33 [ RunTime:0.000244s ]
[2024-07-08T17:18:01+08:00][sql] SHOW FULL COLUMNS FROM `qing_address` [ RunTime:0.000543s ]
[2024-07-08T17:18:01+08:00][sql] SELECT * FROM `qing_address` WHERE  `user_id` = 33  AND `isdefault` = 1 LIMIT 1 [ RunTime:0.000271s ]
[2024-07-08T17:18:01+08:00][sql] SELECT * FROM `qing_address` WHERE  `user_id` = 33  AND `isdefault` = 0 ORDER BY `id` DESC LIMIT 3 [ RunTime:0.000272s ]
[2024-07-08T17:18:01+08:00][sql] SELECT * FROM `qing_cart` WHERE  `user_id` = 33  AND `status` = 1 ORDER BY `id` DESC [ RunTime:0.000254s ]
[2024-07-08T17:18:01+08:00][sql] SHOW FULL COLUMNS FROM `qing_standard_value` [ RunTime:0.000532s ]
[2024-07-08T17:18:01+08:00][sql] SELECT `standard_value` FROM `qing_standard_value` WHERE  `id` = 26 LIMIT 1 [ RunTime:0.000219s ]
[2024-07-08T17:18:01+08:00][sql] SELECT `standard_value` FROM `qing_standard_value` WHERE  `id` = 14 LIMIT 1 [ RunTime:0.000179s ]
[2024-07-08T17:18:01+08:00][sql] SHOW FULL COLUMNS FROM `qing_goods` [ RunTime:0.000687s ]
[2024-07-08T17:18:01+08:00][sql] SELECT * FROM `qing_goods` WHERE  `goods_id` = 11 LIMIT 1 [ RunTime:0.000289s ]
[2024-07-08T17:18:01+08:00][sql] SHOW FULL COLUMNS FROM `qing_goods_standard` [ RunTime:0.000957s ]
[2024-07-08T17:18:01+08:00][sql] SELECT `goods_price` FROM `qing_goods_standard` WHERE  `goods_id` = 11  AND `sku` = '26,14' LIMIT 1 [ RunTime:0.000340s ]
[2024-07-08T17:18:01+08:00][sql] SELECT `standard_value` FROM `qing_standard_value` WHERE  `id` = 2 LIMIT 1 [ RunTime:0.000193s ]
[2024-07-08T17:18:01+08:00][sql] SELECT `standard_value` FROM `qing_standard_value` WHERE  `id` = 6 LIMIT 1 [ RunTime:0.000166s ]
[2024-07-08T17:18:01+08:00][sql] SELECT `standard_value` FROM `qing_standard_value` WHERE  `id` = 24 LIMIT 1 [ RunTime:0.000163s ]
[2024-07-08T17:18:01+08:00][sql] SELECT * FROM `qing_goods` WHERE  `goods_id` = 3 LIMIT 1 [ RunTime:0.000248s ]
[2024-07-08T17:18:01+08:00][sql] SELECT `goods_price` FROM `qing_goods_standard` WHERE  `goods_id` = 3  AND `sku` = '2,6,24' LIMIT 1 [ RunTime:0.000192s ]
[2024-07-08T17:41:15+08:00][sql] CONNECT:[ UseTime:0.001094s ] mysql:host=127.0.0.1;port=3306;dbname=code0921;charset=utf8
[2024-07-08T17:41:15+08:00][sql] SHOW FULL COLUMNS FROM `qing_config` [ RunTime:0.000934s ]
[2024-07-08T17:41:15+08:00][sql] SELECT `value` FROM `qing_config` [ RunTime:0.000228s ]
[2024-07-08T17:41:15+08:00][sql] SHOW FULL COLUMNS FROM `qing_search` [ RunTime:0.000602s ]
[2024-07-08T17:41:15+08:00][sql] SELECT * FROM `qing_search` ORDER BY `id` DESC LIMIT 10 [ RunTime:0.000220s ]
[2024-07-08T17:41:15+08:00][sql] SHOW FULL COLUMNS FROM `qing_cart` [ RunTime:0.000541s ]
[2024-07-08T17:41:15+08:00][sql] SELECT COUNT(*) AS think_count FROM `qing_cart` WHERE  `user_id` = 33 [ RunTime:0.000257s ]
[2024-07-08T17:41:15+08:00][sql] SELECT * FROM `qing_cart` WHERE  `user_id` = 33 ORDER BY `id` DESC [ RunTime:0.000258s ]
[2024-07-08T17:41:15+08:00][sql] SHOW FULL COLUMNS FROM `qing_standard_value` [ RunTime:0.000576s ]
[2024-07-08T17:41:15+08:00][sql] SELECT `standard_value` FROM `qing_standard_value` WHERE  `id` = 26 LIMIT 1 [ RunTime:0.000205s ]
[2024-07-08T17:41:15+08:00][sql] SELECT `standard_value` FROM `qing_standard_value` WHERE  `id` = 14 LIMIT 1 [ RunTime:0.000169s ]
[2024-07-08T17:41:15+08:00][sql] SHOW FULL COLUMNS FROM `qing_goods` [ RunTime:0.000625s ]
[2024-07-08T17:41:15+08:00][sql] SELECT * FROM `qing_goods` WHERE  `goods_id` = 11 LIMIT 1 [ RunTime:0.000314s ]
[2024-07-08T17:41:15+08:00][sql] SHOW FULL COLUMNS FROM `qing_goods_standard` [ RunTime:0.000527s ]
[2024-07-08T17:41:15+08:00][sql] SELECT `goods_price` FROM `qing_goods_standard` WHERE  `goods_id` = 11  AND `sku` = '26,14' LIMIT 1 [ RunTime:0.000214s ]
[2024-07-08T17:41:15+08:00][sql] SELECT `standard_value` FROM `qing_standard_value` WHERE  `id` = 2 LIMIT 1 [ RunTime:0.000250s ]
[2024-07-08T17:41:15+08:00][sql] SELECT `standard_value` FROM `qing_standard_value` WHERE  `id` = 6 LIMIT 1 [ RunTime:0.000271s ]
[2024-07-08T17:41:15+08:00][sql] SELECT `standard_value` FROM `qing_standard_value` WHERE  `id` = 24 LIMIT 1 [ RunTime:0.000232s ]
[2024-07-08T17:41:15+08:00][sql] SELECT * FROM `qing_goods` WHERE  `goods_id` = 3 LIMIT 1 [ RunTime:0.000364s ]
[2024-07-08T17:41:15+08:00][sql] SELECT `goods_price` FROM `qing_goods_standard` WHERE  `goods_id` = 3  AND `sku` = '2,6,24' LIMIT 1 [ RunTime:0.000248s ]
[2024-07-08T18:31:15+08:00][sql] CONNECT:[ UseTime:0.001151s ] mysql:host=127.0.0.1;port=3306;dbname=code0921;charset=utf8
[2024-07-08T18:31:15+08:00][sql] SHOW FULL COLUMNS FROM `qing_config` [ RunTime:0.000923s ]
[2024-07-08T18:31:15+08:00][sql] SELECT `value` FROM `qing_config` [ RunTime:0.000226s ]
[2024-07-08T18:31:15+08:00][sql] SHOW FULL COLUMNS FROM `qing_search` [ RunTime:0.000601s ]
[2024-07-08T18:31:15+08:00][sql] SELECT * FROM `qing_search` ORDER BY `id` DESC LIMIT 10 [ RunTime:0.000222s ]
[2024-07-08T18:31:15+08:00][sql] SHOW FULL COLUMNS FROM `qing_cart` [ RunTime:0.000527s ]
[2024-07-08T18:31:15+08:00][sql] SELECT COUNT(*) AS think_count FROM `qing_cart` WHERE  `user_id` IS NULL [ RunTime:0.000171s ]
[2024-07-08T18:31:15+08:00][sql] SHOW FULL COLUMNS FROM `qing_goods` [ RunTime:0.000645s ]
[2024-07-08T18:31:15+08:00][sql] SELECT * FROM `qing_goods` WHERE  `goods_id` = 6 LIMIT 1 [ RunTime:0.000374s ]
[2024-07-08T18:31:15+08:00][sql] UPDATE `qing_goods`  SET `click` = 65  WHERE  `goods_id` = 6 [ RunTime:0.002673s ]
[2024-07-08T18:31:15+08:00][sql] SHOW FULL COLUMNS FROM `qing_goods_img` [ RunTime:0.004587s ]
[2024-07-08T18:31:15+08:00][sql] SELECT * FROM `qing_goods_img` WHERE  `goods_id` = 6 [ RunTime:0.000336s ]
[2024-07-08T18:31:15+08:00][sql] SHOW FULL COLUMNS FROM `qing_goods_content` [ RunTime:0.004016s ]
[2024-07-08T18:31:15+08:00][sql] SELECT * FROM `qing_goods_content` WHERE  `goods_id` = 6 LIMIT 1 [ RunTime:0.000267s ]
[2024-07-08T18:31:15+08:00][sql] SHOW FULL COLUMNS FROM `qing_category` [ RunTime:0.000607s ]
[2024-07-08T18:31:15+08:00][sql] SELECT * FROM `qing_category` WHERE  ( id=16 ) LIMIT 1 [ RunTime:0.000238s ]
[2024-07-08T18:31:15+08:00][sql] SELECT * FROM `qing_category` WHERE  ( id=18 ) LIMIT 1 [ RunTime:0.000195s ]
[2024-07-08T18:31:15+08:00][sql] SELECT * FROM `qing_category` WHERE  ( id=14 ) LIMIT 1 [ RunTime:0.000185s ]
[2024-07-08T18:31:15+08:00][sql] SHOW FULL COLUMNS FROM `qing_goods_standard` [ RunTime:0.000969s ]
[2024-07-08T18:31:15+08:00][sql] SELECT `sku` FROM `qing_goods_standard` WHERE  `goods_id` = 6 [ RunTime:0.000240s ]
[2024-07-08T18:31:15+08:00][sql] SHOW FULL COLUMNS FROM `qing_standard_value` [ RunTime:0.004442s ]
[2024-07-08T18:31:15+08:00][sql] SELECT `standard_value` FROM `qing_standard_value` WHERE  `id` = 3 LIMIT 1 [ RunTime:0.000257s ]
[2024-07-08T18:31:15+08:00][sql] SELECT `standard_value` FROM `qing_standard_value` WHERE  `id` = 6 LIMIT 1 [ RunTime:0.000173s ]
[2024-07-08T18:31:15+08:00][sql] SELECT `standard_value` FROM `qing_standard_value` WHERE  `id` = 23 LIMIT 1 [ RunTime:0.000167s ]
[2024-07-08T18:31:15+08:00][sql] SELECT `a`.`standard_id`,`a`.`standard_value`,`a`.`id`,`b`.`name` FROM `qing_standard_value` `a` INNER JOIN `qing_standard` `b` ON `a`.`standard_id`=`b`.`id` WHERE  `a`.`id` = '3'  AND `a`.`id` = '3' LIMIT 1 [ RunTime:0.003713s ]
[2024-07-08T18:31:15+08:00][sql] SELECT `a`.`standard_id`,`a`.`standard_value`,`a`.`id`,`b`.`name` FROM `qing_standard_value` `a` INNER JOIN `qing_standard` `b` ON `a`.`standard_id`=`b`.`id` WHERE  `a`.`id` = '6'  AND `a`.`id` = '6' LIMIT 1 [ RunTime:0.000219s ]
[2024-07-08T18:31:15+08:00][sql] SELECT `a`.`standard_id`,`a`.`standard_value`,`a`.`id`,`b`.`name` FROM `qing_standard_value` `a` INNER JOIN `qing_standard` `b` ON `a`.`standard_id`=`b`.`id` WHERE  `a`.`id` = '23'  AND `a`.`id` = '23' LIMIT 1 [ RunTime:0.000201s ]
[2024-07-08T18:31:15+08:00][sql] SELECT `a`.`standard_id`,`a`.`standard_value`,`a`.`id`,`b`.`name` FROM `qing_standard_value` `a` INNER JOIN `qing_standard` `b` ON `a`.`standard_id`=`b`.`id` WHERE  `a`.`id` = '5'  AND `a`.`id` = '5' LIMIT 1 [ RunTime:0.000200s ]
[2024-07-08T18:31:15+08:00][sql] SELECT `a`.`standard_id`,`a`.`standard_value`,`a`.`id`,`b`.`name` FROM `qing_standard_value` `a` INNER JOIN `qing_standard` `b` ON `a`.`standard_id`=`b`.`id` WHERE  `a`.`id` = '2'  AND `a`.`id` = '2' LIMIT 1 [ RunTime:0.000196s ]
[2024-07-08T18:31:15+08:00][sql] SHOW FULL COLUMNS FROM `qing_collect` [ RunTime:0.000787s ]
[2024-07-08T18:31:15+08:00][sql] SELECT * FROM `qing_collect` WHERE  `goods_id` = 6  AND `user_id` IS NULL LIMIT 1 [ RunTime:0.000179s ]
[2024-07-08T18:31:15+08:00][sql] CONNECT:[ UseTime:0.000892s ] mysql:host=127.0.0.1;port=3306;dbname=code0921;charset=utf8
[2024-07-08T18:31:15+08:00][sql] SHOW FULL COLUMNS FROM `qing_config` [ RunTime:0.000766s ]
[2024-07-08T18:31:15+08:00][sql] SELECT `value` FROM `qing_config` [ RunTime:0.000209s ]
[2024-07-08T18:31:15+08:00][sql] SHOW FULL COLUMNS FROM `qing_search` [ RunTime:0.000642s ]
[2024-07-08T18:31:15+08:00][sql] SELECT * FROM `qing_search` ORDER BY `id` DESC LIMIT 10 [ RunTime:0.000221s ]
[2024-07-08T18:31:15+08:00][sql] SHOW FULL COLUMNS FROM `qing_cart` [ RunTime:0.000524s ]
[2024-07-08T18:31:15+08:00][sql] SELECT COUNT(*) AS think_count FROM `qing_cart` WHERE  `user_id` IS NULL [ RunTime:0.000158s ]
[2024-07-08T18:31:15+08:00][sql] SHOW FULL COLUMNS FROM `qing_goods_standard` [ RunTime:0.000835s ]
[2024-07-08T18:31:15+08:00][sql] SELECT * FROM `qing_goods_standard` WHERE  `goods_id` = 6  AND `sku` = '3,6,23' LIMIT 1 [ RunTime:0.000268s ]
[2024-07-08T18:31:17+08:00][sql] CONNECT:[ UseTime:0.001169s ] mysql:host=127.0.0.1;port=3306;dbname=code0921;charset=utf8
[2024-07-08T18:31:17+08:00][sql] SHOW FULL COLUMNS FROM `qing_config` [ RunTime:0.001088s ]
[2024-07-08T18:31:17+08:00][sql] SELECT `value` FROM `qing_config` [ RunTime:0.000332s ]
[2024-07-08T18:31:17+08:00][sql] SHOW FULL COLUMNS FROM `qing_search` [ RunTime:0.000818s ]
[2024-07-08T18:31:17+08:00][sql] SELECT * FROM `qing_search` ORDER BY `id` DESC LIMIT 10 [ RunTime:0.000295s ]
[2024-07-08T18:31:17+08:00][sql] SHOW FULL COLUMNS FROM `qing_cart` [ RunTime:0.000702s ]
[2024-07-08T18:31:17+08:00][sql] SELECT COUNT(*) AS think_count FROM `qing_cart` WHERE  `user_id` IS NULL [ RunTime:0.000235s ]
[2024-07-08T18:31:17+08:00][sql] SHOW FULL COLUMNS FROM `qing_goods_standard` [ RunTime:0.000660s ]
[2024-07-08T18:31:17+08:00][sql] SELECT * FROM `qing_goods_standard` WHERE  `goods_id` = 6  AND `sku` = '3,6,23' LIMIT 1 [ RunTime:0.000350s ]
[2024-07-08T18:31:39+08:00][sql] CONNECT:[ UseTime:0.000893s ] mysql:host=127.0.0.1;port=3306;dbname=code0921;charset=utf8
[2024-07-08T18:31:39+08:00][sql] SHOW FULL COLUMNS FROM `qing_config` [ RunTime:0.000801s ]
[2024-07-08T18:31:39+08:00][sql] SELECT `value` FROM `qing_config` [ RunTime:0.000219s ]
[2024-07-08T18:31:39+08:00][sql] SHOW FULL COLUMNS FROM `qing_search` [ RunTime:0.000877s ]
[2024-07-08T18:31:39+08:00][sql] SELECT * FROM `qing_search` ORDER BY `id` DESC LIMIT 10 [ RunTime:0.000330s ]
[2024-07-08T18:31:39+08:00][sql] SHOW FULL COLUMNS FROM `qing_cart` [ RunTime:0.000787s ]
[2024-07-08T18:31:39+08:00][sql] SELECT COUNT(*) AS think_count FROM `qing_cart` WHERE  `user_id` IS NULL [ RunTime:0.000340s ]
[2024-07-08T18:31:39+08:00][sql] SHOW FULL COLUMNS FROM `qing_ad` [ RunTime:0.005259s ]
[2024-07-08T18:31:39+08:00][sql] SELECT * FROM `qing_ad` WHERE  `type_id` = 1 [ RunTime:0.000318s ]
[2024-07-08T18:31:39+08:00][sql] SHOW FULL COLUMNS FROM `qing_goods` [ RunTime:0.004309s ]
[2024-07-08T18:31:39+08:00][sql] SELECT * FROM `qing_goods` WHERE  `ishot` = 1  AND `goods_status` = 1 ORDER BY `goods_id` DESC,`listorder` ASC LIMIT 8 [ RunTime:0.000443s ]
[2024-07-08T18:31:39+08:00][sql] SHOW FULL COLUMNS FROM `qing_category` [ RunTime:0.000926s ]
[2024-07-08T18:31:39+08:00][sql] SELECT `id`,`parent_id`,`cate_name` FROM `qing_category` ORDER BY `listorder` ASC [ RunTime:0.000333s ]
[2024-07-08T18:32:04+08:00][sql] CONNECT:[ UseTime:0.000867s ] mysql:host=127.0.0.1;port=3306;dbname=code0921;charset=utf8
[2024-07-08T18:32:04+08:00][sql] SHOW FULL COLUMNS FROM `qing_config` [ RunTime:0.000734s ]
[2024-07-08T18:32:04+08:00][sql] SELECT `value` FROM `qing_config` [ RunTime:0.000271s ]
[2024-07-08T18:32:04+08:00][sql] SHOW FULL COLUMNS FROM `qing_search` [ RunTime:0.000714s ]
[2024-07-08T18:32:04+08:00][sql] SELECT * FROM `qing_search` ORDER BY `id` DESC LIMIT 10 [ RunTime:0.000218s ]
[2024-07-08T18:32:04+08:00][sql] SHOW FULL COLUMNS FROM `qing_cart` [ RunTime:0.000532s ]
[2024-07-08T18:32:04+08:00][sql] SELECT COUNT(*) AS think_count FROM `qing_cart` WHERE  `user_id` IS NULL [ RunTime:0.000163s ]
[2024-07-08T18:32:04+08:00][sql] SHOW FULL COLUMNS FROM `qing_category` [ RunTime:0.000560s ]
[2024-07-08T18:32:04+08:00][sql] SELECT `id`,`cate_name`,`thumb` FROM `qing_category` WHERE  `parent_id` = 0  AND `status` = 1 [ RunTime:0.000266s ]
[2024-07-08T18:32:04+08:00][sql] SELECT `id`,`cate_name`,`thumb` FROM `qing_category` WHERE  `parent_id` = 1  AND `status` = 1 [ RunTime:0.000245s ]
[2024-07-08T18:32:04+08:00][sql] SELECT `id`,`cate_name`,`thumb` FROM `qing_category` WHERE  `parent_id` = 3  AND `status` = 1 [ RunTime:0.000222s ]
[2024-07-08T18:32:04+08:00][sql] SELECT `id`,`cate_name`,`thumb` FROM `qing_category` WHERE  `parent_id` = 4  AND `status` = 1 [ RunTime:0.000225s ]
[2024-07-08T18:32:04+08:00][sql] SELECT `id`,`cate_name`,`thumb` FROM `qing_category` WHERE  `parent_id` = 10  AND `status` = 1 [ RunTime:0.000249s ]
[2024-07-08T18:32:04+08:00][sql] SELECT `id`,`cate_name`,`thumb` FROM `qing_category` WHERE  `parent_id` = 11  AND `status` = 1 [ RunTime:0.000224s ]
[2024-07-08T18:32:04+08:00][sql] SELECT `id`,`cate_name`,`thumb` FROM `qing_category` WHERE  `parent_id` = 12  AND `status` = 1 [ RunTime:0.000224s ]
[2024-07-08T18:32:04+08:00][sql] SELECT `id`,`cate_name`,`thumb` FROM `qing_category` WHERE  `parent_id` = 13  AND `status` = 1 [ RunTime:0.000225s ]
[2024-07-08T18:32:04+08:00][sql] SELECT `id`,`cate_name`,`thumb` FROM `qing_category` WHERE  `parent_id` = 14  AND `status` = 1 [ RunTime:0.000224s ]
[2024-07-08T18:32:04+08:00][sql] SELECT `id`,`cate_name`,`thumb` FROM `qing_category` WHERE  `parent_id` = 15  AND `status` = 1 [ RunTime:0.000214s ]
[2024-07-08T18:32:10+08:00][sql] CONNECT:[ UseTime:0.000853s ] mysql:host=127.0.0.1;port=3306;dbname=code0921;charset=utf8
[2024-07-08T18:32:10+08:00][sql] SHOW FULL COLUMNS FROM `qing_config` [ RunTime:0.000731s ]
[2024-07-08T18:32:10+08:00][sql] SELECT `value` FROM `qing_config` [ RunTime:0.000224s ]
[2024-07-08T18:32:10+08:00][sql] SHOW FULL COLUMNS FROM `qing_search` [ RunTime:0.000707s ]
[2024-07-08T18:32:10+08:00][sql] SELECT * FROM `qing_search` ORDER BY `id` DESC LIMIT 10 [ RunTime:0.000224s ]
[2024-07-08T18:32:10+08:00][sql] SHOW FULL COLUMNS FROM `qing_cart` [ RunTime:0.001085s ]
[2024-07-08T18:32:10+08:00][sql] SELECT COUNT(*) AS think_count FROM `qing_cart` WHERE  `user_id` IS NULL [ RunTime:0.000315s ]
[2024-07-08T18:32:10+08:00][sql] SHOW FULL COLUMNS FROM `qing_ad` [ RunTime:0.004552s ]
[2024-07-08T18:32:10+08:00][sql] SELECT * FROM `qing_ad` WHERE  `type_id` = 1 [ RunTime:0.000344s ]
[2024-07-08T18:32:10+08:00][sql] SHOW FULL COLUMNS FROM `qing_goods` [ RunTime:0.004726s ]
[2024-07-08T18:32:10+08:00][sql] SELECT * FROM `qing_goods` WHERE  `ishot` = 1  AND `goods_status` = 1 ORDER BY `goods_id` DESC,`listorder` ASC LIMIT 8 [ RunTime:0.000457s ]
[2024-07-08T18:32:10+08:00][sql] SHOW FULL COLUMNS FROM `qing_category` [ RunTime:0.000983s ]
[2024-07-08T18:32:10+08:00][sql] SELECT `id`,`parent_id`,`cate_name` FROM `qing_category` ORDER BY `listorder` ASC [ RunTime:0.000373s ]
[2024-07-08T18:32:12+08:00][sql] CONNECT:[ UseTime:0.000821s ] mysql:host=127.0.0.1;port=3306;dbname=code0921;charset=utf8
[2024-07-08T18:32:12+08:00][sql] SHOW FULL COLUMNS FROM `qing_config` [ RunTime:0.000724s ]
[2024-07-08T18:32:12+08:00][sql] SELECT `value` FROM `qing_config` [ RunTime:0.000213s ]
[2024-07-08T18:32:12+08:00][sql] SHOW FULL COLUMNS FROM `qing_search` [ RunTime:0.000578s ]
[2024-07-08T18:32:12+08:00][sql] SELECT * FROM `qing_search` ORDER BY `id` DESC LIMIT 10 [ RunTime:0.000249s ]
[2024-07-08T18:32:12+08:00][sql] SHOW FULL COLUMNS FROM `qing_cart` [ RunTime:0.000988s ]
[2024-07-08T18:32:12+08:00][sql] SELECT COUNT(*) AS think_count FROM `qing_cart` WHERE  `user_id` IS NULL [ RunTime:0.000250s ]
[2024-07-08T18:32:12+08:00][sql] SHOW FULL COLUMNS FROM `qing_category` [ RunTime:0.000668s ]
[2024-07-08T18:32:12+08:00][sql] SELECT `id`,`cate_name`,`thumb` FROM `qing_category` WHERE  `parent_id` = 0  AND `status` = 1 [ RunTime:0.000298s ]
[2024-07-08T18:32:12+08:00][sql] SELECT `id`,`cate_name`,`thumb` FROM `qing_category` WHERE  `parent_id` = 1  AND `status` = 1 [ RunTime:0.000247s ]
[2024-07-08T18:32:12+08:00][sql] SELECT `id`,`cate_name`,`thumb` FROM `qing_category` WHERE  `parent_id` = 3  AND `status` = 1 [ RunTime:0.000228s ]
[2024-07-08T18:32:12+08:00][sql] SELECT `id`,`cate_name`,`thumb` FROM `qing_category` WHERE  `parent_id` = 4  AND `status` = 1 [ RunTime:0.000227s ]
[2024-07-08T18:32:12+08:00][sql] SELECT `id`,`cate_name`,`thumb` FROM `qing_category` WHERE  `parent_id` = 10  AND `status` = 1 [ RunTime:0.000219s ]
[2024-07-08T18:32:12+08:00][sql] SELECT `id`,`cate_name`,`thumb` FROM `qing_category` WHERE  `parent_id` = 11  AND `status` = 1 [ RunTime:0.000221s ]
[2024-07-08T18:32:12+08:00][sql] SELECT `id`,`cate_name`,`thumb` FROM `qing_category` WHERE  `parent_id` = 12  AND `status` = 1 [ RunTime:0.000245s ]
[2024-07-08T18:32:12+08:00][sql] SELECT `id`,`cate_name`,`thumb` FROM `qing_category` WHERE  `parent_id` = 13  AND `status` = 1 [ RunTime:0.000227s ]
[2024-07-08T18:32:12+08:00][sql] SELECT `id`,`cate_name`,`thumb` FROM `qing_category` WHERE  `parent_id` = 14  AND `status` = 1 [ RunTime:0.000225s ]
[2024-07-08T18:32:12+08:00][sql] SELECT `id`,`cate_name`,`thumb` FROM `qing_category` WHERE  `parent_id` = 15  AND `status` = 1 [ RunTime:0.000218s ]
[2024-07-08T18:32:15+08:00][sql] CONNECT:[ UseTime:0.000802s ] mysql:host=127.0.0.1;port=3306;dbname=code0921;charset=utf8
[2024-07-08T18:32:15+08:00][sql] SHOW FULL COLUMNS FROM `qing_config` [ RunTime:0.000698s ]
[2024-07-08T18:32:15+08:00][sql] SELECT `value` FROM `qing_config` [ RunTime:0.000207s ]
[2024-07-08T18:32:15+08:00][sql] SHOW FULL COLUMNS FROM `qing_search` [ RunTime:0.000599s ]
[2024-07-08T18:32:15+08:00][sql] SELECT * FROM `qing_search` ORDER BY `id` DESC LIMIT 10 [ RunTime:0.000210s ]
[2024-07-08T18:32:15+08:00][sql] SHOW FULL COLUMNS FROM `qing_cart` [ RunTime:0.000537s ]
[2024-07-08T18:32:15+08:00][sql] SELECT COUNT(*) AS think_count FROM `qing_cart` WHERE  `user_id` IS NULL [ RunTime:0.000206s ]
[2024-07-08T18:32:15+08:00][sql] CONNECT:[ UseTime:0.000832s ] mysql:host=127.0.0.1;port=3306;dbname=code0921;charset=utf8
[2024-07-08T18:32:15+08:00][sql] SHOW FULL COLUMNS FROM `qing_config` [ RunTime:0.000713s ]
[2024-07-08T18:32:15+08:00][sql] SELECT `value` FROM `qing_config` [ RunTime:0.000207s ]
[2024-07-08T18:32:15+08:00][sql] SHOW FULL COLUMNS FROM `qing_search` [ RunTime:0.000713s ]
[2024-07-08T18:32:15+08:00][sql] SELECT * FROM `qing_search` ORDER BY `id` DESC LIMIT 10 [ RunTime:0.000220s ]
[2024-07-08T18:32:15+08:00][sql] SHOW FULL COLUMNS FROM `qing_cart` [ RunTime:0.000541s ]
[2024-07-08T18:32:15+08:00][sql] SELECT COUNT(*) AS think_count FROM `qing_cart` WHERE  `user_id` IS NULL [ RunTime:0.000163s ]
[2024-07-08T18:32:19+08:00][sql] CONNECT:[ UseTime:0.000833s ] mysql:host=127.0.0.1;port=3306;dbname=code0921;charset=utf8
[2024-07-08T18:32:19+08:00][sql] SHOW FULL COLUMNS FROM `qing_config` [ RunTime:0.000703s ]
[2024-07-08T18:32:19+08:00][sql] SELECT `value` FROM `qing_config` [ RunTime:0.000211s ]
[2024-07-08T18:32:19+08:00][sql] SHOW FULL COLUMNS FROM `qing_search` [ RunTime:0.000614s ]
[2024-07-08T18:32:19+08:00][sql] SELECT * FROM `qing_search` ORDER BY `id` DESC LIMIT 10 [ RunTime:0.000211s ]
[2024-07-08T18:32:19+08:00][sql] SHOW FULL COLUMNS FROM `qing_cart` [ RunTime:0.000526s ]
[2024-07-08T18:32:19+08:00][sql] SELECT COUNT(*) AS think_count FROM `qing_cart` WHERE  `user_id` IS NULL [ RunTime:0.000161s ]
[2024-07-08T18:32:19+08:00][sql] SHOW FULL COLUMNS FROM `qing_category` [ RunTime:0.000950s ]
[2024-07-08T18:32:19+08:00][sql] SELECT `id`,`cate_name`,`thumb` FROM `qing_category` WHERE  `parent_id` = 0  AND `status` = 1 [ RunTime:0.000290s ]
[2024-07-08T18:32:19+08:00][sql] SELECT `id`,`cate_name`,`thumb` FROM `qing_category` WHERE  `parent_id` = 1  AND `status` = 1 [ RunTime:0.000242s ]
[2024-07-08T18:32:19+08:00][sql] SELECT `id`,`cate_name`,`thumb` FROM `qing_category` WHERE  `parent_id` = 3  AND `status` = 1 [ RunTime:0.000256s ]
[2024-07-08T18:32:19+08:00][sql] SELECT `id`,`cate_name`,`thumb` FROM `qing_category` WHERE  `parent_id` = 4  AND `status` = 1 [ RunTime:0.000225s ]
[2024-07-08T18:32:19+08:00][sql] SELECT `id`,`cate_name`,`thumb` FROM `qing_category` WHERE  `parent_id` = 10  AND `status` = 1 [ RunTime:0.000285s ]
[2024-07-08T18:32:19+08:00][sql] SELECT `id`,`cate_name`,`thumb` FROM `qing_category` WHERE  `parent_id` = 11  AND `status` = 1 [ RunTime:0.000283s ]
[2024-07-08T18:32:19+08:00][sql] SELECT `id`,`cate_name`,`thumb` FROM `qing_category` WHERE  `parent_id` = 12  AND `status` = 1 [ RunTime:0.000332s ]
[2024-07-08T18:32:19+08:00][sql] SELECT `id`,`cate_name`,`thumb` FROM `qing_category` WHERE  `parent_id` = 13  AND `status` = 1 [ RunTime:0.000279s ]
[2024-07-08T18:32:19+08:00][sql] SELECT `id`,`cate_name`,`thumb` FROM `qing_category` WHERE  `parent_id` = 14  AND `status` = 1 [ RunTime:0.000234s ]
[2024-07-08T18:32:19+08:00][sql] SELECT `id`,`cate_name`,`thumb` FROM `qing_category` WHERE  `parent_id` = 15  AND `status` = 1 [ RunTime:0.000234s ]
[2024-07-08T18:32:24+08:00][sql] CONNECT:[ UseTime:0.001011s ] mysql:host=127.0.0.1;port=3306;dbname=code0921;charset=utf8
[2024-07-08T18:32:24+08:00][sql] SHOW FULL COLUMNS FROM `qing_config` [ RunTime:0.000887s ]
[2024-07-08T18:32:24+08:00][sql] SELECT `value` FROM `qing_config` [ RunTime:0.000257s ]
[2024-07-08T18:32:24+08:00][sql] SHOW FULL COLUMNS FROM `qing_search` [ RunTime:0.000803s ]
[2024-07-08T18:32:24+08:00][sql] SELECT * FROM `qing_search` ORDER BY `id` DESC LIMIT 10 [ RunTime:0.000277s ]
[2024-07-08T18:32:24+08:00][sql] SHOW FULL COLUMNS FROM `qing_cart` [ RunTime:0.000673s ]
[2024-07-08T18:32:24+08:00][sql] SELECT COUNT(*) AS think_count FROM `qing_cart` WHERE  `user_id` IS NULL [ RunTime:0.000303s ]
[2024-07-08T18:32:24+08:00][sql] CONNECT:[ UseTime:0.011357s ] mysql:host=127.0.0.1;port=3306;dbname=code0921;charset=utf8
[2024-07-08T18:32:24+08:00][sql] SHOW FULL COLUMNS FROM `qing_config` [ RunTime:0.000828s ]
[2024-07-08T18:32:24+08:00][sql] SELECT `value` FROM `qing_config` [ RunTime:0.000276s ]
[2024-07-08T18:32:24+08:00][sql] SHOW FULL COLUMNS FROM `qing_search` [ RunTime:0.000822s ]
[2024-07-08T18:32:24+08:00][sql] SELECT * FROM `qing_search` ORDER BY `id` DESC LIMIT 10 [ RunTime:0.000265s ]
[2024-07-08T18:32:24+08:00][sql] SHOW FULL COLUMNS FROM `qing_cart` [ RunTime:0.000706s ]
[2024-07-08T18:32:24+08:00][sql] SELECT COUNT(*) AS think_count FROM `qing_cart` WHERE  `user_id` IS NULL [ RunTime:0.000231s ]
[2024-07-08T18:50:54+08:00][sql] CONNECT:[ UseTime:0.001138s ] mysql:host=127.0.0.1;port=3306;dbname=code0921;charset=utf8
[2024-07-08T18:50:54+08:00][sql] SHOW FULL COLUMNS FROM `qing_config` [ RunTime:0.000900s ]
[2024-07-08T18:50:54+08:00][sql] SELECT `value` FROM `qing_config` [ RunTime:0.000225s ]
[2024-07-08T18:50:54+08:00][sql] SHOW FULL COLUMNS FROM `qing_search` [ RunTime:0.000656s ]
[2024-07-08T18:50:54+08:00][sql] SELECT * FROM `qing_search` ORDER BY `id` DESC LIMIT 10 [ RunTime:0.000224s ]
[2024-07-08T18:50:54+08:00][sql] SHOW FULL COLUMNS FROM `qing_cart` [ RunTime:0.000532s ]
[2024-07-08T18:50:54+08:00][sql] SELECT COUNT(*) AS think_count FROM `qing_cart` WHERE  `user_id` IS NULL [ RunTime:0.000171s ]
[2024-07-08T18:50:54+08:00][sql] SHOW FULL COLUMNS FROM `qing_category` [ RunTime:0.000887s ]
[2024-07-08T18:50:54+08:00][sql] SELECT `id`,`cate_name`,`thumb` FROM `qing_category` WHERE  `parent_id` = 0  AND `status` = 1 [ RunTime:0.000294s ]
[2024-07-08T18:50:54+08:00][sql] SELECT `id`,`cate_name`,`thumb` FROM `qing_category` WHERE  `parent_id` = 1  AND `status` = 1 [ RunTime:0.000242s ]
[2024-07-08T18:50:54+08:00][sql] SELECT `id`,`cate_name`,`thumb` FROM `qing_category` WHERE  `parent_id` = 3  AND `status` = 1 [ RunTime:0.000258s ]
[2024-07-08T18:50:54+08:00][sql] SELECT `id`,`cate_name`,`thumb` FROM `qing_category` WHERE  `parent_id` = 4  AND `status` = 1 [ RunTime:0.000226s ]
[2024-07-08T18:50:54+08:00][sql] SELECT `id`,`cate_name`,`thumb` FROM `qing_category` WHERE  `parent_id` = 10  AND `status` = 1 [ RunTime:0.000218s ]
[2024-07-08T18:50:54+08:00][sql] SELECT `id`,`cate_name`,`thumb` FROM `qing_category` WHERE  `parent_id` = 11  AND `status` = 1 [ RunTime:0.000329s ]
[2024-07-08T18:50:54+08:00][sql] SELECT `id`,`cate_name`,`thumb` FROM `qing_category` WHERE  `parent_id` = 12  AND `status` = 1 [ RunTime:0.000474s ]
[2024-07-08T18:50:54+08:00][sql] SELECT `id`,`cate_name`,`thumb` FROM `qing_category` WHERE  `parent_id` = 13  AND `status` = 1 [ RunTime:0.000404s ]
[2024-07-08T18:50:54+08:00][sql] SELECT `id`,`cate_name`,`thumb` FROM `qing_category` WHERE  `parent_id` = 14  AND `status` = 1 [ RunTime:0.000274s ]
[2024-07-08T18:50:54+08:00][sql] SELECT `id`,`cate_name`,`thumb` FROM `qing_category` WHERE  `parent_id` = 15  AND `status` = 1 [ RunTime:0.000231s ]
[2024-07-08T18:50:57+08:00][sql] CONNECT:[ UseTime:0.000863s ] mysql:host=127.0.0.1;port=3306;dbname=code0921;charset=utf8
[2024-07-08T18:50:57+08:00][sql] SHOW FULL COLUMNS FROM `qing_config` [ RunTime:0.000727s ]
[2024-07-08T18:50:57+08:00][sql] SELECT `value` FROM `qing_config` [ RunTime:0.000207s ]
[2024-07-08T18:50:57+08:00][sql] SHOW FULL COLUMNS FROM `qing_search` [ RunTime:0.000582s ]
[2024-07-08T18:50:57+08:00][sql] SELECT * FROM `qing_search` ORDER BY `id` DESC LIMIT 10 [ RunTime:0.000207s ]
[2024-07-08T18:50:57+08:00][sql] SHOW FULL COLUMNS FROM `qing_cart` [ RunTime:0.000532s ]
[2024-07-08T18:50:57+08:00][sql] SELECT COUNT(*) AS think_count FROM `qing_cart` WHERE  `user_id` IS NULL [ RunTime:0.000161s ]
[2024-07-08T18:50:57+08:00][sql] CONNECT:[ UseTime:0.001076s ] mysql:host=127.0.0.1;port=3306;dbname=code0921;charset=utf8
[2024-07-08T18:50:57+08:00][sql] SHOW FULL COLUMNS FROM `qing_config` [ RunTime:0.000791s ]
[2024-07-08T18:50:57+08:00][sql] SELECT `value` FROM `qing_config` [ RunTime:0.000217s ]
[2024-07-08T18:50:57+08:00][sql] SHOW FULL COLUMNS FROM `qing_search` [ RunTime:0.000627s ]
[2024-07-08T18:50:57+08:00][sql] SELECT * FROM `qing_search` ORDER BY `id` DESC LIMIT 10 [ RunTime:0.000210s ]
[2024-07-08T18:50:57+08:00][sql] SHOW FULL COLUMNS FROM `qing_cart` [ RunTime:0.000537s ]
[2024-07-08T18:50:57+08:00][sql] SELECT COUNT(*) AS think_count FROM `qing_cart` WHERE  `user_id` IS NULL [ RunTime:0.000171s ]
[2024-07-08T18:51:00+08:00][sql] CONNECT:[ UseTime:0.001059s ] mysql:host=127.0.0.1;port=3306;dbname=code0921;charset=utf8
[2024-07-08T18:51:00+08:00][sql] SHOW FULL COLUMNS FROM `qing_config` [ RunTime:0.000724s ]
[2024-07-08T18:51:00+08:00][sql] SELECT `value` FROM `qing_config` [ RunTime:0.000209s ]
[2024-07-08T18:51:00+08:00][sql] SHOW FULL COLUMNS FROM `qing_search` [ RunTime:0.000579s ]
[2024-07-08T18:51:00+08:00][sql] SELECT * FROM `qing_search` ORDER BY `id` DESC LIMIT 10 [ RunTime:0.000208s ]
[2024-07-08T18:51:00+08:00][sql] SHOW FULL COLUMNS FROM `qing_cart` [ RunTime:0.000588s ]
[2024-07-08T18:51:00+08:00][sql] SELECT COUNT(*) AS think_count FROM `qing_cart` WHERE  `user_id` IS NULL [ RunTime:0.000165s ]
[2024-07-08T18:51:00+08:00][sql] CONNECT:[ UseTime:0.000822s ] mysql:host=127.0.0.1;port=3306;dbname=code0921;charset=utf8
[2024-07-08T18:51:00+08:00][sql] SHOW FULL COLUMNS FROM `qing_config` [ RunTime:0.000708s ]
[2024-07-08T18:51:00+08:00][sql] SELECT `value` FROM `qing_config` [ RunTime:0.000205s ]
[2024-07-08T18:51:00+08:00][sql] SHOW FULL COLUMNS FROM `qing_search` [ RunTime:0.000562s ]
[2024-07-08T18:51:00+08:00][sql] SELECT * FROM `qing_search` ORDER BY `id` DESC LIMIT 10 [ RunTime:0.000206s ]
[2024-07-08T18:51:00+08:00][sql] SHOW FULL COLUMNS FROM `qing_cart` [ RunTime:0.000536s ]
[2024-07-08T18:51:00+08:00][sql] SELECT COUNT(*) AS think_count FROM `qing_cart` WHERE  `user_id` IS NULL [ RunTime:0.000157s ]
[2024-07-08T18:51:03+08:00][sql] CONNECT:[ UseTime:0.000834s ] mysql:host=127.0.0.1;port=3306;dbname=code0921;charset=utf8
[2024-07-08T18:51:03+08:00][sql] SHOW FULL COLUMNS FROM `qing_config` [ RunTime:0.000701s ]
[2024-07-08T18:51:03+08:00][sql] SELECT `value` FROM `qing_config` [ RunTime:0.000207s ]
[2024-07-08T18:51:03+08:00][sql] SHOW FULL COLUMNS FROM `qing_search` [ RunTime:0.000730s ]
[2024-07-08T18:51:03+08:00][sql] SELECT * FROM `qing_search` ORDER BY `id` DESC LIMIT 10 [ RunTime:0.000349s ]
[2024-07-08T18:51:03+08:00][sql] SHOW FULL COLUMNS FROM `qing_cart` [ RunTime:0.000759s ]
[2024-07-08T18:51:03+08:00][sql] SELECT COUNT(*) AS think_count FROM `qing_cart` WHERE  `user_id` IS NULL [ RunTime:0.000180s ]
[2024-07-08T18:51:03+08:00][sql] SHOW FULL COLUMNS FROM `qing_ad` [ RunTime:0.000554s ]
[2024-07-08T18:51:03+08:00][sql] SELECT * FROM `qing_ad` WHERE  `type_id` = 1 [ RunTime:0.000254s ]
[2024-07-08T18:51:03+08:00][sql] SHOW FULL COLUMNS FROM `qing_goods` [ RunTime:0.000612s ]
[2024-07-08T18:51:03+08:00][sql] SELECT * FROM `qing_goods` WHERE  `ishot` = 1  AND `goods_status` = 1 ORDER BY `goods_id` DESC,`listorder` ASC LIMIT 8 [ RunTime:0.000361s ]
[2024-07-08T18:51:03+08:00][sql] SHOW FULL COLUMNS FROM `qing_category` [ RunTime:0.000622s ]
[2024-07-08T18:51:03+08:00][sql] SELECT `id`,`parent_id`,`cate_name` FROM `qing_category` ORDER BY `listorder` ASC [ RunTime:0.000319s ]
[2024-07-08T18:51:17+08:00][sql] CONNECT:[ UseTime:0.000846s ] mysql:host=127.0.0.1;port=3306;dbname=code0921;charset=utf8
[2024-07-08T18:51:17+08:00][sql] SHOW FULL COLUMNS FROM `qing_config` [ RunTime:0.000730s ]
[2024-07-08T18:51:17+08:00][sql] SELECT `value` FROM `qing_config` [ RunTime:0.000207s ]
[2024-07-08T18:51:17+08:00][sql] SHOW FULL COLUMNS FROM `qing_search` [ RunTime:0.000591s ]
[2024-07-08T18:51:17+08:00][sql] SELECT * FROM `qing_search` ORDER BY `id` DESC LIMIT 10 [ RunTime:0.000218s ]
[2024-07-08T18:51:17+08:00][sql] SHOW FULL COLUMNS FROM `qing_cart` [ RunTime:0.000541s ]
[2024-07-08T18:51:17+08:00][sql] SELECT COUNT(*) AS think_count FROM `qing_cart` WHERE  `user_id` IS NULL [ RunTime:0.000163s ]
[2024-07-08T18:51:17+08:00][sql] SHOW FULL COLUMNS FROM `qing_category` [ RunTime:0.000850s ]
[2024-07-08T18:51:17+08:00][sql] SELECT `id`,`cate_name`,`thumb` FROM `qing_category` WHERE  `parent_id` = 0  AND `status` = 1 [ RunTime:0.000285s ]
[2024-07-08T18:51:17+08:00][sql] SELECT `id`,`cate_name`,`thumb` FROM `qing_category` WHERE  `parent_id` = 1  AND `status` = 1 [ RunTime:0.000243s ]
[2024-07-08T18:51:17+08:00][sql] SELECT `id`,`cate_name`,`thumb` FROM `qing_category` WHERE  `parent_id` = 3  AND `status` = 1 [ RunTime:0.000230s ]
[2024-07-08T18:51:17+08:00][sql] SELECT `id`,`cate_name`,`thumb` FROM `qing_category` WHERE  `parent_id` = 4  AND `status` = 1 [ RunTime:0.000229s ]
[2024-07-08T18:51:17+08:00][sql] SELECT `id`,`cate_name`,`thumb` FROM `qing_category` WHERE  `parent_id` = 10  AND `status` = 1 [ RunTime:0.000230s ]
[2024-07-08T18:51:17+08:00][sql] SELECT `id`,`cate_name`,`thumb` FROM `qing_category` WHERE  `parent_id` = 11  AND `status` = 1 [ RunTime:0.000259s ]
[2024-07-08T18:51:17+08:00][sql] SELECT `id`,`cate_name`,`thumb` FROM `qing_category` WHERE  `parent_id` = 12  AND `status` = 1 [ RunTime:0.000227s ]
[2024-07-08T18:51:17+08:00][sql] SELECT `id`,`cate_name`,`thumb` FROM `qing_category` WHERE  `parent_id` = 13  AND `status` = 1 [ RunTime:0.000225s ]
[2024-07-08T18:51:17+08:00][sql] SELECT `id`,`cate_name`,`thumb` FROM `qing_category` WHERE  `parent_id` = 14  AND `status` = 1 [ RunTime:0.000264s ]
[2024-07-08T18:51:17+08:00][sql] SELECT `id`,`cate_name`,`thumb` FROM `qing_category` WHERE  `parent_id` = 15  AND `status` = 1 [ RunTime:0.000220s ]
[2024-07-08T18:51:20+08:00][sql] CONNECT:[ UseTime:0.000823s ] mysql:host=127.0.0.1;port=3306;dbname=code0921;charset=utf8
[2024-07-08T18:51:20+08:00][sql] SHOW FULL COLUMNS FROM `qing_config` [ RunTime:0.000711s ]
[2024-07-08T18:51:20+08:00][sql] SELECT `value` FROM `qing_config` [ RunTime:0.000207s ]
[2024-07-08T18:51:20+08:00][sql] SHOW FULL COLUMNS FROM `qing_search` [ RunTime:0.000730s ]
[2024-07-08T18:51:20+08:00][sql] SELECT * FROM `qing_search` ORDER BY `id` DESC LIMIT 10 [ RunTime:0.000220s ]
[2024-07-08T18:51:20+08:00][sql] SHOW FULL COLUMNS FROM `qing_cart` [ RunTime:0.000520s ]
[2024-07-08T18:51:20+08:00][sql] SELECT COUNT(*) AS think_count FROM `qing_cart` WHERE  `user_id` IS NULL [ RunTime:0.000186s ]
[2024-07-08T18:51:21+08:00][sql] CONNECT:[ UseTime:0.001194s ] mysql:host=127.0.0.1;port=3306;dbname=code0921;charset=utf8
[2024-07-08T18:51:21+08:00][sql] SHOW FULL COLUMNS FROM `qing_config` [ RunTime:0.000770s ]
[2024-07-08T18:51:21+08:00][sql] SELECT `value` FROM `qing_config` [ RunTime:0.000209s ]
[2024-07-08T18:51:21+08:00][sql] SHOW FULL COLUMNS FROM `qing_search` [ RunTime:0.000583s ]
[2024-07-08T18:51:21+08:00][sql] SELECT * FROM `qing_search` ORDER BY `id` DESC LIMIT 10 [ RunTime:0.000207s ]
[2024-07-08T18:51:21+08:00][sql] SHOW FULL COLUMNS FROM `qing_cart` [ RunTime:0.000524s ]
[2024-07-08T18:51:21+08:00][sql] SELECT COUNT(*) AS think_count FROM `qing_cart` WHERE  `user_id` IS NULL [ RunTime:0.000158s ]
[2024-07-08T18:51:24+08:00][sql] CONNECT:[ UseTime:0.000842s ] mysql:host=127.0.0.1;port=3306;dbname=code0921;charset=utf8
[2024-07-08T18:51:24+08:00][sql] SHOW FULL COLUMNS FROM `qing_config` [ RunTime:0.000841s ]
[2024-07-08T18:51:24+08:00][sql] SELECT `value` FROM `qing_config` [ RunTime:0.000214s ]
[2024-07-08T18:51:24+08:00][sql] SHOW FULL COLUMNS FROM `qing_search` [ RunTime:0.000578s ]
[2024-07-08T18:51:24+08:00][sql] SELECT * FROM `qing_search` ORDER BY `id` DESC LIMIT 10 [ RunTime:0.000209s ]
[2024-07-08T18:51:24+08:00][sql] SHOW FULL COLUMNS FROM `qing_cart` [ RunTime:0.000548s ]
[2024-07-08T18:51:24+08:00][sql] SELECT COUNT(*) AS think_count FROM `qing_cart` WHERE  `user_id` IS NULL [ RunTime:0.000165s ]
[2024-07-08T18:51:24+08:00][sql] CONNECT:[ UseTime:0.000825s ] mysql:host=127.0.0.1;port=3306;dbname=code0921;charset=utf8
[2024-07-08T18:51:24+08:00][sql] SHOW FULL COLUMNS FROM `qing_config` [ RunTime:0.000730s ]
[2024-07-08T18:51:24+08:00][sql] SELECT `value` FROM `qing_config` [ RunTime:0.000206s ]
[2024-07-08T18:51:24+08:00][sql] SHOW FULL COLUMNS FROM `qing_search` [ RunTime:0.000577s ]
[2024-07-08T18:51:24+08:00][sql] SELECT * FROM `qing_search` ORDER BY `id` DESC LIMIT 10 [ RunTime:0.000206s ]
[2024-07-08T18:51:24+08:00][sql] SHOW FULL COLUMNS FROM `qing_cart` [ RunTime:0.000538s ]
[2024-07-08T18:51:24+08:00][sql] SELECT COUNT(*) AS think_count FROM `qing_cart` WHERE  `user_id` IS NULL [ RunTime:0.000157s ]
