[2024-08-09T13:17:12+08:00][sql] CONNECT:[ UseTime:0.032990s ] mysql:host=127.0.0.1;port=3306;dbname=code0921;charset=utf8
[2024-08-09T13:17:12+08:00][sql] SHOW FULL COLUMNS FROM `qing_config` [ RunTime:0.007596s ]
[2024-08-09T13:17:12+08:00][sql] SELECT `value` FROM `qing_config` [ RunTime:0.000330s ]
[2024-08-09T13:17:12+08:00][sql] SHOW FULL COLUMNS FROM `qing_search` [ RunTime:0.000794s ]
[2024-08-09T13:17:12+08:00][sql] SELECT * FROM `qing_search` ORDER BY `id` DESC LIMIT 10 [ RunTime:0.000348s ]
[2024-08-09T13:17:12+08:00][sql] SHOW FULL COLUMNS FROM `qing_cart` [ RunTime:0.001268s ]
[2024-08-09T13:17:12+08:00][sql] SELECT COUNT(*) AS think_count FROM `qing_cart` WHERE  `user_id` IS NULL [ RunTime:0.000284s ]
[2024-08-09T13:17:12+08:00][sql] SHOW FULL COLUMNS FROM `qing_goods` [ RunTime:0.006065s ]
[2024-08-09T13:17:12+08:00][sql] SELECT * FROM `qing_goods` WHERE  `goods_id` = 3 LIMIT 1 [ RunTime:0.000627s ]
[2024-08-09T13:17:12+08:00][sql] UPDATE `qing_goods`  SET `click` = 50  WHERE  `goods_id` = 3 [ RunTime:0.009369s ]
[2024-08-09T13:17:12+08:00][sql] SHOW FULL COLUMNS FROM `qing_goods_img` [ RunTime:0.002599s ]
[2024-08-09T13:17:12+08:00][sql] SELECT * FROM `qing_goods_img` WHERE  `goods_id` = 3 [ RunTime:0.000776s ]
[2024-08-09T13:17:12+08:00][sql] SELECT `p`.`goods_id`,`p`.`goods_name`,`p`.`goods_price`,`p`.`stock`,`p`.`selnumber`,`p`.`goods_cate_id`,`p`.`goods_thumb`,`pd`.`content` FROM `qing_goods` `p` INNER JOIN `qing_goods_content` `pd` ON `p`.`goods_id`=`pd`.`goods_id` [ RunTime:0.001895s ]
[2024-08-09T13:17:12+08:00][error] [8]未定义变量: user_id
[2024-08-09T13:23:23+08:00][sql] CONNECT:[ UseTime:0.003959s ] mysql:host=127.0.0.1;port=3306;dbname=code0921;charset=utf8
[2024-08-09T13:23:23+08:00][sql] SHOW FULL COLUMNS FROM `qing_config` [ RunTime:0.001140s ]
[2024-08-09T13:23:23+08:00][sql] SELECT `value` FROM `qing_config` [ RunTime:0.000351s ]
[2024-08-09T13:23:23+08:00][sql] SHOW FULL COLUMNS FROM `qing_search` [ RunTime:0.001367s ]
[2024-08-09T13:23:23+08:00][sql] SELECT * FROM `qing_search` ORDER BY `id` DESC LIMIT 10 [ RunTime:0.000432s ]
[2024-08-09T13:23:23+08:00][sql] SHOW FULL COLUMNS FROM `qing_cart` [ RunTime:0.000748s ]
[2024-08-09T13:23:23+08:00][sql] SELECT COUNT(*) AS think_count FROM `qing_cart` WHERE  `user_id` IS NULL [ RunTime:0.000219s ]
[2024-08-09T13:23:23+08:00][sql] SHOW FULL COLUMNS FROM `qing_goods` [ RunTime:0.005406s ]
[2024-08-09T13:23:23+08:00][sql] SELECT * FROM `qing_goods` WHERE  `goods_id` = 5 LIMIT 1 [ RunTime:0.000533s ]
[2024-08-09T13:23:23+08:00][sql] UPDATE `qing_goods`  SET `click` = 51  WHERE  `goods_id` = 5 [ RunTime:0.003233s ]
[2024-08-09T13:23:23+08:00][sql] SHOW FULL COLUMNS FROM `qing_goods_img` [ RunTime:0.001330s ]
[2024-08-09T13:23:23+08:00][sql] SELECT * FROM `qing_goods_img` WHERE  `goods_id` = 5 [ RunTime:0.000744s ]
[2024-08-09T13:23:23+08:00][sql] SELECT `p`.`goods_id`,`p`.`goods_name`,`p`.`goods_price`,`p`.`stock`,`p`.`selnumber`,`p`.`goods_cate_id`,`p`.`goods_thumb`,`pd`.`content` FROM `qing_goods` `p` INNER JOIN `qing_goods_content` `pd` ON `p`.`goods_id`=`pd`.`goods_id` [ RunTime:0.002981s ]
[2024-08-09T13:23:23+08:00][sql] SHOW FULL COLUMNS FROM `qing_collect` [ RunTime:0.000946s ]
[2024-08-09T13:23:23+08:00][error] [10501]SQLSTATE[42S22]: Column not found: 1054 Unknown column '5' in 'group statement'
[2024-08-09T13:23:37+08:00][sql] CONNECT:[ UseTime:0.002587s ] mysql:host=127.0.0.1;port=3306;dbname=code0921;charset=utf8
[2024-08-09T13:23:37+08:00][sql] SHOW FULL COLUMNS FROM `qing_config` [ RunTime:0.004563s ]
[2024-08-09T13:23:37+08:00][sql] SELECT `value` FROM `qing_config` [ RunTime:0.000585s ]
[2024-08-09T13:23:37+08:00][sql] SHOW FULL COLUMNS FROM `qing_search` [ RunTime:0.000862s ]
[2024-08-09T13:23:37+08:00][sql] SELECT * FROM `qing_search` ORDER BY `id` DESC LIMIT 10 [ RunTime:0.000597s ]
[2024-08-09T13:23:37+08:00][sql] SHOW FULL COLUMNS FROM `qing_cart` [ RunTime:0.000937s ]
[2024-08-09T13:23:37+08:00][sql] SELECT COUNT(*) AS think_count FROM `qing_cart` WHERE  `user_id` IS NULL [ RunTime:0.000497s ]
[2024-08-09T13:23:37+08:00][sql] SHOW FULL COLUMNS FROM `qing_goods` [ RunTime:0.004355s ]
[2024-08-09T13:23:37+08:00][sql] SELECT * FROM `qing_goods` WHERE  `goods_id` = 5 LIMIT 1 [ RunTime:0.000810s ]
[2024-08-09T13:23:37+08:00][sql] UPDATE `qing_goods`  SET `click` = 52  WHERE  `goods_id` = 5 [ RunTime:0.002473s ]
[2024-08-09T13:23:37+08:00][sql] SHOW FULL COLUMNS FROM `qing_goods_img` [ RunTime:0.001776s ]
[2024-08-09T13:23:37+08:00][sql] SELECT * FROM `qing_goods_img` WHERE  `goods_id` = 5 [ RunTime:0.000693s ]
[2024-08-09T13:23:37+08:00][sql] SELECT `p`.`goods_id`,`p`.`goods_name`,`p`.`goods_price`,`p`.`stock`,`p`.`selnumber`,`p`.`goods_cate_id`,`p`.`goods_thumb`,`pd`.`content` FROM `qing_goods` `p` INNER JOIN `qing_goods_content` `pd` ON `p`.`goods_id`=`pd`.`goods_id` [ RunTime:0.000984s ]
[2024-08-09T13:23:37+08:00][sql] SHOW FULL COLUMNS FROM `qing_collect` [ RunTime:0.001240s ]
[2024-08-09T13:23:37+08:00][error] [10501]SQLSTATE[42S22]: Column not found: 1054 Unknown column '5' in 'group statement'
[2024-08-09T13:27:40+08:00][sql] CONNECT:[ UseTime:0.010602s ] mysql:host=127.0.0.1;port=3306;dbname=code0921;charset=utf8
[2024-08-09T13:27:40+08:00][sql] SHOW FULL COLUMNS FROM `qing_config` [ RunTime:0.004374s ]
[2024-08-09T13:27:40+08:00][sql] SELECT `value` FROM `qing_config` [ RunTime:0.000564s ]
[2024-08-09T13:27:40+08:00][sql] SHOW FULL COLUMNS FROM `qing_search` [ RunTime:0.001432s ]
[2024-08-09T13:27:40+08:00][sql] SELECT * FROM `qing_search` ORDER BY `id` DESC LIMIT 10 [ RunTime:0.000891s ]
[2024-08-09T13:27:40+08:00][sql] SHOW FULL COLUMNS FROM `qing_cart` [ RunTime:0.001240s ]
[2024-08-09T13:27:40+08:00][sql] SELECT COUNT(*) AS think_count FROM `qing_cart` WHERE  `user_id` IS NULL [ RunTime:0.000586s ]
[2024-08-09T13:27:40+08:00][sql] SHOW FULL COLUMNS FROM `qing_goods` [ RunTime:0.005481s ]
[2024-08-09T13:27:40+08:00][sql] SELECT * FROM `qing_goods` WHERE  `goods_id` = 5 LIMIT 1 [ RunTime:0.000512s ]
[2024-08-09T13:27:40+08:00][sql] UPDATE `qing_goods`  SET `click` = 53  WHERE  `goods_id` = 5 [ RunTime:0.002543s ]
[2024-08-09T13:27:40+08:00][sql] SHOW FULL COLUMNS FROM `qing_goods_img` [ RunTime:0.001545s ]
[2024-08-09T13:27:40+08:00][sql] SELECT * FROM `qing_goods_img` WHERE  `goods_id` = 5 [ RunTime:0.001338s ]
[2024-08-09T13:27:40+08:00][sql] SELECT `p`.`goods_id`,`p`.`goods_name`,`p`.`goods_price`,`p`.`stock`,`p`.`selnumber`,`p`.`goods_cate_id`,`p`.`goods_thumb`,`pd`.`content` FROM `qing_goods` `p` INNER JOIN `qing_goods_content` `pd` ON `p`.`goods_id`=`pd`.`goods_id` [ RunTime:0.001776s ]
[2024-08-09T13:27:40+08:00][sql] SHOW FULL COLUMNS FROM `qing_collect` [ RunTime:0.002495s ]
[2024-08-09T13:27:40+08:00][error] [10501]SQLSTATE[42S22]: Column not found: 1054 Unknown column '5' in 'field list'
[2024-08-09T13:31:10+08:00][sql] CONNECT:[ UseTime:0.003207s ] mysql:host=127.0.0.1;port=3306;dbname=code0921;charset=utf8
[2024-08-09T13:31:10+08:00][sql] SHOW FULL COLUMNS FROM `qing_config` [ RunTime:0.004907s ]
[2024-08-09T13:31:10+08:00][sql] SELECT `value` FROM `qing_config` [ RunTime:0.000668s ]
[2024-08-09T13:31:10+08:00][sql] SHOW FULL COLUMNS FROM `qing_search` [ RunTime:0.001444s ]
[2024-08-09T13:31:10+08:00][sql] SELECT * FROM `qing_search` ORDER BY `id` DESC LIMIT 10 [ RunTime:0.000596s ]
[2024-08-09T13:31:10+08:00][sql] SHOW FULL COLUMNS FROM `qing_cart` [ RunTime:0.000988s ]
[2024-08-09T13:31:10+08:00][sql] SELECT COUNT(*) AS think_count FROM `qing_cart` WHERE  `user_id` IS NULL [ RunTime:0.000513s ]
[2024-08-09T13:31:10+08:00][sql] SHOW FULL COLUMNS FROM `qing_goods` [ RunTime:0.004710s ]
[2024-08-09T13:31:10+08:00][sql] SELECT * FROM `qing_goods` WHERE  `goods_id` = 5 LIMIT 1 [ RunTime:0.001525s ]
[2024-08-09T13:31:10+08:00][sql] UPDATE `qing_goods`  SET `click` = 54  WHERE  `goods_id` = 5 [ RunTime:0.002313s ]
[2024-08-09T13:31:10+08:00][sql] SHOW FULL COLUMNS FROM `qing_goods_img` [ RunTime:0.002212s ]
[2024-08-09T13:31:10+08:00][sql] SELECT * FROM `qing_goods_img` WHERE  `goods_id` = 5 [ RunTime:0.001655s ]
[2024-08-09T13:31:10+08:00][sql] SELECT `p`.`goods_id`,`p`.`goods_name`,`p`.`goods_price`,`p`.`stock`,`p`.`selnumber`,`p`.`goods_cate_id`,`p`.`goods_thumb`,`pd`.`content` FROM `qing_goods` `p` INNER JOIN `qing_goods_content` `pd` ON `p`.`goods_id`=`pd`.`goods_id` [ RunTime:0.001602s ]
[2024-08-09T13:31:10+08:00][error] [10501]SQLSTATE[42S02]: Base table or view not found: 1146 Table 'code0921.qing_collections' doesn't exist
[2024-08-09T13:41:40+08:00][sql] CONNECT:[ UseTime:0.001199s ] mysql:host=127.0.0.1;port=3306;dbname=code0921;charset=utf8
[2024-08-09T13:41:40+08:00][sql] SHOW FULL COLUMNS FROM `qing_config` [ RunTime:0.002107s ]
[2024-08-09T13:41:40+08:00][sql] SELECT `value` FROM `qing_config` [ RunTime:0.000245s ]
[2024-08-09T13:41:40+08:00][sql] SHOW FULL COLUMNS FROM `qing_search` [ RunTime:0.000672s ]
[2024-08-09T13:41:40+08:00][sql] SELECT * FROM `qing_search` ORDER BY `id` DESC LIMIT 10 [ RunTime:0.000240s ]
[2024-08-09T13:41:40+08:00][sql] SHOW FULL COLUMNS FROM `qing_cart` [ RunTime:0.000549s ]
[2024-08-09T13:41:40+08:00][sql] SELECT COUNT(*) AS think_count FROM `qing_cart` WHERE  `user_id` IS NULL [ RunTime:0.000203s ]
[2024-08-09T13:41:40+08:00][sql] SHOW FULL COLUMNS FROM `qing_user` [ RunTime:0.007179s ]
[2024-08-09T13:41:40+08:00][sql] SELECT * FROM `qing_user` WHERE  `username` = 'admin@gmail.com' LIMIT 1 [ RunTime:0.001907s ]
[2024-08-09T13:41:40+08:00][sql] UPDATE `qing_user`  SET `last_login_time` = 1723182100  WHERE  `id` = 39 [ RunTime:0.001426s ]
[2024-08-09T14:10:12+08:00][sql] CONNECT:[ UseTime:0.002229s ] mysql:host=127.0.0.1;port=3306;dbname=code0921;charset=utf8
[2024-08-09T14:10:12+08:00][sql] SHOW FULL COLUMNS FROM `qing_config` [ RunTime:0.001111s ]
[2024-08-09T14:10:12+08:00][sql] SELECT `value` FROM `qing_config` [ RunTime:0.000344s ]
[2024-08-09T14:10:12+08:00][sql] SHOW FULL COLUMNS FROM `qing_search` [ RunTime:0.000863s ]
[2024-08-09T14:10:12+08:00][sql] SELECT * FROM `qing_search` ORDER BY `id` DESC LIMIT 10 [ RunTime:0.000349s ]
[2024-08-09T14:10:12+08:00][sql] SHOW FULL COLUMNS FROM `qing_cart` [ RunTime:0.000810s ]
[2024-08-09T14:10:12+08:00][sql] SELECT COUNT(*) AS think_count FROM `qing_cart` WHERE  `user_id` = 39 [ RunTime:0.000382s ]
[2024-08-09T14:10:12+08:00][sql] SHOW FULL COLUMNS FROM `qing_goods` [ RunTime:0.000858s ]
[2024-08-09T14:10:12+08:00][sql] SELECT * FROM `qing_goods` WHERE  `goods_id` = 9 LIMIT 1 [ RunTime:0.000469s ]
[2024-08-09T14:10:12+08:00][sql] UPDATE `qing_goods`  SET `click` = 58  WHERE  `goods_id` = 9 [ RunTime:0.002044s ]
[2024-08-09T14:10:12+08:00][sql] SHOW FULL COLUMNS FROM `qing_goods_img` [ RunTime:0.000770s ]
[2024-08-09T14:10:12+08:00][sql] SELECT * FROM `qing_goods_img` WHERE  `goods_id` = 9 [ RunTime:0.002014s ]
[2024-08-09T14:10:12+08:00][error] [10501]SQLSTATE[42000]: Syntax error or access violation: 1064 You have an error in your SQL syntax; check the manual that corresponds to your MySQL server version for the right syntax to use near 'COUNT(c.goods_id) as collects_count, p.stock, p.selnumber,p.goods_cate_id, p.goo' at line 1
[2024-08-09T14:14:38+08:00][sql] CONNECT:[ UseTime:0.001201s ] mysql:host=127.0.0.1;port=3306;dbname=code0921;charset=utf8
[2024-08-09T14:14:38+08:00][sql] SHOW FULL COLUMNS FROM `qing_config` [ RunTime:0.002214s ]
[2024-08-09T14:14:38+08:00][sql] SELECT `value` FROM `qing_config` [ RunTime:0.000254s ]
[2024-08-09T14:14:38+08:00][sql] SHOW FULL COLUMNS FROM `qing_search` [ RunTime:0.000752s ]
[2024-08-09T14:14:38+08:00][sql] SELECT * FROM `qing_search` ORDER BY `id` DESC LIMIT 10 [ RunTime:0.000260s ]
[2024-08-09T14:14:38+08:00][sql] SHOW FULL COLUMNS FROM `qing_cart` [ RunTime:0.000688s ]
[2024-08-09T14:14:38+08:00][sql] SELECT COUNT(*) AS think_count FROM `qing_cart` WHERE  `user_id` = 39 [ RunTime:0.000444s ]
[2024-08-09T14:14:38+08:00][sql] SHOW FULL COLUMNS FROM `qing_goods` [ RunTime:0.001234s ]
[2024-08-09T14:14:38+08:00][sql] SELECT * FROM `qing_goods` WHERE  `goods_id` = 9 LIMIT 1 [ RunTime:0.000487s ]
[2024-08-09T14:14:38+08:00][sql] UPDATE `qing_goods`  SET `click` = 59  WHERE  `goods_id` = 9 [ RunTime:0.001912s ]
[2024-08-09T14:14:38+08:00][sql] SHOW FULL COLUMNS FROM `qing_goods_img` [ RunTime:0.000793s ]
[2024-08-09T14:14:38+08:00][sql] SELECT * FROM `qing_goods_img` WHERE  `goods_id` = 9 [ RunTime:0.000746s ]
[2024-08-09T14:14:38+08:00][error] [10501]SQLSTATE[42000]: Syntax error or access violation: 1064 You have an error in your SQL syntax; check the manual that corresponds to your MySQL server version for the right syntax to use near 'COUNT(c.goods_id) as collects_count, p.stock, p.selnumber,p.goods_cate_id, p.goo' at line 1
[2024-08-09T14:16:07+08:00][sql] CONNECT:[ UseTime:0.001261s ] mysql:host=127.0.0.1;port=3306;dbname=code0921;charset=utf8
[2024-08-09T14:16:07+08:00][sql] SHOW FULL COLUMNS FROM `qing_config` [ RunTime:0.002080s ]
[2024-08-09T14:16:07+08:00][sql] SELECT `value` FROM `qing_config` [ RunTime:0.001065s ]
[2024-08-09T14:16:07+08:00][sql] SHOW FULL COLUMNS FROM `qing_search` [ RunTime:0.001410s ]
[2024-08-09T14:16:07+08:00][sql] SELECT * FROM `qing_search` ORDER BY `id` DESC LIMIT 10 [ RunTime:0.000636s ]
[2024-08-09T14:16:07+08:00][sql] SHOW FULL COLUMNS FROM `qing_cart` [ RunTime:0.000771s ]
[2024-08-09T14:16:07+08:00][sql] SELECT COUNT(*) AS think_count FROM `qing_cart` WHERE  `user_id` = 39 [ RunTime:0.000752s ]
[2024-08-09T14:16:07+08:00][sql] SHOW FULL COLUMNS FROM `qing_goods` [ RunTime:0.004189s ]
[2024-08-09T14:16:07+08:00][sql] SELECT * FROM `qing_goods` WHERE  `goods_id` = 9 LIMIT 1 [ RunTime:0.000497s ]
[2024-08-09T14:16:07+08:00][sql] UPDATE `qing_goods`  SET `click` = 60  WHERE  `goods_id` = 9 [ RunTime:0.001576s ]
[2024-08-09T14:16:07+08:00][sql] SHOW FULL COLUMNS FROM `qing_goods_img` [ RunTime:0.001777s ]
[2024-08-09T14:16:07+08:00][sql] SELECT * FROM `qing_goods_img` WHERE  `goods_id` = 9 [ RunTime:0.000701s ]
[2024-08-09T14:16:07+08:00][error] [10501]SQLSTATE[42000]: Syntax error or access violation: 1064 You have an error in your SQL syntax; check the manual that corresponds to your MySQL server version for the right syntax to use near 'COUNT(c.goods_id) as collects_count, p.stock, p.selnumber,p.goods_cate_id, p.goo' at line 1
[2024-08-09T14:21:58+08:00][sql] CONNECT:[ UseTime:0.001251s ] mysql:host=127.0.0.1;port=3306;dbname=code0921;charset=utf8
[2024-08-09T14:21:58+08:00][sql] SHOW FULL COLUMNS FROM `qing_config` [ RunTime:0.001002s ]
[2024-08-09T14:21:58+08:00][sql] SELECT `value` FROM `qing_config` [ RunTime:0.000259s ]
[2024-08-09T14:21:58+08:00][sql] SHOW FULL COLUMNS FROM `qing_search` [ RunTime:0.013612s ]
[2024-08-09T14:21:58+08:00][sql] SELECT * FROM `qing_search` ORDER BY `id` DESC LIMIT 10 [ RunTime:0.000782s ]
[2024-08-09T14:21:58+08:00][sql] SHOW FULL COLUMNS FROM `qing_cart` [ RunTime:0.000597s ]
[2024-08-09T14:21:58+08:00][sql] SELECT COUNT(*) AS think_count FROM `qing_cart` WHERE  `user_id` = 39 [ RunTime:0.000270s ]
[2024-08-09T14:21:58+08:00][sql] SHOW FULL COLUMNS FROM `qing_goods` [ RunTime:0.000702s ]
[2024-08-09T14:21:58+08:00][sql] SELECT * FROM `qing_goods` WHERE  `goods_id` = 9 LIMIT 1 [ RunTime:0.000365s ]
[2024-08-09T14:21:58+08:00][sql] UPDATE `qing_goods`  SET `click` = 61  WHERE  `goods_id` = 9 [ RunTime:0.002050s ]
[2024-08-09T14:21:58+08:00][sql] SHOW FULL COLUMNS FROM `qing_goods_img` [ RunTime:0.001382s ]
[2024-08-09T14:21:58+08:00][sql] SELECT * FROM `qing_goods_img` WHERE  `goods_id` = 9 [ RunTime:0.000361s ]
[2024-08-09T14:21:58+08:00][error] [10501]SQLSTATE[42000]: Syntax error or access violation: 1064 You have an error in your SQL syntax; check the manual that corresponds to your MySQL server version for the right syntax to use near 'COUNT(c.goods_id) as collects_count, p.stock, p.selnumber,p.goods_cate_id, p.goo' at line 1
[2024-08-09T14:23:20+08:00][sql] CONNECT:[ UseTime:0.001114s ] mysql:host=127.0.0.1;port=3306;dbname=code0921;charset=utf8
[2024-08-09T14:23:20+08:00][sql] SHOW FULL COLUMNS FROM `qing_config` [ RunTime:0.000860s ]
[2024-08-09T14:23:20+08:00][sql] SELECT `value` FROM `qing_config` [ RunTime:0.000268s ]
[2024-08-09T14:23:20+08:00][sql] SHOW FULL COLUMNS FROM `qing_search` [ RunTime:0.000642s ]
[2024-08-09T14:23:20+08:00][sql] SELECT * FROM `qing_search` ORDER BY `id` DESC LIMIT 10 [ RunTime:0.000251s ]
[2024-08-09T14:23:20+08:00][sql] SHOW FULL COLUMNS FROM `qing_cart` [ RunTime:0.000585s ]
[2024-08-09T14:23:20+08:00][sql] SELECT COUNT(*) AS think_count FROM `qing_cart` WHERE  `user_id` = 39 [ RunTime:0.000255s ]
[2024-08-09T14:23:20+08:00][sql] SHOW FULL COLUMNS FROM `qing_goods` [ RunTime:0.000679s ]
[2024-08-09T14:23:20+08:00][sql] SELECT * FROM `qing_goods` WHERE  `goods_id` = 9 LIMIT 1 [ RunTime:0.000370s ]
[2024-08-09T14:23:20+08:00][sql] UPDATE `qing_goods`  SET `click` = 62  WHERE  `goods_id` = 9 [ RunTime:0.002425s ]
[2024-08-09T14:23:20+08:00][sql] SHOW FULL COLUMNS FROM `qing_goods_img` [ RunTime:0.001004s ]
[2024-08-09T14:23:20+08:00][sql] SELECT * FROM `qing_goods_img` WHERE  `goods_id` = 9 [ RunTime:0.000516s ]
[2024-08-09T14:23:20+08:00][error] [10501]SQLSTATE[42000]: Syntax error or access violation: 1064 You have an error in your SQL syntax; check the manual that corresponds to your MySQL server version for the right syntax to use near 'COUNT(c.goods_id) as collects_count, p.stock, p.selnumber,p.goods_cate_id, p.goo' at line 1
[2024-08-09T18:19:42+08:00][sql] CONNECT:[ UseTime:0.004453s ] mysql:host=127.0.0.1;port=3306;dbname=code0921;charset=utf8
[2024-08-09T18:19:42+08:00][sql] SHOW FULL COLUMNS FROM `qing_config` [ RunTime:0.003583s ]
[2024-08-09T18:19:42+08:00][sql] SELECT `value` FROM `qing_config` [ RunTime:0.000312s ]
[2024-08-09T18:19:42+08:00][sql] SHOW FULL COLUMNS FROM `qing_search` [ RunTime:0.001339s ]
[2024-08-09T18:19:42+08:00][sql] SELECT * FROM `qing_search` ORDER BY `id` DESC LIMIT 10 [ RunTime:0.000519s ]
[2024-08-09T18:19:42+08:00][sql] SHOW FULL COLUMNS FROM `qing_cart` [ RunTime:0.000902s ]
[2024-08-09T18:19:42+08:00][sql] SELECT COUNT(*) AS think_count FROM `qing_cart` WHERE  `user_id` IS NULL [ RunTime:0.000243s ]
[2024-08-09T18:19:42+08:00][sql] SHOW FULL COLUMNS FROM `qing_goods` [ RunTime:0.001239s ]
[2024-08-09T18:19:42+08:00][sql] SELECT * FROM `qing_goods` WHERE  `goods_id` = 9 LIMIT 1 [ RunTime:0.000800s ]
[2024-08-09T18:19:42+08:00][sql] UPDATE `qing_goods`  SET `click` = 63  WHERE  `goods_id` = 9 [ RunTime:0.002508s ]
[2024-08-09T18:19:42+08:00][sql] SHOW FULL COLUMNS FROM `qing_goods_img` [ RunTime:0.000777s ]
[2024-08-09T18:19:42+08:00][sql] SELECT * FROM `qing_goods_img` WHERE  `goods_id` = 9 [ RunTime:0.000881s ]
[2024-08-09T18:19:42+08:00][error] [10501]SQLSTATE[42000]: Syntax error or access violation: 1064 You have an error in your SQL syntax; check the manual that corresponds to your MySQL server version for the right syntax to use near 'COUNT(c.goods_id) as collects_count, p.stock, p.selnumber,p.goods_cate_id, p.goo' at line 1
[2024-08-09T18:20:25+08:00][sql] CONNECT:[ UseTime:0.002605s ] mysql:host=127.0.0.1;port=3306;dbname=code0921;charset=utf8
[2024-08-09T18:20:25+08:00][sql] SHOW FULL COLUMNS FROM `qing_config` [ RunTime:0.001947s ]
[2024-08-09T18:20:25+08:00][sql] SELECT `value` FROM `qing_config` [ RunTime:0.000353s ]
[2024-08-09T18:20:25+08:00][sql] SHOW FULL COLUMNS FROM `qing_search` [ RunTime:0.000843s ]
[2024-08-09T18:20:25+08:00][sql] SELECT * FROM `qing_search` ORDER BY `id` DESC LIMIT 10 [ RunTime:0.000269s ]
[2024-08-09T18:20:25+08:00][sql] SHOW FULL COLUMNS FROM `qing_cart` [ RunTime:0.000701s ]
[2024-08-09T18:20:25+08:00][sql] SELECT COUNT(*) AS think_count FROM `qing_cart` WHERE  `user_id` IS NULL [ RunTime:0.000206s ]
[2024-08-09T18:20:25+08:00][sql] SHOW FULL COLUMNS FROM `qing_goods` [ RunTime:0.000923s ]
[2024-08-09T18:20:25+08:00][sql] SELECT * FROM `qing_goods` WHERE  `goods_id` = 9 LIMIT 1 [ RunTime:0.000646s ]
[2024-08-09T18:20:25+08:00][sql] UPDATE `qing_goods`  SET `click` = 64  WHERE  `goods_id` = 9 [ RunTime:0.002008s ]
[2024-08-09T18:20:25+08:00][sql] SHOW FULL COLUMNS FROM `qing_goods_img` [ RunTime:0.000759s ]
[2024-08-09T18:20:25+08:00][sql] SELECT * FROM `qing_goods_img` WHERE  `goods_id` = 9 [ RunTime:0.000360s ]
[2024-08-09T18:20:25+08:00][error] [10501]SQLSTATE[42000]: Syntax error or access violation: 1064 You have an error in your SQL syntax; check the manual that corresponds to your MySQL server version for the right syntax to use near 'COUNT(c.goods_id) as collects_count, p.stock, p.selnumber,p.goods_cate_id, p.goo' at line 1
