[2024-08-06T14:40:13+08:00][sql] CONNECT:[ UseTime:0.001401s ] mysql:host=127.0.0.1;port=3306;dbname=code0921;charset=utf8
[2024-08-06T14:40:13+08:00][sql] SHOW FULL COLUMNS FROM `qing_config` [ RunTime:0.003032s ]
[2024-08-06T14:40:13+08:00][sql] SELECT `value` FROM `qing_config` [ RunTime:0.000267s ]
[2024-08-06T14:40:13+08:00][sql] SHOW FULL COLUMNS FROM `qing_search` [ RunTime:0.000850s ]
[2024-08-06T14:40:13+08:00][sql] SELECT * FROM `qing_search` ORDER BY `id` DESC LIMIT 10 [ RunTime:0.000379s ]
[2024-08-06T14:40:13+08:00][sql] SHOW FULL COLUMNS FROM `qing_cart` [ RunTime:0.000632s ]
[2024-08-06T14:40:13+08:00][sql] SELECT COUNT(*) AS think_count FROM `qing_cart` WHERE  `user_id` IS NULL [ RunTime:0.000213s ]
[2024-08-06T14:40:13+08:00][sql] SHOW FULL COLUMNS FROM `qing_ad` [ RunTime:0.000747s ]
[2024-08-06T14:40:13+08:00][sql] SELECT * FROM `qing_ad` WHERE  `type_id` = 1 [ RunTime:0.000316s ]
[2024-08-06T14:40:13+08:00][sql] SHOW FULL COLUMNS FROM `qing_goods` [ RunTime:0.000860s ]
[2024-08-06T14:40:13+08:00][sql] SELECT `goods_id`,`goods_name`,`goods_price`,`stock`,`selnumber`,`goods_thumb`,`description`,`collects_count`,`cover_url` FROM `qing_goods` [ RunTime:0.000381s ]
[2024-08-06T14:40:13+08:00][sql] SELECT `id`,`title`,`url`,`thumb`,`status`,`seq`,`created_at`,`updated_at`,`img_url` FROM `qing_ad` [ RunTime:0.000194s ]
[2024-08-06T15:09:29+08:00][sql] CONNECT:[ UseTime:0.001097s ] mysql:host=127.0.0.1;port=3306;dbname=code0921;charset=utf8
[2024-08-06T15:09:29+08:00][sql] SHOW FULL COLUMNS FROM `qing_config` [ RunTime:0.002564s ]
[2024-08-06T15:09:29+08:00][sql] SELECT `value` FROM `qing_config` [ RunTime:0.000459s ]
[2024-08-06T15:09:29+08:00][sql] SHOW FULL COLUMNS FROM `qing_search` [ RunTime:0.001094s ]
[2024-08-06T15:09:29+08:00][sql] SELECT * FROM `qing_search` ORDER BY `id` DESC LIMIT 10 [ RunTime:0.000287s ]
[2024-08-06T15:09:29+08:00][sql] SHOW FULL COLUMNS FROM `qing_cart` [ RunTime:0.000774s ]
[2024-08-06T15:09:29+08:00][sql] SELECT COUNT(*) AS think_count FROM `qing_cart` WHERE  `user_id` IS NULL [ RunTime:0.000198s ]
[2024-08-06T15:27:38+08:00][sql] CONNECT:[ UseTime:0.001568s ] mysql:host=127.0.0.1;port=3306;dbname=code0921;charset=utf8
[2024-08-06T15:27:38+08:00][sql] SHOW FULL COLUMNS FROM `qing_config` [ RunTime:0.002748s ]
[2024-08-06T15:27:38+08:00][sql] SELECT `value` FROM `qing_config` [ RunTime:0.000279s ]
[2024-08-06T15:27:38+08:00][sql] SHOW FULL COLUMNS FROM `qing_search` [ RunTime:0.000997s ]
[2024-08-06T15:27:38+08:00][sql] SELECT * FROM `qing_search` ORDER BY `id` DESC LIMIT 10 [ RunTime:0.000359s ]
[2024-08-06T15:27:38+08:00][sql] SHOW FULL COLUMNS FROM `qing_cart` [ RunTime:0.000848s ]
[2024-08-06T15:27:38+08:00][sql] SELECT COUNT(*) AS think_count FROM `qing_cart` WHERE  `user_id` IS NULL [ RunTime:0.000223s ]
[2024-08-06T15:27:55+08:00][sql] CONNECT:[ UseTime:0.001234s ] mysql:host=127.0.0.1;port=3306;dbname=code0921;charset=utf8
[2024-08-06T15:27:55+08:00][sql] SHOW FULL COLUMNS FROM `qing_config` [ RunTime:0.003494s ]
[2024-08-06T15:27:55+08:00][sql] SELECT `value` FROM `qing_config` [ RunTime:0.000321s ]
[2024-08-06T15:27:55+08:00][sql] SHOW FULL COLUMNS FROM `qing_search` [ RunTime:0.000907s ]
[2024-08-06T15:27:55+08:00][sql] SELECT * FROM `qing_search` ORDER BY `id` DESC LIMIT 10 [ RunTime:0.000315s ]
[2024-08-06T15:27:55+08:00][sql] SHOW FULL COLUMNS FROM `qing_cart` [ RunTime:0.001219s ]
[2024-08-06T15:27:55+08:00][sql] SELECT COUNT(*) AS think_count FROM `qing_cart` WHERE  `user_id` IS NULL [ RunTime:0.000243s ]
[2024-08-06T15:28:16+08:00][sql] CONNECT:[ UseTime:0.000998s ] mysql:host=127.0.0.1;port=3306;dbname=code0921;charset=utf8
[2024-08-06T15:28:16+08:00][sql] SHOW FULL COLUMNS FROM `qing_config` [ RunTime:0.002438s ]
[2024-08-06T15:28:16+08:00][sql] SELECT `value` FROM `qing_config` [ RunTime:0.000276s ]
[2024-08-06T15:28:16+08:00][sql] SHOW FULL COLUMNS FROM `qing_search` [ RunTime:0.000958s ]
[2024-08-06T15:28:16+08:00][sql] SELECT * FROM `qing_search` ORDER BY `id` DESC LIMIT 10 [ RunTime:0.000336s ]
[2024-08-06T15:28:16+08:00][sql] SHOW FULL COLUMNS FROM `qing_cart` [ RunTime:0.000684s ]
[2024-08-06T15:28:16+08:00][sql] SELECT COUNT(*) AS think_count FROM `qing_cart` WHERE  `user_id` IS NULL [ RunTime:0.000184s ]
[2024-08-06T15:28:16+08:00][sql] SHOW FULL COLUMNS FROM `qing_ad` [ RunTime:0.000760s ]
[2024-08-06T15:28:16+08:00][sql] SELECT * FROM `qing_ad` WHERE  `type_id` = 1 [ RunTime:0.000450s ]
[2024-08-06T15:28:16+08:00][sql] SHOW FULL COLUMNS FROM `qing_goods` [ RunTime:0.001725s ]
[2024-08-06T15:28:16+08:00][sql] SELECT `goods_id`,`goods_name`,`goods_price`,`stock`,`selnumber`,`goods_thumb`,`description`,`collects_count`,`cover_url` FROM `qing_goods` [ RunTime:0.000485s ]
[2024-08-06T15:28:16+08:00][sql] SELECT `id`,`title`,`url`,`thumb`,`status`,`seq`,`created_at`,`updated_at`,`img_url` FROM `qing_ad` [ RunTime:0.000247s ]
[2024-08-06T15:31:51+08:00][sql] CONNECT:[ UseTime:0.010858s ] mysql:host=127.0.0.1;port=3306;dbname=code0921;charset=utf8
[2024-08-06T15:31:51+08:00][sql] SHOW FULL COLUMNS FROM `qing_config` [ RunTime:0.002646s ]
[2024-08-06T15:31:51+08:00][sql] SELECT `value` FROM `qing_config` [ RunTime:0.000253s ]
[2024-08-06T15:31:51+08:00][sql] SHOW FULL COLUMNS FROM `qing_search` [ RunTime:0.000727s ]
[2024-08-06T15:31:51+08:00][sql] SELECT * FROM `qing_search` ORDER BY `id` DESC LIMIT 10 [ RunTime:0.000244s ]
[2024-08-06T15:31:51+08:00][sql] SHOW FULL COLUMNS FROM `qing_cart` [ RunTime:0.000595s ]
[2024-08-06T15:31:51+08:00][sql] SELECT COUNT(*) AS think_count FROM `qing_cart` WHERE  `user_id` IS NULL [ RunTime:0.000185s ]
[2024-08-06T15:32:05+08:00][sql] CONNECT:[ UseTime:0.010566s ] mysql:host=127.0.0.1;port=3306;dbname=code0921;charset=utf8
[2024-08-06T15:32:05+08:00][sql] SHOW FULL COLUMNS FROM `qing_config` [ RunTime:0.002507s ]
[2024-08-06T15:32:05+08:00][sql] SELECT `value` FROM `qing_config` [ RunTime:0.000331s ]
[2024-08-06T15:32:05+08:00][sql] SHOW FULL COLUMNS FROM `qing_search` [ RunTime:0.000845s ]
[2024-08-06T15:32:05+08:00][sql] SELECT * FROM `qing_search` ORDER BY `id` DESC LIMIT 10 [ RunTime:0.000383s ]
[2024-08-06T15:32:05+08:00][sql] SHOW FULL COLUMNS FROM `qing_cart` [ RunTime:0.000850s ]
[2024-08-06T15:32:05+08:00][sql] SELECT COUNT(*) AS think_count FROM `qing_cart` WHERE  `user_id` IS NULL [ RunTime:0.000254s ]
[2024-08-06T15:33:03+08:00][sql] CONNECT:[ UseTime:0.000965s ] mysql:host=127.0.0.1;port=3306;dbname=code0921;charset=utf8
[2024-08-06T15:33:03+08:00][sql] SHOW FULL COLUMNS FROM `qing_config` [ RunTime:0.000978s ]
[2024-08-06T15:33:03+08:00][sql] SELECT `value` FROM `qing_config` [ RunTime:0.000394s ]
[2024-08-06T15:33:03+08:00][sql] SHOW FULL COLUMNS FROM `qing_search` [ RunTime:0.000837s ]
[2024-08-06T15:33:03+08:00][sql] SELECT * FROM `qing_search` ORDER BY `id` DESC LIMIT 10 [ RunTime:0.000303s ]
[2024-08-06T15:33:03+08:00][sql] SHOW FULL COLUMNS FROM `qing_cart` [ RunTime:0.000833s ]
[2024-08-06T15:33:03+08:00][sql] SELECT COUNT(*) AS think_count FROM `qing_cart` WHERE  `user_id` IS NULL [ RunTime:0.000231s ]
[2024-08-06T15:33:03+08:00][sql] SHOW FULL COLUMNS FROM `qing_goods` [ RunTime:0.000848s ]
[2024-08-06T15:33:03+08:00][sql] SELECT * FROM `qing_goods` WHERE  `goods_id` = 8 LIMIT 1 [ RunTime:0.000426s ]
[2024-08-06T15:33:03+08:00][sql] UPDATE `qing_goods`  SET `click` = 13  WHERE  `goods_id` = 8 [ RunTime:0.002180s ]
[2024-08-06T15:33:03+08:00][sql] SHOW FULL COLUMNS FROM `qing_goods_img` [ RunTime:0.000763s ]
[2024-08-06T15:33:03+08:00][sql] SELECT * FROM `qing_goods_img` WHERE  `goods_id` = 8 [ RunTime:0.000343s ]
[2024-08-06T15:33:03+08:00][sql] SELECT `p`.`goods_id`,`p`.`goods_name`,`p`.`goods_price`,`p`.`stock`,`p`.`selnumber`,`p`.`goods_thumb`,`pd`.`content` FROM `qing_goods` `p` INNER JOIN `qing_goods_content` `pd` ON `p`.`goods_id`=`pd`.`goods_id` [ RunTime:0.000372s ]
[2024-08-06T15:33:03+08:00][error] [8]未定义变量: user_id
[2024-08-06T15:39:59+08:00][sql] CONNECT:[ UseTime:0.001156s ] mysql:host=127.0.0.1;port=3306;dbname=code0921;charset=utf8
[2024-08-06T15:39:59+08:00][sql] SHOW FULL COLUMNS FROM `qing_config` [ RunTime:0.001048s ]
[2024-08-06T15:39:59+08:00][sql] SELECT `value` FROM `qing_config` [ RunTime:0.000256s ]
[2024-08-06T15:39:59+08:00][sql] SHOW FULL COLUMNS FROM `qing_search` [ RunTime:0.000684s ]
[2024-08-06T15:39:59+08:00][sql] SELECT * FROM `qing_search` ORDER BY `id` DESC LIMIT 10 [ RunTime:0.000299s ]
[2024-08-06T15:39:59+08:00][sql] SHOW FULL COLUMNS FROM `qing_cart` [ RunTime:0.001363s ]
[2024-08-06T15:39:59+08:00][sql] SELECT COUNT(*) AS think_count FROM `qing_cart` WHERE  `user_id` IS NULL [ RunTime:0.000283s ]
[2024-08-06T15:40:23+08:00][sql] CONNECT:[ UseTime:0.000975s ] mysql:host=127.0.0.1;port=3306;dbname=code0921;charset=utf8
[2024-08-06T15:40:23+08:00][sql] SHOW FULL COLUMNS FROM `qing_config` [ RunTime:0.000833s ]
[2024-08-06T15:40:23+08:00][sql] SELECT `value` FROM `qing_config` [ RunTime:0.000251s ]
[2024-08-06T15:40:23+08:00][sql] SHOW FULL COLUMNS FROM `qing_search` [ RunTime:0.001248s ]
[2024-08-06T15:40:23+08:00][sql] SELECT * FROM `qing_search` ORDER BY `id` DESC LIMIT 10 [ RunTime:0.000466s ]
[2024-08-06T15:40:23+08:00][sql] SHOW FULL COLUMNS FROM `qing_cart` [ RunTime:0.001017s ]
[2024-08-06T15:40:23+08:00][sql] SELECT COUNT(*) AS think_count FROM `qing_cart` WHERE  `user_id` IS NULL [ RunTime:0.000240s ]
[2024-08-06T15:40:23+08:00][sql] CONNECT:[ UseTime:0.001847s ] mysql:host=127.0.0.1;port=3306;dbname=code0921;charset=utf8
[2024-08-06T15:40:23+08:00][sql] SHOW FULL COLUMNS FROM `qing_config` [ RunTime:0.000864s ]
[2024-08-06T15:40:23+08:00][sql] SELECT `value` FROM `qing_config` [ RunTime:0.000227s ]
[2024-08-06T15:40:23+08:00][sql] SHOW FULL COLUMNS FROM `qing_search` [ RunTime:0.000687s ]
[2024-08-06T15:40:23+08:00][sql] SELECT * FROM `qing_search` ORDER BY `id` DESC LIMIT 10 [ RunTime:0.000273s ]
[2024-08-06T15:40:23+08:00][sql] SHOW FULL COLUMNS FROM `qing_cart` [ RunTime:0.000586s ]
[2024-08-06T15:40:23+08:00][sql] SELECT COUNT(*) AS think_count FROM `qing_cart` WHERE  `user_id` IS NULL [ RunTime:0.000191s ]
[2024-08-06T15:40:23+08:00][sql] SHOW FULL COLUMNS FROM `qing_user` [ RunTime:0.005450s ]
[2024-08-06T15:40:23+08:00][sql] SELECT * FROM `qing_user` WHERE  `username` = 'admin111' LIMIT 1 [ RunTime:0.000368s ]
[2024-08-06T15:43:13+08:00][sql] CONNECT:[ UseTime:0.001118s ] mysql:host=127.0.0.1;port=3306;dbname=code0921;charset=utf8
[2024-08-06T15:43:13+08:00][sql] SHOW FULL COLUMNS FROM `qing_config` [ RunTime:0.001009s ]
[2024-08-06T15:43:13+08:00][sql] SELECT `value` FROM `qing_config` [ RunTime:0.000234s ]
[2024-08-06T15:43:13+08:00][sql] SHOW FULL COLUMNS FROM `qing_search` [ RunTime:0.000700s ]
[2024-08-06T15:43:13+08:00][sql] SELECT * FROM `qing_search` ORDER BY `id` DESC LIMIT 10 [ RunTime:0.000756s ]
[2024-08-06T15:43:13+08:00][sql] SHOW FULL COLUMNS FROM `qing_cart` [ RunTime:0.001147s ]
[2024-08-06T15:43:13+08:00][sql] SELECT COUNT(*) AS think_count FROM `qing_cart` WHERE  `user_id` IS NULL [ RunTime:0.000280s ]
[2024-08-06T15:43:14+08:00][sql] CONNECT:[ UseTime:0.000990s ] mysql:host=127.0.0.1;port=3306;dbname=code0921;charset=utf8
[2024-08-06T15:43:14+08:00][sql] SHOW FULL COLUMNS FROM `qing_config` [ RunTime:0.000820s ]
[2024-08-06T15:43:14+08:00][sql] SELECT `value` FROM `qing_config` [ RunTime:0.000211s ]
[2024-08-06T15:43:14+08:00][sql] SHOW FULL COLUMNS FROM `qing_search` [ RunTime:0.000895s ]
[2024-08-06T15:43:14+08:00][sql] SELECT * FROM `qing_search` ORDER BY `id` DESC LIMIT 10 [ RunTime:0.000291s ]
[2024-08-06T15:43:14+08:00][sql] SHOW FULL COLUMNS FROM `qing_cart` [ RunTime:0.000633s ]
[2024-08-06T15:43:14+08:00][sql] SELECT COUNT(*) AS think_count FROM `qing_cart` WHERE  `user_id` IS NULL [ RunTime:0.000178s ]
[2024-08-06T15:43:45+08:00][sql] CONNECT:[ UseTime:0.001927s ] mysql:host=127.0.0.1;port=3306;dbname=code0921;charset=utf8
[2024-08-06T15:43:45+08:00][sql] SHOW FULL COLUMNS FROM `qing_config` [ RunTime:0.000883s ]
[2024-08-06T15:43:45+08:00][sql] SELECT `value` FROM `qing_config` [ RunTime:0.000295s ]
[2024-08-06T15:43:45+08:00][sql] SHOW FULL COLUMNS FROM `qing_search` [ RunTime:0.000808s ]
[2024-08-06T15:43:45+08:00][sql] SELECT * FROM `qing_search` ORDER BY `id` DESC LIMIT 10 [ RunTime:0.000271s ]
[2024-08-06T15:43:45+08:00][sql] SHOW FULL COLUMNS FROM `qing_cart` [ RunTime:0.000685s ]
[2024-08-06T15:43:45+08:00][sql] SELECT COUNT(*) AS think_count FROM `qing_cart` WHERE  `user_id` IS NULL [ RunTime:0.000375s ]
[2024-08-06T15:43:45+08:00][sql] CONNECT:[ UseTime:0.001458s ] mysql:host=127.0.0.1;port=3306;dbname=code0921;charset=utf8
[2024-08-06T15:43:45+08:00][sql] SHOW FULL COLUMNS FROM `qing_config` [ RunTime:0.000963s ]
[2024-08-06T15:43:45+08:00][sql] SELECT `value` FROM `qing_config` [ RunTime:0.000222s ]
[2024-08-06T15:43:45+08:00][sql] SHOW FULL COLUMNS FROM `qing_search` [ RunTime:0.000724s ]
[2024-08-06T15:43:45+08:00][sql] SELECT * FROM `qing_search` ORDER BY `id` DESC LIMIT 10 [ RunTime:0.001011s ]
[2024-08-06T15:43:45+08:00][sql] SHOW FULL COLUMNS FROM `qing_cart` [ RunTime:0.000857s ]
[2024-08-06T15:43:45+08:00][sql] SELECT COUNT(*) AS think_count FROM `qing_cart` WHERE  `user_id` IS NULL [ RunTime:0.000192s ]
[2024-08-06T15:43:45+08:00][sql] SHOW FULL COLUMNS FROM `qing_user` [ RunTime:0.003704s ]
[2024-08-06T15:43:45+08:00][sql] SELECT * FROM `qing_user` WHERE  `username` = 'admin@gmail.com' LIMIT 1 [ RunTime:0.000418s ]
[2024-08-06T15:46:50+08:00][sql] CONNECT:[ UseTime:0.001296s ] mysql:host=127.0.0.1;port=3306;dbname=code0921;charset=utf8
[2024-08-06T15:46:50+08:00][sql] SHOW FULL COLUMNS FROM `qing_config` [ RunTime:0.002277s ]
[2024-08-06T15:46:50+08:00][sql] SELECT `value` FROM `qing_config` [ RunTime:0.000243s ]
[2024-08-06T15:46:50+08:00][sql] SHOW FULL COLUMNS FROM `qing_search` [ RunTime:0.000712s ]
[2024-08-06T15:46:50+08:00][sql] SELECT * FROM `qing_search` ORDER BY `id` DESC LIMIT 10 [ RunTime:0.000855s ]
[2024-08-06T15:46:50+08:00][sql] SHOW FULL COLUMNS FROM `qing_cart` [ RunTime:0.000646s ]
[2024-08-06T15:46:50+08:00][sql] SELECT COUNT(*) AS think_count FROM `qing_cart` WHERE  `user_id` IS NULL [ RunTime:0.000205s ]
[2024-08-06T15:47:20+08:00][sql] CONNECT:[ UseTime:0.001067s ] mysql:host=127.0.0.1;port=3306;dbname=code0921;charset=utf8
[2024-08-06T15:47:20+08:00][sql] SHOW FULL COLUMNS FROM `qing_config` [ RunTime:0.001840s ]
[2024-08-06T15:47:20+08:00][sql] SELECT `value` FROM `qing_config` [ RunTime:0.000262s ]
[2024-08-06T15:47:20+08:00][sql] SHOW FULL COLUMNS FROM `qing_search` [ RunTime:0.000837s ]
[2024-08-06T15:47:20+08:00][sql] SELECT * FROM `qing_search` ORDER BY `id` DESC LIMIT 10 [ RunTime:0.000808s ]
[2024-08-06T15:47:20+08:00][sql] SHOW FULL COLUMNS FROM `qing_cart` [ RunTime:0.000651s ]
[2024-08-06T15:47:20+08:00][sql] SELECT COUNT(*) AS think_count FROM `qing_cart` WHERE  `user_id` IS NULL [ RunTime:0.000174s ]
[2024-08-06T15:48:07+08:00][error] [0]语法错误: unexpected ';', expecting ',' or ')'
[2024-08-06T15:48:30+08:00][sql] CONNECT:[ UseTime:0.000964s ] mysql:host=127.0.0.1;port=3306;dbname=code0921;charset=utf8
[2024-08-06T15:48:30+08:00][sql] SHOW FULL COLUMNS FROM `qing_config` [ RunTime:0.001842s ]
[2024-08-06T15:48:30+08:00][sql] SELECT `value` FROM `qing_config` [ RunTime:0.000250s ]
[2024-08-06T15:48:30+08:00][sql] SHOW FULL COLUMNS FROM `qing_search` [ RunTime:0.000771s ]
[2024-08-06T15:48:30+08:00][sql] SELECT * FROM `qing_search` ORDER BY `id` DESC LIMIT 10 [ RunTime:0.000289s ]
[2024-08-06T15:48:30+08:00][sql] SHOW FULL COLUMNS FROM `qing_cart` [ RunTime:0.000662s ]
[2024-08-06T15:48:30+08:00][sql] SELECT COUNT(*) AS think_count FROM `qing_cart` WHERE  `user_id` IS NULL [ RunTime:0.000227s ]
[2024-08-06T15:49:21+08:00][sql] CONNECT:[ UseTime:0.000934s ] mysql:host=127.0.0.1;port=3306;dbname=code0921;charset=utf8
[2024-08-06T15:49:21+08:00][sql] SHOW FULL COLUMNS FROM `qing_config` [ RunTime:0.001118s ]
[2024-08-06T15:49:21+08:00][sql] SELECT `value` FROM `qing_config` [ RunTime:0.000307s ]
[2024-08-06T15:49:21+08:00][sql] SHOW FULL COLUMNS FROM `qing_search` [ RunTime:0.000728s ]
[2024-08-06T15:49:21+08:00][sql] SELECT * FROM `qing_search` ORDER BY `id` DESC LIMIT 10 [ RunTime:0.000278s ]
[2024-08-06T15:49:21+08:00][sql] SHOW FULL COLUMNS FROM `qing_cart` [ RunTime:0.000628s ]
[2024-08-06T15:49:21+08:00][sql] SELECT COUNT(*) AS think_count FROM `qing_cart` WHERE  `user_id` IS NULL [ RunTime:0.000193s ]
[2024-08-06T15:49:21+08:00][sql] CONNECT:[ UseTime:0.000987s ] mysql:host=127.0.0.1;port=3306;dbname=code0921;charset=utf8
[2024-08-06T15:49:21+08:00][sql] SHOW FULL COLUMNS FROM `qing_config` [ RunTime:0.003081s ]
[2024-08-06T15:49:21+08:00][sql] SELECT `value` FROM `qing_config` [ RunTime:0.000387s ]
[2024-08-06T15:49:21+08:00][sql] SHOW FULL COLUMNS FROM `qing_search` [ RunTime:0.000882s ]
[2024-08-06T15:49:21+08:00][sql] SELECT * FROM `qing_search` ORDER BY `id` DESC LIMIT 10 [ RunTime:0.000257s ]
[2024-08-06T15:49:21+08:00][sql] SHOW FULL COLUMNS FROM `qing_cart` [ RunTime:0.000704s ]
[2024-08-06T15:49:21+08:00][sql] SELECT COUNT(*) AS think_count FROM `qing_cart` WHERE  `user_id` IS NULL [ RunTime:0.000189s ]
[2024-08-06T15:49:21+08:00][sql] SHOW FULL COLUMNS FROM `qing_user` [ RunTime:0.003340s ]
[2024-08-06T15:49:21+08:00][sql] SELECT * FROM `qing_user` WHERE  `username` = 'admin@gmail.com' LIMIT 1 [ RunTime:0.000435s ]
[2024-08-06T15:49:21+08:00][sql] UPDATE `qing_user`  SET `last_login_time` = 1722930561  WHERE  `id` = 39 [ RunTime:0.001363s ]
[2024-08-06T15:52:31+08:00][sql] CONNECT:[ UseTime:0.010517s ] mysql:host=127.0.0.1;port=3306;dbname=code0921;charset=utf8
[2024-08-06T15:52:31+08:00][sql] SHOW FULL COLUMNS FROM `qing_config` [ RunTime:0.001913s ]
[2024-08-06T15:52:31+08:00][sql] SELECT `value` FROM `qing_config` [ RunTime:0.000238s ]
[2024-08-06T15:52:31+08:00][sql] SHOW FULL COLUMNS FROM `qing_search` [ RunTime:0.000935s ]
[2024-08-06T15:52:31+08:00][sql] SELECT * FROM `qing_search` ORDER BY `id` DESC LIMIT 10 [ RunTime:0.000430s ]
[2024-08-06T15:52:31+08:00][sql] SHOW FULL COLUMNS FROM `qing_cart` [ RunTime:0.000880s ]
[2024-08-06T15:52:31+08:00][sql] SELECT COUNT(*) AS think_count FROM `qing_cart` WHERE  `user_id` = 39 [ RunTime:0.000383s ]
[2024-08-06T15:52:31+08:00][sql] SHOW FULL COLUMNS FROM `qing_merchant` [ RunTime:0.001330s ]
[2024-08-06T15:52:31+08:00][sql] SELECT COUNT(*) AS think_count FROM `qing_merchant` `a` WHERE  `a`.`store_name` LIKE '%%'  AND `user_id` = 39 [ RunTime:0.000313s ]
[2024-08-06T15:52:31+08:00][sql] SELECT * FROM `qing_merchant` `a` WHERE  `a`.`store_name` LIKE '%%'  AND `user_id` = 39 ORDER BY `add_time` DESC LIMIT 0,10 [ RunTime:0.000288s ]
[2024-08-06T15:53:06+08:00][sql] CONNECT:[ UseTime:0.011515s ] mysql:host=127.0.0.1;port=3306;dbname=code0921;charset=utf8
[2024-08-06T15:53:06+08:00][sql] SHOW FULL COLUMNS FROM `qing_config` [ RunTime:0.001209s ]
[2024-08-06T15:53:06+08:00][sql] SELECT `value` FROM `qing_config` [ RunTime:0.000272s ]
[2024-08-06T15:53:06+08:00][sql] SHOW FULL COLUMNS FROM `qing_search` [ RunTime:0.000873s ]
[2024-08-06T15:53:06+08:00][sql] SELECT * FROM `qing_search` ORDER BY `id` DESC LIMIT 10 [ RunTime:0.000260s ]
[2024-08-06T15:53:06+08:00][sql] SHOW FULL COLUMNS FROM `qing_cart` [ RunTime:0.000793s ]
[2024-08-06T15:53:06+08:00][sql] SELECT COUNT(*) AS think_count FROM `qing_cart` WHERE  `user_id` = 39 [ RunTime:0.000280s ]
[2024-08-06T15:53:53+08:00][sql] CONNECT:[ UseTime:0.000924s ] mysql:host=127.0.0.1;port=3306;dbname=code0921;charset=utf8
[2024-08-06T15:53:53+08:00][sql] SHOW FULL COLUMNS FROM `qing_config` [ RunTime:0.001185s ]
[2024-08-06T15:53:53+08:00][sql] SELECT `value` FROM `qing_config` [ RunTime:0.000277s ]
[2024-08-06T15:53:53+08:00][sql] SHOW FULL COLUMNS FROM `qing_search` [ RunTime:0.000750s ]
[2024-08-06T15:53:53+08:00][sql] SELECT * FROM `qing_search` ORDER BY `id` DESC LIMIT 10 [ RunTime:0.000231s ]
[2024-08-06T15:53:53+08:00][sql] SHOW FULL COLUMNS FROM `qing_cart` [ RunTime:0.000588s ]
[2024-08-06T15:53:53+08:00][sql] SELECT COUNT(*) AS think_count FROM `qing_cart` WHERE  `user_id` = 39 [ RunTime:0.000221s ]
[2024-08-06T15:56:35+08:00][sql] CONNECT:[ UseTime:0.010627s ] mysql:host=127.0.0.1;port=3306;dbname=code0921;charset=utf8
[2024-08-06T15:56:35+08:00][sql] SHOW FULL COLUMNS FROM `qing_config` [ RunTime:0.001467s ]
[2024-08-06T15:56:35+08:00][sql] SELECT `value` FROM `qing_config` [ RunTime:0.000292s ]
[2024-08-06T15:56:35+08:00][sql] SHOW FULL COLUMNS FROM `qing_search` [ RunTime:0.000788s ]
[2024-08-06T15:56:35+08:00][sql] SELECT * FROM `qing_search` ORDER BY `id` DESC LIMIT 10 [ RunTime:0.000271s ]
[2024-08-06T15:56:35+08:00][sql] SHOW FULL COLUMNS FROM `qing_cart` [ RunTime:0.000633s ]
[2024-08-06T15:56:35+08:00][sql] SELECT COUNT(*) AS think_count FROM `qing_cart` WHERE  `user_id` = 39 [ RunTime:0.000328s ]
[2024-08-06T15:56:49+08:00][sql] CONNECT:[ UseTime:0.011367s ] mysql:host=127.0.0.1;port=3306;dbname=code0921;charset=utf8
[2024-08-06T15:56:49+08:00][sql] SHOW FULL COLUMNS FROM `qing_config` [ RunTime:0.000885s ]
[2024-08-06T15:56:49+08:00][sql] SELECT `value` FROM `qing_config` [ RunTime:0.000215s ]
[2024-08-06T15:56:49+08:00][sql] SHOW FULL COLUMNS FROM `qing_search` [ RunTime:0.001197s ]
[2024-08-06T15:56:49+08:00][sql] SELECT * FROM `qing_search` ORDER BY `id` DESC LIMIT 10 [ RunTime:0.000344s ]
[2024-08-06T15:56:49+08:00][sql] SHOW FULL COLUMNS FROM `qing_cart` [ RunTime:0.000788s ]
[2024-08-06T15:56:49+08:00][sql] SELECT COUNT(*) AS think_count FROM `qing_cart` WHERE  `user_id` IS NULL [ RunTime:0.000219s ]
[2024-08-06T15:56:49+08:00][error] [8]未定义数组索引: username
[2024-08-06T15:56:58+08:00][sql] CONNECT:[ UseTime:0.000920s ] mysql:host=127.0.0.1;port=3306;dbname=code0921;charset=utf8
[2024-08-06T15:56:58+08:00][sql] SHOW FULL COLUMNS FROM `qing_config` [ RunTime:0.000869s ]
[2024-08-06T15:56:58+08:00][sql] SELECT `value` FROM `qing_config` [ RunTime:0.000294s ]
[2024-08-06T15:56:58+08:00][sql] SHOW FULL COLUMNS FROM `qing_search` [ RunTime:0.000772s ]
[2024-08-06T15:56:58+08:00][sql] SELECT * FROM `qing_search` ORDER BY `id` DESC LIMIT 10 [ RunTime:0.000273s ]
[2024-08-06T15:56:58+08:00][sql] SHOW FULL COLUMNS FROM `qing_cart` [ RunTime:0.000745s ]
[2024-08-06T15:56:58+08:00][sql] SELECT COUNT(*) AS think_count FROM `qing_cart` WHERE  `user_id` IS NULL [ RunTime:0.000184s ]
[2024-08-06T15:56:58+08:00][error] [8]未定义数组索引: username
[2024-08-06T15:59:38+08:00][sql] CONNECT:[ UseTime:0.001061s ] mysql:host=127.0.0.1;port=3306;dbname=code0921;charset=utf8
[2024-08-06T15:59:38+08:00][sql] SHOW FULL COLUMNS FROM `qing_config` [ RunTime:0.000889s ]
[2024-08-06T15:59:38+08:00][sql] SELECT `value` FROM `qing_config` [ RunTime:0.000233s ]
[2024-08-06T15:59:38+08:00][sql] SHOW FULL COLUMNS FROM `qing_search` [ RunTime:0.000670s ]
[2024-08-06T15:59:38+08:00][sql] SELECT * FROM `qing_search` ORDER BY `id` DESC LIMIT 10 [ RunTime:0.000227s ]
[2024-08-06T15:59:38+08:00][sql] SHOW FULL COLUMNS FROM `qing_cart` [ RunTime:0.000605s ]
[2024-08-06T15:59:38+08:00][sql] SELECT COUNT(*) AS think_count FROM `qing_cart` WHERE  `user_id` IS NULL [ RunTime:0.000230s ]
[2024-08-06T16:00:07+08:00][sql] CONNECT:[ UseTime:0.001026s ] mysql:host=127.0.0.1;port=3306;dbname=code0921;charset=utf8
[2024-08-06T16:00:07+08:00][sql] SHOW FULL COLUMNS FROM `qing_config` [ RunTime:0.000948s ]
[2024-08-06T16:00:07+08:00][sql] SELECT `value` FROM `qing_config` [ RunTime:0.000247s ]
[2024-08-06T16:00:07+08:00][sql] SHOW FULL COLUMNS FROM `qing_search` [ RunTime:0.000823s ]
[2024-08-06T16:00:07+08:00][sql] SELECT * FROM `qing_search` ORDER BY `id` DESC LIMIT 10 [ RunTime:0.000341s ]
[2024-08-06T16:00:07+08:00][sql] SHOW FULL COLUMNS FROM `qing_cart` [ RunTime:0.000678s ]
[2024-08-06T16:00:07+08:00][sql] SELECT COUNT(*) AS think_count FROM `qing_cart` WHERE  `user_id` IS NULL [ RunTime:0.000199s ]
[2024-08-06T16:00:07+08:00][sql] SHOW FULL COLUMNS FROM `qing_user` [ RunTime:0.000722s ]
[2024-08-06T16:00:07+08:00][sql] SELECT * FROM `qing_user` WHERE  `username` = 'admin' LIMIT 1 [ RunTime:0.000337s ]
[2024-08-06T16:00:32+08:00][sql] CONNECT:[ UseTime:0.000983s ] mysql:host=127.0.0.1;port=3306;dbname=code0921;charset=utf8
[2024-08-06T16:00:32+08:00][sql] SHOW FULL COLUMNS FROM `qing_config` [ RunTime:0.001196s ]
[2024-08-06T16:00:32+08:00][sql] SELECT `value` FROM `qing_config` [ RunTime:0.000271s ]
[2024-08-06T16:00:32+08:00][sql] SHOW FULL COLUMNS FROM `qing_search` [ RunTime:0.000785s ]
[2024-08-06T16:00:32+08:00][sql] SELECT * FROM `qing_search` ORDER BY `id` DESC LIMIT 10 [ RunTime:0.000235s ]
[2024-08-06T16:00:32+08:00][sql] SHOW FULL COLUMNS FROM `qing_cart` [ RunTime:0.000626s ]
[2024-08-06T16:00:32+08:00][sql] SELECT COUNT(*) AS think_count FROM `qing_cart` WHERE  `user_id` IS NULL [ RunTime:0.000181s ]
[2024-08-06T16:00:32+08:00][sql] SHOW FULL COLUMNS FROM `qing_user` [ RunTime:0.000806s ]
[2024-08-06T16:00:32+08:00][sql] SELECT * FROM `qing_user` WHERE  `username` = 'admin@gmail.com' LIMIT 1 [ RunTime:0.000426s ]
[2024-08-06T16:00:39+08:00][sql] CONNECT:[ UseTime:0.001323s ] mysql:host=127.0.0.1;port=3306;dbname=code0921;charset=utf8
[2024-08-06T16:00:39+08:00][sql] SHOW FULL COLUMNS FROM `qing_config` [ RunTime:0.000916s ]
[2024-08-06T16:00:39+08:00][sql] SELECT `value` FROM `qing_config` [ RunTime:0.000220s ]
[2024-08-06T16:00:39+08:00][sql] SHOW FULL COLUMNS FROM `qing_search` [ RunTime:0.000637s ]
[2024-08-06T16:00:39+08:00][sql] SELECT * FROM `qing_search` ORDER BY `id` DESC LIMIT 10 [ RunTime:0.000220s ]
[2024-08-06T16:00:39+08:00][sql] SHOW FULL COLUMNS FROM `qing_cart` [ RunTime:0.000583s ]
[2024-08-06T16:00:39+08:00][sql] SELECT COUNT(*) AS think_count FROM `qing_cart` WHERE  `user_id` IS NULL [ RunTime:0.000167s ]
[2024-08-06T16:00:39+08:00][sql] SHOW FULL COLUMNS FROM `qing_user` [ RunTime:0.003390s ]
[2024-08-06T16:00:39+08:00][sql] SELECT * FROM `qing_user` WHERE  `username` = 'admin@gmail.com' LIMIT 1 [ RunTime:0.000365s ]
[2024-08-06T16:00:39+08:00][sql] UPDATE `qing_user`  SET `last_login_time` = 1722931239  WHERE  `id` = 39 [ RunTime:0.011498s ]
[2024-08-06T16:06:38+08:00][sql] CONNECT:[ UseTime:0.001175s ] mysql:host=127.0.0.1;port=3306;dbname=code0921;charset=utf8
[2024-08-06T16:06:38+08:00][sql] SHOW FULL COLUMNS FROM `qing_config` [ RunTime:0.001296s ]
[2024-08-06T16:06:38+08:00][sql] SELECT `value` FROM `qing_config` [ RunTime:0.000261s ]
[2024-08-06T16:06:38+08:00][sql] SHOW FULL COLUMNS FROM `qing_search` [ RunTime:0.000809s ]
[2024-08-06T16:06:38+08:00][sql] SELECT * FROM `qing_search` ORDER BY `id` DESC LIMIT 10 [ RunTime:0.000255s ]
[2024-08-06T16:06:38+08:00][sql] SHOW FULL COLUMNS FROM `qing_cart` [ RunTime:0.000739s ]
[2024-08-06T16:06:38+08:00][sql] SELECT COUNT(*) AS think_count FROM `qing_cart` WHERE  `user_id` = 39 [ RunTime:0.000482s ]
[2024-08-06T16:27:21+08:00][sql] CONNECT:[ UseTime:0.001027s ] mysql:host=127.0.0.1;port=3306;dbname=code0921;charset=utf8
[2024-08-06T16:27:21+08:00][sql] SHOW FULL COLUMNS FROM `qing_config` [ RunTime:0.000886s ]
[2024-08-06T16:27:21+08:00][sql] SELECT `value` FROM `qing_config` [ RunTime:0.000218s ]
[2024-08-06T16:27:21+08:00][sql] SHOW FULL COLUMNS FROM `qing_search` [ RunTime:0.000594s ]
[2024-08-06T16:27:21+08:00][sql] SELECT * FROM `qing_search` ORDER BY `id` DESC LIMIT 10 [ RunTime:0.000223s ]
[2024-08-06T16:27:21+08:00][sql] SHOW FULL COLUMNS FROM `qing_cart` [ RunTime:0.000535s ]
[2024-08-06T16:27:21+08:00][sql] SELECT COUNT(*) AS think_count FROM `qing_cart` WHERE  `user_id` IS NULL [ RunTime:0.000166s ]
[2024-08-06T16:27:21+08:00][sql] CONNECT:[ UseTime:0.001092s ] mysql:host=127.0.0.1;port=3306;dbname=code0921;charset=utf8
[2024-08-06T16:27:21+08:00][sql] SHOW FULL COLUMNS FROM `qing_config` [ RunTime:0.000838s ]
[2024-08-06T16:27:21+08:00][sql] SELECT `value` FROM `qing_config` [ RunTime:0.000229s ]
[2024-08-06T16:27:21+08:00][sql] SHOW FULL COLUMNS FROM `qing_search` [ RunTime:0.000666s ]
[2024-08-06T16:27:21+08:00][sql] SELECT * FROM `qing_search` ORDER BY `id` DESC LIMIT 10 [ RunTime:0.000225s ]
[2024-08-06T16:27:21+08:00][sql] SHOW FULL COLUMNS FROM `qing_cart` [ RunTime:0.000537s ]
[2024-08-06T16:27:21+08:00][sql] SELECT COUNT(*) AS think_count FROM `qing_cart` WHERE  `user_id` IS NULL [ RunTime:0.000224s ]
[2024-08-06T16:27:21+08:00][sql] SHOW FULL COLUMNS FROM `qing_user` [ RunTime:0.003271s ]
[2024-08-06T16:27:21+08:00][sql] SELECT * FROM `qing_user` WHERE  `username` = 'admin@gmail.com' LIMIT 1 [ RunTime:0.000390s ]
[2024-08-06T16:27:21+08:00][sql] UPDATE `qing_user`  SET `last_login_time` = 1722932841  WHERE  `id` = 39 [ RunTime:0.001971s ]
[2024-08-06T16:30:02+08:00][sql] CONNECT:[ UseTime:0.001892s ] mysql:host=127.0.0.1;port=3306;dbname=code0921;charset=utf8
[2024-08-06T16:30:02+08:00][sql] SHOW FULL COLUMNS FROM `qing_config` [ RunTime:0.002271s ]
[2024-08-06T16:30:02+08:00][sql] SELECT `value` FROM `qing_config` [ RunTime:0.000506s ]
[2024-08-06T16:30:02+08:00][sql] SHOW FULL COLUMNS FROM `qing_search` [ RunTime:0.001101s ]
[2024-08-06T16:30:02+08:00][sql] SELECT * FROM `qing_search` ORDER BY `id` DESC LIMIT 10 [ RunTime:0.000807s ]
[2024-08-06T16:30:02+08:00][sql] SHOW FULL COLUMNS FROM `qing_cart` [ RunTime:0.001100s ]
[2024-08-06T16:30:02+08:00][sql] SELECT COUNT(*) AS think_count FROM `qing_cart` WHERE  `user_id` = 39 [ RunTime:0.000446s ]
[2024-08-06T16:30:02+08:00][sql] SHOW FULL COLUMNS FROM `qing_merchant` [ RunTime:0.001161s ]
[2024-08-06T16:30:02+08:00][sql] SELECT COUNT(*) AS think_count FROM `qing_merchant` `a` WHERE  `a`.`store_name` LIKE '%%'  AND `user_id` = 39 [ RunTime:0.000416s ]
[2024-08-06T16:30:02+08:00][sql] SELECT * FROM `qing_merchant` `a` WHERE  `a`.`store_name` LIKE '%%'  AND `user_id` = 39 ORDER BY `add_time` DESC LIMIT 0,10 [ RunTime:0.000404s ]
[2024-08-06T16:30:10+08:00][sql] CONNECT:[ UseTime:0.011112s ] mysql:host=127.0.0.1;port=3306;dbname=code0921;charset=utf8
[2024-08-06T16:30:10+08:00][sql] SHOW FULL COLUMNS FROM `qing_config` [ RunTime:0.001816s ]
[2024-08-06T16:30:10+08:00][sql] SELECT `value` FROM `qing_config` [ RunTime:0.000222s ]
[2024-08-06T16:30:10+08:00][sql] SHOW FULL COLUMNS FROM `qing_search` [ RunTime:0.000731s ]
[2024-08-06T16:30:10+08:00][sql] SELECT * FROM `qing_search` ORDER BY `id` DESC LIMIT 10 [ RunTime:0.000252s ]
[2024-08-06T16:30:10+08:00][sql] SHOW FULL COLUMNS FROM `qing_cart` [ RunTime:0.000580s ]
[2024-08-06T16:30:10+08:00][sql] SELECT COUNT(*) AS think_count FROM `qing_cart` WHERE  `user_id` = 39 [ RunTime:0.000234s ]
[2024-08-06T16:30:10+08:00][sql] SHOW FULL COLUMNS FROM `qing_merchant` [ RunTime:0.001822s ]
[2024-08-06T16:30:10+08:00][sql] SELECT COUNT(*) AS think_count FROM `qing_merchant` `a` WHERE  `a`.`store_name` LIKE '%%'  AND `user_id` = 39 [ RunTime:0.000643s ]
[2024-08-06T16:30:10+08:00][sql] SELECT * FROM `qing_merchant` `a` WHERE  `a`.`store_name` LIKE '%%'  AND `user_id` = 39 ORDER BY `add_time` DESC LIMIT 0,10 [ RunTime:0.000451s ]
[2024-08-06T16:31:04+08:00][sql] CONNECT:[ UseTime:0.000922s ] mysql:host=127.0.0.1;port=3306;dbname=code0921;charset=utf8
[2024-08-06T16:31:04+08:00][sql] SHOW FULL COLUMNS FROM `qing_config` [ RunTime:0.001873s ]
[2024-08-06T16:31:04+08:00][sql] SELECT `value` FROM `qing_config` [ RunTime:0.000328s ]
[2024-08-06T16:31:04+08:00][sql] SHOW FULL COLUMNS FROM `qing_search` [ RunTime:0.000752s ]
[2024-08-06T16:31:04+08:00][sql] SELECT * FROM `qing_search` ORDER BY `id` DESC LIMIT 10 [ RunTime:0.000236s ]
[2024-08-06T16:31:04+08:00][sql] SHOW FULL COLUMNS FROM `qing_cart` [ RunTime:0.000559s ]
[2024-08-06T16:31:04+08:00][sql] SELECT COUNT(*) AS think_count FROM `qing_cart` WHERE  `user_id` = 39 [ RunTime:0.000241s ]
[2024-08-06T16:31:04+08:00][sql] SHOW FULL COLUMNS FROM `qing_merchant` [ RunTime:0.000914s ]
[2024-08-06T16:31:04+08:00][sql] SELECT COUNT(*) AS think_count FROM `qing_merchant` `a` WHERE  `a`.`store_name` LIKE '%%'  AND `user_id` = 39 [ RunTime:0.000263s ]
[2024-08-06T16:31:04+08:00][sql] SELECT * FROM `qing_merchant` `a` WHERE  `a`.`store_name` LIKE '%%'  AND `user_id` = 39 ORDER BY `add_time` DESC LIMIT 0,10 [ RunTime:0.000289s ]
[2024-08-06T16:31:12+08:00][sql] CONNECT:[ UseTime:0.000893s ] mysql:host=127.0.0.1;port=3306;dbname=code0921;charset=utf8
[2024-08-06T16:31:12+08:00][sql] SHOW FULL COLUMNS FROM `qing_config` [ RunTime:0.001724s ]
[2024-08-06T16:31:12+08:00][sql] SELECT `value` FROM `qing_config` [ RunTime:0.000214s ]
[2024-08-06T16:31:12+08:00][sql] SHOW FULL COLUMNS FROM `qing_search` [ RunTime:0.000914s ]
[2024-08-06T16:31:12+08:00][sql] SELECT * FROM `qing_search` ORDER BY `id` DESC LIMIT 10 [ RunTime:0.000293s ]
[2024-08-06T16:31:12+08:00][sql] SHOW FULL COLUMNS FROM `qing_cart` [ RunTime:0.000814s ]
[2024-08-06T16:31:12+08:00][sql] SELECT COUNT(*) AS think_count FROM `qing_cart` WHERE  `user_id` = 39 [ RunTime:0.000289s ]
[2024-08-06T16:31:12+08:00][sql] SHOW FULL COLUMNS FROM `qing_merchant` [ RunTime:0.001090s ]
[2024-08-06T16:31:12+08:00][sql] SELECT COUNT(*) AS think_count FROM `qing_merchant` `a` WHERE  `a`.`store_name` LIKE '%%'  AND `user_id` = 39 [ RunTime:0.000297s ]
[2024-08-06T16:31:12+08:00][sql] SELECT * FROM `qing_merchant` `a` WHERE  `a`.`store_name` LIKE '%%'  AND `user_id` = 39 ORDER BY `add_time` DESC LIMIT 0,10 [ RunTime:0.000290s ]
[2024-08-06T16:40:19+08:00][sql] CONNECT:[ UseTime:0.001088s ] mysql:host=127.0.0.1;port=3306;dbname=code0921;charset=utf8
[2024-08-06T16:40:19+08:00][sql] SHOW FULL COLUMNS FROM `qing_config` [ RunTime:0.001010s ]
[2024-08-06T16:40:19+08:00][sql] SELECT `value` FROM `qing_config` [ RunTime:0.000236s ]
[2024-08-06T16:40:19+08:00][sql] SHOW FULL COLUMNS FROM `qing_search` [ RunTime:0.000666s ]
[2024-08-06T16:40:19+08:00][sql] SELECT * FROM `qing_search` ORDER BY `id` DESC LIMIT 10 [ RunTime:0.000373s ]
[2024-08-06T16:40:19+08:00][sql] SHOW FULL COLUMNS FROM `qing_cart` [ RunTime:0.000865s ]
[2024-08-06T16:40:19+08:00][sql] SELECT COUNT(*) AS think_count FROM `qing_cart` WHERE  `user_id` = 39 [ RunTime:0.000361s ]
[2024-08-06T16:40:19+08:00][sql] SHOW FULL COLUMNS FROM `qing_merchant` [ RunTime:0.001218s ]
[2024-08-06T16:40:19+08:00][sql] SELECT COUNT(*) AS think_count FROM `qing_merchant` `a` WHERE  `a`.`store_name` LIKE '%%'  AND `user_id` = 39 [ RunTime:0.000716s ]
[2024-08-06T16:40:19+08:00][sql] SELECT * FROM `qing_merchant` `a` WHERE  `a`.`store_name` LIKE '%%'  AND `user_id` = 39 ORDER BY `add_time` DESC LIMIT 0,10 [ RunTime:0.000529s ]
[2024-08-06T16:41:51+08:00][sql] CONNECT:[ UseTime:0.001017s ] mysql:host=127.0.0.1;port=3306;dbname=code0921;charset=utf8
[2024-08-06T16:41:51+08:00][sql] SHOW FULL COLUMNS FROM `qing_config` [ RunTime:0.000833s ]
[2024-08-06T16:41:51+08:00][sql] SELECT `value` FROM `qing_config` [ RunTime:0.000224s ]
[2024-08-06T16:41:51+08:00][sql] SHOW FULL COLUMNS FROM `qing_search` [ RunTime:0.000632s ]
[2024-08-06T16:41:51+08:00][sql] SELECT * FROM `qing_search` ORDER BY `id` DESC LIMIT 10 [ RunTime:0.000233s ]
[2024-08-06T16:41:51+08:00][sql] SHOW FULL COLUMNS FROM `qing_cart` [ RunTime:0.000555s ]
[2024-08-06T16:41:51+08:00][sql] SELECT COUNT(*) AS think_count FROM `qing_cart` WHERE  `user_id` = 39 [ RunTime:0.000226s ]
[2024-08-06T16:42:22+08:00][sql] CONNECT:[ UseTime:0.011070s ] mysql:host=127.0.0.1;port=3306;dbname=code0921;charset=utf8
[2024-08-06T16:42:22+08:00][sql] SHOW FULL COLUMNS FROM `qing_config` [ RunTime:0.001045s ]
[2024-08-06T16:42:22+08:00][sql] SELECT `value` FROM `qing_config` [ RunTime:0.000296s ]
[2024-08-06T16:42:22+08:00][sql] SHOW FULL COLUMNS FROM `qing_search` [ RunTime:0.000805s ]
[2024-08-06T16:42:22+08:00][sql] SELECT * FROM `qing_search` ORDER BY `id` DESC LIMIT 10 [ RunTime:0.000237s ]
[2024-08-06T16:42:22+08:00][sql] SHOW FULL COLUMNS FROM `qing_cart` [ RunTime:0.000543s ]
[2024-08-06T16:42:22+08:00][sql] SELECT COUNT(*) AS think_count FROM `qing_cart` WHERE  `user_id` IS NULL [ RunTime:0.000170s ]
[2024-08-06T16:42:29+08:00][sql] CONNECT:[ UseTime:0.000911s ] mysql:host=127.0.0.1;port=3306;dbname=code0921;charset=utf8
[2024-08-06T16:42:29+08:00][sql] SHOW FULL COLUMNS FROM `qing_config` [ RunTime:0.001124s ]
[2024-08-06T16:42:29+08:00][sql] SELECT `value` FROM `qing_config` [ RunTime:0.000341s ]
[2024-08-06T16:42:29+08:00][sql] SHOW FULL COLUMNS FROM `qing_search` [ RunTime:0.000805s ]
[2024-08-06T16:42:29+08:00][sql] SELECT * FROM `qing_search` ORDER BY `id` DESC LIMIT 10 [ RunTime:0.001160s ]
[2024-08-06T16:42:29+08:00][sql] SHOW FULL COLUMNS FROM `qing_cart` [ RunTime:0.000628s ]
[2024-08-06T16:42:29+08:00][sql] SELECT COUNT(*) AS think_count FROM `qing_cart` WHERE  `user_id` IS NULL [ RunTime:0.000169s ]
[2024-08-06T16:42:29+08:00][sql] SHOW FULL COLUMNS FROM `qing_user` [ RunTime:0.003404s ]
[2024-08-06T16:42:29+08:00][sql] SELECT * FROM `qing_user` WHERE  `username` = 'admin@gmail.com' LIMIT 1 [ RunTime:0.000475s ]
[2024-08-06T16:42:29+08:00][sql] UPDATE `qing_user`  SET `last_login_time` = 1722933749  WHERE  `id` = 39 [ RunTime:0.001592s ]
[2024-08-06T16:42:35+08:00][sql] CONNECT:[ UseTime:0.001155s ] mysql:host=127.0.0.1;port=3306;dbname=code0921;charset=utf8
[2024-08-06T16:42:35+08:00][sql] SHOW FULL COLUMNS FROM `qing_config` [ RunTime:0.002051s ]
[2024-08-06T16:42:35+08:00][sql] SELECT `value` FROM `qing_config` [ RunTime:0.000252s ]
[2024-08-06T16:42:35+08:00][sql] SHOW FULL COLUMNS FROM `qing_search` [ RunTime:0.000640s ]
[2024-08-06T16:42:35+08:00][sql] SELECT * FROM `qing_search` ORDER BY `id` DESC LIMIT 10 [ RunTime:0.000224s ]
[2024-08-06T16:42:35+08:00][sql] SHOW FULL COLUMNS FROM `qing_cart` [ RunTime:0.000577s ]
[2024-08-06T16:42:35+08:00][sql] SELECT COUNT(*) AS think_count FROM `qing_cart` WHERE  `user_id` = 39 [ RunTime:0.000228s ]
[2024-08-06T16:42:35+08:00][sql] SHOW FULL COLUMNS FROM `qing_merchant` [ RunTime:0.000664s ]
[2024-08-06T16:42:35+08:00][sql] SELECT COUNT(*) AS think_count FROM `qing_merchant` `a` WHERE  `a`.`store_name` LIKE '%%'  AND `user_id` = 39 [ RunTime:0.000307s ]
[2024-08-06T16:42:35+08:00][sql] SELECT * FROM `qing_merchant` `a` WHERE  `a`.`store_name` LIKE '%%'  AND `user_id` = 39 ORDER BY `add_time` DESC LIMIT 0,10 [ RunTime:0.000285s ]
[2024-08-06T16:57:50+08:00][sql] CONNECT:[ UseTime:0.002000s ] mysql:host=127.0.0.1;port=3306;dbname=code0921;charset=utf8
[2024-08-06T16:57:50+08:00][sql] SHOW FULL COLUMNS FROM `qing_config` [ RunTime:0.001490s ]
[2024-08-06T16:57:50+08:00][sql] SELECT `value` FROM `qing_config` [ RunTime:0.000257s ]
[2024-08-06T16:57:50+08:00][sql] SHOW FULL COLUMNS FROM `qing_search` [ RunTime:0.000675s ]
[2024-08-06T16:57:50+08:00][sql] SELECT * FROM `qing_search` ORDER BY `id` DESC LIMIT 10 [ RunTime:0.000650s ]
[2024-08-06T16:57:50+08:00][sql] SHOW FULL COLUMNS FROM `qing_cart` [ RunTime:0.000548s ]
[2024-08-06T16:57:50+08:00][sql] SELECT COUNT(*) AS think_count FROM `qing_cart` WHERE  `user_id` = 39 [ RunTime:0.000269s ]
[2024-08-06T16:57:50+08:00][sql] SHOW FULL COLUMNS FROM `qing_merchant` [ RunTime:0.001137s ]
[2024-08-06T16:57:50+08:00][sql] SELECT COUNT(*) AS think_count FROM `qing_merchant` `a` WHERE  `a`.`store_name` LIKE '%%'  AND `user_id` = 39 [ RunTime:0.000289s ]
[2024-08-06T16:57:50+08:00][sql] SELECT * FROM `qing_merchant` `a` WHERE  `a`.`store_name` LIKE '%%'  AND `user_id` = 39 ORDER BY `add_time` DESC LIMIT 0,10 [ RunTime:0.000285s ]
[2024-08-06T17:06:39+08:00][sql] CONNECT:[ UseTime:0.001006s ] mysql:host=127.0.0.1;port=3306;dbname=code0921;charset=utf8
[2024-08-06T17:06:39+08:00][sql] SHOW FULL COLUMNS FROM `qing_config` [ RunTime:0.002022s ]
[2024-08-06T17:06:39+08:00][sql] SELECT `value` FROM `qing_config` [ RunTime:0.000283s ]
[2024-08-06T17:06:39+08:00][sql] SHOW FULL COLUMNS FROM `qing_search` [ RunTime:0.000717s ]
[2024-08-06T17:06:39+08:00][sql] SELECT * FROM `qing_search` ORDER BY `id` DESC LIMIT 10 [ RunTime:0.000232s ]
[2024-08-06T17:06:39+08:00][sql] SHOW FULL COLUMNS FROM `qing_cart` [ RunTime:0.000553s ]
[2024-08-06T17:06:39+08:00][sql] SELECT COUNT(*) AS think_count FROM `qing_cart` WHERE  `user_id` = 39 [ RunTime:0.000231s ]
[2024-08-06T17:06:39+08:00][sql] SHOW FULL COLUMNS FROM `qing_user` [ RunTime:0.000725s ]
[2024-08-06T17:06:39+08:00][sql] UPDATE `qing_user`  SET `username` = 'admin11@gmail.com' , `submit_ip` = '127.0.0.1' , `update_time` = 1722935199  WHERE  `id` = 39 [ RunTime:0.001839s ]
