[2024-05-29T16:37:04+08:00][sql] CONNECT:[ UseTime:0.000902s ] mysql:host=127.0.0.1;port=3306;dbname=code0921;charset=utf8
[2024-05-29T16:37:04+08:00][sql] SHOW FULL COLUMNS FROM `qing_config` [ RunTime:0.000966s ]
[2024-05-29T16:37:04+08:00][sql] SELECT `value` FROM `qing_config` [ RunTime:0.000250s ]
[2024-05-29T16:37:04+08:00][sql] SHOW FULL COLUMNS FROM `qing_search` [ RunTime:0.001500s ]
[2024-05-29T16:37:04+08:00][sql] SELECT * FROM `qing_search` ORDER BY `id` DESC LIMIT 10 [ RunTime:0.000355s ]
[2024-05-29T16:37:04+08:00][sql] SHOW FULL COLUMNS FROM `qing_cart` [ RunTime:0.000947s ]
[2024-05-29T16:37:04+08:00][sql] SELECT COUNT(*) AS think_count FROM `qing_cart` WHERE  `user_id` IS NULL [ RunTime:0.000195s ]
[2024-05-29T16:37:04+08:00][sql] SHOW FULL COLUMNS FROM `qing_ad` [ RunTime:0.003183s ]
[2024-05-29T16:37:04+08:00][sql] SELECT * FROM `qing_ad` WHERE  `type_id` = 1 [ RunTime:0.000298s ]
[2024-05-29T16:37:04+08:00][sql] SHOW FULL COLUMNS FROM `qing_goods` [ RunTime:0.003321s ]
[2024-05-29T16:37:04+08:00][sql] SELECT * FROM `qing_goods` WHERE  `ishot` = 1  AND `goods_status` = 1 ORDER BY `goods_id` DESC,`listorder` ASC LIMIT 8 [ RunTime:0.000441s ]
[2024-05-29T16:37:04+08:00][sql] SHOW FULL COLUMNS FROM `qing_category` [ RunTime:0.001044s ]
[2024-05-29T16:37:04+08:00][sql] SELECT `id`,`parent_id`,`cate_name` FROM `qing_category` ORDER BY `listorder` ASC [ RunTime:0.000458s ]
[2024-05-29T16:37:07+08:00][sql] CONNECT:[ UseTime:0.000859s ] mysql:host=127.0.0.1;port=3306;dbname=code0921;charset=utf8
[2024-05-29T16:37:07+08:00][sql] SHOW FULL COLUMNS FROM `qing_config` [ RunTime:0.000732s ]
[2024-05-29T16:37:07+08:00][sql] SELECT `value` FROM `qing_config` [ RunTime:0.000218s ]
[2024-05-29T16:37:07+08:00][sql] SHOW FULL COLUMNS FROM `qing_search` [ RunTime:0.000802s ]
[2024-05-29T16:37:07+08:00][sql] SELECT * FROM `qing_search` ORDER BY `id` DESC LIMIT 10 [ RunTime:0.000416s ]
[2024-05-29T16:37:07+08:00][sql] SHOW FULL COLUMNS FROM `qing_cart` [ RunTime:0.001114s ]
[2024-05-29T16:37:07+08:00][sql] SELECT COUNT(*) AS think_count FROM `qing_cart` WHERE  `user_id` IS NULL [ RunTime:0.000200s ]
[2024-05-29T16:37:08+08:00][sql] CONNECT:[ UseTime:0.000865s ] mysql:host=127.0.0.1;port=3306;dbname=code0921;charset=utf8
[2024-05-29T16:37:08+08:00][sql] SHOW FULL COLUMNS FROM `qing_config` [ RunTime:0.000731s ]
[2024-05-29T16:37:08+08:00][sql] SELECT `value` FROM `qing_config` [ RunTime:0.000211s ]
[2024-05-29T16:37:08+08:00][sql] SHOW FULL COLUMNS FROM `qing_search` [ RunTime:0.000576s ]
[2024-05-29T16:37:08+08:00][sql] SELECT * FROM `qing_search` ORDER BY `id` DESC LIMIT 10 [ RunTime:0.000211s ]
[2024-05-29T16:37:08+08:00][sql] SHOW FULL COLUMNS FROM `qing_cart` [ RunTime:0.000535s ]
[2024-05-29T16:37:08+08:00][sql] SELECT COUNT(*) AS think_count FROM `qing_cart` WHERE  `user_id` IS NULL [ RunTime:0.000177s ]
[2024-05-29T16:37:39+08:00][sql] CONNECT:[ UseTime:0.000957s ] mysql:host=127.0.0.1;port=3306;dbname=code0921;charset=utf8
[2024-05-29T16:37:39+08:00][sql] SHOW FULL COLUMNS FROM `qing_config` [ RunTime:0.000843s ]
[2024-05-29T16:37:39+08:00][sql] SELECT `value` FROM `qing_config` [ RunTime:0.000223s ]
[2024-05-29T16:37:39+08:00][sql] SHOW FULL COLUMNS FROM `qing_search` [ RunTime:0.000615s ]
[2024-05-29T16:37:39+08:00][sql] SELECT * FROM `qing_search` ORDER BY `id` DESC LIMIT 10 [ RunTime:0.000223s ]
[2024-05-29T16:37:39+08:00][sql] SHOW FULL COLUMNS FROM `qing_cart` [ RunTime:0.000535s ]
[2024-05-29T16:37:39+08:00][sql] SELECT COUNT(*) AS think_count FROM `qing_cart` WHERE  `user_id` IS NULL [ RunTime:0.000170s ]
[2024-05-29T16:37:39+08:00][sql] SHOW FULL COLUMNS FROM `qing_user` [ RunTime:0.005941s ]
[2024-05-29T16:37:39+08:00][sql] SELECT * FROM `qing_user` WHERE  `username` = '15100000001' LIMIT 1 [ RunTime:0.000966s ]
[2024-05-29T16:37:39+08:00][sql] UPDATE `qing_user`  SET `last_login_time` = 1716971859  WHERE  `id` = 2 [ RunTime:0.001839s ]
[2024-05-29T16:37:41+08:00][sql] CONNECT:[ UseTime:0.000883s ] mysql:host=127.0.0.1;port=3306;dbname=code0921;charset=utf8
[2024-05-29T16:37:41+08:00][sql] SHOW FULL COLUMNS FROM `qing_config` [ RunTime:0.000741s ]
[2024-05-29T16:37:41+08:00][sql] SELECT `value` FROM `qing_config` [ RunTime:0.000234s ]
[2024-05-29T16:37:41+08:00][sql] SHOW FULL COLUMNS FROM `qing_search` [ RunTime:0.000620s ]
[2024-05-29T16:37:41+08:00][sql] SELECT * FROM `qing_search` ORDER BY `id` DESC LIMIT 10 [ RunTime:0.000275s ]
[2024-05-29T16:37:41+08:00][sql] SHOW FULL COLUMNS FROM `qing_cart` [ RunTime:0.000592s ]
[2024-05-29T16:37:41+08:00][sql] SELECT COUNT(*) AS think_count FROM `qing_cart` WHERE  `user_id` = 2 [ RunTime:0.000255s ]
[2024-05-29T16:37:41+08:00][sql] SHOW FULL COLUMNS FROM `qing_merchant` [ RunTime:0.002465s ]
[2024-05-29T16:37:41+08:00][sql] SELECT COUNT(*) AS think_count FROM `qing_merchant` `a` WHERE  `a`.`store_name` LIKE '%%'  AND `user_id` = 2 [ RunTime:0.001361s ]
[2024-05-29T16:37:41+08:00][sql] SELECT * FROM `qing_merchant` `a` WHERE  `a`.`store_name` LIKE '%%'  AND `user_id` = 2 ORDER BY `add_time` DESC LIMIT 0,10 [ RunTime:0.000695s ]
[2024-05-29T16:37:41+08:00][sql] SHOW FULL COLUMNS FROM `qing_user` [ RunTime:0.003397s ]
[2024-05-29T16:37:41+08:00][sql] SELECT * FROM `qing_user` WHERE  `recommender` = 'YJ1596269352'  AND `mer_count` >= 0 [ RunTime:0.000364s ]
[2024-05-29T16:37:41+08:00][sql] SELECT * FROM `qing_user` WHERE  `recommender` = 'YJ1596269352'  AND `mer_count` > 0 [ RunTime:0.000283s ]
[2024-05-29T16:37:45+08:00][sql] CONNECT:[ UseTime:0.000901s ] mysql:host=127.0.0.1;port=3306;dbname=code0921;charset=utf8
[2024-05-29T16:37:45+08:00][sql] SHOW FULL COLUMNS FROM `qing_config` [ RunTime:0.000782s ]
[2024-05-29T16:37:45+08:00][sql] SELECT `value` FROM `qing_config` [ RunTime:0.000337s ]
[2024-05-29T16:37:45+08:00][sql] SHOW FULL COLUMNS FROM `qing_search` [ RunTime:0.000758s ]
[2024-05-29T16:37:45+08:00][sql] SELECT * FROM `qing_search` ORDER BY `id` DESC LIMIT 10 [ RunTime:0.000236s ]
[2024-05-29T16:37:45+08:00][sql] SHOW FULL COLUMNS FROM `qing_cart` [ RunTime:0.000561s ]
[2024-05-29T16:37:45+08:00][sql] SELECT COUNT(*) AS think_count FROM `qing_cart` WHERE  `user_id` = 2 [ RunTime:0.000248s ]
[2024-05-29T16:37:45+08:00][sql] SHOW FULL COLUMNS FROM `qing_ad` [ RunTime:0.003116s ]
[2024-05-29T16:37:45+08:00][sql] SELECT * FROM `qing_ad` WHERE  `type_id` = 1 [ RunTime:0.000251s ]
[2024-05-29T16:37:45+08:00][sql] SHOW FULL COLUMNS FROM `qing_goods` [ RunTime:0.003062s ]
[2024-05-29T16:37:45+08:00][sql] SELECT * FROM `qing_goods` WHERE  `ishot` = 1  AND `goods_status` = 1 ORDER BY `goods_id` DESC,`listorder` ASC LIMIT 8 [ RunTime:0.000446s ]
[2024-05-29T16:37:45+08:00][sql] SHOW FULL COLUMNS FROM `qing_category` [ RunTime:0.000874s ]
[2024-05-29T16:37:45+08:00][sql] SELECT `id`,`parent_id`,`cate_name` FROM `qing_category` ORDER BY `listorder` ASC [ RunTime:0.000351s ]
[2024-05-29T16:37:47+08:00][sql] CONNECT:[ UseTime:0.000875s ] mysql:host=127.0.0.1;port=3306;dbname=code0921;charset=utf8
[2024-05-29T16:37:47+08:00][sql] SHOW FULL COLUMNS FROM `qing_config` [ RunTime:0.000716s ]
[2024-05-29T16:37:47+08:00][sql] SELECT `value` FROM `qing_config` [ RunTime:0.000213s ]
[2024-05-29T16:37:47+08:00][sql] SHOW FULL COLUMNS FROM `qing_search` [ RunTime:0.000568s ]
[2024-05-29T16:37:47+08:00][sql] SELECT * FROM `qing_search` ORDER BY `id` DESC LIMIT 10 [ RunTime:0.000210s ]
[2024-05-29T16:37:47+08:00][sql] SHOW FULL COLUMNS FROM `qing_cart` [ RunTime:0.000615s ]
[2024-05-29T16:37:47+08:00][sql] SELECT COUNT(*) AS think_count FROM `qing_cart` WHERE  `user_id` = 2 [ RunTime:0.000233s ]
[2024-05-29T16:37:47+08:00][sql] SELECT * FROM `qing_cart` WHERE  `user_id` = 2 ORDER BY `id` DESC [ RunTime:0.000235s ]
[2024-05-29T16:37:51+08:00][sql] CONNECT:[ UseTime:0.000853s ] mysql:host=127.0.0.1;port=3306;dbname=code0921;charset=utf8
[2024-05-29T16:37:51+08:00][sql] SHOW FULL COLUMNS FROM `qing_config` [ RunTime:0.000696s ]
[2024-05-29T16:37:51+08:00][sql] SELECT `value` FROM `qing_config` [ RunTime:0.000233s ]
[2024-05-29T16:37:51+08:00][sql] SHOW FULL COLUMNS FROM `qing_search` [ RunTime:0.000630s ]
[2024-05-29T16:37:51+08:00][sql] SELECT * FROM `qing_search` ORDER BY `id` DESC LIMIT 10 [ RunTime:0.000216s ]
[2024-05-29T16:37:51+08:00][sql] SHOW FULL COLUMNS FROM `qing_cart` [ RunTime:0.000562s ]
[2024-05-29T16:37:51+08:00][sql] SELECT COUNT(*) AS think_count FROM `qing_cart` WHERE  `user_id` = 2 [ RunTime:0.000220s ]
[2024-05-29T16:37:51+08:00][sql] SHOW FULL COLUMNS FROM `qing_ad` [ RunTime:0.003923s ]
[2024-05-29T16:37:51+08:00][sql] SELECT * FROM `qing_ad` WHERE  `type_id` = 1 [ RunTime:0.000377s ]
[2024-05-29T16:37:51+08:00][sql] SHOW FULL COLUMNS FROM `qing_goods` [ RunTime:0.003242s ]
[2024-05-29T16:37:51+08:00][sql] SELECT * FROM `qing_goods` WHERE  `ishot` = 1  AND `goods_status` = 1 ORDER BY `goods_id` DESC,`listorder` ASC LIMIT 8 [ RunTime:0.000421s ]
[2024-05-29T16:37:51+08:00][sql] SHOW FULL COLUMNS FROM `qing_category` [ RunTime:0.000955s ]
[2024-05-29T16:37:51+08:00][sql] SELECT `id`,`parent_id`,`cate_name` FROM `qing_category` ORDER BY `listorder` ASC [ RunTime:0.000519s ]
[2024-05-29T16:37:54+08:00][sql] CONNECT:[ UseTime:0.000847s ] mysql:host=127.0.0.1;port=3306;dbname=code0921;charset=utf8
[2024-05-29T16:37:54+08:00][sql] SHOW FULL COLUMNS FROM `qing_config` [ RunTime:0.000737s ]
[2024-05-29T16:37:54+08:00][sql] SELECT `value` FROM `qing_config` [ RunTime:0.000209s ]
[2024-05-29T16:37:54+08:00][sql] SHOW FULL COLUMNS FROM `qing_search` [ RunTime:0.001361s ]
[2024-05-29T16:37:54+08:00][sql] SELECT * FROM `qing_search` ORDER BY `id` DESC LIMIT 10 [ RunTime:0.000371s ]
[2024-05-29T16:37:54+08:00][sql] SHOW FULL COLUMNS FROM `qing_cart` [ RunTime:0.000592s ]
[2024-05-29T16:37:54+08:00][sql] SELECT COUNT(*) AS think_count FROM `qing_cart` WHERE  `user_id` = 2 [ RunTime:0.000227s ]
[2024-05-29T16:37:54+08:00][sql] SHOW FULL COLUMNS FROM `qing_goods` [ RunTime:0.003196s ]
[2024-05-29T16:37:54+08:00][sql] SELECT * FROM `qing_goods` WHERE  `goods_id` = 10 LIMIT 1 [ RunTime:0.000358s ]
[2024-05-29T16:37:54+08:00][sql] UPDATE `qing_goods`  SET `click` = 13  WHERE  `goods_id` = 10 [ RunTime:0.001856s ]
[2024-05-29T16:37:54+08:00][sql] SHOW FULL COLUMNS FROM `qing_goods_img` [ RunTime:0.003103s ]
[2024-05-29T16:37:54+08:00][sql] SELECT * FROM `qing_goods_img` WHERE  `goods_id` = 10 [ RunTime:0.000270s ]
[2024-05-29T16:37:54+08:00][sql] SHOW FULL COLUMNS FROM `qing_goods_content` [ RunTime:0.003139s ]
[2024-05-29T16:37:54+08:00][sql] SELECT * FROM `qing_goods_content` WHERE  `goods_id` = 10 LIMIT 1 [ RunTime:0.000239s ]
[2024-05-29T16:37:54+08:00][sql] SHOW FULL COLUMNS FROM `qing_category` [ RunTime:0.001302s ]
[2024-05-29T16:37:54+08:00][sql] SELECT * FROM `qing_category` WHERE  ( id=74 ) LIMIT 1 [ RunTime:0.000306s ]
[2024-05-29T16:37:54+08:00][sql] SELECT * FROM `qing_category` WHERE  ( id=63 ) LIMIT 1 [ RunTime:0.000207s ]
[2024-05-29T16:37:54+08:00][sql] SELECT * FROM `qing_category` WHERE  ( id=1 ) LIMIT 1 [ RunTime:0.000192s ]
[2024-05-29T16:37:54+08:00][sql] SHOW FULL COLUMNS FROM `qing_goods_standard` [ RunTime:0.000788s ]
[2024-05-29T16:37:54+08:00][sql] SELECT `sku` FROM `qing_goods_standard` WHERE  `goods_id` = 10 [ RunTime:0.000219s ]
[2024-05-29T16:37:54+08:00][sql] SHOW FULL COLUMNS FROM `qing_standard_value` [ RunTime:0.003051s ]
[2024-05-29T16:37:54+08:00][sql] SELECT `standard_value` FROM `qing_standard_value` WHERE  `id` = 7 LIMIT 1 [ RunTime:0.000217s ]
[2024-05-29T16:37:54+08:00][sql] SELECT `standard_value` FROM `qing_standard_value` WHERE  `id` = 14 LIMIT 1 [ RunTime:0.000172s ]
[2024-05-29T16:37:54+08:00][sql] SELECT `a`.`standard_id`,`a`.`standard_value`,`a`.`id`,`b`.`name` FROM `qing_standard_value` `a` INNER JOIN `qing_standard` `b` ON `a`.`standard_id`=`b`.`id` WHERE  `a`.`id` = '7'  AND `a`.`id` = '7' LIMIT 1 [ RunTime:0.002679s ]
[2024-05-29T16:37:54+08:00][sql] SELECT `a`.`standard_id`,`a`.`standard_value`,`a`.`id`,`b`.`name` FROM `qing_standard_value` `a` INNER JOIN `qing_standard` `b` ON `a`.`standard_id`=`b`.`id` WHERE  `a`.`id` = '14'  AND `a`.`id` = '14' LIMIT 1 [ RunTime:0.000221s ]
[2024-05-29T16:37:54+08:00][sql] SELECT `a`.`standard_id`,`a`.`standard_value`,`a`.`id`,`b`.`name` FROM `qing_standard_value` `a` INNER JOIN `qing_standard` `b` ON `a`.`standard_id`=`b`.`id` WHERE  `a`.`id` = '15'  AND `a`.`id` = '15' LIMIT 1 [ RunTime:0.000207s ]
[2024-05-29T16:37:54+08:00][sql] SELECT `a`.`standard_id`,`a`.`standard_value`,`a`.`id`,`b`.`name` FROM `qing_standard_value` `a` INNER JOIN `qing_standard` `b` ON `a`.`standard_id`=`b`.`id` WHERE  `a`.`id` = '8'  AND `a`.`id` = '8' LIMIT 1 [ RunTime:0.000201s ]
[2024-05-29T16:37:54+08:00][sql] SHOW FULL COLUMNS FROM `qing_collect` [ RunTime:0.000793s ]
[2024-05-29T16:37:54+08:00][sql] SELECT * FROM `qing_collect` WHERE  `goods_id` = 10  AND `user_id` = 2 LIMIT 1 [ RunTime:0.000251s ]
[2024-05-29T16:37:54+08:00][sql] SHOW FULL COLUMNS FROM `qing_user_trace` [ RunTime:0.001053s ]
[2024-05-29T16:37:54+08:00][sql] SELECT COUNT(*) AS think_count FROM `qing_user_trace` WHERE  `user_id` = 2 [ RunTime:0.000224s ]
[2024-05-29T16:37:54+08:00][sql] SELECT * FROM `qing_user_trace` WHERE  `user_id` = 2  AND `goods_id` = 10 LIMIT 1 [ RunTime:0.000202s ]
[2024-05-29T16:37:54+08:00][sql] UPDATE `qing_user_trace`  SET `time` = 1716971874  WHERE  `user_id` = 2  AND `goods_id` = 10 [ RunTime:0.000378s ]
[2024-05-29T16:37:54+08:00][sql] CONNECT:[ UseTime:0.000945s ] mysql:host=127.0.0.1;port=3306;dbname=code0921;charset=utf8
[2024-05-29T16:37:54+08:00][sql] SHOW FULL COLUMNS FROM `qing_config` [ RunTime:0.000991s ]
[2024-05-29T16:37:54+08:00][sql] SELECT `value` FROM `qing_config` [ RunTime:0.000253s ]
[2024-05-29T16:37:54+08:00][sql] SHOW FULL COLUMNS FROM `qing_search` [ RunTime:0.000877s ]
[2024-05-29T16:37:54+08:00][sql] SELECT * FROM `qing_search` ORDER BY `id` DESC LIMIT 10 [ RunTime:0.000423s ]
[2024-05-29T16:37:54+08:00][sql] SHOW FULL COLUMNS FROM `qing_cart` [ RunTime:0.000745s ]
[2024-05-29T16:37:54+08:00][sql] SELECT COUNT(*) AS think_count FROM `qing_cart` WHERE  `user_id` = 2 [ RunTime:0.000341s ]
[2024-05-29T16:37:54+08:00][sql] SHOW FULL COLUMNS FROM `qing_goods_standard` [ RunTime:0.001038s ]
[2024-05-29T16:37:54+08:00][sql] SELECT * FROM `qing_goods_standard` WHERE  `goods_id` = 10  AND `sku` = '7,14' LIMIT 1 [ RunTime:0.000455s ]
[2024-05-29T16:37:55+08:00][sql] CONNECT:[ UseTime:0.001485s ] mysql:host=127.0.0.1;port=3306;dbname=code0921;charset=utf8
[2024-05-29T16:37:55+08:00][sql] SHOW FULL COLUMNS FROM `qing_config` [ RunTime:0.001212s ]
[2024-05-29T16:37:55+08:00][sql] SELECT `value` FROM `qing_config` [ RunTime:0.000404s ]
[2024-05-29T16:37:55+08:00][sql] SHOW FULL COLUMNS FROM `qing_search` [ RunTime:0.000951s ]
[2024-05-29T16:37:55+08:00][sql] SELECT * FROM `qing_search` ORDER BY `id` DESC LIMIT 10 [ RunTime:0.000304s ]
[2024-05-29T16:37:55+08:00][sql] SHOW FULL COLUMNS FROM `qing_cart` [ RunTime:0.000726s ]
[2024-05-29T16:37:55+08:00][sql] SELECT COUNT(*) AS think_count FROM `qing_cart` WHERE  `user_id` = 2 [ RunTime:0.000265s ]
[2024-05-29T16:37:55+08:00][sql] SHOW FULL COLUMNS FROM `qing_goods_standard` [ RunTime:0.000657s ]
[2024-05-29T16:37:55+08:00][sql] SELECT * FROM `qing_goods_standard` WHERE  `goods_id` = 10  AND `sku` = '7,14' LIMIT 1 [ RunTime:0.000306s ]
[2024-05-29T16:37:56+08:00][sql] CONNECT:[ UseTime:0.000859s ] mysql:host=127.0.0.1;port=3306;dbname=code0921;charset=utf8
[2024-05-29T16:37:56+08:00][sql] SHOW FULL COLUMNS FROM `qing_config` [ RunTime:0.000713s ]
[2024-05-29T16:37:56+08:00][sql] SELECT `value` FROM `qing_config` [ RunTime:0.000210s ]
[2024-05-29T16:37:56+08:00][sql] SHOW FULL COLUMNS FROM `qing_search` [ RunTime:0.000602s ]
[2024-05-29T16:37:56+08:00][sql] SELECT * FROM `qing_search` ORDER BY `id` DESC LIMIT 10 [ RunTime:0.000242s ]
[2024-05-29T16:37:56+08:00][sql] SHOW FULL COLUMNS FROM `qing_cart` [ RunTime:0.000557s ]
[2024-05-29T16:37:56+08:00][sql] SELECT COUNT(*) AS think_count FROM `qing_cart` WHERE  `user_id` = 2 [ RunTime:0.000224s ]
[2024-05-29T16:37:56+08:00][sql] SELECT * FROM `qing_cart` WHERE  `user_id` = 2 ORDER BY `id` DESC [ RunTime:0.000249s ]
[2024-05-29T16:37:56+08:00][sql] SHOW FULL COLUMNS FROM `qing_standard_value` [ RunTime:0.003922s ]
[2024-05-29T16:37:56+08:00][sql] SELECT `standard_value` FROM `qing_standard_value` WHERE  `id` = 7 LIMIT 1 [ RunTime:0.000294s ]
[2024-05-29T16:37:56+08:00][sql] SELECT `standard_value` FROM `qing_standard_value` WHERE  `id` = 14 LIMIT 1 [ RunTime:0.000188s ]
[2024-05-29T16:37:56+08:00][sql] SHOW FULL COLUMNS FROM `qing_goods` [ RunTime:0.003342s ]
[2024-05-29T16:37:56+08:00][sql] SELECT * FROM `qing_goods` WHERE  `goods_id` = 10 LIMIT 1 [ RunTime:0.000330s ]
[2024-05-29T16:37:56+08:00][sql] SHOW FULL COLUMNS FROM `qing_goods_standard` [ RunTime:0.000566s ]
[2024-05-29T16:37:56+08:00][sql] SELECT `goods_price` FROM `qing_goods_standard` WHERE  `goods_id` = 10  AND `sku` = '7,14' LIMIT 1 [ RunTime:0.000220s ]
[2024-05-29T16:38:00+08:00][sql] CONNECT:[ UseTime:0.000923s ] mysql:host=127.0.0.1;port=3306;dbname=code0921;charset=utf8
[2024-05-29T16:38:00+08:00][sql] SHOW FULL COLUMNS FROM `qing_config` [ RunTime:0.000708s ]
[2024-05-29T16:38:00+08:00][sql] SELECT `value` FROM `qing_config` [ RunTime:0.000252s ]
[2024-05-29T16:38:00+08:00][sql] SHOW FULL COLUMNS FROM `qing_search` [ RunTime:0.000787s ]
[2024-05-29T16:38:00+08:00][sql] SELECT * FROM `qing_search` ORDER BY `id` DESC LIMIT 10 [ RunTime:0.000229s ]
[2024-05-29T16:38:00+08:00][sql] SHOW FULL COLUMNS FROM `qing_cart` [ RunTime:0.000548s ]
[2024-05-29T16:38:00+08:00][sql] SELECT COUNT(*) AS think_count FROM `qing_cart` WHERE  `user_id` = 2 [ RunTime:0.000373s ]
[2024-05-29T16:38:00+08:00][sql] SHOW FULL COLUMNS FROM `qing_address` [ RunTime:0.003199s ]
[2024-05-29T16:38:00+08:00][sql] SELECT * FROM `qing_address` WHERE  `user_id` = 2  AND `isdefault` = 1 LIMIT 1 [ RunTime:0.000460s ]
[2024-05-29T16:38:00+08:00][sql] SELECT * FROM `qing_address` WHERE  `user_id` = 2  AND `isdefault` = 0 ORDER BY `id` DESC LIMIT 3 [ RunTime:0.000304s ]
[2024-05-29T16:38:00+08:00][sql] SELECT * FROM `qing_cart` WHERE  `user_id` = 2  AND `status` = 1 ORDER BY `id` DESC [ RunTime:0.000281s ]
[2024-05-29T16:38:00+08:00][sql] SHOW FULL COLUMNS FROM `qing_standard_value` [ RunTime:0.003176s ]
[2024-05-29T16:38:00+08:00][sql] SELECT `standard_value` FROM `qing_standard_value` WHERE  `id` = 7 LIMIT 1 [ RunTime:0.000245s ]
[2024-05-29T16:38:00+08:00][sql] SELECT `standard_value` FROM `qing_standard_value` WHERE  `id` = 14 LIMIT 1 [ RunTime:0.000181s ]
[2024-05-29T16:38:00+08:00][sql] SHOW FULL COLUMNS FROM `qing_goods` [ RunTime:0.003057s ]
[2024-05-29T16:38:00+08:00][sql] SELECT * FROM `qing_goods` WHERE  `goods_id` = 10 LIMIT 1 [ RunTime:0.000318s ]
[2024-05-29T16:38:00+08:00][sql] SHOW FULL COLUMNS FROM `qing_goods_standard` [ RunTime:0.000755s ]
[2024-05-29T16:38:00+08:00][sql] SELECT `goods_price` FROM `qing_goods_standard` WHERE  `goods_id` = 10  AND `sku` = '7,14' LIMIT 1 [ RunTime:0.000231s ]
[2024-05-29T16:38:08+08:00][sql] CONNECT:[ UseTime:0.000872s ] mysql:host=127.0.0.1;port=3306;dbname=code0921;charset=utf8
[2024-05-29T16:38:08+08:00][sql] SHOW FULL COLUMNS FROM `qing_config` [ RunTime:0.000780s ]
[2024-05-29T16:38:08+08:00][sql] SELECT `value` FROM `qing_config` [ RunTime:0.000216s ]
[2024-05-29T16:38:08+08:00][sql] SHOW FULL COLUMNS FROM `qing_search` [ RunTime:0.000600s ]
[2024-05-29T16:38:08+08:00][sql] SELECT * FROM `qing_search` ORDER BY `id` DESC LIMIT 10 [ RunTime:0.000264s ]
[2024-05-29T16:38:08+08:00][sql] SHOW FULL COLUMNS FROM `qing_cart` [ RunTime:0.000657s ]
[2024-05-29T16:38:08+08:00][sql] SELECT COUNT(*) AS think_count FROM `qing_cart` WHERE  `user_id` = 2 [ RunTime:0.000250s ]
[2024-05-29T16:38:08+08:00][sql] SHOW FULL COLUMNS FROM `qing_address` [ RunTime:0.000785s ]
[2024-05-29T16:38:08+08:00][sql] SELECT * FROM `qing_address` WHERE  `user_id` = 2  AND `isdefault` = 1 LIMIT 1 [ RunTime:0.000275s ]
[2024-05-29T16:38:08+08:00][sql] SELECT * FROM `qing_address` WHERE  `user_id` = 2  AND `isdefault` = 0 ORDER BY `id` DESC LIMIT 3 [ RunTime:0.000249s ]
[2024-05-29T16:38:08+08:00][sql] SELECT * FROM `qing_cart` WHERE  `user_id` = 2  AND `status` = 1 ORDER BY `id` DESC [ RunTime:0.000248s ]
[2024-05-29T16:38:08+08:00][sql] SHOW FULL COLUMNS FROM `qing_standard_value` [ RunTime:0.004016s ]
[2024-05-29T16:38:08+08:00][sql] SELECT `standard_value` FROM `qing_standard_value` WHERE  `id` = 7 LIMIT 1 [ RunTime:0.000276s ]
[2024-05-29T16:38:08+08:00][sql] SELECT `standard_value` FROM `qing_standard_value` WHERE  `id` = 14 LIMIT 1 [ RunTime:0.000180s ]
[2024-05-29T16:38:08+08:00][sql] SHOW FULL COLUMNS FROM `qing_goods` [ RunTime:0.000684s ]
[2024-05-29T16:38:08+08:00][sql] SELECT * FROM `qing_goods` WHERE  `goods_id` = 10 LIMIT 1 [ RunTime:0.000289s ]
[2024-05-29T16:38:08+08:00][sql] SHOW FULL COLUMNS FROM `qing_goods_standard` [ RunTime:0.000751s ]
[2024-05-29T16:38:08+08:00][sql] SELECT `goods_price` FROM `qing_goods_standard` WHERE  `goods_id` = 10  AND `sku` = '7,14' LIMIT 1 [ RunTime:0.000228s ]
[2024-05-29T16:43:00+08:00][sql] CONNECT:[ UseTime:0.000948s ] mysql:host=127.0.0.1;port=3306;dbname=code0921;charset=utf8
[2024-05-29T16:43:00+08:00][sql] SHOW FULL COLUMNS FROM `qing_config` [ RunTime:0.000833s ]
[2024-05-29T16:43:00+08:00][sql] SELECT `value` FROM `qing_config` [ RunTime:0.000271s ]
[2024-05-29T16:43:00+08:00][sql] SHOW FULL COLUMNS FROM `qing_search` [ RunTime:0.000674s ]
[2024-05-29T16:43:00+08:00][sql] SELECT * FROM `qing_search` ORDER BY `id` DESC LIMIT 10 [ RunTime:0.000277s ]
[2024-05-29T16:43:00+08:00][sql] SHOW FULL COLUMNS FROM `qing_cart` [ RunTime:0.000679s ]
[2024-05-29T16:43:00+08:00][sql] SELECT COUNT(*) AS think_count FROM `qing_cart` WHERE  `user_id` = 2 [ RunTime:0.000289s ]
[2024-05-29T16:43:00+08:00][sql] SHOW FULL COLUMNS FROM `qing_merchant` [ RunTime:0.000907s ]
[2024-05-29T16:43:00+08:00][sql] SELECT COUNT(*) AS think_count FROM `qing_merchant` `a` WHERE  `a`.`store_name` LIKE '%%'  AND `user_id` = 2 [ RunTime:0.000284s ]
[2024-05-29T16:43:00+08:00][sql] SELECT * FROM `qing_merchant` `a` WHERE  `a`.`store_name` LIKE '%%'  AND `user_id` = 2 ORDER BY `add_time` DESC LIMIT 0,10 [ RunTime:0.000369s ]
[2024-05-29T16:43:00+08:00][sql] SHOW FULL COLUMNS FROM `qing_user` [ RunTime:0.003264s ]
[2024-05-29T16:43:00+08:00][sql] SELECT * FROM `qing_user` WHERE  `recommender` = 'YJ1596269352'  AND `mer_count` >= 0 [ RunTime:0.000354s ]
[2024-05-29T16:43:00+08:00][sql] SELECT * FROM `qing_user` WHERE  `recommender` = 'YJ1596269352'  AND `mer_count` > 0 [ RunTime:0.000296s ]
[2024-05-29T16:43:54+08:00][sql] CONNECT:[ UseTime:0.000974s ] mysql:host=127.0.0.1;port=3306;dbname=code0921;charset=utf8
[2024-05-29T16:43:54+08:00][sql] SHOW FULL COLUMNS FROM `qing_config` [ RunTime:0.000838s ]
[2024-05-29T16:43:54+08:00][sql] SELECT `value` FROM `qing_config` [ RunTime:0.000220s ]
[2024-05-29T16:43:54+08:00][sql] SHOW FULL COLUMNS FROM `qing_search` [ RunTime:0.000702s ]
[2024-05-29T16:43:54+08:00][sql] SELECT * FROM `qing_search` ORDER BY `id` DESC LIMIT 10 [ RunTime:0.000237s ]
[2024-05-29T16:43:54+08:00][sql] SHOW FULL COLUMNS FROM `qing_cart` [ RunTime:0.000537s ]
[2024-05-29T16:43:54+08:00][sql] SELECT COUNT(*) AS think_count FROM `qing_cart` WHERE  `user_id` = 2 [ RunTime:0.000235s ]
[2024-05-29T16:43:59+08:00][sql] CONNECT:[ UseTime:0.000984s ] mysql:host=127.0.0.1;port=3306;dbname=code0921;charset=utf8
[2024-05-29T16:43:59+08:00][sql] SHOW FULL COLUMNS FROM `qing_config` [ RunTime:0.000914s ]
[2024-05-29T16:43:59+08:00][sql] SELECT `value` FROM `qing_config` [ RunTime:0.000236s ]
[2024-05-29T16:43:59+08:00][sql] SHOW FULL COLUMNS FROM `qing_search` [ RunTime:0.000777s ]
[2024-05-29T16:43:59+08:00][sql] SELECT * FROM `qing_search` ORDER BY `id` DESC LIMIT 10 [ RunTime:0.000266s ]
[2024-05-29T16:43:59+08:00][sql] SHOW FULL COLUMNS FROM `qing_cart` [ RunTime:0.000623s ]
[2024-05-29T16:43:59+08:00][sql] SELECT COUNT(*) AS think_count FROM `qing_cart` WHERE  `user_id` = 2 [ RunTime:0.000264s ]
[2024-05-29T16:43:59+08:00][sql] SHOW FULL COLUMNS FROM `qing_ad` [ RunTime:0.000670s ]
[2024-05-29T16:43:59+08:00][sql] SELECT * FROM `qing_ad` WHERE  `type_id` = 1 [ RunTime:0.000291s ]
[2024-05-29T16:43:59+08:00][sql] SHOW FULL COLUMNS FROM `qing_goods` [ RunTime:0.000697s ]
[2024-05-29T16:43:59+08:00][sql] SELECT * FROM `qing_goods` WHERE  `ishot` = 1  AND `goods_status` = 1 ORDER BY `goods_id` DESC,`listorder` ASC LIMIT 8 [ RunTime:0.000533s ]
[2024-05-29T16:43:59+08:00][sql] SHOW FULL COLUMNS FROM `qing_category` [ RunTime:0.000869s ]
[2024-05-29T16:43:59+08:00][sql] SELECT `id`,`parent_id`,`cate_name` FROM `qing_category` ORDER BY `listorder` ASC [ RunTime:0.000403s ]
[2024-05-29T16:44:20+08:00][sql] CONNECT:[ UseTime:0.001360s ] mysql:host=127.0.0.1;port=3306;dbname=code0921;charset=utf8
[2024-05-29T16:44:20+08:00][sql] SHOW FULL COLUMNS FROM `qing_config` [ RunTime:0.000798s ]
[2024-05-29T16:44:20+08:00][sql] SELECT `value` FROM `qing_config` [ RunTime:0.000219s ]
[2024-05-29T16:44:20+08:00][sql] SHOW FULL COLUMNS FROM `qing_search` [ RunTime:0.000609s ]
[2024-05-29T16:44:20+08:00][sql] SELECT * FROM `qing_search` ORDER BY `id` DESC LIMIT 10 [ RunTime:0.000259s ]
[2024-05-29T16:44:20+08:00][sql] SHOW FULL COLUMNS FROM `qing_cart` [ RunTime:0.000535s ]
[2024-05-29T16:44:20+08:00][sql] SELECT COUNT(*) AS think_count FROM `qing_cart` WHERE  `user_id` = 2 [ RunTime:0.000236s ]
[2024-05-29T16:44:20+08:00][sql] SHOW FULL COLUMNS FROM `qing_category` [ RunTime:0.000587s ]
[2024-05-29T16:44:20+08:00][sql] SELECT `id`,`cate_name`,`thumb` FROM `qing_category` WHERE  `parent_id` = 0  AND `status` = 1 [ RunTime:0.000266s ]
[2024-05-29T16:44:20+08:00][sql] SELECT `id`,`cate_name`,`thumb` FROM `qing_category` WHERE  `parent_id` = 1  AND `status` = 1 [ RunTime:0.000241s ]
[2024-05-29T16:44:20+08:00][sql] SELECT `id`,`cate_name`,`thumb` FROM `qing_category` WHERE  `parent_id` = 3  AND `status` = 1 [ RunTime:0.000303s ]
[2024-05-29T16:44:20+08:00][sql] SELECT `id`,`cate_name`,`thumb` FROM `qing_category` WHERE  `parent_id` = 4  AND `status` = 1 [ RunTime:0.000260s ]
[2024-05-29T16:44:20+08:00][sql] SELECT `id`,`cate_name`,`thumb` FROM `qing_category` WHERE  `parent_id` = 10  AND `status` = 1 [ RunTime:0.000224s ]
[2024-05-29T16:44:20+08:00][sql] SELECT `id`,`cate_name`,`thumb` FROM `qing_category` WHERE  `parent_id` = 11  AND `status` = 1 [ RunTime:0.000363s ]
[2024-05-29T16:44:20+08:00][sql] SELECT `id`,`cate_name`,`thumb` FROM `qing_category` WHERE  `parent_id` = 12  AND `status` = 1 [ RunTime:0.000269s ]
[2024-05-29T16:44:20+08:00][sql] SELECT `id`,`cate_name`,`thumb` FROM `qing_category` WHERE  `parent_id` = 13  AND `status` = 1 [ RunTime:0.000300s ]
[2024-05-29T16:44:20+08:00][sql] SELECT `id`,`cate_name`,`thumb` FROM `qing_category` WHERE  `parent_id` = 14  AND `status` = 1 [ RunTime:0.000257s ]
[2024-05-29T16:44:20+08:00][sql] SELECT `id`,`cate_name`,`thumb` FROM `qing_category` WHERE  `parent_id` = 15  AND `status` = 1 [ RunTime:0.000233s ]
[2024-05-29T16:44:26+08:00][sql] CONNECT:[ UseTime:0.000863s ] mysql:host=127.0.0.1;port=3306;dbname=code0921;charset=utf8
[2024-05-29T16:44:26+08:00][sql] SHOW FULL COLUMNS FROM `qing_config` [ RunTime:0.000726s ]
[2024-05-29T16:44:26+08:00][sql] SELECT `value` FROM `qing_config` [ RunTime:0.000239s ]
[2024-05-29T16:44:26+08:00][sql] SHOW FULL COLUMNS FROM `qing_search` [ RunTime:0.000631s ]
[2024-05-29T16:44:26+08:00][sql] SELECT * FROM `qing_search` ORDER BY `id` DESC LIMIT 10 [ RunTime:0.000213s ]
[2024-05-29T16:44:26+08:00][sql] SHOW FULL COLUMNS FROM `qing_cart` [ RunTime:0.000539s ]
[2024-05-29T16:44:26+08:00][sql] SELECT COUNT(*) AS think_count FROM `qing_cart` WHERE  `user_id` = 2 [ RunTime:0.000238s ]
[2024-05-29T16:44:26+08:00][sql] SELECT * FROM `qing_cart` WHERE  `user_id` = 2 ORDER BY `id` DESC [ RunTime:0.000246s ]
[2024-05-29T16:44:26+08:00][sql] SHOW FULL COLUMNS FROM `qing_standard_value` [ RunTime:0.000529s ]
[2024-05-29T16:44:26+08:00][sql] SELECT `standard_value` FROM `qing_standard_value` WHERE  `id` = 7 LIMIT 1 [ RunTime:0.000198s ]
[2024-05-29T16:44:26+08:00][sql] SELECT `standard_value` FROM `qing_standard_value` WHERE  `id` = 14 LIMIT 1 [ RunTime:0.000175s ]
[2024-05-29T16:44:26+08:00][sql] SHOW FULL COLUMNS FROM `qing_goods` [ RunTime:0.000622s ]
[2024-05-29T16:44:26+08:00][sql] SELECT * FROM `qing_goods` WHERE  `goods_id` = 10 LIMIT 1 [ RunTime:0.000414s ]
[2024-05-29T16:44:26+08:00][sql] SHOW FULL COLUMNS FROM `qing_goods_standard` [ RunTime:0.000911s ]
[2024-05-29T16:44:26+08:00][sql] SELECT `goods_price` FROM `qing_goods_standard` WHERE  `goods_id` = 10  AND `sku` = '7,14' LIMIT 1 [ RunTime:0.000378s ]
[2024-05-29T16:44:30+08:00][sql] CONNECT:[ UseTime:0.000784s ] mysql:host=127.0.0.1;port=3306;dbname=code0921;charset=utf8
[2024-05-29T16:44:30+08:00][sql] SHOW FULL COLUMNS FROM `qing_config` [ RunTime:0.000690s ]
[2024-05-29T16:44:30+08:00][sql] SELECT `value` FROM `qing_config` [ RunTime:0.000222s ]
[2024-05-29T16:44:30+08:00][sql] SHOW FULL COLUMNS FROM `qing_search` [ RunTime:0.000877s ]
[2024-05-29T16:44:30+08:00][sql] SELECT * FROM `qing_search` ORDER BY `id` DESC LIMIT 10 [ RunTime:0.000243s ]
[2024-05-29T16:44:30+08:00][sql] SHOW FULL COLUMNS FROM `qing_cart` [ RunTime:0.000633s ]
[2024-05-29T16:44:30+08:00][sql] SELECT COUNT(*) AS think_count FROM `qing_cart` WHERE  `user_id` = 2 [ RunTime:0.000310s ]
[2024-05-29T16:44:30+08:00][sql] SHOW FULL COLUMNS FROM `qing_address` [ RunTime:0.001054s ]
[2024-05-29T16:44:30+08:00][sql] SELECT * FROM `qing_address` WHERE  `user_id` = 2  AND `isdefault` = 1 LIMIT 1 [ RunTime:0.000511s ]
[2024-05-29T16:44:30+08:00][sql] SELECT * FROM `qing_address` WHERE  `user_id` = 2  AND `isdefault` = 0 ORDER BY `id` DESC LIMIT 3 [ RunTime:0.000527s ]
[2024-05-29T16:44:30+08:00][sql] SELECT * FROM `qing_cart` WHERE  `user_id` = 2  AND `status` = 1 ORDER BY `id` DESC [ RunTime:0.000279s ]
[2024-05-29T16:44:30+08:00][sql] SHOW FULL COLUMNS FROM `qing_standard_value` [ RunTime:0.000622s ]
[2024-05-29T16:44:30+08:00][sql] SELECT `standard_value` FROM `qing_standard_value` WHERE  `id` = 7 LIMIT 1 [ RunTime:0.000199s ]
[2024-05-29T16:44:30+08:00][sql] SELECT `standard_value` FROM `qing_standard_value` WHERE  `id` = 14 LIMIT 1 [ RunTime:0.000177s ]
[2024-05-29T16:44:30+08:00][sql] SHOW FULL COLUMNS FROM `qing_goods` [ RunTime:0.000621s ]
[2024-05-29T16:44:30+08:00][sql] SELECT * FROM `qing_goods` WHERE  `goods_id` = 10 LIMIT 1 [ RunTime:0.000287s ]
[2024-05-29T16:44:30+08:00][sql] SHOW FULL COLUMNS FROM `qing_goods_standard` [ RunTime:0.000534s ]
[2024-05-29T16:44:30+08:00][sql] SELECT `goods_price` FROM `qing_goods_standard` WHERE  `goods_id` = 10  AND `sku` = '7,14' LIMIT 1 [ RunTime:0.000209s ]
[2024-05-29T16:44:50+08:00][sql] CONNECT:[ UseTime:0.000878s ] mysql:host=127.0.0.1;port=3306;dbname=code0921;charset=utf8
[2024-05-29T16:44:50+08:00][sql] SHOW FULL COLUMNS FROM `qing_config` [ RunTime:0.000721s ]
[2024-05-29T16:44:50+08:00][sql] SELECT `value` FROM `qing_config` [ RunTime:0.000205s ]
[2024-05-29T16:44:50+08:00][sql] SHOW FULL COLUMNS FROM `qing_search` [ RunTime:0.000574s ]
[2024-05-29T16:44:50+08:00][sql] SELECT * FROM `qing_search` ORDER BY `id` DESC LIMIT 10 [ RunTime:0.000215s ]
[2024-05-29T16:44:50+08:00][sql] SHOW FULL COLUMNS FROM `qing_cart` [ RunTime:0.000536s ]
[2024-05-29T16:44:50+08:00][sql] SELECT COUNT(*) AS think_count FROM `qing_cart` WHERE  `user_id` = 2 [ RunTime:0.000218s ]
[2024-05-29T16:44:50+08:00][sql] SHOW FULL COLUMNS FROM `qing_merchant` [ RunTime:0.000818s ]
[2024-05-29T16:44:50+08:00][sql] SELECT COUNT(*) AS think_count FROM `qing_merchant` `a` WHERE  `a`.`store_name` LIKE '%%'  AND `user_id` = 2 [ RunTime:0.000302s ]
[2024-05-29T16:44:50+08:00][sql] SELECT * FROM `qing_merchant` `a` WHERE  `a`.`store_name` LIKE '%%'  AND `user_id` = 2 ORDER BY `add_time` DESC LIMIT 0,10 [ RunTime:0.000360s ]
[2024-05-29T16:44:50+08:00][sql] SHOW FULL COLUMNS FROM `qing_user` [ RunTime:0.003179s ]
[2024-05-29T16:44:50+08:00][sql] SELECT * FROM `qing_user` WHERE  `recommender` = 'YJ1596269352'  AND `mer_count` >= 0 [ RunTime:0.000605s ]
[2024-05-29T16:44:50+08:00][sql] SELECT * FROM `qing_user` WHERE  `recommender` = 'YJ1596269352'  AND `mer_count` > 0 [ RunTime:0.000440s ]
