[2024-08-28T11:16:43+08:00][sql] CONNECT:[ UseTime:0.001483s ] mysql:host=127.0.0.1;port=3306;dbname=code0921;charset=utf8
[2024-08-28T11:16:43+08:00][sql] SHOW FULL COLUMNS FROM `qing_config` [ RunTime:0.001398s ]
[2024-08-28T11:16:43+08:00][sql] SELECT `value` FROM `qing_config` [ RunTime:0.000302s ]
[2024-08-28T11:16:43+08:00][sql] SHOW FULL COLUMNS FROM `qing_search` [ RunTime:0.000952s ]
[2024-08-28T11:16:43+08:00][sql] SELECT * FROM `qing_search` ORDER BY `id` DESC LIMIT 10 [ RunTime:0.000393s ]
[2024-08-28T11:16:43+08:00][sql] SHOW FULL COLUMNS FROM `qing_cart` [ RunTime:0.000961s ]
[2024-08-28T11:16:43+08:00][sql] SELECT COUNT(*) AS think_count FROM `qing_cart` WHERE  `user_id` IS NULL [ RunTime:0.000371s ]
[2024-08-28T11:16:43+08:00][sql] SHOW FULL COLUMNS FROM `qing_address` [ RunTime:0.001257s ]
[2024-08-28T11:16:43+08:00][sql] SELECT * FROM `qing_address` WHERE  `user_id` = 47 ORDER BY `id` DESC LIMIT 3 [ RunTime:0.000554s ]
[2024-08-28T11:16:43+08:00][sql] SELECT * FROM `qing_cart` WHERE  `user_id` = 47  AND `status` = 1 ORDER BY `id` DESC [ RunTime:0.000412s ]
[2024-08-28T11:29:46+08:00][sql] CONNECT:[ UseTime:0.001368s ] mysql:host=127.0.0.1;port=3306;dbname=code0921;charset=utf8
[2024-08-28T11:29:46+08:00][sql] SHOW FULL COLUMNS FROM `qing_config` [ RunTime:0.001058s ]
[2024-08-28T11:29:46+08:00][sql] SELECT `value` FROM `qing_config` [ RunTime:0.000246s ]
[2024-08-28T11:29:46+08:00][sql] SHOW FULL COLUMNS FROM `qing_search` [ RunTime:0.000743s ]
[2024-08-28T11:29:46+08:00][sql] SELECT * FROM `qing_search` ORDER BY `id` DESC LIMIT 10 [ RunTime:0.000242s ]
[2024-08-28T11:29:46+08:00][sql] SHOW FULL COLUMNS FROM `qing_cart` [ RunTime:0.000671s ]
[2024-08-28T11:29:46+08:00][sql] SELECT COUNT(*) AS think_count FROM `qing_cart` WHERE  `user_id` IS NULL [ RunTime:0.000191s ]
[2024-08-28T11:29:46+08:00][sql] SHOW FULL COLUMNS FROM `qing_address` [ RunTime:0.000647s ]
[2024-08-28T11:29:46+08:00][sql] SELECT * FROM `qing_address` WHERE  `user_id` = 47 ORDER BY `id` DESC LIMIT 3 [ RunTime:0.000352s ]
[2024-08-28T11:29:46+08:00][sql] SELECT * FROM `qing_cart` WHERE  `user_id` = 47  AND `status` = 1 ORDER BY `id` DESC [ RunTime:0.000269s ]
[2024-08-28T11:30:24+08:00][sql] CONNECT:[ UseTime:0.000928s ] mysql:host=127.0.0.1;port=3306;dbname=code0921;charset=utf8
[2024-08-28T11:30:24+08:00][sql] SHOW FULL COLUMNS FROM `qing_config` [ RunTime:0.001115s ]
[2024-08-28T11:30:24+08:00][sql] SELECT `value` FROM `qing_config` [ RunTime:0.000331s ]
[2024-08-28T11:30:24+08:00][sql] SHOW FULL COLUMNS FROM `qing_search` [ RunTime:0.000822s ]
[2024-08-28T11:30:24+08:00][sql] SELECT * FROM `qing_search` ORDER BY `id` DESC LIMIT 10 [ RunTime:0.000324s ]
[2024-08-28T11:30:24+08:00][sql] SHOW FULL COLUMNS FROM `qing_cart` [ RunTime:0.000800s ]
[2024-08-28T11:30:24+08:00][sql] SELECT COUNT(*) AS think_count FROM `qing_cart` WHERE  `user_id` IS NULL [ RunTime:0.000227s ]
[2024-08-28T11:30:24+08:00][sql] SHOW FULL COLUMNS FROM `qing_address` [ RunTime:0.000725s ]
[2024-08-28T11:30:24+08:00][sql] SELECT * FROM `qing_address` WHERE  `user_id` = 47 ORDER BY `id` DESC LIMIT 3 [ RunTime:0.000391s ]
[2024-08-28T11:30:24+08:00][sql] SELECT * FROM `qing_cart` WHERE  `user_id` = 47  AND `status` = 1 ORDER BY `id` DESC [ RunTime:0.000311s ]
[2024-08-28T11:34:35+08:00][sql] CONNECT:[ UseTime:0.001005s ] mysql:host=127.0.0.1;port=3306;dbname=code0921;charset=utf8
[2024-08-28T11:34:35+08:00][sql] SHOW FULL COLUMNS FROM `qing_config` [ RunTime:0.000985s ]
[2024-08-28T11:34:35+08:00][sql] SELECT `value` FROM `qing_config` [ RunTime:0.000302s ]
[2024-08-28T11:34:35+08:00][sql] SHOW FULL COLUMNS FROM `qing_search` [ RunTime:0.000788s ]
[2024-08-28T11:34:35+08:00][sql] SELECT * FROM `qing_search` ORDER BY `id` DESC LIMIT 10 [ RunTime:0.000290s ]
[2024-08-28T11:34:35+08:00][sql] SHOW FULL COLUMNS FROM `qing_cart` [ RunTime:0.000754s ]
[2024-08-28T11:34:35+08:00][sql] SELECT COUNT(*) AS think_count FROM `qing_cart` WHERE  `user_id` IS NULL [ RunTime:0.000219s ]
[2024-08-28T11:34:35+08:00][sql] SELECT * FROM `qing_cart` WHERE  `user_id` = 47 ORDER BY `id` DESC [ RunTime:0.000308s ]
[2024-08-28T11:34:35+08:00][sql] CONNECT:[ UseTime:0.001001s ] mysql:host=127.0.0.1;port=3306;dbname=code0921;charset=utf8
[2024-08-28T11:34:35+08:00][sql] SHOW FULL COLUMNS FROM `qing_config` [ RunTime:0.001106s ]
[2024-08-28T11:34:35+08:00][sql] SELECT `value` FROM `qing_config` [ RunTime:0.000337s ]
[2024-08-28T11:34:35+08:00][sql] SHOW FULL COLUMNS FROM `qing_search` [ RunTime:0.000894s ]
[2024-08-28T11:34:35+08:00][sql] SELECT * FROM `qing_search` ORDER BY `id` DESC LIMIT 10 [ RunTime:0.000307s ]
[2024-08-28T11:34:35+08:00][sql] SHOW FULL COLUMNS FROM `qing_cart` [ RunTime:0.000855s ]
[2024-08-28T11:34:35+08:00][sql] SELECT COUNT(*) AS think_count FROM `qing_cart` WHERE  `user_id` IS NULL [ RunTime:0.000347s ]
[2024-08-28T11:34:35+08:00][sql] UPDATE `qing_cart`  SET `status` = 0  WHERE  `user_id` = 47 [ RunTime:0.000416s ]
[2024-08-28T11:38:13+08:00][sql] CONNECT:[ UseTime:0.001141s ] mysql:host=127.0.0.1;port=3306;dbname=code0921;charset=utf8
[2024-08-28T11:38:13+08:00][sql] SHOW FULL COLUMNS FROM `qing_config` [ RunTime:0.000986s ]
[2024-08-28T11:38:13+08:00][sql] SELECT `value` FROM `qing_config` [ RunTime:0.000253s ]
[2024-08-28T11:38:13+08:00][sql] SHOW FULL COLUMNS FROM `qing_search` [ RunTime:0.001125s ]
[2024-08-28T11:38:13+08:00][sql] SELECT * FROM `qing_search` ORDER BY `id` DESC LIMIT 10 [ RunTime:0.000350s ]
[2024-08-28T11:38:13+08:00][sql] SHOW FULL COLUMNS FROM `qing_cart` [ RunTime:0.000987s ]
[2024-08-28T11:38:13+08:00][sql] SELECT COUNT(*) AS think_count FROM `qing_cart` WHERE  `user_id` IS NULL [ RunTime:0.000284s ]
[2024-08-28T11:38:13+08:00][error] [8]未定义变量: goods_id
[2024-08-28T12:30:08+08:00][sql] CONNECT:[ UseTime:0.005886s ] mysql:host=127.0.0.1;port=3306;dbname=code0921;charset=utf8
[2024-08-28T12:30:08+08:00][sql] SHOW FULL COLUMNS FROM `qing_config` [ RunTime:0.003615s ]
[2024-08-28T12:30:08+08:00][sql] SELECT `value` FROM `qing_config` [ RunTime:0.000618s ]
[2024-08-28T12:30:08+08:00][sql] SHOW FULL COLUMNS FROM `qing_search` [ RunTime:0.001494s ]
[2024-08-28T12:30:08+08:00][sql] SELECT * FROM `qing_search` ORDER BY `id` DESC LIMIT 10 [ RunTime:0.000627s ]
[2024-08-28T12:30:08+08:00][sql] SHOW FULL COLUMNS FROM `qing_cart` [ RunTime:0.001221s ]
[2024-08-28T12:30:08+08:00][sql] SELECT COUNT(*) AS think_count FROM `qing_cart` WHERE  `user_id` IS NULL [ RunTime:0.000527s ]
[2024-08-28T12:30:08+08:00][sql] SELECT * FROM `qing_cart` WHERE  `user_id` = 47 ORDER BY `id` DESC [ RunTime:0.000364s ]
[2024-08-28T12:30:08+08:00][sql] CONNECT:[ UseTime:0.001029s ] mysql:host=127.0.0.1;port=3306;dbname=code0921;charset=utf8
[2024-08-28T12:30:08+08:00][sql] SHOW FULL COLUMNS FROM `qing_config` [ RunTime:0.002522s ]
[2024-08-28T12:30:08+08:00][sql] SELECT `value` FROM `qing_config` [ RunTime:0.000585s ]
[2024-08-28T12:30:08+08:00][sql] SHOW FULL COLUMNS FROM `qing_search` [ RunTime:0.001179s ]
[2024-08-28T12:30:08+08:00][sql] SELECT * FROM `qing_search` ORDER BY `id` DESC LIMIT 10 [ RunTime:0.000902s ]
[2024-08-28T12:30:08+08:00][sql] SHOW FULL COLUMNS FROM `qing_cart` [ RunTime:0.001507s ]
[2024-08-28T12:30:08+08:00][sql] SELECT COUNT(*) AS think_count FROM `qing_cart` WHERE  `user_id` IS NULL [ RunTime:0.000575s ]
[2024-08-28T12:30:08+08:00][sql] UPDATE `qing_cart`  SET `status` = 0  WHERE  `user_id` = 47 [ RunTime:0.000330s ]
[2024-08-28T14:24:22+08:00][sql] CONNECT:[ UseTime:0.003894s ] mysql:host=127.0.0.1;port=3306;dbname=code0921;charset=utf8
[2024-08-28T14:24:22+08:00][sql] SHOW FULL COLUMNS FROM `qing_config` [ RunTime:0.003137s ]
[2024-08-28T14:24:22+08:00][sql] SELECT `value` FROM `qing_config` [ RunTime:0.001166s ]
[2024-08-28T14:24:22+08:00][sql] SHOW FULL COLUMNS FROM `qing_search` [ RunTime:0.000941s ]
[2024-08-28T14:24:22+08:00][sql] SELECT * FROM `qing_search` ORDER BY `id` DESC LIMIT 10 [ RunTime:0.000690s ]
[2024-08-28T14:24:22+08:00][sql] SHOW FULL COLUMNS FROM `qing_cart` [ RunTime:0.001408s ]
[2024-08-28T14:24:22+08:00][sql] SELECT COUNT(*) AS think_count FROM `qing_cart` WHERE  `user_id` IS NULL [ RunTime:0.000843s ]
[2024-08-28T14:24:22+08:00][sql] SELECT * FROM `qing_cart` WHERE  `user_id` = 47 ORDER BY `id` DESC [ RunTime:0.000623s ]
[2024-08-28T14:24:22+08:00][sql] CONNECT:[ UseTime:0.001114s ] mysql:host=127.0.0.1;port=3306;dbname=code0921;charset=utf8
[2024-08-28T14:24:22+08:00][sql] SHOW FULL COLUMNS FROM `qing_config` [ RunTime:0.000958s ]
[2024-08-28T14:24:22+08:00][sql] SELECT `value` FROM `qing_config` [ RunTime:0.000264s ]
[2024-08-28T14:24:22+08:00][sql] SHOW FULL COLUMNS FROM `qing_search` [ RunTime:0.000966s ]
[2024-08-28T14:24:22+08:00][sql] SELECT * FROM `qing_search` ORDER BY `id` DESC LIMIT 10 [ RunTime:0.000324s ]
[2024-08-28T14:24:22+08:00][sql] SHOW FULL COLUMNS FROM `qing_cart` [ RunTime:0.000717s ]
[2024-08-28T14:24:22+08:00][sql] SELECT COUNT(*) AS think_count FROM `qing_cart` WHERE  `user_id` IS NULL [ RunTime:0.000263s ]
[2024-08-28T14:24:22+08:00][sql] UPDATE `qing_cart`  SET `status` = 0  WHERE  `user_id` = 47 [ RunTime:0.000391s ]
[2024-08-28T15:50:56+08:00][sql] CONNECT:[ UseTime:0.001852s ] mysql:host=127.0.0.1;port=3306;dbname=code0921;charset=utf8
[2024-08-28T15:50:56+08:00][sql] SHOW FULL COLUMNS FROM `qing_config` [ RunTime:0.002079s ]
[2024-08-28T15:50:56+08:00][sql] SELECT `value` FROM `qing_config` [ RunTime:0.000375s ]
[2024-08-28T15:50:56+08:00][sql] SHOW FULL COLUMNS FROM `qing_search` [ RunTime:0.000920s ]
[2024-08-28T15:50:56+08:00][sql] SELECT * FROM `qing_search` ORDER BY `id` DESC LIMIT 10 [ RunTime:0.000355s ]
[2024-08-28T15:50:56+08:00][sql] SHOW FULL COLUMNS FROM `qing_cart` [ RunTime:0.000887s ]
[2024-08-28T15:50:56+08:00][sql] SELECT COUNT(*) AS think_count FROM `qing_cart` WHERE  `user_id` IS NULL [ RunTime:0.000264s ]
[2024-08-28T15:50:56+08:00][sql] SELECT * FROM `qing_cart` WHERE  `user_id` = 47 ORDER BY `id` DESC [ RunTime:0.000384s ]
[2024-08-28T15:50:56+08:00][sql] CONNECT:[ UseTime:0.000970s ] mysql:host=127.0.0.1;port=3306;dbname=code0921;charset=utf8
[2024-08-28T15:50:56+08:00][sql] SHOW FULL COLUMNS FROM `qing_config` [ RunTime:0.003416s ]
[2024-08-28T15:50:56+08:00][sql] SELECT `value` FROM `qing_config` [ RunTime:0.000279s ]
[2024-08-28T15:50:56+08:00][sql] SHOW FULL COLUMNS FROM `qing_search` [ RunTime:0.000944s ]
[2024-08-28T15:50:56+08:00][sql] SELECT * FROM `qing_search` ORDER BY `id` DESC LIMIT 10 [ RunTime:0.000253s ]
[2024-08-28T15:50:56+08:00][sql] SHOW FULL COLUMNS FROM `qing_cart` [ RunTime:0.001098s ]
[2024-08-28T15:50:56+08:00][sql] SELECT COUNT(*) AS think_count FROM `qing_cart` WHERE  `user_id` IS NULL [ RunTime:0.000245s ]
[2024-08-28T15:50:56+08:00][sql] UPDATE `qing_cart`  SET `status` = 0  WHERE  `user_id` = 47 [ RunTime:0.000313s ]
[2024-08-28T16:16:44+08:00][sql] CONNECT:[ UseTime:0.003249s ] mysql:host=127.0.0.1;port=3306;dbname=code0921;charset=utf8
[2024-08-28T16:16:44+08:00][sql] SHOW FULL COLUMNS FROM `qing_config` [ RunTime:0.001478s ]
[2024-08-28T16:16:44+08:00][sql] SELECT `value` FROM `qing_config` [ RunTime:0.000389s ]
[2024-08-28T16:16:44+08:00][sql] SHOW FULL COLUMNS FROM `qing_search` [ RunTime:0.001464s ]
[2024-08-28T16:16:44+08:00][sql] SELECT * FROM `qing_search` ORDER BY `id` DESC LIMIT 10 [ RunTime:0.000451s ]
[2024-08-28T16:16:44+08:00][sql] SHOW FULL COLUMNS FROM `qing_cart` [ RunTime:0.000907s ]
[2024-08-28T16:16:44+08:00][sql] SELECT COUNT(*) AS think_count FROM `qing_cart` WHERE  `user_id` IS NULL [ RunTime:0.000367s ]
[2024-08-28T16:16:44+08:00][sql] SELECT * FROM `qing_cart` WHERE  `user_id` = 47 ORDER BY `id` DESC [ RunTime:0.000584s ]
[2024-08-28T16:16:44+08:00][sql] CONNECT:[ UseTime:0.001061s ] mysql:host=127.0.0.1;port=3306;dbname=code0921;charset=utf8
[2024-08-28T16:16:44+08:00][sql] SHOW FULL COLUMNS FROM `qing_config` [ RunTime:0.000998s ]
[2024-08-28T16:16:44+08:00][sql] SELECT `value` FROM `qing_config` [ RunTime:0.000391s ]
[2024-08-28T16:16:44+08:00][sql] SHOW FULL COLUMNS FROM `qing_search` [ RunTime:0.000852s ]
[2024-08-28T16:16:44+08:00][sql] SELECT * FROM `qing_search` ORDER BY `id` DESC LIMIT 10 [ RunTime:0.000270s ]
[2024-08-28T16:16:44+08:00][sql] SHOW FULL COLUMNS FROM `qing_cart` [ RunTime:0.000775s ]
[2024-08-28T16:16:44+08:00][sql] SELECT COUNT(*) AS think_count FROM `qing_cart` WHERE  `user_id` IS NULL [ RunTime:0.000291s ]
[2024-08-28T16:16:44+08:00][sql] UPDATE `qing_cart`  SET `status` = 0  WHERE  `user_id` = 47 [ RunTime:0.000289s ]
[2024-08-28T16:23:24+08:00][sql] CONNECT:[ UseTime:0.001117s ] mysql:host=127.0.0.1;port=3306;dbname=code0921;charset=utf8
[2024-08-28T16:23:24+08:00][sql] SHOW FULL COLUMNS FROM `qing_config` [ RunTime:0.001015s ]
[2024-08-28T16:23:24+08:00][sql] SELECT `value` FROM `qing_config` [ RunTime:0.000261s ]
[2024-08-28T16:23:24+08:00][sql] SHOW FULL COLUMNS FROM `qing_search` [ RunTime:0.000810s ]
[2024-08-28T16:23:24+08:00][sql] SELECT * FROM `qing_search` ORDER BY `id` DESC LIMIT 10 [ RunTime:0.000285s ]
[2024-08-28T16:23:24+08:00][sql] SHOW FULL COLUMNS FROM `qing_cart` [ RunTime:0.000834s ]
[2024-08-28T16:23:24+08:00][sql] SELECT COUNT(*) AS think_count FROM `qing_cart` WHERE  `user_id` IS NULL [ RunTime:0.000305s ]
[2024-08-28T16:23:24+08:00][sql] SHOW FULL COLUMNS FROM `qing_goods` [ RunTime:0.001128s ]
[2024-08-28T16:23:24+08:00][sql] SELECT `p`.`goods_id`,`p`.`goods_name`,`p`.`goods_price`,`p`.`goods_thumb`,`p`.`goods_cate_id`,`p`.`selnumber`,`p`.`time` FROM `qing_goods` `p` [ RunTime:0.000607s ]
[2024-08-28T16:23:24+08:00][sql] SHOW FULL COLUMNS FROM `qing_category` [ RunTime:0.001480s ]
[2024-08-28T16:23:24+08:00][sql] SELECT `id`,`parent_id`,`cate_name` FROM `qing_category` ORDER BY `listorder` ASC [ RunTime:0.000496s ]
[2024-08-28T16:23:25+08:00][sql] CONNECT:[ UseTime:0.001009s ] mysql:host=127.0.0.1;port=3306;dbname=code0921;charset=utf8
[2024-08-28T16:23:25+08:00][sql] SHOW FULL COLUMNS FROM `qing_config` [ RunTime:0.000856s ]
[2024-08-28T16:23:25+08:00][sql] SELECT `value` FROM `qing_config` [ RunTime:0.000246s ]
[2024-08-28T16:23:25+08:00][sql] SHOW FULL COLUMNS FROM `qing_search` [ RunTime:0.000689s ]
[2024-08-28T16:23:25+08:00][sql] SELECT * FROM `qing_search` ORDER BY `id` DESC LIMIT 10 [ RunTime:0.000268s ]
[2024-08-28T16:23:25+08:00][sql] SHOW FULL COLUMNS FROM `qing_cart` [ RunTime:0.000710s ]
[2024-08-28T16:23:25+08:00][sql] SELECT COUNT(*) AS think_count FROM `qing_cart` WHERE  `user_id` IS NULL [ RunTime:0.000201s ]
[2024-08-28T16:23:25+08:00][sql] SELECT * FROM `qing_cart` WHERE  `user_id` = 47 ORDER BY `id` DESC [ RunTime:0.000388s ]
[2024-08-28T16:23:25+08:00][sql] CONNECT:[ UseTime:0.000948s ] mysql:host=127.0.0.1;port=3306;dbname=code0921;charset=utf8
[2024-08-28T16:23:25+08:00][sql] SHOW FULL COLUMNS FROM `qing_config` [ RunTime:0.000931s ]
[2024-08-28T16:23:25+08:00][sql] SELECT `value` FROM `qing_config` [ RunTime:0.000227s ]
[2024-08-28T16:23:25+08:00][sql] SHOW FULL COLUMNS FROM `qing_search` [ RunTime:0.000631s ]
[2024-08-28T16:23:25+08:00][sql] SELECT * FROM `qing_search` ORDER BY `id` DESC LIMIT 10 [ RunTime:0.000251s ]
[2024-08-28T16:23:25+08:00][sql] SHOW FULL COLUMNS FROM `qing_cart` [ RunTime:0.000602s ]
[2024-08-28T16:23:25+08:00][sql] SELECT COUNT(*) AS think_count FROM `qing_cart` WHERE  `user_id` IS NULL [ RunTime:0.000215s ]
[2024-08-28T16:23:25+08:00][sql] UPDATE `qing_cart`  SET `status` = 0  WHERE  `user_id` = 47 [ RunTime:0.000244s ]
[2024-08-28T16:23:28+08:00][sql] CONNECT:[ UseTime:0.000957s ] mysql:host=127.0.0.1;port=3306;dbname=code0921;charset=utf8
[2024-08-28T16:23:28+08:00][sql] SHOW FULL COLUMNS FROM `qing_config` [ RunTime:0.001028s ]
[2024-08-28T16:23:28+08:00][sql] SELECT `value` FROM `qing_config` [ RunTime:0.000369s ]
[2024-08-28T16:23:28+08:00][sql] SHOW FULL COLUMNS FROM `qing_search` [ RunTime:0.000655s ]
[2024-08-28T16:23:28+08:00][sql] SELECT * FROM `qing_search` ORDER BY `id` DESC LIMIT 10 [ RunTime:0.000264s ]
[2024-08-28T16:23:28+08:00][sql] SHOW FULL COLUMNS FROM `qing_cart` [ RunTime:0.000624s ]
[2024-08-28T16:23:28+08:00][sql] SELECT COUNT(*) AS think_count FROM `qing_cart` WHERE  `user_id` IS NULL [ RunTime:0.000228s ]
[2024-08-28T16:23:28+08:00][sql] SHOW FULL COLUMNS FROM `qing_goods` [ RunTime:0.000840s ]
[2024-08-28T16:23:28+08:00][sql] SELECT `p`.`goods_id`,`p`.`goods_name`,`p`.`goods_price`,`p`.`goods_thumb`,`p`.`goods_cate_id`,`p`.`selnumber`,`p`.`time` FROM `qing_goods` `p` WHERE  `goods_cate_id` = 2 [ RunTime:0.001345s ]
[2024-08-28T16:23:28+08:00][sql] SHOW FULL COLUMNS FROM `qing_category` [ RunTime:0.000918s ]
[2024-08-28T16:23:28+08:00][sql] SELECT `id`,`parent_id`,`cate_name` FROM `qing_category` ORDER BY `listorder` ASC [ RunTime:0.000363s ]
